running egg_info
creating ../../build/graspnet_control/graspnet_control.egg-info
writing ../../build/graspnet_control/graspnet_control.egg-info/PKG-INFO
writing dependency_links to ../../build/graspnet_control/graspnet_control.egg-info/dependency_links.txt
writing entry points to ../../build/graspnet_control/graspnet_control.egg-info/entry_points.txt
writing requirements to ../../build/graspnet_control/graspnet_control.egg-info/requires.txt
writing top-level names to ../../build/graspnet_control/graspnet_control.egg-info/top_level.txt
writing manifest file '../../build/graspnet_control/graspnet_control.egg-info/SOURCES.txt'
reading manifest file '../../build/graspnet_control/graspnet_control.egg-info/SOURCES.txt'
writing manifest file '../../build/graspnet_control/graspnet_control.egg-info/SOURCES.txt'
running build
running build_py
creating /home/omer/rcaai_ws/build/graspnet_control/build
creating /home/omer/rcaai_ws/build/graspnet_control/build/lib
creating /home/omer/rcaai_ws/build/graspnet_control/build/lib/graspnet_control
copying graspnet_control/robot_controller.py -> /home/omer/rcaai_ws/build/graspnet_control/build/lib/graspnet_control
copying graspnet_control/__init__.py -> /home/omer/rcaai_ws/build/graspnet_control/build/lib/graspnet_control
copying graspnet_control/grasp_planner.py -> /home/omer/rcaai_ws/build/graspnet_control/build/lib/graspnet_control
running install
running install_lib
creating /home/omer/rcaai_ws/install/graspnet_control/lib/python3.10/site-packages/graspnet_control
copying /home/omer/rcaai_ws/build/graspnet_control/build/lib/graspnet_control/robot_controller.py -> /home/omer/rcaai_ws/install/graspnet_control/lib/python3.10/site-packages/graspnet_control
copying /home/omer/rcaai_ws/build/graspnet_control/build/lib/graspnet_control/__init__.py -> /home/omer/rcaai_ws/install/graspnet_control/lib/python3.10/site-packages/graspnet_control
copying /home/omer/rcaai_ws/build/graspnet_control/build/lib/graspnet_control/grasp_planner.py -> /home/omer/rcaai_ws/install/graspnet_control/lib/python3.10/site-packages/graspnet_control
byte-compiling /home/omer/rcaai_ws/install/graspnet_control/lib/python3.10/site-packages/graspnet_control/robot_controller.py to robot_controller.cpython-310.pyc
byte-compiling /home/omer/rcaai_ws/install/graspnet_control/lib/python3.10/site-packages/graspnet_control/__init__.py to __init__.cpython-310.pyc
byte-compiling /home/omer/rcaai_ws/install/graspnet_control/lib/python3.10/site-packages/graspnet_control/grasp_planner.py to grasp_planner.cpython-310.pyc
running install_data
creating /home/omer/rcaai_ws/install/graspnet_control/share/ament_index
creating /home/omer/rcaai_ws/install/graspnet_control/share/ament_index/resource_index
creating /home/omer/rcaai_ws/install/graspnet_control/share/ament_index/resource_index/packages
copying resource/graspnet_control -> /home/omer/rcaai_ws/install/graspnet_control/share/ament_index/resource_index/packages
copying package.xml -> /home/omer/rcaai_ws/install/graspnet_control/share/graspnet_control
running install_egg_info
Copying ../../build/graspnet_control/graspnet_control.egg-info to /home/omer/rcaai_ws/install/graspnet_control/lib/python3.10/site-packages/graspnet_control-0.0.0-py3.10.egg-info
running install_scripts
Installing grasp_planner script to /home/omer/rcaai_ws/install/graspnet_control/lib/graspnet_control
Installing robot_controller script to /home/omer/rcaai_ws/install/graspnet_control/lib/graspnet_control
writing list of installed files to '/home/omer/rcaai_ws/build/graspnet_control/install.log'
