[0.079s] DEBUG:colcon:Command line arguments: ['/usr/bin/colcon', 'build']
[0.079s] DEBUG:colcon:Parsed command line arguments: Namespace(log_base=None, log_level=None, verb_name='build', build_base='build', install_base='install', merge_install=False, symlink_install=False, test_result_base=None, continue_on_error=False, executor='parallel', parallel_workers=8, event_handlers=None, ignore_user_meta=False, metas=['./colcon.meta'], base_paths=['.'], packages_ignore=None, packages_ignore_regex=None, paths=None, packages_up_to=None, packages_up_to_regex=None, packages_above=None, packages_above_and_dependencies=None, packages_above_depth=None, packages_select_by_dep=None, packages_skip_by_dep=None, packages_skip_up_to=None, packages_select_build_failed=False, packages_skip_build_finished=False, packages_select_test_failures=False, packages_skip_test_passed=False, packages_select=None, packages_skip=None, packages_select_regex=None, packages_skip_regex=None, packages_start=None, packages_end=None, allow_overriding=[], cmake_args=None, cmake_target=None, cmake_target_skip_unavailable=False, cmake_clean_cache=False, cmake_clean_first=False, cmake_force_configure=False, ament_cmake_args=None, catkin_cmake_args=None, catkin_skip_building_tests=False, verb_parser=<colcon_defaults.argument_parser.defaults.DefaultArgumentsDecorator object at 0x7fcd0fd71390>, verb_extension=<colcon_core.verb.build.BuildVerb object at 0x7fcd0fd70e20>, main=<bound method BuildVerb.main of <colcon_core.verb.build.BuildVerb object at 0x7fcd0fd70e20>>)
[0.205s] Level 1:colcon.colcon_core.package_discovery:discover_packages(colcon_meta) check parameters
[0.205s] Level 1:colcon.colcon_core.package_discovery:discover_packages(recursive) check parameters
[0.205s] Level 1:colcon.colcon_core.package_discovery:discover_packages(ignore) check parameters
[0.205s] Level 1:colcon.colcon_core.package_discovery:discover_packages(path) check parameters
[0.205s] Level 1:colcon.colcon_core.package_discovery:discover_packages(colcon_meta) discover
[0.205s] Level 1:colcon.colcon_core.package_discovery:discover_packages(recursive) discover
[0.205s] INFO:colcon.colcon_core.package_discovery:Crawling recursively for packages in '/home/omer/rcaai_ws'
[0.205s] Level 1:colcon.colcon_core.package_identification:_identify(.) by extensions ['ignore', 'ignore_ament_install']
[0.205s] Level 1:colcon.colcon_core.package_identification:_identify(.) by extension 'ignore'
[0.205s] Level 1:colcon.colcon_core.package_identification:_identify(.) by extension 'ignore_ament_install'
[0.205s] Level 1:colcon.colcon_core.package_identification:_identify(.) by extensions ['colcon_pkg']
[0.205s] Level 1:colcon.colcon_core.package_identification:_identify(.) by extension 'colcon_pkg'
[0.205s] Level 1:colcon.colcon_core.package_identification:_identify(.) by extensions ['colcon_meta']
[0.205s] Level 1:colcon.colcon_core.package_identification:_identify(.) by extension 'colcon_meta'
[0.205s] Level 1:colcon.colcon_core.package_identification:_identify(.) by extensions ['ros']
[0.205s] Level 1:colcon.colcon_core.package_identification:_identify(.) by extension 'ros'
[0.214s] Level 1:colcon.colcon_core.package_identification:_identify(.) by extensions ['cmake', 'python']
[0.214s] Level 1:colcon.colcon_core.package_identification:_identify(.) by extension 'cmake'
[0.214s] Level 1:colcon.colcon_core.package_identification:_identify(.) by extension 'python'
[0.214s] Level 1:colcon.colcon_core.package_identification:_identify(.) by extensions ['python_setup_py']
[0.214s] Level 1:colcon.colcon_core.package_identification:_identify(.) by extension 'python_setup_py'
[0.214s] Level 1:colcon.colcon_core.package_identification:_identify(build) by extensions ['ignore', 'ignore_ament_install']
[0.214s] Level 1:colcon.colcon_core.package_identification:_identify(build) by extension 'ignore'
[0.214s] Level 1:colcon.colcon_core.package_identification:_identify(build) ignored
[0.214s] Level 1:colcon.colcon_core.package_identification:_identify(install) by extensions ['ignore', 'ignore_ament_install']
[0.214s] Level 1:colcon.colcon_core.package_identification:_identify(install) by extension 'ignore'
[0.215s] Level 1:colcon.colcon_core.package_identification:_identify(install) ignored
[0.215s] Level 1:colcon.colcon_core.package_identification:_identify(log) by extensions ['ignore', 'ignore_ament_install']
[0.215s] Level 1:colcon.colcon_core.package_identification:_identify(log) by extension 'ignore'
[0.215s] Level 1:colcon.colcon_core.package_identification:_identify(log) ignored
[0.215s] Level 1:colcon.colcon_core.package_identification:_identify(src) by extensions ['ignore', 'ignore_ament_install']
[0.215s] Level 1:colcon.colcon_core.package_identification:_identify(src) by extension 'ignore'
[0.215s] Level 1:colcon.colcon_core.package_identification:_identify(src) by extension 'ignore_ament_install'
[0.215s] Level 1:colcon.colcon_core.package_identification:_identify(src) by extensions ['colcon_pkg']
[0.215s] Level 1:colcon.colcon_core.package_identification:_identify(src) by extension 'colcon_pkg'
[0.215s] Level 1:colcon.colcon_core.package_identification:_identify(src) by extensions ['colcon_meta']
[0.215s] Level 1:colcon.colcon_core.package_identification:_identify(src) by extension 'colcon_meta'
[0.215s] Level 1:colcon.colcon_core.package_identification:_identify(src) by extensions ['ros']
[0.215s] Level 1:colcon.colcon_core.package_identification:_identify(src) by extension 'ros'
[0.215s] Level 1:colcon.colcon_core.package_identification:_identify(src) by extensions ['cmake', 'python']
[0.215s] Level 1:colcon.colcon_core.package_identification:_identify(src) by extension 'cmake'
[0.215s] Level 1:colcon.colcon_core.package_identification:_identify(src) by extension 'python'
[0.215s] Level 1:colcon.colcon_core.package_identification:_identify(src) by extensions ['python_setup_py']
[0.215s] Level 1:colcon.colcon_core.package_identification:_identify(src) by extension 'python_setup_py'
[0.215s] Level 1:colcon.colcon_core.package_identification:_identify(src/Universal_Robots_ROS2_Gazebo_Simulation) by extensions ['ignore', 'ignore_ament_install']
[0.215s] Level 1:colcon.colcon_core.package_identification:_identify(src/Universal_Robots_ROS2_Gazebo_Simulation) by extension 'ignore'
[0.215s] Level 1:colcon.colcon_core.package_identification:_identify(src/Universal_Robots_ROS2_Gazebo_Simulation) by extension 'ignore_ament_install'
[0.215s] Level 1:colcon.colcon_core.package_identification:_identify(src/Universal_Robots_ROS2_Gazebo_Simulation) by extensions ['colcon_pkg']
[0.215s] Level 1:colcon.colcon_core.package_identification:_identify(src/Universal_Robots_ROS2_Gazebo_Simulation) by extension 'colcon_pkg'
[0.215s] Level 1:colcon.colcon_core.package_identification:_identify(src/Universal_Robots_ROS2_Gazebo_Simulation) by extensions ['colcon_meta']
[0.215s] Level 1:colcon.colcon_core.package_identification:_identify(src/Universal_Robots_ROS2_Gazebo_Simulation) by extension 'colcon_meta'
[0.215s] Level 1:colcon.colcon_core.package_identification:_identify(src/Universal_Robots_ROS2_Gazebo_Simulation) by extensions ['ros']
[0.215s] Level 1:colcon.colcon_core.package_identification:_identify(src/Universal_Robots_ROS2_Gazebo_Simulation) by extension 'ros'
[0.216s] Level 1:colcon.colcon_core.package_identification:_identify(src/Universal_Robots_ROS2_Gazebo_Simulation) by extensions ['cmake', 'python']
[0.216s] Level 1:colcon.colcon_core.package_identification:_identify(src/Universal_Robots_ROS2_Gazebo_Simulation) by extension 'cmake'
[0.216s] Level 1:colcon.colcon_core.package_identification:_identify(src/Universal_Robots_ROS2_Gazebo_Simulation) by extension 'python'
[0.216s] Level 1:colcon.colcon_core.package_identification:_identify(src/Universal_Robots_ROS2_Gazebo_Simulation) by extensions ['python_setup_py']
[0.216s] Level 1:colcon.colcon_core.package_identification:_identify(src/Universal_Robots_ROS2_Gazebo_Simulation) by extension 'python_setup_py'
[0.216s] Level 1:colcon.colcon_core.package_identification:_identify(src/Universal_Robots_ROS2_Gazebo_Simulation/ur_simulation_gazebo) by extensions ['ignore', 'ignore_ament_install']
[0.216s] Level 1:colcon.colcon_core.package_identification:_identify(src/Universal_Robots_ROS2_Gazebo_Simulation/ur_simulation_gazebo) by extension 'ignore'
[0.216s] Level 1:colcon.colcon_core.package_identification:_identify(src/Universal_Robots_ROS2_Gazebo_Simulation/ur_simulation_gazebo) by extension 'ignore_ament_install'
[0.216s] Level 1:colcon.colcon_core.package_identification:_identify(src/Universal_Robots_ROS2_Gazebo_Simulation/ur_simulation_gazebo) by extensions ['colcon_pkg']
[0.216s] Level 1:colcon.colcon_core.package_identification:_identify(src/Universal_Robots_ROS2_Gazebo_Simulation/ur_simulation_gazebo) by extension 'colcon_pkg'
[0.216s] Level 1:colcon.colcon_core.package_identification:_identify(src/Universal_Robots_ROS2_Gazebo_Simulation/ur_simulation_gazebo) by extensions ['colcon_meta']
[0.216s] Level 1:colcon.colcon_core.package_identification:_identify(src/Universal_Robots_ROS2_Gazebo_Simulation/ur_simulation_gazebo) by extension 'colcon_meta'
[0.216s] Level 1:colcon.colcon_core.package_identification:_identify(src/Universal_Robots_ROS2_Gazebo_Simulation/ur_simulation_gazebo) by extensions ['ros']
[0.216s] Level 1:colcon.colcon_core.package_identification:_identify(src/Universal_Robots_ROS2_Gazebo_Simulation/ur_simulation_gazebo) by extension 'ros'
[0.218s] DEBUG:colcon.colcon_core.package_identification:Package 'src/Universal_Robots_ROS2_Gazebo_Simulation/ur_simulation_gazebo' with type 'ros.ament_cmake' and name 'ur_simulation_gazebo'
[0.218s] Level 1:colcon.colcon_core.package_identification:_identify(src/build) by extensions ['ignore', 'ignore_ament_install']
[0.218s] Level 1:colcon.colcon_core.package_identification:_identify(src/build) by extension 'ignore'
[0.218s] Level 1:colcon.colcon_core.package_identification:_identify(src/build) ignored
[0.218s] Level 1:colcon.colcon_core.package_identification:_identify(src/graspnet-baseline) by extensions ['ignore', 'ignore_ament_install']
[0.218s] Level 1:colcon.colcon_core.package_identification:_identify(src/graspnet-baseline) by extension 'ignore'
[0.218s] Level 1:colcon.colcon_core.package_identification:_identify(src/graspnet-baseline) by extension 'ignore_ament_install'
[0.218s] Level 1:colcon.colcon_core.package_identification:_identify(src/graspnet-baseline) by extensions ['colcon_pkg']
[0.218s] Level 1:colcon.colcon_core.package_identification:_identify(src/graspnet-baseline) by extension 'colcon_pkg'
[0.218s] Level 1:colcon.colcon_core.package_identification:_identify(src/graspnet-baseline) by extensions ['colcon_meta']
[0.218s] Level 1:colcon.colcon_core.package_identification:_identify(src/graspnet-baseline) by extension 'colcon_meta'
[0.218s] Level 1:colcon.colcon_core.package_identification:_identify(src/graspnet-baseline) by extensions ['ros']
[0.219s] Level 1:colcon.colcon_core.package_identification:_identify(src/graspnet-baseline) by extension 'ros'
[0.219s] Level 1:colcon.colcon_core.package_identification:_identify(src/graspnet-baseline) by extensions ['cmake', 'python']
[0.219s] Level 1:colcon.colcon_core.package_identification:_identify(src/graspnet-baseline) by extension 'cmake'
[0.219s] Level 1:colcon.colcon_core.package_identification:_identify(src/graspnet-baseline) by extension 'python'
[0.219s] Level 1:colcon.colcon_core.package_identification:_identify(src/graspnet-baseline) by extensions ['python_setup_py']
[0.219s] Level 1:colcon.colcon_core.package_identification:_identify(src/graspnet-baseline) by extension 'python_setup_py'
[0.219s] Level 1:colcon.colcon_core.package_identification:_identify(src/graspnet-baseline/dataset) by extensions ['ignore', 'ignore_ament_install']
[0.219s] Level 1:colcon.colcon_core.package_identification:_identify(src/graspnet-baseline/dataset) by extension 'ignore'
[0.219s] Level 1:colcon.colcon_core.package_identification:_identify(src/graspnet-baseline/dataset) by extension 'ignore_ament_install'
[0.219s] Level 1:colcon.colcon_core.package_identification:_identify(src/graspnet-baseline/dataset) by extensions ['colcon_pkg']
[0.219s] Level 1:colcon.colcon_core.package_identification:_identify(src/graspnet-baseline/dataset) by extension 'colcon_pkg'
[0.219s] Level 1:colcon.colcon_core.package_identification:_identify(src/graspnet-baseline/dataset) by extensions ['colcon_meta']
[0.219s] Level 1:colcon.colcon_core.package_identification:_identify(src/graspnet-baseline/dataset) by extension 'colcon_meta'
[0.219s] Level 1:colcon.colcon_core.package_identification:_identify(src/graspnet-baseline/dataset) by extensions ['ros']
[0.219s] Level 1:colcon.colcon_core.package_identification:_identify(src/graspnet-baseline/dataset) by extension 'ros'
[0.219s] Level 1:colcon.colcon_core.package_identification:_identify(src/graspnet-baseline/dataset) by extensions ['cmake', 'python']
[0.219s] Level 1:colcon.colcon_core.package_identification:_identify(src/graspnet-baseline/dataset) by extension 'cmake'
[0.219s] Level 1:colcon.colcon_core.package_identification:_identify(src/graspnet-baseline/dataset) by extension 'python'
[0.219s] Level 1:colcon.colcon_core.package_identification:_identify(src/graspnet-baseline/dataset) by extensions ['python_setup_py']
[0.219s] Level 1:colcon.colcon_core.package_identification:_identify(src/graspnet-baseline/dataset) by extension 'python_setup_py'
[0.219s] Level 1:colcon.colcon_core.package_identification:_identify(src/graspnet-baseline/doc) by extensions ['ignore', 'ignore_ament_install']
[0.219s] Level 1:colcon.colcon_core.package_identification:_identify(src/graspnet-baseline/doc) by extension 'ignore'
[0.219s] Level 1:colcon.colcon_core.package_identification:_identify(src/graspnet-baseline/doc) by extension 'ignore_ament_install'
[0.219s] Level 1:colcon.colcon_core.package_identification:_identify(src/graspnet-baseline/doc) by extensions ['colcon_pkg']
[0.219s] Level 1:colcon.colcon_core.package_identification:_identify(src/graspnet-baseline/doc) by extension 'colcon_pkg'
[0.220s] Level 1:colcon.colcon_core.package_identification:_identify(src/graspnet-baseline/doc) by extensions ['colcon_meta']
[0.220s] Level 1:colcon.colcon_core.package_identification:_identify(src/graspnet-baseline/doc) by extension 'colcon_meta'
[0.220s] Level 1:colcon.colcon_core.package_identification:_identify(src/graspnet-baseline/doc) by extensions ['ros']
[0.220s] Level 1:colcon.colcon_core.package_identification:_identify(src/graspnet-baseline/doc) by extension 'ros'
[0.220s] Level 1:colcon.colcon_core.package_identification:_identify(src/graspnet-baseline/doc) by extensions ['cmake', 'python']
[0.220s] Level 1:colcon.colcon_core.package_identification:_identify(src/graspnet-baseline/doc) by extension 'cmake'
[0.220s] Level 1:colcon.colcon_core.package_identification:_identify(src/graspnet-baseline/doc) by extension 'python'
[0.220s] Level 1:colcon.colcon_core.package_identification:_identify(src/graspnet-baseline/doc) by extensions ['python_setup_py']
[0.220s] Level 1:colcon.colcon_core.package_identification:_identify(src/graspnet-baseline/doc) by extension 'python_setup_py'
[0.220s] Level 1:colcon.colcon_core.package_identification:_identify(src/graspnet-baseline/doc/example_data) by extensions ['ignore', 'ignore_ament_install']
[0.220s] Level 1:colcon.colcon_core.package_identification:_identify(src/graspnet-baseline/doc/example_data) by extension 'ignore'
[0.220s] Level 1:colcon.colcon_core.package_identification:_identify(src/graspnet-baseline/doc/example_data) by extension 'ignore_ament_install'
[0.220s] Level 1:colcon.colcon_core.package_identification:_identify(src/graspnet-baseline/doc/example_data) by extensions ['colcon_pkg']
[0.220s] Level 1:colcon.colcon_core.package_identification:_identify(src/graspnet-baseline/doc/example_data) by extension 'colcon_pkg'
[0.220s] Level 1:colcon.colcon_core.package_identification:_identify(src/graspnet-baseline/doc/example_data) by extensions ['colcon_meta']
[0.220s] Level 1:colcon.colcon_core.package_identification:_identify(src/graspnet-baseline/doc/example_data) by extension 'colcon_meta'
[0.220s] Level 1:colcon.colcon_core.package_identification:_identify(src/graspnet-baseline/doc/example_data) by extensions ['ros']
[0.220s] Level 1:colcon.colcon_core.package_identification:_identify(src/graspnet-baseline/doc/example_data) by extension 'ros'
[0.220s] Level 1:colcon.colcon_core.package_identification:_identify(src/graspnet-baseline/doc/example_data) by extensions ['cmake', 'python']
[0.220s] Level 1:colcon.colcon_core.package_identification:_identify(src/graspnet-baseline/doc/example_data) by extension 'cmake'
[0.220s] Level 1:colcon.colcon_core.package_identification:_identify(src/graspnet-baseline/doc/example_data) by extension 'python'
[0.220s] Level 1:colcon.colcon_core.package_identification:_identify(src/graspnet-baseline/doc/example_data) by extensions ['python_setup_py']
[0.220s] Level 1:colcon.colcon_core.package_identification:_identify(src/graspnet-baseline/doc/example_data) by extension 'python_setup_py'
[0.220s] Level 1:colcon.colcon_core.package_identification:_identify(src/graspnet-baseline/knn) by extensions ['ignore', 'ignore_ament_install']
[0.220s] Level 1:colcon.colcon_core.package_identification:_identify(src/graspnet-baseline/knn) by extension 'ignore'
[0.220s] Level 1:colcon.colcon_core.package_identification:_identify(src/graspnet-baseline/knn) by extension 'ignore_ament_install'
[0.220s] Level 1:colcon.colcon_core.package_identification:_identify(src/graspnet-baseline/knn) by extensions ['colcon_pkg']
[0.220s] Level 1:colcon.colcon_core.package_identification:_identify(src/graspnet-baseline/knn) by extension 'colcon_pkg'
[0.221s] Level 1:colcon.colcon_core.package_identification:_identify(src/graspnet-baseline/knn) by extensions ['colcon_meta']
[0.221s] Level 1:colcon.colcon_core.package_identification:_identify(src/graspnet-baseline/knn) by extension 'colcon_meta'
[0.221s] Level 1:colcon.colcon_core.package_identification:_identify(src/graspnet-baseline/knn) by extensions ['ros']
[0.221s] Level 1:colcon.colcon_core.package_identification:_identify(src/graspnet-baseline/knn) by extension 'ros'
[0.221s] Level 1:colcon.colcon_core.package_identification:_identify(src/graspnet-baseline/knn) by extensions ['cmake', 'python']
[0.221s] Level 1:colcon.colcon_core.package_identification:_identify(src/graspnet-baseline/knn) by extension 'cmake'
[0.221s] Level 1:colcon.colcon_core.package_identification:_identify(src/graspnet-baseline/knn) by extension 'python'
[0.221s] Level 1:colcon.colcon_core.package_identification:_identify(src/graspnet-baseline/knn) by extensions ['python_setup_py']
[0.221s] Level 1:colcon.colcon_core.package_identification:_identify(src/graspnet-baseline/knn) by extension 'python_setup_py'
[2.086s] DEBUG:colcon.colcon_core.package_identification:Package 'src/graspnet-baseline/knn' with type 'python' and name 'knn_pytorch'
[2.087s] Level 1:colcon.colcon_core.package_identification:_identify(src/graspnet-baseline/models) by extensions ['ignore', 'ignore_ament_install']
[2.087s] Level 1:colcon.colcon_core.package_identification:_identify(src/graspnet-baseline/models) by extension 'ignore'
[2.087s] Level 1:colcon.colcon_core.package_identification:_identify(src/graspnet-baseline/models) by extension 'ignore_ament_install'
[2.087s] Level 1:colcon.colcon_core.package_identification:_identify(src/graspnet-baseline/models) by extensions ['colcon_pkg']
[2.087s] Level 1:colcon.colcon_core.package_identification:_identify(src/graspnet-baseline/models) by extension 'colcon_pkg'
[2.087s] Level 1:colcon.colcon_core.package_identification:_identify(src/graspnet-baseline/models) by extensions ['colcon_meta']
[2.087s] Level 1:colcon.colcon_core.package_identification:_identify(src/graspnet-baseline/models) by extension 'colcon_meta'
[2.087s] Level 1:colcon.colcon_core.package_identification:_identify(src/graspnet-baseline/models) by extensions ['ros']
[2.087s] Level 1:colcon.colcon_core.package_identification:_identify(src/graspnet-baseline/models) by extension 'ros'
[2.087s] Level 1:colcon.colcon_core.package_identification:_identify(src/graspnet-baseline/models) by extensions ['cmake', 'python']
[2.087s] Level 1:colcon.colcon_core.package_identification:_identify(src/graspnet-baseline/models) by extension 'cmake'
[2.087s] Level 1:colcon.colcon_core.package_identification:_identify(src/graspnet-baseline/models) by extension 'python'
[2.087s] Level 1:colcon.colcon_core.package_identification:_identify(src/graspnet-baseline/models) by extensions ['python_setup_py']
[2.087s] Level 1:colcon.colcon_core.package_identification:_identify(src/graspnet-baseline/models) by extension 'python_setup_py'
[2.087s] Level 1:colcon.colcon_core.package_identification:_identify(src/graspnet-baseline/pointnet2) by extensions ['ignore', 'ignore_ament_install']
[2.088s] Level 1:colcon.colcon_core.package_identification:_identify(src/graspnet-baseline/pointnet2) by extension 'ignore'
[2.088s] Level 1:colcon.colcon_core.package_identification:_identify(src/graspnet-baseline/pointnet2) by extension 'ignore_ament_install'
[2.088s] Level 1:colcon.colcon_core.package_identification:_identify(src/graspnet-baseline/pointnet2) by extensions ['colcon_pkg']
[2.088s] Level 1:colcon.colcon_core.package_identification:_identify(src/graspnet-baseline/pointnet2) by extension 'colcon_pkg'
[2.088s] Level 1:colcon.colcon_core.package_identification:_identify(src/graspnet-baseline/pointnet2) by extensions ['colcon_meta']
[2.088s] Level 1:colcon.colcon_core.package_identification:_identify(src/graspnet-baseline/pointnet2) by extension 'colcon_meta'
[2.088s] Level 1:colcon.colcon_core.package_identification:_identify(src/graspnet-baseline/pointnet2) by extensions ['ros']
[2.088s] Level 1:colcon.colcon_core.package_identification:_identify(src/graspnet-baseline/pointnet2) by extension 'ros'
[2.088s] Level 1:colcon.colcon_core.package_identification:_identify(src/graspnet-baseline/pointnet2) by extensions ['cmake', 'python']
[2.088s] Level 1:colcon.colcon_core.package_identification:_identify(src/graspnet-baseline/pointnet2) by extension 'cmake'
[2.088s] Level 1:colcon.colcon_core.package_identification:_identify(src/graspnet-baseline/pointnet2) by extension 'python'
[2.088s] Level 1:colcon.colcon_core.package_identification:_identify(src/graspnet-baseline/pointnet2) by extensions ['python_setup_py']
[2.088s] Level 1:colcon.colcon_core.package_identification:_identify(src/graspnet-baseline/pointnet2) by extension 'python_setup_py'
[3.914s] ERROR:colcon.colcon_core.package_identification:Exception in package identification extension 'python_setup_py' in 'src/graspnet-baseline/pointnet2': Command '['/usr/bin/python3', '-c', 'import sys;from contextlib import suppress;exec("with suppress(ImportError):    from setuptools.extern.packaging.specifiers    import SpecifierSet");exec("with suppress(ImportError):    from packaging.specifiers import SpecifierSet");from distutils.core import run_setup;dist = run_setup(    \'setup.py\', script_args=(\'--dry-run\',), stop_after=\'config\');skip_keys = (\'cmdclass\', \'distclass\', \'ext_modules\', \'metadata\');data = {    key: value for key, value in dist.__dict__.items()     if (        not key.startswith(\'_\') and         not callable(value) and         key not in skip_keys and         key not in dist.display_option_names    )};data[\'metadata\'] = {    k: v for k, v in dist.metadata.__dict__.items()     if k not in (\'license_files\', \'provides_extras\')};sys.stdout.buffer.write(repr(data).encode(\'utf-8\'))']' returned non-zero exit status 1.
Traceback (most recent call last):
  File "/usr/lib/python3/dist-packages/colcon_core/package_identification/__init__.py", line 144, in _identify
    retval = extension.identify(_reused_descriptor_instance)
  File "/usr/lib/python3/dist-packages/colcon_python_setup_py/package_identification/python_setup_py.py", line 48, in identify
    config = get_setup_information(setup_py)
  File "/usr/lib/python3/dist-packages/colcon_python_setup_py/package_identification/python_setup_py.py", line 249, in get_setup_information
    _setup_information_cache[hashable_env] = _get_setup_information(
  File "/usr/lib/python3/dist-packages/colcon_python_setup_py/package_identification/python_setup_py.py", line 296, in _get_setup_information
    result = subprocess.run(
  File "/usr/lib/python3.10/subprocess.py", line 526, in run
    raise CalledProcessError(retcode, process.args,
subprocess.CalledProcessError: Command '['/usr/bin/python3', '-c', 'import sys;from contextlib import suppress;exec("with suppress(ImportError):    from setuptools.extern.packaging.specifiers    import SpecifierSet");exec("with suppress(ImportError):    from packaging.specifiers import SpecifierSet");from distutils.core import run_setup;dist = run_setup(    \'setup.py\', script_args=(\'--dry-run\',), stop_after=\'config\');skip_keys = (\'cmdclass\', \'distclass\', \'ext_modules\', \'metadata\');data = {    key: value for key, value in dist.__dict__.items()     if (        not key.startswith(\'_\') and         not callable(value) and         key not in skip_keys and         key not in dist.display_option_names    )};data[\'metadata\'] = {    k: v for k, v in dist.metadata.__dict__.items()     if k not in (\'license_files\', \'provides_extras\')};sys.stdout.buffer.write(repr(data).encode(\'utf-8\'))']' returned non-zero exit status 1.

[3.915s] Level 1:colcon.colcon_core.package_identification:_identify(src/graspnet-baseline/pointnet2/_ext_src) by extensions ['ignore', 'ignore_ament_install']
[3.915s] Level 1:colcon.colcon_core.package_identification:_identify(src/graspnet-baseline/pointnet2/_ext_src) by extension 'ignore'
[3.915s] Level 1:colcon.colcon_core.package_identification:_identify(src/graspnet-baseline/pointnet2/_ext_src) by extension 'ignore_ament_install'
[3.915s] Level 1:colcon.colcon_core.package_identification:_identify(src/graspnet-baseline/pointnet2/_ext_src) by extensions ['colcon_pkg']
[3.915s] Level 1:colcon.colcon_core.package_identification:_identify(src/graspnet-baseline/pointnet2/_ext_src) by extension 'colcon_pkg'
[3.915s] Level 1:colcon.colcon_core.package_identification:_identify(src/graspnet-baseline/pointnet2/_ext_src) by extensions ['colcon_meta']
[3.915s] Level 1:colcon.colcon_core.package_identification:_identify(src/graspnet-baseline/pointnet2/_ext_src) by extension 'colcon_meta'
[3.915s] Level 1:colcon.colcon_core.package_identification:_identify(src/graspnet-baseline/pointnet2/_ext_src) by extensions ['ros']
[3.915s] Level 1:colcon.colcon_core.package_identification:_identify(src/graspnet-baseline/pointnet2/_ext_src) by extension 'ros'
[3.915s] Level 1:colcon.colcon_core.package_identification:_identify(src/graspnet-baseline/pointnet2/_ext_src) by extensions ['cmake', 'python']
[3.915s] Level 1:colcon.colcon_core.package_identification:_identify(src/graspnet-baseline/pointnet2/_ext_src) by extension 'cmake'
[3.915s] Level 1:colcon.colcon_core.package_identification:_identify(src/graspnet-baseline/pointnet2/_ext_src) by extension 'python'
[3.915s] Level 1:colcon.colcon_core.package_identification:_identify(src/graspnet-baseline/pointnet2/_ext_src) by extensions ['python_setup_py']
[3.915s] Level 1:colcon.colcon_core.package_identification:_identify(src/graspnet-baseline/pointnet2/_ext_src) by extension 'python_setup_py'
[3.915s] Level 1:colcon.colcon_core.package_identification:_identify(src/graspnet-baseline/pointnet2/_ext_src/include) by extensions ['ignore', 'ignore_ament_install']
[3.915s] Level 1:colcon.colcon_core.package_identification:_identify(src/graspnet-baseline/pointnet2/_ext_src/include) by extension 'ignore'
[3.915s] Level 1:colcon.colcon_core.package_identification:_identify(src/graspnet-baseline/pointnet2/_ext_src/include) by extension 'ignore_ament_install'
[3.915s] Level 1:colcon.colcon_core.package_identification:_identify(src/graspnet-baseline/pointnet2/_ext_src/include) by extensions ['colcon_pkg']
[3.915s] Level 1:colcon.colcon_core.package_identification:_identify(src/graspnet-baseline/pointnet2/_ext_src/include) by extension 'colcon_pkg'
[3.915s] Level 1:colcon.colcon_core.package_identification:_identify(src/graspnet-baseline/pointnet2/_ext_src/include) by extensions ['colcon_meta']
[3.915s] Level 1:colcon.colcon_core.package_identification:_identify(src/graspnet-baseline/pointnet2/_ext_src/include) by extension 'colcon_meta'
[3.916s] Level 1:colcon.colcon_core.package_identification:_identify(src/graspnet-baseline/pointnet2/_ext_src/include) by extensions ['ros']
[3.916s] Level 1:colcon.colcon_core.package_identification:_identify(src/graspnet-baseline/pointnet2/_ext_src/include) by extension 'ros'
[3.916s] Level 1:colcon.colcon_core.package_identification:_identify(src/graspnet-baseline/pointnet2/_ext_src/include) by extensions ['cmake', 'python']
[3.916s] Level 1:colcon.colcon_core.package_identification:_identify(src/graspnet-baseline/pointnet2/_ext_src/include) by extension 'cmake'
[3.916s] Level 1:colcon.colcon_core.package_identification:_identify(src/graspnet-baseline/pointnet2/_ext_src/include) by extension 'python'
[3.916s] Level 1:colcon.colcon_core.package_identification:_identify(src/graspnet-baseline/pointnet2/_ext_src/include) by extensions ['python_setup_py']
[3.916s] Level 1:colcon.colcon_core.package_identification:_identify(src/graspnet-baseline/pointnet2/_ext_src/include) by extension 'python_setup_py'
[3.916s] Level 1:colcon.colcon_core.package_identification:_identify(src/graspnet-baseline/pointnet2/_ext_src/src) by extensions ['ignore', 'ignore_ament_install']
[3.916s] Level 1:colcon.colcon_core.package_identification:_identify(src/graspnet-baseline/pointnet2/_ext_src/src) by extension 'ignore'
[3.916s] Level 1:colcon.colcon_core.package_identification:_identify(src/graspnet-baseline/pointnet2/_ext_src/src) by extension 'ignore_ament_install'
[3.916s] Level 1:colcon.colcon_core.package_identification:_identify(src/graspnet-baseline/pointnet2/_ext_src/src) by extensions ['colcon_pkg']
[3.916s] Level 1:colcon.colcon_core.package_identification:_identify(src/graspnet-baseline/pointnet2/_ext_src/src) by extension 'colcon_pkg'
[3.916s] Level 1:colcon.colcon_core.package_identification:_identify(src/graspnet-baseline/pointnet2/_ext_src/src) by extensions ['colcon_meta']
[3.916s] Level 1:colcon.colcon_core.package_identification:_identify(src/graspnet-baseline/pointnet2/_ext_src/src) by extension 'colcon_meta'
[3.916s] Level 1:colcon.colcon_core.package_identification:_identify(src/graspnet-baseline/pointnet2/_ext_src/src) by extensions ['ros']
[3.916s] Level 1:colcon.colcon_core.package_identification:_identify(src/graspnet-baseline/pointnet2/_ext_src/src) by extension 'ros'
[3.916s] Level 1:colcon.colcon_core.package_identification:_identify(src/graspnet-baseline/pointnet2/_ext_src/src) by extensions ['cmake', 'python']
[3.916s] Level 1:colcon.colcon_core.package_identification:_identify(src/graspnet-baseline/pointnet2/_ext_src/src) by extension 'cmake'
[3.916s] Level 1:colcon.colcon_core.package_identification:_identify(src/graspnet-baseline/pointnet2/_ext_src/src) by extension 'python'
[3.916s] Level 1:colcon.colcon_core.package_identification:_identify(src/graspnet-baseline/pointnet2/_ext_src/src) by extensions ['python_setup_py']
[3.916s] Level 1:colcon.colcon_core.package_identification:_identify(src/graspnet-baseline/pointnet2/_ext_src/src) by extension 'python_setup_py'
[3.916s] Level 1:colcon.colcon_core.package_identification:_identify(src/graspnet-baseline/utils) by extensions ['ignore', 'ignore_ament_install']
[3.916s] Level 1:colcon.colcon_core.package_identification:_identify(src/graspnet-baseline/utils) by extension 'ignore'
[3.916s] Level 1:colcon.colcon_core.package_identification:_identify(src/graspnet-baseline/utils) by extension 'ignore_ament_install'
[3.917s] Level 1:colcon.colcon_core.package_identification:_identify(src/graspnet-baseline/utils) by extensions ['colcon_pkg']
[3.917s] Level 1:colcon.colcon_core.package_identification:_identify(src/graspnet-baseline/utils) by extension 'colcon_pkg'
[3.917s] Level 1:colcon.colcon_core.package_identification:_identify(src/graspnet-baseline/utils) by extensions ['colcon_meta']
[3.917s] Level 1:colcon.colcon_core.package_identification:_identify(src/graspnet-baseline/utils) by extension 'colcon_meta'
[3.917s] Level 1:colcon.colcon_core.package_identification:_identify(src/graspnet-baseline/utils) by extensions ['ros']
[3.917s] Level 1:colcon.colcon_core.package_identification:_identify(src/graspnet-baseline/utils) by extension 'ros'
[3.917s] Level 1:colcon.colcon_core.package_identification:_identify(src/graspnet-baseline/utils) by extensions ['cmake', 'python']
[3.917s] Level 1:colcon.colcon_core.package_identification:_identify(src/graspnet-baseline/utils) by extension 'cmake'
[3.917s] Level 1:colcon.colcon_core.package_identification:_identify(src/graspnet-baseline/utils) by extension 'python'
[3.917s] Level 1:colcon.colcon_core.package_identification:_identify(src/graspnet-baseline/utils) by extensions ['python_setup_py']
[3.917s] Level 1:colcon.colcon_core.package_identification:_identify(src/graspnet-baseline/utils) by extension 'python_setup_py'
[3.917s] Level 1:colcon.colcon_core.package_identification:_identify(src/graspnet_bringup) by extensions ['ignore', 'ignore_ament_install']
[3.917s] Level 1:colcon.colcon_core.package_identification:_identify(src/graspnet_bringup) by extension 'ignore'
[3.917s] Level 1:colcon.colcon_core.package_identification:_identify(src/graspnet_bringup) by extension 'ignore_ament_install'
[3.917s] Level 1:colcon.colcon_core.package_identification:_identify(src/graspnet_bringup) by extensions ['colcon_pkg']
[3.917s] Level 1:colcon.colcon_core.package_identification:_identify(src/graspnet_bringup) by extension 'colcon_pkg'
[3.917s] Level 1:colcon.colcon_core.package_identification:_identify(src/graspnet_bringup) by extensions ['colcon_meta']
[3.917s] Level 1:colcon.colcon_core.package_identification:_identify(src/graspnet_bringup) by extension 'colcon_meta'
[3.917s] Level 1:colcon.colcon_core.package_identification:_identify(src/graspnet_bringup) by extensions ['ros']
[3.917s] Level 1:colcon.colcon_core.package_identification:_identify(src/graspnet_bringup) by extension 'ros'
[3.918s] DEBUG:colcon.colcon_core.package_identification:Package 'src/graspnet_bringup' with type 'ros.ament_cmake' and name 'graspnet_bringup'
[3.918s] Level 1:colcon.colcon_core.package_identification:_identify(src/graspnet_control) by extensions ['ignore', 'ignore_ament_install']
[3.918s] Level 1:colcon.colcon_core.package_identification:_identify(src/graspnet_control) by extension 'ignore'
[3.918s] Level 1:colcon.colcon_core.package_identification:_identify(src/graspnet_control) by extension 'ignore_ament_install'
[3.918s] Level 1:colcon.colcon_core.package_identification:_identify(src/graspnet_control) by extensions ['colcon_pkg']
[3.918s] Level 1:colcon.colcon_core.package_identification:_identify(src/graspnet_control) by extension 'colcon_pkg'
[3.918s] Level 1:colcon.colcon_core.package_identification:_identify(src/graspnet_control) by extensions ['colcon_meta']
[3.918s] Level 1:colcon.colcon_core.package_identification:_identify(src/graspnet_control) by extension 'colcon_meta'
[3.918s] Level 1:colcon.colcon_core.package_identification:_identify(src/graspnet_control) by extensions ['ros']
[3.918s] Level 1:colcon.colcon_core.package_identification:_identify(src/graspnet_control) by extension 'ros'
[3.919s] DEBUG:colcon.colcon_core.package_identification:Package 'src/graspnet_control' with type 'ros.ament_python' and name 'graspnet_control'
[3.919s] Level 1:colcon.colcon_core.package_identification:_identify(src/graspnet_description) by extensions ['ignore', 'ignore_ament_install']
[3.919s] Level 1:colcon.colcon_core.package_identification:_identify(src/graspnet_description) by extension 'ignore'
[3.919s] Level 1:colcon.colcon_core.package_identification:_identify(src/graspnet_description) by extension 'ignore_ament_install'
[3.919s] Level 1:colcon.colcon_core.package_identification:_identify(src/graspnet_description) by extensions ['colcon_pkg']
[3.919s] Level 1:colcon.colcon_core.package_identification:_identify(src/graspnet_description) by extension 'colcon_pkg'
[3.919s] Level 1:colcon.colcon_core.package_identification:_identify(src/graspnet_description) by extensions ['colcon_meta']
[3.919s] Level 1:colcon.colcon_core.package_identification:_identify(src/graspnet_description) by extension 'colcon_meta'
[3.919s] Level 1:colcon.colcon_core.package_identification:_identify(src/graspnet_description) by extensions ['ros']
[3.919s] Level 1:colcon.colcon_core.package_identification:_identify(src/graspnet_description) by extension 'ros'
[3.920s] DEBUG:colcon.colcon_core.package_identification:Package 'src/graspnet_description' with type 'ros.ament_cmake' and name 'graspnet_description'
[3.920s] Level 1:colcon.colcon_core.package_identification:_identify(src/graspnet_gazebo) by extensions ['ignore', 'ignore_ament_install']
[3.920s] Level 1:colcon.colcon_core.package_identification:_identify(src/graspnet_gazebo) by extension 'ignore'
[3.920s] Level 1:colcon.colcon_core.package_identification:_identify(src/graspnet_gazebo) by extension 'ignore_ament_install'
[3.920s] Level 1:colcon.colcon_core.package_identification:_identify(src/graspnet_gazebo) by extensions ['colcon_pkg']
[3.920s] Level 1:colcon.colcon_core.package_identification:_identify(src/graspnet_gazebo) by extension 'colcon_pkg'
[3.920s] Level 1:colcon.colcon_core.package_identification:_identify(src/graspnet_gazebo) by extensions ['colcon_meta']
[3.920s] Level 1:colcon.colcon_core.package_identification:_identify(src/graspnet_gazebo) by extension 'colcon_meta'
[3.920s] Level 1:colcon.colcon_core.package_identification:_identify(src/graspnet_gazebo) by extensions ['ros']
[3.920s] Level 1:colcon.colcon_core.package_identification:_identify(src/graspnet_gazebo) by extension 'ros'
[3.921s] DEBUG:colcon.colcon_core.package_identification:Package 'src/graspnet_gazebo' with type 'ros.ament_cmake' and name 'graspnet_gazebo'
[3.921s] Level 1:colcon.colcon_core.package_identification:_identify(src/graspnet_hardware) by extensions ['ignore', 'ignore_ament_install']
[3.921s] Level 1:colcon.colcon_core.package_identification:_identify(src/graspnet_hardware) by extension 'ignore'
[3.921s] Level 1:colcon.colcon_core.package_identification:_identify(src/graspnet_hardware) by extension 'ignore_ament_install'
[3.921s] Level 1:colcon.colcon_core.package_identification:_identify(src/graspnet_hardware) by extensions ['colcon_pkg']
[3.921s] Level 1:colcon.colcon_core.package_identification:_identify(src/graspnet_hardware) by extension 'colcon_pkg'
[3.921s] Level 1:colcon.colcon_core.package_identification:_identify(src/graspnet_hardware) by extensions ['colcon_meta']
[3.921s] Level 1:colcon.colcon_core.package_identification:_identify(src/graspnet_hardware) by extension 'colcon_meta'
[3.921s] Level 1:colcon.colcon_core.package_identification:_identify(src/graspnet_hardware) by extensions ['ros']
[3.922s] Level 1:colcon.colcon_core.package_identification:_identify(src/graspnet_hardware) by extension 'ros'
[3.922s] DEBUG:colcon.colcon_core.package_identification:Package 'src/graspnet_hardware' with type 'ros.ament_cmake' and name 'graspnet_hardware'
[3.922s] Level 1:colcon.colcon_core.package_identification:_identify(src/graspnet_moveit) by extensions ['ignore', 'ignore_ament_install']
[3.922s] Level 1:colcon.colcon_core.package_identification:_identify(src/graspnet_moveit) by extension 'ignore'
[3.922s] Level 1:colcon.colcon_core.package_identification:_identify(src/graspnet_moveit) by extension 'ignore_ament_install'
[3.922s] Level 1:colcon.colcon_core.package_identification:_identify(src/graspnet_moveit) by extensions ['colcon_pkg']
[3.922s] Level 1:colcon.colcon_core.package_identification:_identify(src/graspnet_moveit) by extension 'colcon_pkg'
[3.922s] Level 1:colcon.colcon_core.package_identification:_identify(src/graspnet_moveit) by extensions ['colcon_meta']
[3.922s] Level 1:colcon.colcon_core.package_identification:_identify(src/graspnet_moveit) by extension 'colcon_meta'
[3.922s] Level 1:colcon.colcon_core.package_identification:_identify(src/graspnet_moveit) by extensions ['ros']
[3.922s] Level 1:colcon.colcon_core.package_identification:_identify(src/graspnet_moveit) by extension 'ros'
[3.923s] DEBUG:colcon.colcon_core.package_identification:Package 'src/graspnet_moveit' with type 'ros.ament_cmake' and name 'graspnet_moveit'
[3.923s] Level 1:colcon.colcon_core.package_identification:_identify(src/graspnet_perception) by extensions ['ignore', 'ignore_ament_install']
[3.923s] Level 1:colcon.colcon_core.package_identification:_identify(src/graspnet_perception) by extension 'ignore'
[3.923s] Level 1:colcon.colcon_core.package_identification:_identify(src/graspnet_perception) by extension 'ignore_ament_install'
[3.923s] Level 1:colcon.colcon_core.package_identification:_identify(src/graspnet_perception) by extensions ['colcon_pkg']
[3.923s] Level 1:colcon.colcon_core.package_identification:_identify(src/graspnet_perception) by extension 'colcon_pkg'
[3.923s] Level 1:colcon.colcon_core.package_identification:_identify(src/graspnet_perception) by extensions ['colcon_meta']
[3.923s] Level 1:colcon.colcon_core.package_identification:_identify(src/graspnet_perception) by extension 'colcon_meta'
[3.923s] Level 1:colcon.colcon_core.package_identification:_identify(src/graspnet_perception) by extensions ['ros']
[3.923s] Level 1:colcon.colcon_core.package_identification:_identify(src/graspnet_perception) by extension 'ros'
[3.924s] DEBUG:colcon.colcon_core.package_identification:Package 'src/graspnet_perception' with type 'ros.ament_python' and name 'graspnet_perception'
[3.924s] Level 1:colcon.colcon_core.package_identification:_identify(src/install) by extensions ['ignore', 'ignore_ament_install']
[3.924s] Level 1:colcon.colcon_core.package_identification:_identify(src/install) by extension 'ignore'
[3.924s] Level 1:colcon.colcon_core.package_identification:_identify(src/install) ignored
[3.924s] Level 1:colcon.colcon_core.package_identification:_identify(src/log) by extensions ['ignore', 'ignore_ament_install']
[3.924s] Level 1:colcon.colcon_core.package_identification:_identify(src/log) by extension 'ignore'
[3.924s] Level 1:colcon.colcon_core.package_identification:_identify(src/log) ignored
[3.924s] Level 1:colcon.colcon_core.package_identification:_identify(src/sim_stack) by extensions ['ignore', 'ignore_ament_install']
[3.924s] Level 1:colcon.colcon_core.package_identification:_identify(src/sim_stack) by extension 'ignore'
[3.924s] Level 1:colcon.colcon_core.package_identification:_identify(src/sim_stack) by extension 'ignore_ament_install'
[3.924s] Level 1:colcon.colcon_core.package_identification:_identify(src/sim_stack) by extensions ['colcon_pkg']
[3.924s] Level 1:colcon.colcon_core.package_identification:_identify(src/sim_stack) by extension 'colcon_pkg'
[3.924s] Level 1:colcon.colcon_core.package_identification:_identify(src/sim_stack) by extensions ['colcon_meta']
[3.924s] Level 1:colcon.colcon_core.package_identification:_identify(src/sim_stack) by extension 'colcon_meta'
[3.925s] Level 1:colcon.colcon_core.package_identification:_identify(src/sim_stack) by extensions ['ros']
[3.925s] Level 1:colcon.colcon_core.package_identification:_identify(src/sim_stack) by extension 'ros'
[3.925s] DEBUG:colcon.colcon_core.package_identification:Package 'src/sim_stack' with type 'ros.ament_cmake' and name 'sim_stack'
[3.925s] Level 1:colcon.colcon_core.package_discovery:discover_packages(recursive) using defaults
[3.925s] Level 1:colcon.colcon_core.package_discovery:discover_packages(ignore) discover
[3.925s] Level 1:colcon.colcon_core.package_discovery:discover_packages(ignore) using defaults
[3.925s] Level 1:colcon.colcon_core.package_discovery:discover_packages(path) discover
[3.925s] Level 1:colcon.colcon_core.package_discovery:discover_packages(path) using defaults
[3.955s] Level 1:colcon.colcon_core.package_discovery:discover_packages(prefix_path) check parameters
[3.955s] Level 1:colcon.colcon_core.package_discovery:discover_packages(prefix_path) discover
[3.957s] DEBUG:colcon.colcon_installed_package_information.package_discovery:Found 326 installed packages in /opt/ros/humble
[3.959s] Level 1:colcon.colcon_core.package_discovery:discover_packages(prefix_path) using defaults
[3.988s] Level 5:colcon.colcon_core.verb:set package 'graspnet_bringup' build argument 'cmake_args' from command line to 'None'
[3.988s] Level 5:colcon.colcon_core.verb:set package 'graspnet_bringup' build argument 'cmake_target' from command line to 'None'
[3.989s] Level 5:colcon.colcon_core.verb:set package 'graspnet_bringup' build argument 'cmake_target_skip_unavailable' from command line to 'False'
[3.989s] Level 5:colcon.colcon_core.verb:set package 'graspnet_bringup' build argument 'cmake_clean_cache' from command line to 'False'
[3.989s] Level 5:colcon.colcon_core.verb:set package 'graspnet_bringup' build argument 'cmake_clean_first' from command line to 'False'
[3.989s] Level 5:colcon.colcon_core.verb:set package 'graspnet_bringup' build argument 'cmake_force_configure' from command line to 'False'
[3.989s] Level 5:colcon.colcon_core.verb:set package 'graspnet_bringup' build argument 'ament_cmake_args' from command line to 'None'
[3.989s] Level 5:colcon.colcon_core.verb:set package 'graspnet_bringup' build argument 'catkin_cmake_args' from command line to 'None'
[3.989s] Level 5:colcon.colcon_core.verb:set package 'graspnet_bringup' build argument 'catkin_skip_building_tests' from command line to 'False'
[3.989s] DEBUG:colcon.colcon_core.verb:Building package 'graspnet_bringup' with the following arguments: {'ament_cmake_args': None, 'build_base': '/home/omer/rcaai_ws/build/graspnet_bringup', 'catkin_cmake_args': None, 'catkin_skip_building_tests': False, 'cmake_args': None, 'cmake_clean_cache': False, 'cmake_clean_first': False, 'cmake_force_configure': False, 'cmake_target': None, 'cmake_target_skip_unavailable': False, 'install_base': '/home/omer/rcaai_ws/install/graspnet_bringup', 'merge_install': False, 'path': '/home/omer/rcaai_ws/src/graspnet_bringup', 'symlink_install': False, 'test_result_base': None}
[3.989s] Level 5:colcon.colcon_core.verb:set package 'graspnet_control' build argument 'cmake_args' from command line to 'None'
[3.989s] Level 5:colcon.colcon_core.verb:set package 'graspnet_control' build argument 'cmake_target' from command line to 'None'
[3.989s] Level 5:colcon.colcon_core.verb:set package 'graspnet_control' build argument 'cmake_target_skip_unavailable' from command line to 'False'
[3.989s] Level 5:colcon.colcon_core.verb:set package 'graspnet_control' build argument 'cmake_clean_cache' from command line to 'False'
[3.989s] Level 5:colcon.colcon_core.verb:set package 'graspnet_control' build argument 'cmake_clean_first' from command line to 'False'
[3.989s] Level 5:colcon.colcon_core.verb:set package 'graspnet_control' build argument 'cmake_force_configure' from command line to 'False'
[3.989s] Level 5:colcon.colcon_core.verb:set package 'graspnet_control' build argument 'ament_cmake_args' from command line to 'None'
[3.989s] Level 5:colcon.colcon_core.verb:set package 'graspnet_control' build argument 'catkin_cmake_args' from command line to 'None'
[3.989s] Level 5:colcon.colcon_core.verb:set package 'graspnet_control' build argument 'catkin_skip_building_tests' from command line to 'False'
[3.989s] DEBUG:colcon.colcon_core.verb:Building package 'graspnet_control' with the following arguments: {'ament_cmake_args': None, 'build_base': '/home/omer/rcaai_ws/build/graspnet_control', 'catkin_cmake_args': None, 'catkin_skip_building_tests': False, 'cmake_args': None, 'cmake_clean_cache': False, 'cmake_clean_first': False, 'cmake_force_configure': False, 'cmake_target': None, 'cmake_target_skip_unavailable': False, 'install_base': '/home/omer/rcaai_ws/install/graspnet_control', 'merge_install': False, 'path': '/home/omer/rcaai_ws/src/graspnet_control', 'symlink_install': False, 'test_result_base': None}
[3.989s] Level 5:colcon.colcon_core.verb:set package 'graspnet_description' build argument 'cmake_args' from command line to 'None'
[3.989s] Level 5:colcon.colcon_core.verb:set package 'graspnet_description' build argument 'cmake_target' from command line to 'None'
[3.989s] Level 5:colcon.colcon_core.verb:set package 'graspnet_description' build argument 'cmake_target_skip_unavailable' from command line to 'False'
[3.989s] Level 5:colcon.colcon_core.verb:set package 'graspnet_description' build argument 'cmake_clean_cache' from command line to 'False'
[3.989s] Level 5:colcon.colcon_core.verb:set package 'graspnet_description' build argument 'cmake_clean_first' from command line to 'False'
[3.990s] Level 5:colcon.colcon_core.verb:set package 'graspnet_description' build argument 'cmake_force_configure' from command line to 'False'
[3.990s] Level 5:colcon.colcon_core.verb:set package 'graspnet_description' build argument 'ament_cmake_args' from command line to 'None'
[3.990s] Level 5:colcon.colcon_core.verb:set package 'graspnet_description' build argument 'catkin_cmake_args' from command line to 'None'
[3.990s] Level 5:colcon.colcon_core.verb:set package 'graspnet_description' build argument 'catkin_skip_building_tests' from command line to 'False'
[3.990s] DEBUG:colcon.colcon_core.verb:Building package 'graspnet_description' with the following arguments: {'ament_cmake_args': None, 'build_base': '/home/omer/rcaai_ws/build/graspnet_description', 'catkin_cmake_args': None, 'catkin_skip_building_tests': False, 'cmake_args': None, 'cmake_clean_cache': False, 'cmake_clean_first': False, 'cmake_force_configure': False, 'cmake_target': None, 'cmake_target_skip_unavailable': False, 'install_base': '/home/omer/rcaai_ws/install/graspnet_description', 'merge_install': False, 'path': '/home/omer/rcaai_ws/src/graspnet_description', 'symlink_install': False, 'test_result_base': None}
[3.990s] Level 5:colcon.colcon_core.verb:set package 'graspnet_gazebo' build argument 'cmake_args' from command line to 'None'
[3.990s] Level 5:colcon.colcon_core.verb:set package 'graspnet_gazebo' build argument 'cmake_target' from command line to 'None'
[3.990s] Level 5:colcon.colcon_core.verb:set package 'graspnet_gazebo' build argument 'cmake_target_skip_unavailable' from command line to 'False'
[3.990s] Level 5:colcon.colcon_core.verb:set package 'graspnet_gazebo' build argument 'cmake_clean_cache' from command line to 'False'
[3.990s] Level 5:colcon.colcon_core.verb:set package 'graspnet_gazebo' build argument 'cmake_clean_first' from command line to 'False'
[3.990s] Level 5:colcon.colcon_core.verb:set package 'graspnet_gazebo' build argument 'cmake_force_configure' from command line to 'False'
[3.990s] Level 5:colcon.colcon_core.verb:set package 'graspnet_gazebo' build argument 'ament_cmake_args' from command line to 'None'
[3.990s] Level 5:colcon.colcon_core.verb:set package 'graspnet_gazebo' build argument 'catkin_cmake_args' from command line to 'None'
[3.990s] Level 5:colcon.colcon_core.verb:set package 'graspnet_gazebo' build argument 'catkin_skip_building_tests' from command line to 'False'
[3.990s] DEBUG:colcon.colcon_core.verb:Building package 'graspnet_gazebo' with the following arguments: {'ament_cmake_args': None, 'build_base': '/home/omer/rcaai_ws/build/graspnet_gazebo', 'catkin_cmake_args': None, 'catkin_skip_building_tests': False, 'cmake_args': None, 'cmake_clean_cache': False, 'cmake_clean_first': False, 'cmake_force_configure': False, 'cmake_target': None, 'cmake_target_skip_unavailable': False, 'install_base': '/home/omer/rcaai_ws/install/graspnet_gazebo', 'merge_install': False, 'path': '/home/omer/rcaai_ws/src/graspnet_gazebo', 'symlink_install': False, 'test_result_base': None}
[3.990s] Level 5:colcon.colcon_core.verb:set package 'graspnet_hardware' build argument 'cmake_args' from command line to 'None'
[3.990s] Level 5:colcon.colcon_core.verb:set package 'graspnet_hardware' build argument 'cmake_target' from command line to 'None'
[3.990s] Level 5:colcon.colcon_core.verb:set package 'graspnet_hardware' build argument 'cmake_target_skip_unavailable' from command line to 'False'
[3.990s] Level 5:colcon.colcon_core.verb:set package 'graspnet_hardware' build argument 'cmake_clean_cache' from command line to 'False'
[3.990s] Level 5:colcon.colcon_core.verb:set package 'graspnet_hardware' build argument 'cmake_clean_first' from command line to 'False'
[3.990s] Level 5:colcon.colcon_core.verb:set package 'graspnet_hardware' build argument 'cmake_force_configure' from command line to 'False'
[3.990s] Level 5:colcon.colcon_core.verb:set package 'graspnet_hardware' build argument 'ament_cmake_args' from command line to 'None'
[3.990s] Level 5:colcon.colcon_core.verb:set package 'graspnet_hardware' build argument 'catkin_cmake_args' from command line to 'None'
[3.990s] Level 5:colcon.colcon_core.verb:set package 'graspnet_hardware' build argument 'catkin_skip_building_tests' from command line to 'False'
[3.990s] DEBUG:colcon.colcon_core.verb:Building package 'graspnet_hardware' with the following arguments: {'ament_cmake_args': None, 'build_base': '/home/omer/rcaai_ws/build/graspnet_hardware', 'catkin_cmake_args': None, 'catkin_skip_building_tests': False, 'cmake_args': None, 'cmake_clean_cache': False, 'cmake_clean_first': False, 'cmake_force_configure': False, 'cmake_target': None, 'cmake_target_skip_unavailable': False, 'install_base': '/home/omer/rcaai_ws/install/graspnet_hardware', 'merge_install': False, 'path': '/home/omer/rcaai_ws/src/graspnet_hardware', 'symlink_install': False, 'test_result_base': None}
[3.991s] Level 5:colcon.colcon_core.verb:set package 'graspnet_moveit' build argument 'cmake_args' from command line to 'None'
[3.991s] Level 5:colcon.colcon_core.verb:set package 'graspnet_moveit' build argument 'cmake_target' from command line to 'None'
[3.991s] Level 5:colcon.colcon_core.verb:set package 'graspnet_moveit' build argument 'cmake_target_skip_unavailable' from command line to 'False'
[3.991s] Level 5:colcon.colcon_core.verb:set package 'graspnet_moveit' build argument 'cmake_clean_cache' from command line to 'False'
[3.991s] Level 5:colcon.colcon_core.verb:set package 'graspnet_moveit' build argument 'cmake_clean_first' from command line to 'False'
[3.991s] Level 5:colcon.colcon_core.verb:set package 'graspnet_moveit' build argument 'cmake_force_configure' from command line to 'False'
[3.991s] Level 5:colcon.colcon_core.verb:set package 'graspnet_moveit' build argument 'ament_cmake_args' from command line to 'None'
[3.991s] Level 5:colcon.colcon_core.verb:set package 'graspnet_moveit' build argument 'catkin_cmake_args' from command line to 'None'
[3.991s] Level 5:colcon.colcon_core.verb:set package 'graspnet_moveit' build argument 'catkin_skip_building_tests' from command line to 'False'
[3.991s] DEBUG:colcon.colcon_core.verb:Building package 'graspnet_moveit' with the following arguments: {'ament_cmake_args': None, 'build_base': '/home/omer/rcaai_ws/build/graspnet_moveit', 'catkin_cmake_args': None, 'catkin_skip_building_tests': False, 'cmake_args': None, 'cmake_clean_cache': False, 'cmake_clean_first': False, 'cmake_force_configure': False, 'cmake_target': None, 'cmake_target_skip_unavailable': False, 'install_base': '/home/omer/rcaai_ws/install/graspnet_moveit', 'merge_install': False, 'path': '/home/omer/rcaai_ws/src/graspnet_moveit', 'symlink_install': False, 'test_result_base': None}
[3.991s] Level 5:colcon.colcon_core.verb:set package 'graspnet_perception' build argument 'cmake_args' from command line to 'None'
[3.991s] Level 5:colcon.colcon_core.verb:set package 'graspnet_perception' build argument 'cmake_target' from command line to 'None'
[3.991s] Level 5:colcon.colcon_core.verb:set package 'graspnet_perception' build argument 'cmake_target_skip_unavailable' from command line to 'False'
[3.992s] Level 5:colcon.colcon_core.verb:set package 'graspnet_perception' build argument 'cmake_clean_cache' from command line to 'False'
[3.992s] Level 5:colcon.colcon_core.verb:set package 'graspnet_perception' build argument 'cmake_clean_first' from command line to 'False'
[3.992s] Level 5:colcon.colcon_core.verb:set package 'graspnet_perception' build argument 'cmake_force_configure' from command line to 'False'
[3.992s] Level 5:colcon.colcon_core.verb:set package 'graspnet_perception' build argument 'ament_cmake_args' from command line to 'None'
[3.992s] Level 5:colcon.colcon_core.verb:set package 'graspnet_perception' build argument 'catkin_cmake_args' from command line to 'None'
[3.992s] Level 5:colcon.colcon_core.verb:set package 'graspnet_perception' build argument 'catkin_skip_building_tests' from command line to 'False'
[3.992s] DEBUG:colcon.colcon_core.verb:Building package 'graspnet_perception' with the following arguments: {'ament_cmake_args': None, 'build_base': '/home/omer/rcaai_ws/build/graspnet_perception', 'catkin_cmake_args': None, 'catkin_skip_building_tests': False, 'cmake_args': None, 'cmake_clean_cache': False, 'cmake_clean_first': False, 'cmake_force_configure': False, 'cmake_target': None, 'cmake_target_skip_unavailable': False, 'install_base': '/home/omer/rcaai_ws/install/graspnet_perception', 'merge_install': False, 'path': '/home/omer/rcaai_ws/src/graspnet_perception', 'symlink_install': False, 'test_result_base': None}
[3.992s] Level 5:colcon.colcon_core.verb:set package 'knn_pytorch' build argument 'cmake_args' from command line to 'None'
[3.992s] Level 5:colcon.colcon_core.verb:set package 'knn_pytorch' build argument 'cmake_target' from command line to 'None'
[3.992s] Level 5:colcon.colcon_core.verb:set package 'knn_pytorch' build argument 'cmake_target_skip_unavailable' from command line to 'False'
[3.992s] Level 5:colcon.colcon_core.verb:set package 'knn_pytorch' build argument 'cmake_clean_cache' from command line to 'False'
[3.992s] Level 5:colcon.colcon_core.verb:set package 'knn_pytorch' build argument 'cmake_clean_first' from command line to 'False'
[3.992s] Level 5:colcon.colcon_core.verb:set package 'knn_pytorch' build argument 'cmake_force_configure' from command line to 'False'
[3.992s] Level 5:colcon.colcon_core.verb:set package 'knn_pytorch' build argument 'ament_cmake_args' from command line to 'None'
[3.992s] Level 5:colcon.colcon_core.verb:set package 'knn_pytorch' build argument 'catkin_cmake_args' from command line to 'None'
[3.992s] Level 5:colcon.colcon_core.verb:set package 'knn_pytorch' build argument 'catkin_skip_building_tests' from command line to 'False'
[3.992s] DEBUG:colcon.colcon_core.verb:Building package 'knn_pytorch' with the following arguments: {'ament_cmake_args': None, 'build_base': '/home/omer/rcaai_ws/build/knn_pytorch', 'catkin_cmake_args': None, 'catkin_skip_building_tests': False, 'cmake_args': None, 'cmake_clean_cache': False, 'cmake_clean_first': False, 'cmake_force_configure': False, 'cmake_target': None, 'cmake_target_skip_unavailable': False, 'install_base': '/home/omer/rcaai_ws/install/knn_pytorch', 'merge_install': False, 'path': '/home/omer/rcaai_ws/src/graspnet-baseline/knn', 'symlink_install': False, 'test_result_base': None}
[3.992s] Level 5:colcon.colcon_core.verb:set package 'sim_stack' build argument 'cmake_args' from command line to 'None'
[3.992s] Level 5:colcon.colcon_core.verb:set package 'sim_stack' build argument 'cmake_target' from command line to 'None'
[3.992s] Level 5:colcon.colcon_core.verb:set package 'sim_stack' build argument 'cmake_target_skip_unavailable' from command line to 'False'
[3.992s] Level 5:colcon.colcon_core.verb:set package 'sim_stack' build argument 'cmake_clean_cache' from command line to 'False'
[3.992s] Level 5:colcon.colcon_core.verb:set package 'sim_stack' build argument 'cmake_clean_first' from command line to 'False'
[3.992s] Level 5:colcon.colcon_core.verb:set package 'sim_stack' build argument 'cmake_force_configure' from command line to 'False'
[3.992s] Level 5:colcon.colcon_core.verb:set package 'sim_stack' build argument 'ament_cmake_args' from command line to 'None'
[3.992s] Level 5:colcon.colcon_core.verb:set package 'sim_stack' build argument 'catkin_cmake_args' from command line to 'None'
[3.992s] Level 5:colcon.colcon_core.verb:set package 'sim_stack' build argument 'catkin_skip_building_tests' from command line to 'False'
[3.992s] DEBUG:colcon.colcon_core.verb:Building package 'sim_stack' with the following arguments: {'ament_cmake_args': None, 'build_base': '/home/omer/rcaai_ws/build/sim_stack', 'catkin_cmake_args': None, 'catkin_skip_building_tests': False, 'cmake_args': None, 'cmake_clean_cache': False, 'cmake_clean_first': False, 'cmake_force_configure': False, 'cmake_target': None, 'cmake_target_skip_unavailable': False, 'install_base': '/home/omer/rcaai_ws/install/sim_stack', 'merge_install': False, 'path': '/home/omer/rcaai_ws/src/sim_stack', 'symlink_install': False, 'test_result_base': None}
[3.993s] Level 5:colcon.colcon_core.verb:set package 'ur_simulation_gazebo' build argument 'cmake_args' from command line to 'None'
[3.993s] Level 5:colcon.colcon_core.verb:set package 'ur_simulation_gazebo' build argument 'cmake_target' from command line to 'None'
[3.993s] Level 5:colcon.colcon_core.verb:set package 'ur_simulation_gazebo' build argument 'cmake_target_skip_unavailable' from command line to 'False'
[3.993s] Level 5:colcon.colcon_core.verb:set package 'ur_simulation_gazebo' build argument 'cmake_clean_cache' from command line to 'False'
[3.993s] Level 5:colcon.colcon_core.verb:set package 'ur_simulation_gazebo' build argument 'cmake_clean_first' from command line to 'False'
[3.993s] Level 5:colcon.colcon_core.verb:set package 'ur_simulation_gazebo' build argument 'cmake_force_configure' from command line to 'False'
[3.993s] Level 5:colcon.colcon_core.verb:set package 'ur_simulation_gazebo' build argument 'ament_cmake_args' from command line to 'None'
[3.993s] Level 5:colcon.colcon_core.verb:set package 'ur_simulation_gazebo' build argument 'catkin_cmake_args' from command line to 'None'
[3.993s] Level 5:colcon.colcon_core.verb:set package 'ur_simulation_gazebo' build argument 'catkin_skip_building_tests' from command line to 'False'
[3.993s] DEBUG:colcon.colcon_core.verb:Building package 'ur_simulation_gazebo' with the following arguments: {'ament_cmake_args': None, 'build_base': '/home/omer/rcaai_ws/build/ur_simulation_gazebo', 'catkin_cmake_args': None, 'catkin_skip_building_tests': False, 'cmake_args': None, 'cmake_clean_cache': False, 'cmake_clean_first': False, 'cmake_force_configure': False, 'cmake_target': None, 'cmake_target_skip_unavailable': False, 'install_base': '/home/omer/rcaai_ws/install/ur_simulation_gazebo', 'merge_install': False, 'path': '/home/omer/rcaai_ws/src/Universal_Robots_ROS2_Gazebo_Simulation/ur_simulation_gazebo', 'symlink_install': False, 'test_result_base': None}
[3.993s] INFO:colcon.colcon_core.executor:Executing jobs using 'parallel' executor
[3.994s] DEBUG:colcon.colcon_parallel_executor.executor.parallel:run_until_complete
[3.995s] INFO:colcon.colcon_ros.task.ament_cmake.build:Building ROS package in '/home/omer/rcaai_ws/src/graspnet_bringup' with build type 'ament_cmake'
[3.995s] INFO:colcon.colcon_cmake.task.cmake.build:Building CMake package in '/home/omer/rcaai_ws/src/graspnet_bringup'
[3.997s] INFO:colcon.colcon_core.plugin_system:Skipping extension 'colcon_core.shell.bat': Not used on non-Windows systems
[3.997s] INFO:colcon.colcon_core.shell:Skip shell extension 'powershell' for command environment: Not usable outside of PowerShell
[3.997s] DEBUG:colcon.colcon_core.shell:Skip shell extension 'dsv' for command environment
[3.999s] INFO:colcon.colcon_ros.task.ament_python.build:Building ROS package in '/home/omer/rcaai_ws/src/graspnet_control' with build type 'ament_python'
[3.999s] Level 1:colcon.colcon_core.shell:create_environment_hook('graspnet_control', 'ament_prefix_path')
[4.000s] INFO:colcon.colcon_core.shell:Creating environment hook '/home/omer/rcaai_ws/install/graspnet_control/share/graspnet_control/hook/ament_prefix_path.ps1'
[4.000s] INFO:colcon.colcon_core.shell:Creating environment descriptor '/home/omer/rcaai_ws/install/graspnet_control/share/graspnet_control/hook/ament_prefix_path.dsv'
[4.000s] INFO:colcon.colcon_core.shell:Creating environment hook '/home/omer/rcaai_ws/install/graspnet_control/share/graspnet_control/hook/ament_prefix_path.sh'
[4.001s] INFO:colcon.colcon_core.shell:Skip shell extension 'powershell' for command environment: Not usable outside of PowerShell
[4.001s] DEBUG:colcon.colcon_core.shell:Skip shell extension 'dsv' for command environment
[4.003s] INFO:colcon.colcon_ros.task.ament_cmake.build:Building ROS package in '/home/omer/rcaai_ws/src/graspnet_description' with build type 'ament_cmake'
[4.003s] INFO:colcon.colcon_cmake.task.cmake.build:Building CMake package in '/home/omer/rcaai_ws/src/graspnet_description'
[4.003s] INFO:colcon.colcon_core.shell:Skip shell extension 'powershell' for command environment: Not usable outside of PowerShell
[4.003s] DEBUG:colcon.colcon_core.shell:Skip shell extension 'dsv' for command environment
[4.006s] INFO:colcon.colcon_ros.task.ament_cmake.build:Building ROS package in '/home/omer/rcaai_ws/src/graspnet_gazebo' with build type 'ament_cmake'
[4.006s] INFO:colcon.colcon_cmake.task.cmake.build:Building CMake package in '/home/omer/rcaai_ws/src/graspnet_gazebo'
[4.006s] INFO:colcon.colcon_core.shell:Skip shell extension 'powershell' for command environment: Not usable outside of PowerShell
[4.006s] DEBUG:colcon.colcon_core.shell:Skip shell extension 'dsv' for command environment
[4.008s] INFO:colcon.colcon_ros.task.ament_cmake.build:Building ROS package in '/home/omer/rcaai_ws/src/graspnet_hardware' with build type 'ament_cmake'
[4.008s] INFO:colcon.colcon_cmake.task.cmake.build:Building CMake package in '/home/omer/rcaai_ws/src/graspnet_hardware'
[4.008s] INFO:colcon.colcon_core.shell:Skip shell extension 'powershell' for command environment: Not usable outside of PowerShell
[4.009s] DEBUG:colcon.colcon_core.shell:Skip shell extension 'dsv' for command environment
[4.011s] INFO:colcon.colcon_ros.task.ament_cmake.build:Building ROS package in '/home/omer/rcaai_ws/src/graspnet_moveit' with build type 'ament_cmake'
[4.011s] INFO:colcon.colcon_cmake.task.cmake.build:Building CMake package in '/home/omer/rcaai_ws/src/graspnet_moveit'
[4.011s] INFO:colcon.colcon_core.shell:Skip shell extension 'powershell' for command environment: Not usable outside of PowerShell
[4.011s] DEBUG:colcon.colcon_core.shell:Skip shell extension 'dsv' for command environment
[4.014s] INFO:colcon.colcon_ros.task.ament_python.build:Building ROS package in '/home/omer/rcaai_ws/src/graspnet_perception' with build type 'ament_python'
[4.015s] Level 1:colcon.colcon_core.shell:create_environment_hook('graspnet_perception', 'ament_prefix_path')
[4.015s] INFO:colcon.colcon_core.shell:Creating environment hook '/home/omer/rcaai_ws/install/graspnet_perception/share/graspnet_perception/hook/ament_prefix_path.ps1'
[4.015s] INFO:colcon.colcon_core.shell:Creating environment descriptor '/home/omer/rcaai_ws/install/graspnet_perception/share/graspnet_perception/hook/ament_prefix_path.dsv'
[4.016s] INFO:colcon.colcon_core.shell:Creating environment hook '/home/omer/rcaai_ws/install/graspnet_perception/share/graspnet_perception/hook/ament_prefix_path.sh'
[4.017s] INFO:colcon.colcon_core.shell:Skip shell extension 'powershell' for command environment: Not usable outside of PowerShell
[4.017s] DEBUG:colcon.colcon_core.shell:Skip shell extension 'dsv' for command environment
[4.021s] INFO:colcon.colcon_core.task.python.build:Building Python package in '/home/omer/rcaai_ws/src/graspnet-baseline/knn'
[4.021s] INFO:colcon.colcon_core.shell:Skip shell extension 'powershell' for command environment: Not usable outside of PowerShell
[4.021s] DEBUG:colcon.colcon_core.shell:Skip shell extension 'dsv' for command environment
[4.027s] DEBUG:colcon.colcon_core.event_handler.log_command:Invoking command in '/home/omer/rcaai_ws/build/graspnet_bringup': CMAKE_PREFIX_PATH=/opt/ros/humble /usr/bin/cmake /home/omer/rcaai_ws/src/graspnet_bringup -DCMAKE_INSTALL_PREFIX=/home/omer/rcaai_ws/install/graspnet_bringup
[4.247s] INFO:colcon.colcon_core.task.python.build:Building Python package in '/home/omer/rcaai_ws/src/graspnet_control'
[4.247s] INFO:colcon.colcon_core.shell:Skip shell extension 'powershell' for command environment: Not usable outside of PowerShell
[4.247s] DEBUG:colcon.colcon_core.shell:Skip shell extension 'dsv' for command environment
[4.252s] DEBUG:colcon.colcon_core.event_handler.log_command:Invoking command in '/home/omer/rcaai_ws/build/graspnet_description': CMAKE_PREFIX_PATH=/opt/ros/humble /usr/bin/cmake /home/omer/rcaai_ws/src/graspnet_description -DCMAKE_INSTALL_PREFIX=/home/omer/rcaai_ws/install/graspnet_description
[4.254s] DEBUG:colcon.colcon_core.event_handler.log_command:Invoking command in '/home/omer/rcaai_ws/build/graspnet_gazebo': CMAKE_PREFIX_PATH=/opt/ros/humble /usr/bin/cmake /home/omer/rcaai_ws/src/graspnet_gazebo -DCMAKE_INSTALL_PREFIX=/home/omer/rcaai_ws/install/graspnet_gazebo
[4.257s] DEBUG:colcon.colcon_core.event_handler.log_command:Invoking command in '/home/omer/rcaai_ws/build/graspnet_hardware': CMAKE_PREFIX_PATH=/opt/ros/humble /usr/bin/cmake --build /home/omer/rcaai_ws/build/graspnet_hardware -- -j8 -l8
[4.259s] DEBUG:colcon.colcon_core.event_handler.log_command:Invoking command in '/home/omer/rcaai_ws/build/graspnet_moveit': CMAKE_PREFIX_PATH=/opt/ros/humble /usr/bin/cmake /home/omer/rcaai_ws/src/graspnet_moveit -DCMAKE_INSTALL_PREFIX=/home/omer/rcaai_ws/install/graspnet_moveit
[4.572s] INFO:colcon.colcon_core.task.python.build:Building Python package in '/home/omer/rcaai_ws/src/graspnet_perception'
[4.573s] INFO:colcon.colcon_core.shell:Skip shell extension 'powershell' for command environment: Not usable outside of PowerShell
[4.573s] DEBUG:colcon.colcon_core.shell:Skip shell extension 'dsv' for command environment
[6.884s] DEBUG:colcon.colcon_core.event_handler.log_command:Invoked command in '/home/omer/rcaai_ws/build/graspnet_bringup' returned '1': CMAKE_PREFIX_PATH=/opt/ros/humble /usr/bin/cmake /home/omer/rcaai_ws/src/graspnet_bringup -DCMAKE_INSTALL_PREFIX=/home/omer/rcaai_ws/install/graspnet_bringup
[6.886s] DEBUG:colcon.colcon_core.event_handler.log_command:Invoked command in '/home/omer/rcaai_ws/build/graspnet_hardware' returned '0': CMAKE_PREFIX_PATH=/opt/ros/humble /usr/bin/cmake --build /home/omer/rcaai_ws/build/graspnet_hardware -- -j8 -l8
[6.894s] DEBUG:colcon.colcon_core.event_handler.log_command:Invoking command in '/home/omer/rcaai_ws/build/graspnet_hardware': CMAKE_PREFIX_PATH=/opt/ros/humble /usr/bin/cmake --install /home/omer/rcaai_ws/build/graspnet_hardware
[6.900s] DEBUG:colcon.colcon_core.event_handler.log_command:Invoked command in '/home/omer/rcaai_ws/build/graspnet_description' returned '1': CMAKE_PREFIX_PATH=/opt/ros/humble /usr/bin/cmake /home/omer/rcaai_ws/src/graspnet_description -DCMAKE_INSTALL_PREFIX=/home/omer/rcaai_ws/install/graspnet_description
[6.904s] DEBUG:colcon.colcon_core.event_handler.log_command:Invoked command in '/home/omer/rcaai_ws/build/graspnet_moveit' returned '0': CMAKE_PREFIX_PATH=/opt/ros/humble /usr/bin/cmake /home/omer/rcaai_ws/src/graspnet_moveit -DCMAKE_INSTALL_PREFIX=/home/omer/rcaai_ws/install/graspnet_moveit
[6.905s] DEBUG:colcon.colcon_core.event_handler.log_command:Invoking command in '/home/omer/rcaai_ws/build/graspnet_moveit': CMAKE_PREFIX_PATH=/opt/ros/humble /usr/bin/cmake --build /home/omer/rcaai_ws/build/graspnet_moveit -- -j8 -l8
[6.909s] DEBUG:colcon.colcon_core.event_handler.log_command:Invoked command in '/home/omer/rcaai_ws/build/graspnet_gazebo' returned '0': CMAKE_PREFIX_PATH=/opt/ros/humble /usr/bin/cmake /home/omer/rcaai_ws/src/graspnet_gazebo -DCMAKE_INSTALL_PREFIX=/home/omer/rcaai_ws/install/graspnet_gazebo
[6.909s] DEBUG:colcon.colcon_core.event_handler.log_command:Invoking command in '/home/omer/rcaai_ws/build/graspnet_gazebo': CMAKE_PREFIX_PATH=/opt/ros/humble /usr/bin/cmake --build /home/omer/rcaai_ws/build/graspnet_gazebo -- -j8 -l8
[6.911s] Level 1:colcon.colcon_core.environment:create_environment_scripts_only(graspnet_bringup)
[6.914s] Level 1:colcon.colcon_core.environment:checking '/home/omer/rcaai_ws/install/graspnet_bringup' for CMake module files
[6.915s] Level 1:colcon.colcon_core.environment:checking '/home/omer/rcaai_ws/install/graspnet_bringup' for CMake config files
[6.915s] Level 1:colcon.colcon_core.environment:checking '/home/omer/rcaai_ws/install/graspnet_bringup/bin'
[6.915s] Level 1:colcon.colcon_core.environment:checking '/home/omer/rcaai_ws/install/graspnet_bringup/lib/pkgconfig/graspnet_bringup.pc'
[6.915s] Level 1:colcon.colcon_core.environment:checking '/home/omer/rcaai_ws/install/graspnet_bringup/lib/python3.10/site-packages'
[6.916s] Level 1:colcon.colcon_core.environment:checking '/home/omer/rcaai_ws/install/graspnet_bringup/bin'
[6.916s] INFO:colcon.colcon_core.shell:Creating package script '/home/omer/rcaai_ws/install/graspnet_bringup/share/graspnet_bringup/package.ps1'
[6.918s] INFO:colcon.colcon_core.shell:Creating package descriptor '/home/omer/rcaai_ws/install/graspnet_bringup/share/graspnet_bringup/package.dsv'
[6.918s] INFO:colcon.colcon_core.shell:Creating package script '/home/omer/rcaai_ws/install/graspnet_bringup/share/graspnet_bringup/package.sh'
[6.919s] INFO:colcon.colcon_core.shell:Creating package script '/home/omer/rcaai_ws/install/graspnet_bringup/share/graspnet_bringup/package.bash'
[6.921s] INFO:colcon.colcon_core.shell:Creating package script '/home/omer/rcaai_ws/install/graspnet_bringup/share/graspnet_bringup/package.zsh'
[6.922s] Level 1:colcon.colcon_core.environment:create_file_with_runtime_dependencies(/home/omer/rcaai_ws/install/graspnet_bringup/share/colcon-core/packages/graspnet_bringup)
[9.035s] DEBUG:colcon.colcon_parallel_executor.executor.parallel:closing loop
[9.035s] DEBUG:colcon.colcon_parallel_executor.executor.parallel:loop closed
[9.035s] DEBUG:colcon.colcon_parallel_executor.executor.parallel:run_until_complete finished with '1'
[9.035s] DEBUG:colcon.colcon_core.event_reactor:joining thread
[9.041s] INFO:colcon.colcon_core.plugin_system:Skipping extension 'colcon_notification.desktop_notification.terminal_notifier': Not used on non-Darwin systems
[9.041s] INFO:colcon.colcon_core.plugin_system:Skipping extension 'colcon_notification.desktop_notification.win32': Not used on non-Windows systems
[9.041s] INFO:colcon.colcon_notification.desktop_notification:Sending desktop notification using 'notify2'
[9.056s] DEBUG:colcon.colcon_core.event_reactor:joined thread
[9.056s] INFO:colcon.colcon_core.shell:Creating prefix script '/home/omer/rcaai_ws/install/local_setup.ps1'
[9.058s] INFO:colcon.colcon_core.shell:Creating prefix util module '/home/omer/rcaai_ws/install/_local_setup_util_ps1.py'
[9.060s] INFO:colcon.colcon_core.shell:Creating prefix chain script '/home/omer/rcaai_ws/install/setup.ps1'
[9.060s] INFO:colcon.colcon_core.shell:Creating prefix script '/home/omer/rcaai_ws/install/local_setup.sh'
[9.061s] INFO:colcon.colcon_core.shell:Creating prefix util module '/home/omer/rcaai_ws/install/_local_setup_util_sh.py'
[9.061s] INFO:colcon.colcon_core.shell:Creating prefix chain script '/home/omer/rcaai_ws/install/setup.sh'
[9.062s] INFO:colcon.colcon_core.shell:Creating prefix script '/home/omer/rcaai_ws/install/local_setup.bash'
[9.062s] INFO:colcon.colcon_core.shell:Creating prefix chain script '/home/omer/rcaai_ws/install/setup.bash'
[9.063s] INFO:colcon.colcon_core.shell:Creating prefix script '/home/omer/rcaai_ws/install/local_setup.zsh'
[9.063s] INFO:colcon.colcon_core.shell:Creating prefix chain script '/home/omer/rcaai_ws/install/setup.zsh'
