[0.006s] Invoking command in '/home/omer/rcaai_ws/build/graspnet_hardware': CMAKE_PREFIX_PATH=/opt/ros/humble /usr/bin/cmake /home/omer/rcaai_ws/src/graspnet_hardware -DCMAKE_INSTALL_PREFIX=/home/omer/rcaai_ws/install/graspnet_hardware
[0.083s] -- The C compiler identification is GNU 11.4.0
[0.165s] -- The CXX compiler identification is GNU 11.4.0
[0.170s] -- Detecting C compiler ABI info
[0.217s] -- Detecting C compiler ABI info - done
[0.225s] -- Check for working C compiler: /usr/bin/cc - skipped
[0.225s] -- Detecting C compile features
[0.225s] -- Detecting C compile features - done
[0.228s] -- Detecting CXX compiler ABI info
[0.281s] -- Detecting CXX compiler ABI info - done
[0.286s] -- Check for working CXX compiler: /usr/bin/c++ - skipped
[0.286s] -- Detecting CXX compile features
[0.286s] -- Detecting CXX compile features - done
[0.288s] -- Found ament_cmake: 1.3.12 (/opt/ros/humble/share/ament_cmake/cmake)
[0.387s] -- Found Python3: /usr/bin/python3 (found version "3.10.12") found components: Interpreter 
[0.446s] -- Found ament_lint_auto: 0.12.14 (/opt/ros/humble/share/ament_lint_auto/cmake)
[0.493s] -- Added test 'lint_cmake' to check CMake code style
[0.494s] -- Added test 'xmllint' to check XML markup files
[0.495s] -- Configuring done
[0.496s] -- Generating done
[0.497s] -- Build files have been written to: /home/omer/rcaai_ws/build/graspnet_hardware
[0.500s] Invoked command in '/home/omer/rcaai_ws/build/graspnet_hardware' returned '0': CMAKE_PREFIX_PATH=/opt/ros/humble /usr/bin/cmake /home/omer/rcaai_ws/src/graspnet_hardware -DCMAKE_INSTALL_PREFIX=/home/omer/rcaai_ws/install/graspnet_hardware
[0.502s] Invoking command in '/home/omer/rcaai_ws/build/graspnet_hardware': CMAKE_PREFIX_PATH=/opt/ros/humble /usr/bin/cmake --build /home/omer/rcaai_ws/build/graspnet_hardware -- -j8 -l8
[0.529s] Invoked command in '/home/omer/rcaai_ws/build/graspnet_hardware' returned '0': CMAKE_PREFIX_PATH=/opt/ros/humble /usr/bin/cmake --build /home/omer/rcaai_ws/build/graspnet_hardware -- -j8 -l8
[0.537s] Invoking command in '/home/omer/rcaai_ws/build/graspnet_hardware': CMAKE_PREFIX_PATH=/opt/ros/humble /usr/bin/cmake --install /home/omer/rcaai_ws/build/graspnet_hardware
[0.542s] -- Install configuration: ""
[0.542s] -- Installing: /home/omer/rcaai_ws/install/graspnet_hardware/share/ament_index/resource_index/package_run_dependencies/graspnet_hardware
[0.542s] -- Installing: /home/omer/rcaai_ws/install/graspnet_hardware/share/ament_index/resource_index/parent_prefix_path/graspnet_hardware
[0.543s] -- Installing: /home/omer/rcaai_ws/install/graspnet_hardware/share/graspnet_hardware/environment/ament_prefix_path.sh
[0.543s] -- Installing: /home/omer/rcaai_ws/install/graspnet_hardware/share/graspnet_hardware/environment/ament_prefix_path.dsv
[0.543s] -- Installing: /home/omer/rcaai_ws/install/graspnet_hardware/share/graspnet_hardware/environment/path.sh
[0.543s] -- Installing: /home/omer/rcaai_ws/install/graspnet_hardware/share/graspnet_hardware/environment/path.dsv
[0.543s] -- Installing: /home/omer/rcaai_ws/install/graspnet_hardware/share/graspnet_hardware/local_setup.bash
[0.543s] -- Installing: /home/omer/rcaai_ws/install/graspnet_hardware/share/graspnet_hardware/local_setup.sh
[0.543s] -- Installing: /home/omer/rcaai_ws/install/graspnet_hardware/share/graspnet_hardware/local_setup.zsh
[0.543s] -- Installing: /home/omer/rcaai_ws/install/graspnet_hardware/share/graspnet_hardware/local_setup.dsv
[0.543s] -- Installing: /home/omer/rcaai_ws/install/graspnet_hardware/share/graspnet_hardware/package.dsv
[0.543s] -- Installing: /home/omer/rcaai_ws/install/graspnet_hardware/share/ament_index/resource_index/packages/graspnet_hardware
[0.543s] -- Installing: /home/omer/rcaai_ws/install/graspnet_hardware/share/graspnet_hardware/cmake/graspnet_hardwareConfig.cmake
[0.543s] -- Installing: /home/omer/rcaai_ws/install/graspnet_hardware/share/graspnet_hardware/cmake/graspnet_hardwareConfig-version.cmake
[0.544s] -- Installing: /home/omer/rcaai_ws/install/graspnet_hardware/share/graspnet_hardware/package.xml
[0.545s] Invoked command in '/home/omer/rcaai_ws/build/graspnet_hardware' returned '0': CMAKE_PREFIX_PATH=/opt/ros/humble /usr/bin/cmake --install /home/omer/rcaai_ws/build/graspnet_hardware
