[0.684s] Invoking command in '/home/omer/rcaai_ws/src/graspnet_perception': PYTHONPATH=/home/omer/rcaai_ws/build/graspnet_perception/prefix_override:/usr/lib/python3/dist-packages/colcon_core/task/python/colcon_distutils_commands:/home/omer/rcaai_ws/install/graspnet_perception/lib/python3.10/site-packages:${PYTHONPATH} /usr/bin/python3 -W ignore:setup.py install is deprecated -W ignore:easy_install command is deprecated setup.py egg_info --egg-base ../../build/graspnet_perception build --build-base /home/omer/rcaai_ws/build/graspnet_perception/build install --record /home/omer/rcaai_ws/build/graspnet_perception/install.log --single-version-externally-managed install_data
[0.863s] running egg_info
[0.864s] creating ../../build/graspnet_perception/graspnet_perception.egg-info
[0.864s] writing ../../build/graspnet_perception/graspnet_perception.egg-info/PKG-INFO
[0.864s] writing dependency_links to ../../build/graspnet_perception/graspnet_perception.egg-info/dependency_links.txt
[0.864s] writing entry points to ../../build/graspnet_perception/graspnet_perception.egg-info/entry_points.txt
[0.864s] writing requirements to ../../build/graspnet_perception/graspnet_perception.egg-info/requires.txt
[0.864s] writing top-level names to ../../build/graspnet_perception/graspnet_perception.egg-info/top_level.txt
[0.864s] writing manifest file '../../build/graspnet_perception/graspnet_perception.egg-info/SOURCES.txt'
[0.865s] reading manifest file '../../build/graspnet_perception/graspnet_perception.egg-info/SOURCES.txt'
[0.866s] writing manifest file '../../build/graspnet_perception/graspnet_perception.egg-info/SOURCES.txt'
[0.866s] running build
[0.866s] running build_py
[0.866s] creating /home/omer/rcaai_ws/build/graspnet_perception/build
[0.866s] creating /home/omer/rcaai_ws/build/graspnet_perception/build/lib
[0.866s] creating /home/omer/rcaai_ws/build/graspnet_perception/build/lib/graspnet_perception
[0.866s] copying graspnet_perception/__init__.py -> /home/omer/rcaai_ws/build/graspnet_perception/build/lib/graspnet_perception
[0.866s] copying graspnet_perception/object_detector.py -> /home/omer/rcaai_ws/build/graspnet_perception/build/lib/graspnet_perception
[0.866s] copying graspnet_perception/camera_manager.py -> /home/omer/rcaai_ws/build/graspnet_perception/build/lib/graspnet_perception
[0.866s] running install
[0.867s] running install_lib
[0.867s] creating /home/omer/rcaai_ws/install/graspnet_perception/lib/python3.10/site-packages/graspnet_perception
[0.867s] copying /home/omer/rcaai_ws/build/graspnet_perception/build/lib/graspnet_perception/__init__.py -> /home/omer/rcaai_ws/install/graspnet_perception/lib/python3.10/site-packages/graspnet_perception
[0.867s] copying /home/omer/rcaai_ws/build/graspnet_perception/build/lib/graspnet_perception/object_detector.py -> /home/omer/rcaai_ws/install/graspnet_perception/lib/python3.10/site-packages/graspnet_perception
[0.867s] copying /home/omer/rcaai_ws/build/graspnet_perception/build/lib/graspnet_perception/camera_manager.py -> /home/omer/rcaai_ws/install/graspnet_perception/lib/python3.10/site-packages/graspnet_perception
[0.867s] byte-compiling /home/omer/rcaai_ws/install/graspnet_perception/lib/python3.10/site-packages/graspnet_perception/__init__.py to __init__.cpython-310.pyc
[0.868s] byte-compiling /home/omer/rcaai_ws/install/graspnet_perception/lib/python3.10/site-packages/graspnet_perception/object_detector.py to object_detector.cpython-310.pyc
[0.868s] byte-compiling /home/omer/rcaai_ws/install/graspnet_perception/lib/python3.10/site-packages/graspnet_perception/camera_manager.py to camera_manager.cpython-310.pyc
[0.869s] running install_data
[0.869s] creating /home/omer/rcaai_ws/install/graspnet_perception/share/ament_index
[0.869s] creating /home/omer/rcaai_ws/install/graspnet_perception/share/ament_index/resource_index
[0.869s] creating /home/omer/rcaai_ws/install/graspnet_perception/share/ament_index/resource_index/packages
[0.869s] copying resource/graspnet_perception -> /home/omer/rcaai_ws/install/graspnet_perception/share/ament_index/resource_index/packages
[0.869s] copying package.xml -> /home/omer/rcaai_ws/install/graspnet_perception/share/graspnet_perception
[0.869s] running install_egg_info
[0.870s] Copying ../../build/graspnet_perception/graspnet_perception.egg-info to /home/omer/rcaai_ws/install/graspnet_perception/lib/python3.10/site-packages/graspnet_perception-0.0.0-py3.10.egg-info
[0.871s] running install_scripts
[0.885s] Installing camera_manager script to /home/omer/rcaai_ws/install/graspnet_perception/lib/graspnet_perception
[0.886s] Installing object_detector script to /home/omer/rcaai_ws/install/graspnet_perception/lib/graspnet_perception
[0.886s] writing list of installed files to '/home/omer/rcaai_ws/build/graspnet_perception/install.log'
[0.906s] Invoked command in '/home/omer/rcaai_ws/src/graspnet_perception' returned '0': PYTHONPATH=/home/omer/rcaai_ws/build/graspnet_perception/prefix_override:/usr/lib/python3/dist-packages/colcon_core/task/python/colcon_distutils_commands:/home/omer/rcaai_ws/install/graspnet_perception/lib/python3.10/site-packages:${PYTHONPATH} /usr/bin/python3 -W ignore:setup.py install is deprecated -W ignore:easy_install command is deprecated setup.py egg_info --egg-base ../../build/graspnet_perception build --build-base /home/omer/rcaai_ws/build/graspnet_perception/build install --record /home/omer/rcaai_ws/build/graspnet_perception/install.log --single-version-externally-managed install_data
