[0.249s] Invoking command in '/home/omer/rcaai_ws/build/graspnet_gazebo': CMAKE_PREFIX_PATH=/opt/ros/humble /usr/bin/cmake /home/omer/rcaai_ws/src/graspnet_gazebo -DCMAKE_INSTALL_PREFIX=/home/omer/rcaai_ws/install/graspnet_gazebo
[0.576s] -- Found ament_cmake: 1.3.12 (/opt/ros/humble/share/ament_cmake/cmake)
[0.576s] -- Found gazebo_ros: 3.9.0 (/opt/ros/humble/share/gazebo_ros/cmake)
[0.577s] -- Found rosidl_generator_c: 3.1.7 (/opt/ros/humble/share/rosidl_generator_c/cmake)
[0.578s] -- Found rosidl_adapter: 3.1.7 (/opt/ros/humble/share/rosidl_adapter/cmake)
[0.578s] -- Found rosidl_generator_cpp: 3.1.7 (/opt/ros/humble/share/rosidl_generator_cpp/cmake)
[0.578s] -- Using all available rosidl_typesupport_c: rosidl_typesupport_fastrtps_c;rosidl_typesupport_introspection_c
[0.579s] -- Using all available rosidl_typesupport_cpp: rosidl_typesupport_fastrtps_cpp;rosidl_typesupport_introspection_cpp
[0.624s] -- Found rmw_implementation_cmake: 6.1.2 (/opt/ros/humble/share/rmw_implementation_cmake/cmake)
[0.629s] -- Found rmw_fastrtps_cpp: 6.2.8 (/opt/ros/humble/share/rmw_fastrtps_cpp/cmake)
[0.707s] -- Found OpenSSL: /usr/lib/x86_64-linux-gnu/libcrypto.so (found version "3.0.2")  
[0.741s] -- Found FastRTPS: /opt/ros/humble/include  
[0.784s] -- Using RMW implementation 'rmw_fastrtps_cpp' as default
[0.793s] -- Looking for pthread.h
[0.869s] -- Looking for pthread.h - found
[0.869s] -- Performing Test CMAKE_HAVE_LIBC_PTHREAD
[0.951s] -- Performing Test CMAKE_HAVE_LIBC_PTHREAD - Success
[0.952s] -- Found Threads: TRUE  
[1.035s] -- Found PkgConfig: /usr/bin/pkg-config (found version "0.29.2") 
[1.037s] -- Checking for module 'bullet>=2.82'
[1.049s] --   Found bullet, version 3.05
[1.160s] -- Found fcl: /usr/include (found suitable version "0.7.0", minimum required is "0.5.0") 
[1.204s] -- Found assimp: /usr/include (found version "5.2.0") 
[1.221s] -- Found DART: /usr/include (Required is at least version "6.6") found components: dart 
[1.244s] -- Found Boost: /usr/lib/x86_64-linux-gnu/cmake/Boost-1.74.0/BoostConfig.cmake (found suitable version "1.74.0", minimum required is "1.40.0") found components: thread system filesystem program_options regex iostreams date_time 
[1.256s] -- Found Protobuf: /usr/lib/x86_64-linux-gnu/libprotobuf.so (found version "3.12.4") 
[1.260s] -- Looking for ignition-math6 -- found version 6.15.1
[1.267s] -- Searching for dependencies of ignition-math6
[1.269s] -- Looking for OGRE...
[1.269s] -- OGRE_PREFIX_WATCH changed.
[1.274s] -- Checking for module 'OGRE'
[1.284s] --   Found OGRE, version 1.9.0
[1.312s] -- Found Ogre Ghadamon (1.9.0)
[1.322s] -- Found OGRE: optimized;/usr/lib/x86_64-linux-gnu/libOgreMain.so;debug;/usr/lib/x86_64-linux-gnu/libOgreMain.so
[1.348s] -- Looking for OGRE_Paging...
[1.355s] -- Found OGRE_Paging: optimized;/usr/lib/x86_64-linux-gnu/libOgrePaging.so;debug;/usr/lib/x86_64-linux-gnu/libOgrePaging.so
[1.355s] -- Looking for OGRE_Terrain...
[1.363s] -- Found OGRE_Terrain: optimized;/usr/lib/x86_64-linux-gnu/libOgreTerrain.so;debug;/usr/lib/x86_64-linux-gnu/libOgreTerrain.so
[1.363s] -- Looking for OGRE_Property...
[1.369s] -- Found OGRE_Property: optimized;/usr/lib/x86_64-linux-gnu/libOgreProperty.so;debug;/usr/lib/x86_64-linux-gnu/libOgreProperty.so
[1.369s] -- Looking for OGRE_RTShaderSystem...
[1.376s] -- Found OGRE_RTShaderSystem: optimized;/usr/lib/x86_64-linux-gnu/libOgreRTShaderSystem.so;debug;/usr/lib/x86_64-linux-gnu/libOgreRTShaderSystem.so
[1.376s] -- Looking for OGRE_Volume...
[1.382s] -- Found OGRE_Volume: optimized;/usr/lib/x86_64-linux-gnu/libOgreVolume.so;debug;/usr/lib/x86_64-linux-gnu/libOgreVolume.so
[1.382s] -- Looking for OGRE_Overlay...
[1.387s] -- Found OGRE_Overlay: optimized;/usr/lib/x86_64-linux-gnu/libOgreOverlay.so;debug;/usr/lib/x86_64-linux-gnu/libOgreOverlay.so
[1.491s] -- Looking for ignition-math6 -- found version 6.15.1
[1.493s] -- Looking for ignition-transport8 -- found version 8.2.1
[1.493s] -- Searching for dependencies of ignition-transport8
[1.510s] -- Found Protobuf: /usr/lib/x86_64-linux-gnu/libprotobuf.so (found suitable version "3.12.4", minimum required is "3") 
[1.521s] -- Config-file not installed for ZeroMQ -- checking for pkg-config
[1.527s] -- Checking for module 'libzmq >= 4'
[1.538s] --   Found libzmq , version 4.3.4
[1.568s] -- Found ZeroMQ: TRUE (Required is at least version "4") 
[1.573s] -- Checking for module 'uuid'
[1.584s] --   Found uuid, version 2.37.2
[1.614s] -- Found UUID: TRUE  
[1.616s] -- Looking for ignition-msgs5 -- found version 5.8.1
[1.617s] -- Searching for dependencies of ignition-msgs5
[1.635s] -- Looking for ignition-math6 -- found version 6.15.1
[1.642s] -- Checking for module 'tinyxml2'
[1.655s] --   Found tinyxml2, version 9.0.0
[1.686s] -- Looking for ignition-msgs5 -- found version 5.8.1
[1.689s] -- Looking for ignition-common3 -- found version 3.14.0
[1.689s] -- Searching for dependencies of ignition-common3
[1.690s] -- Looking for dlfcn.h - found
[1.691s] -- Looking for libdl - found
[1.693s] -- Found DL: TRUE  
[1.703s] -- Found tinyobjloader: /usr/lib/x86_64-linux-gnu/cmake/tinyobjloader/tinyobjloader-config.cmake (found version "2.0.0") 
[1.704s] -- Searching for <ignition-common3> component [graphics]
[1.706s] -- Looking for ignition-common3-graphics -- found version 3.14.0
[1.706s] -- Searching for dependencies of ignition-common3-graphics
[1.707s] -- Looking for ignition-math6 -- found version 6.15.1
[1.713s] -- Looking for ignition-fuel_tools4 -- found version 4.4.0
[1.713s] -- Searching for dependencies of ignition-fuel_tools4
[1.781s] -- Found CURL: /usr/lib/x86_64-linux-gnu/libcurl.so (found version "7.81.0")  
[1.789s] -- Checking for module 'jsoncpp'
[1.801s] --   Found jsoncpp, version 1.9.5
[1.832s] -- Found JSONCPP: TRUE  
[1.836s] -- Checking for module 'libzip'
[1.848s] --   Found libzip, version 1.7.3
[1.875s] -- Found ZIP: TRUE  
[1.875s] -- Looking for ignition-common3 -- found version 3.14.0
[1.875s] -- Looking for ignition-math6 -- found version 6.15.1
[1.876s] -- Looking for ignition-msgs5 -- found version 5.8.1
[1.879s] -- Gazebo version: 11.10
[1.879s] -- Checking for module 'tbb'
[1.891s] --   Found tbb, version 2021.5.0
[1.921s] -- Found gazebo_plugins: 3.9.0 (/opt/ros/humble/share/gazebo_plugins/cmake)
[1.973s] -- Found gazebo_ros_pkgs: 3.9.0 (/opt/ros/humble/share/gazebo_ros_pkgs/cmake)
[1.974s] -- Found ament_lint_auto: 0.12.14 (/opt/ros/humble/share/ament_lint_auto/cmake)
[2.044s] -- Added test 'flake8' to check Python code syntax and style conventions
[2.044s] -- Added test 'lint_cmake' to check CMake code style
[2.044s] -- Added test 'pep257' to check Python code against some of the docstring style conventions in PEP 257
[2.045s] -- Added test 'xmllint' to check XML markup files
[2.046s] -- Configuring done
[2.050s] -- Generating done
[2.053s] -- Build files have been written to: /home/omer/rcaai_ws/build/graspnet_gazebo
[2.903s] Invoked command in '/home/omer/rcaai_ws/build/graspnet_gazebo' returned '0': CMAKE_PREFIX_PATH=/opt/ros/humble /usr/bin/cmake /home/omer/rcaai_ws/src/graspnet_gazebo -DCMAKE_INSTALL_PREFIX=/home/omer/rcaai_ws/install/graspnet_gazebo
[2.903s] Invoking command in '/home/omer/rcaai_ws/build/graspnet_gazebo': CMAKE_PREFIX_PATH=/opt/ros/humble /usr/bin/cmake --build /home/omer/rcaai_ws/build/graspnet_gazebo -- -j8 -l8
