-- Found ament_cmake: 1.3.12 (/opt/ros/humble/share/ament_cmake/cmake)
-- Found ament_lint_auto: 0.12.14 (/opt/ros/humble/share/ament_lint_auto/cmake)
-- Added test 'lint_cmake' to check CMake code style
-- Added test 'xmllint' to check XML markup files
-- Configuring done
-- Generating done
-- Build files have been written to: /home/omer/rcaai_ws/build/graspnet_hardware
-- Install configuration: ""
-- Up-to-date: /home/omer/rcaai_ws/install/graspnet_hardware/share/ament_index/resource_index/package_run_dependencies/graspnet_hardware
-- Up-to-date: /home/omer/rcaai_ws/install/graspnet_hardware/share/ament_index/resource_index/parent_prefix_path/graspnet_hardware
-- Up-to-date: /home/omer/rcaai_ws/install/graspnet_hardware/share/graspnet_hardware/environment/ament_prefix_path.sh
-- Installing: /home/omer/rcaai_ws/install/graspnet_hardware/share/graspnet_hardware/environment/ament_prefix_path.dsv
-- Up-to-date: /home/omer/rcaai_ws/install/graspnet_hardware/share/graspnet_hardware/environment/path.sh
-- Installing: /home/omer/rcaai_ws/install/graspnet_hardware/share/graspnet_hardware/environment/path.dsv
-- Up-to-date: /home/omer/rcaai_ws/install/graspnet_hardware/share/graspnet_hardware/local_setup.bash
-- Up-to-date: /home/omer/rcaai_ws/install/graspnet_hardware/share/graspnet_hardware/local_setup.sh
-- Up-to-date: /home/omer/rcaai_ws/install/graspnet_hardware/share/graspnet_hardware/local_setup.zsh
-- Installing: /home/omer/rcaai_ws/install/graspnet_hardware/share/graspnet_hardware/local_setup.dsv
-- Installing: /home/omer/rcaai_ws/install/graspnet_hardware/share/graspnet_hardware/package.dsv
-- Up-to-date: /home/omer/rcaai_ws/install/graspnet_hardware/share/ament_index/resource_index/packages/graspnet_hardware
-- Up-to-date: /home/omer/rcaai_ws/install/graspnet_hardware/share/graspnet_hardware/cmake/graspnet_hardwareConfig.cmake
-- Up-to-date: /home/omer/rcaai_ws/install/graspnet_hardware/share/graspnet_hardware/cmake/graspnet_hardwareConfig-version.cmake
-- Installing: /home/omer/rcaai_ws/install/graspnet_hardware/share/graspnet_hardware/package.xml
