[0.012s] Invoking command in '/home/omer/rcaai_ws/build/graspnet_hardware': CMAKE_PREFIX_PATH=/opt/ros/humble /usr/bin/cmake --build /home/omer/rcaai_ws/build/graspnet_hardware -- -j8 -l8
[0.029s] -- Found ament_cmake: 1.3.12 (/opt/ros/humble/share/ament_cmake/cmake)
[0.106s] -- Found ament_lint_auto: 0.12.14 (/opt/ros/humble/share/ament_lint_auto/cmake)
[0.154s] -- Added test 'lint_cmake' to check CMake code style
[0.157s] -- Added test 'xmllint' to check XML markup files
[0.157s] -- Configuring done
[0.160s] -- Generating done
[0.161s] -- Build files have been written to: /home/omer/rcaai_ws/build/graspnet_hardware
[0.174s] Invoked command in '/home/omer/rcaai_ws/build/graspnet_hardware' returned '0': CMAKE_PREFIX_PATH=/opt/ros/humble /usr/bin/cmake --build /home/omer/rcaai_ws/build/graspnet_hardware -- -j8 -l8
[0.180s] Invoking command in '/home/omer/rcaai_ws/build/graspnet_hardware': CMAKE_PREFIX_PATH=/opt/ros/humble /usr/bin/cmake --install /home/omer/rcaai_ws/build/graspnet_hardware
[0.185s] -- Install configuration: ""
[0.185s] -- Up-to-date: /home/omer/rcaai_ws/install/graspnet_hardware/share/ament_index/resource_index/package_run_dependencies/graspnet_hardware
[0.186s] -- Up-to-date: /home/omer/rcaai_ws/install/graspnet_hardware/share/ament_index/resource_index/parent_prefix_path/graspnet_hardware
[0.186s] -- Up-to-date: /home/omer/rcaai_ws/install/graspnet_hardware/share/graspnet_hardware/environment/ament_prefix_path.sh
[0.186s] -- Installing: /home/omer/rcaai_ws/install/graspnet_hardware/share/graspnet_hardware/environment/ament_prefix_path.dsv
[0.186s] -- Up-to-date: /home/omer/rcaai_ws/install/graspnet_hardware/share/graspnet_hardware/environment/path.sh
[0.186s] -- Installing: /home/omer/rcaai_ws/install/graspnet_hardware/share/graspnet_hardware/environment/path.dsv
[0.186s] -- Up-to-date: /home/omer/rcaai_ws/install/graspnet_hardware/share/graspnet_hardware/local_setup.bash
[0.186s] -- Up-to-date: /home/omer/rcaai_ws/install/graspnet_hardware/share/graspnet_hardware/local_setup.sh
[0.186s] -- Up-to-date: /home/omer/rcaai_ws/install/graspnet_hardware/share/graspnet_hardware/local_setup.zsh
[0.186s] -- Installing: /home/omer/rcaai_ws/install/graspnet_hardware/share/graspnet_hardware/local_setup.dsv
[0.186s] -- Installing: /home/omer/rcaai_ws/install/graspnet_hardware/share/graspnet_hardware/package.dsv
[0.186s] -- Up-to-date: /home/omer/rcaai_ws/install/graspnet_hardware/share/ament_index/resource_index/packages/graspnet_hardware
[0.186s] -- Up-to-date: /home/omer/rcaai_ws/install/graspnet_hardware/share/graspnet_hardware/cmake/graspnet_hardwareConfig.cmake
[0.186s] -- Up-to-date: /home/omer/rcaai_ws/install/graspnet_hardware/share/graspnet_hardware/cmake/graspnet_hardwareConfig-version.cmake
[0.186s] -- Installing: /home/omer/rcaai_ws/install/graspnet_hardware/share/graspnet_hardware/package.xml
[0.187s] Invoked command in '/home/omer/rcaai_ws/build/graspnet_hardware' returned '0': CMAKE_PREFIX_PATH=/opt/ros/humble /usr/bin/cmake --install /home/omer/rcaai_ws/build/graspnet_hardware
