[0.574s] Invoking command in '/home/omer/rcaai_ws/build/graspnet_moveit': CMAKE_PREFIX_PATH=/opt/ros/humble /usr/bin/cmake /home/omer/rcaai_ws/src/graspnet_moveit -DAMENT_CMAKE_SYMLINK_INSTALL=1 -DCMAKE_INSTALL_PREFIX=/home/omer/rcaai_ws/install/graspnet_moveit
[1.170s] -- Found ament_cmake: 1.3.12 (/opt/ros/humble/share/ament_cmake/cmake)
[1.170s] -- Override CMake install command with custom implementation using symlinks instead of copying resources
[1.170s] -- Found moveit_ros_planning_interface: 2.5.9 (/opt/ros/humble/share/moveit_ros_planning_interface/cmake)
[1.170s] -- Found Boost: /usr/lib/x86_64-linux-gnu/cmake/Boost-1.74.0/BoostConfig.cmake (found version "1.74.0") found components: date_time filesystem program_options system thread 
[1.170s] -- Found rosidl_generator_c: 3.1.7 (/opt/ros/humble/share/rosidl_generator_c/cmake)
[1.171s] -- Found rosidl_adapter: 3.1.7 (/opt/ros/humble/share/rosidl_adapter/cmake)
[1.171s] -- Found rosidl_generator_cpp: 3.1.7 (/opt/ros/humble/share/rosidl_generator_cpp/cmake)
[1.171s] -- Using all available rosidl_typesupport_c: rosidl_typesupport_fastrtps_c;rosidl_typesupport_introspection_c
[1.171s] -- Using all available rosidl_typesupport_cpp: rosidl_typesupport_fastrtps_cpp;rosidl_typesupport_introspection_cpp
[1.596s] -- Found Boost: /usr/lib/x86_64-linux-gnu/cmake/Boost-1.74.0/BoostConfig.cmake (found version "1.74.0") found components: chrono date_time filesystem iostreams program_options regex serialization system thread 
[1.646s] -- Found parameter_traits: 0.5.0 (/opt/ros/humble/share/parameter_traits/cmake)
[1.703s] -- Found rmw_implementation_cmake: 6.1.2 (/opt/ros/humble/share/rmw_implementation_cmake/cmake)
[1.706s] -- Found rmw_fastrtps_cpp: 6.2.8 (/opt/ros/humble/share/rmw_fastrtps_cpp/cmake)
[1.889s] -- Using RMW implementation 'rmw_fastrtps_cpp' as default
[1.974s] -- Found rclcpp_lifecycle: 16.0.14 (/opt/ros/humble/share/rclcpp_lifecycle/cmake)
[2.013s] -- Found Boost: /usr/lib/x86_64-linux-gnu/cmake/Boost-1.74.0/BoostConfig.cmake (found version "1.74.0") found components: filesystem 
[2.067s] -- library: /usr/lib/x86_64-linux-gnu/libcurl.so
[2.119s] -- Ensuring Eigen3 include directory is part of orocos-kdl CMake target
[2.336s] -- Found Boost: /usr/lib/x86_64-linux-gnu/cmake/Boost-1.74.0/BoostConfig.cmake (found version "1.74.0") found components: system filesystem date_time program_options thread chrono 
[2.395s] -- Found Boost: /usr/lib/x86_64-linux-gnu/cmake/Boost-1.74.0/BoostConfig.cmake (found version "1.74.0") found components: thread system filesystem regex date_time program_options 
[2.435s] -- Found Boost: /usr/lib/x86_64-linux-gnu/cmake/Boost-1.74.0/BoostConfig.cmake (found version "1.74.0") found components: system filesystem date_time program_options thread 
[2.497s] -- Found moveit_kinematics: 2.5.9 (/opt/ros/humble/share/moveit_kinematics/cmake)
[2.510s] -- Found Boost: /usr/lib/x86_64-linux-gnu/cmake/Boost-1.74.0/BoostConfig.cmake (found version "1.74.0") found components: program_options system 
[2.532s] -- Found moveit_planners: 2.5.9 (/opt/ros/humble/share/moveit_planners/cmake)
[2.534s] -- Found ament_lint_auto: 0.12.14 (/opt/ros/humble/share/ament_lint_auto/cmake)
[2.712s] -- Added test 'flake8' to check Python code syntax and style conventions
[2.714s] -- Added test 'lint_cmake' to check CMake code style
[2.715s] -- Added test 'pep257' to check Python code against some of the docstring style conventions in PEP 257
[2.721s] -- Added test 'xmllint' to check XML markup files
[2.723s] -- Configuring done
[2.733s] -- Generating done
[2.738s] -- Build files have been written to: /home/omer/rcaai_ws/build/graspnet_moveit
[5.901s] Invoked command in '/home/omer/rcaai_ws/build/graspnet_moveit' returned '0': CMAKE_PREFIX_PATH=/opt/ros/humble /usr/bin/cmake /home/omer/rcaai_ws/src/graspnet_moveit -DAMENT_CMAKE_SYMLINK_INSTALL=1 -DCMAKE_INSTALL_PREFIX=/home/omer/rcaai_ws/install/graspnet_moveit
[5.905s] Invoking command in '/home/omer/rcaai_ws/build/graspnet_moveit': CMAKE_PREFIX_PATH=/opt/ros/humble /usr/bin/cmake --build /home/omer/rcaai_ws/build/graspnet_moveit -- -j8 -l8
