[0.194s] DEBUG:colcon:Command line arguments: ['/usr/bin/colcon', 'build', '--symlink-install']
[0.194s] DEBUG:colcon:Parsed command line arguments: Namespace(log_base=None, log_level=None, verb_name='build', build_base='build', install_base='install', merge_install=False, symlink_install=True, test_result_base=None, continue_on_error=False, executor='parallel', parallel_workers=8, event_handlers=None, ignore_user_meta=False, metas=['./colcon.meta'], base_paths=['.'], packages_ignore=None, packages_ignore_regex=None, paths=None, packages_up_to=None, packages_up_to_regex=None, packages_above=None, packages_above_and_dependencies=None, packages_above_depth=None, packages_select_by_dep=None, packages_skip_by_dep=None, packages_skip_up_to=None, packages_select_build_failed=False, packages_skip_build_finished=False, packages_select_test_failures=False, packages_skip_test_passed=False, packages_select=None, packages_skip=None, packages_select_regex=None, packages_skip_regex=None, packages_start=None, packages_end=None, allow_overriding=[], cmake_args=None, cmake_target=None, cmake_target_skip_unavailable=False, cmake_clean_cache=False, cmake_clean_first=False, cmake_force_configure=False, ament_cmake_args=None, catkin_cmake_args=None, catkin_skip_building_tests=False, verb_parser=<colcon_defaults.argument_parser.defaults.DefaultArgumentsDecorator object at 0x7fbe2cd74fd0>, verb_extension=<colcon_core.verb.build.BuildVerb object at 0x7fbe2cd74a60>, main=<bound method BuildVerb.main of <colcon_core.verb.build.BuildVerb object at 0x7fbe2cd74a60>>)
[0.506s] Level 1:colcon.colcon_core.package_discovery:discover_packages(colcon_meta) check parameters
[0.506s] Level 1:colcon.colcon_core.package_discovery:discover_packages(recursive) check parameters
[0.507s] Level 1:colcon.colcon_core.package_discovery:discover_packages(ignore) check parameters
[0.507s] Level 1:colcon.colcon_core.package_discovery:discover_packages(path) check parameters
[0.507s] Level 1:colcon.colcon_core.package_discovery:discover_packages(colcon_meta) discover
[0.507s] Level 1:colcon.colcon_core.package_discovery:discover_packages(recursive) discover
[0.507s] INFO:colcon.colcon_core.package_discovery:Crawling recursively for packages in '/home/omer/rcaai_ws'
[0.507s] Level 1:colcon.colcon_core.package_identification:_identify(.) by extensions ['ignore', 'ignore_ament_install']
[0.507s] Level 1:colcon.colcon_core.package_identification:_identify(.) by extension 'ignore'
[0.507s] Level 1:colcon.colcon_core.package_identification:_identify(.) by extension 'ignore_ament_install'
[0.507s] Level 1:colcon.colcon_core.package_identification:_identify(.) by extensions ['colcon_pkg']
[0.507s] Level 1:colcon.colcon_core.package_identification:_identify(.) by extension 'colcon_pkg'
[0.508s] Level 1:colcon.colcon_core.package_identification:_identify(.) by extensions ['colcon_meta']
[0.508s] Level 1:colcon.colcon_core.package_identification:_identify(.) by extension 'colcon_meta'
[0.508s] Level 1:colcon.colcon_core.package_identification:_identify(.) by extensions ['ros']
[0.508s] Level 1:colcon.colcon_core.package_identification:_identify(.) by extension 'ros'
[0.528s] Level 1:colcon.colcon_core.package_identification:_identify(.) by extensions ['cmake', 'python']
[0.529s] Level 1:colcon.colcon_core.package_identification:_identify(.) by extension 'cmake'
[0.529s] Level 1:colcon.colcon_core.package_identification:_identify(.) by extension 'python'
[0.529s] Level 1:colcon.colcon_core.package_identification:_identify(.) by extensions ['python_setup_py']
[0.529s] Level 1:colcon.colcon_core.package_identification:_identify(.) by extension 'python_setup_py'
[0.529s] Level 1:colcon.colcon_core.package_identification:_identify(build) by extensions ['ignore', 'ignore_ament_install']
[0.529s] Level 1:colcon.colcon_core.package_identification:_identify(build) by extension 'ignore'
[0.529s] Level 1:colcon.colcon_core.package_identification:_identify(build) ignored
[0.529s] Level 1:colcon.colcon_core.package_identification:_identify(install) by extensions ['ignore', 'ignore_ament_install']
[0.530s] Level 1:colcon.colcon_core.package_identification:_identify(install) by extension 'ignore'
[0.530s] Level 1:colcon.colcon_core.package_identification:_identify(install) ignored
[0.530s] Level 1:colcon.colcon_core.package_identification:_identify(log) by extensions ['ignore', 'ignore_ament_install']
[0.530s] Level 1:colcon.colcon_core.package_identification:_identify(log) by extension 'ignore'
[0.530s] Level 1:colcon.colcon_core.package_identification:_identify(log) ignored
[0.530s] Level 1:colcon.colcon_core.package_identification:_identify(src) by extensions ['ignore', 'ignore_ament_install']
[0.530s] Level 1:colcon.colcon_core.package_identification:_identify(src) by extension 'ignore'
[0.531s] Level 1:colcon.colcon_core.package_identification:_identify(src) by extension 'ignore_ament_install'
[0.531s] Level 1:colcon.colcon_core.package_identification:_identify(src) by extensions ['colcon_pkg']
[0.531s] Level 1:colcon.colcon_core.package_identification:_identify(src) by extension 'colcon_pkg'
[0.531s] Level 1:colcon.colcon_core.package_identification:_identify(src) by extensions ['colcon_meta']
[0.531s] Level 1:colcon.colcon_core.package_identification:_identify(src) by extension 'colcon_meta'
[0.531s] Level 1:colcon.colcon_core.package_identification:_identify(src) by extensions ['ros']
[0.531s] Level 1:colcon.colcon_core.package_identification:_identify(src) by extension 'ros'
[0.531s] Level 1:colcon.colcon_core.package_identification:_identify(src) by extensions ['cmake', 'python']
[0.531s] Level 1:colcon.colcon_core.package_identification:_identify(src) by extension 'cmake'
[0.531s] Level 1:colcon.colcon_core.package_identification:_identify(src) by extension 'python'
[0.531s] Level 1:colcon.colcon_core.package_identification:_identify(src) by extensions ['python_setup_py']
[0.531s] Level 1:colcon.colcon_core.package_identification:_identify(src) by extension 'python_setup_py'
[0.532s] Level 1:colcon.colcon_core.package_identification:_identify(src/graspnet_bringup) by extensions ['ignore', 'ignore_ament_install']
[0.532s] Level 1:colcon.colcon_core.package_identification:_identify(src/graspnet_bringup) by extension 'ignore'
[0.532s] Level 1:colcon.colcon_core.package_identification:_identify(src/graspnet_bringup) by extension 'ignore_ament_install'
[0.532s] Level 1:colcon.colcon_core.package_identification:_identify(src/graspnet_bringup) by extensions ['colcon_pkg']
[0.532s] Level 1:colcon.colcon_core.package_identification:_identify(src/graspnet_bringup) by extension 'colcon_pkg'
[0.532s] Level 1:colcon.colcon_core.package_identification:_identify(src/graspnet_bringup) by extensions ['colcon_meta']
[0.532s] Level 1:colcon.colcon_core.package_identification:_identify(src/graspnet_bringup) by extension 'colcon_meta'
[0.532s] Level 1:colcon.colcon_core.package_identification:_identify(src/graspnet_bringup) by extensions ['ros']
[0.532s] Level 1:colcon.colcon_core.package_identification:_identify(src/graspnet_bringup) by extension 'ros'
[0.537s] DEBUG:colcon.colcon_core.package_identification:Package 'src/graspnet_bringup' with type 'ros.ament_cmake' and name 'graspnet_bringup'
[0.537s] Level 1:colcon.colcon_core.package_identification:_identify(src/graspnet_control) by extensions ['ignore', 'ignore_ament_install']
[0.537s] Level 1:colcon.colcon_core.package_identification:_identify(src/graspnet_control) by extension 'ignore'
[0.537s] Level 1:colcon.colcon_core.package_identification:_identify(src/graspnet_control) by extension 'ignore_ament_install'
[0.538s] Level 1:colcon.colcon_core.package_identification:_identify(src/graspnet_control) by extensions ['colcon_pkg']
[0.538s] Level 1:colcon.colcon_core.package_identification:_identify(src/graspnet_control) by extension 'colcon_pkg'
[0.538s] Level 1:colcon.colcon_core.package_identification:_identify(src/graspnet_control) by extensions ['colcon_meta']
[0.538s] Level 1:colcon.colcon_core.package_identification:_identify(src/graspnet_control) by extension 'colcon_meta'
[0.538s] Level 1:colcon.colcon_core.package_identification:_identify(src/graspnet_control) by extensions ['ros']
[0.538s] Level 1:colcon.colcon_core.package_identification:_identify(src/graspnet_control) by extension 'ros'
[0.539s] DEBUG:colcon.colcon_core.package_identification:Package 'src/graspnet_control' with type 'ros.ament_python' and name 'graspnet_control'
[0.540s] Level 1:colcon.colcon_core.package_identification:_identify(src/graspnet_description) by extensions ['ignore', 'ignore_ament_install']
[0.540s] Level 1:colcon.colcon_core.package_identification:_identify(src/graspnet_description) by extension 'ignore'
[0.540s] Level 1:colcon.colcon_core.package_identification:_identify(src/graspnet_description) by extension 'ignore_ament_install'
[0.540s] Level 1:colcon.colcon_core.package_identification:_identify(src/graspnet_description) by extensions ['colcon_pkg']
[0.540s] Level 1:colcon.colcon_core.package_identification:_identify(src/graspnet_description) by extension 'colcon_pkg'
[0.540s] Level 1:colcon.colcon_core.package_identification:_identify(src/graspnet_description) by extensions ['colcon_meta']
[0.540s] Level 1:colcon.colcon_core.package_identification:_identify(src/graspnet_description) by extension 'colcon_meta'
[0.540s] Level 1:colcon.colcon_core.package_identification:_identify(src/graspnet_description) by extensions ['ros']
[0.540s] Level 1:colcon.colcon_core.package_identification:_identify(src/graspnet_description) by extension 'ros'
[0.542s] DEBUG:colcon.colcon_core.package_identification:Package 'src/graspnet_description' with type 'ros.ament_cmake' and name 'graspnet_description'
[0.542s] Level 1:colcon.colcon_core.package_identification:_identify(src/graspnet_gazebo) by extensions ['ignore', 'ignore_ament_install']
[0.542s] Level 1:colcon.colcon_core.package_identification:_identify(src/graspnet_gazebo) by extension 'ignore'
[0.542s] Level 1:colcon.colcon_core.package_identification:_identify(src/graspnet_gazebo) by extension 'ignore_ament_install'
[0.542s] Level 1:colcon.colcon_core.package_identification:_identify(src/graspnet_gazebo) by extensions ['colcon_pkg']
[0.542s] Level 1:colcon.colcon_core.package_identification:_identify(src/graspnet_gazebo) by extension 'colcon_pkg'
[0.542s] Level 1:colcon.colcon_core.package_identification:_identify(src/graspnet_gazebo) by extensions ['colcon_meta']
[0.542s] Level 1:colcon.colcon_core.package_identification:_identify(src/graspnet_gazebo) by extension 'colcon_meta'
[0.542s] Level 1:colcon.colcon_core.package_identification:_identify(src/graspnet_gazebo) by extensions ['ros']
[0.543s] Level 1:colcon.colcon_core.package_identification:_identify(src/graspnet_gazebo) by extension 'ros'
[0.544s] DEBUG:colcon.colcon_core.package_identification:Package 'src/graspnet_gazebo' with type 'ros.ament_cmake' and name 'graspnet_gazebo'
[0.544s] Level 1:colcon.colcon_core.package_identification:_identify(src/graspnet_hardware) by extensions ['ignore', 'ignore_ament_install']
[0.544s] Level 1:colcon.colcon_core.package_identification:_identify(src/graspnet_hardware) by extension 'ignore'
[0.544s] Level 1:colcon.colcon_core.package_identification:_identify(src/graspnet_hardware) by extension 'ignore_ament_install'
[0.544s] Level 1:colcon.colcon_core.package_identification:_identify(src/graspnet_hardware) by extensions ['colcon_pkg']
[0.544s] Level 1:colcon.colcon_core.package_identification:_identify(src/graspnet_hardware) by extension 'colcon_pkg'
[0.545s] Level 1:colcon.colcon_core.package_identification:_identify(src/graspnet_hardware) by extensions ['colcon_meta']
[0.545s] Level 1:colcon.colcon_core.package_identification:_identify(src/graspnet_hardware) by extension 'colcon_meta'
[0.545s] Level 1:colcon.colcon_core.package_identification:_identify(src/graspnet_hardware) by extensions ['ros']
[0.545s] Level 1:colcon.colcon_core.package_identification:_identify(src/graspnet_hardware) by extension 'ros'
[0.546s] DEBUG:colcon.colcon_core.package_identification:Package 'src/graspnet_hardware' with type 'ros.ament_cmake' and name 'graspnet_hardware'
[0.546s] Level 1:colcon.colcon_core.package_identification:_identify(src/graspnet_moveit) by extensions ['ignore', 'ignore_ament_install']
[0.546s] Level 1:colcon.colcon_core.package_identification:_identify(src/graspnet_moveit) by extension 'ignore'
[0.546s] Level 1:colcon.colcon_core.package_identification:_identify(src/graspnet_moveit) by extension 'ignore_ament_install'
[0.546s] Level 1:colcon.colcon_core.package_identification:_identify(src/graspnet_moveit) by extensions ['colcon_pkg']
[0.546s] Level 1:colcon.colcon_core.package_identification:_identify(src/graspnet_moveit) by extension 'colcon_pkg'
[0.546s] Level 1:colcon.colcon_core.package_identification:_identify(src/graspnet_moveit) by extensions ['colcon_meta']
[0.546s] Level 1:colcon.colcon_core.package_identification:_identify(src/graspnet_moveit) by extension 'colcon_meta'
[0.546s] Level 1:colcon.colcon_core.package_identification:_identify(src/graspnet_moveit) by extensions ['ros']
[0.546s] Level 1:colcon.colcon_core.package_identification:_identify(src/graspnet_moveit) by extension 'ros'
[0.548s] DEBUG:colcon.colcon_core.package_identification:Package 'src/graspnet_moveit' with type 'ros.ament_cmake' and name 'graspnet_moveit'
[0.548s] Level 1:colcon.colcon_core.package_identification:_identify(src/graspnet_perception) by extensions ['ignore', 'ignore_ament_install']
[0.548s] Level 1:colcon.colcon_core.package_identification:_identify(src/graspnet_perception) by extension 'ignore'
[0.548s] Level 1:colcon.colcon_core.package_identification:_identify(src/graspnet_perception) by extension 'ignore_ament_install'
[0.548s] Level 1:colcon.colcon_core.package_identification:_identify(src/graspnet_perception) by extensions ['colcon_pkg']
[0.548s] Level 1:colcon.colcon_core.package_identification:_identify(src/graspnet_perception) by extension 'colcon_pkg'
[0.548s] Level 1:colcon.colcon_core.package_identification:_identify(src/graspnet_perception) by extensions ['colcon_meta']
[0.548s] Level 1:colcon.colcon_core.package_identification:_identify(src/graspnet_perception) by extension 'colcon_meta'
[0.548s] Level 1:colcon.colcon_core.package_identification:_identify(src/graspnet_perception) by extensions ['ros']
[0.549s] Level 1:colcon.colcon_core.package_identification:_identify(src/graspnet_perception) by extension 'ros'
[0.550s] DEBUG:colcon.colcon_core.package_identification:Package 'src/graspnet_perception' with type 'ros.ament_python' and name 'graspnet_perception'
[0.550s] Level 1:colcon.colcon_core.package_identification:_identify(src/sim_stack) by extensions ['ignore', 'ignore_ament_install']
[0.550s] Level 1:colcon.colcon_core.package_identification:_identify(src/sim_stack) by extension 'ignore'
[0.550s] Level 1:colcon.colcon_core.package_identification:_identify(src/sim_stack) by extension 'ignore_ament_install'
[0.551s] Level 1:colcon.colcon_core.package_identification:_identify(src/sim_stack) by extensions ['colcon_pkg']
[0.551s] Level 1:colcon.colcon_core.package_identification:_identify(src/sim_stack) by extension 'colcon_pkg'
[0.551s] Level 1:colcon.colcon_core.package_identification:_identify(src/sim_stack) by extensions ['colcon_meta']
[0.551s] Level 1:colcon.colcon_core.package_identification:_identify(src/sim_stack) by extension 'colcon_meta'
[0.551s] Level 1:colcon.colcon_core.package_identification:_identify(src/sim_stack) by extensions ['ros']
[0.551s] Level 1:colcon.colcon_core.package_identification:_identify(src/sim_stack) by extension 'ros'
[0.552s] DEBUG:colcon.colcon_core.package_identification:Package 'src/sim_stack' with type 'ros.ament_cmake' and name 'sim_stack'
[0.552s] Level 1:colcon.colcon_core.package_identification:_identify(temp_packages) by extensions ['ignore', 'ignore_ament_install']
[0.552s] Level 1:colcon.colcon_core.package_identification:_identify(temp_packages) by extension 'ignore'
[0.552s] Level 1:colcon.colcon_core.package_identification:_identify(temp_packages) by extension 'ignore_ament_install'
[0.552s] Level 1:colcon.colcon_core.package_identification:_identify(temp_packages) by extensions ['colcon_pkg']
[0.552s] Level 1:colcon.colcon_core.package_identification:_identify(temp_packages) by extension 'colcon_pkg'
[0.552s] Level 1:colcon.colcon_core.package_identification:_identify(temp_packages) by extensions ['colcon_meta']
[0.552s] Level 1:colcon.colcon_core.package_identification:_identify(temp_packages) by extension 'colcon_meta'
[0.552s] Level 1:colcon.colcon_core.package_identification:_identify(temp_packages) by extensions ['ros']
[0.552s] Level 1:colcon.colcon_core.package_identification:_identify(temp_packages) by extension 'ros'
[0.553s] Level 1:colcon.colcon_core.package_identification:_identify(temp_packages) by extensions ['cmake', 'python']
[0.553s] Level 1:colcon.colcon_core.package_identification:_identify(temp_packages) by extension 'cmake'
[0.553s] Level 1:colcon.colcon_core.package_identification:_identify(temp_packages) by extension 'python'
[0.553s] Level 1:colcon.colcon_core.package_identification:_identify(temp_packages) by extensions ['python_setup_py']
[0.553s] Level 1:colcon.colcon_core.package_identification:_identify(temp_packages) by extension 'python_setup_py'
[0.553s] Level 1:colcon.colcon_core.package_identification:_identify(temp_packages/Universal_Robots_ROS2_Gazebo_Simulation) by extensions ['ignore', 'ignore_ament_install']
[0.553s] Level 1:colcon.colcon_core.package_identification:_identify(temp_packages/Universal_Robots_ROS2_Gazebo_Simulation) by extension 'ignore'
[0.553s] Level 1:colcon.colcon_core.package_identification:_identify(temp_packages/Universal_Robots_ROS2_Gazebo_Simulation) by extension 'ignore_ament_install'
[0.553s] Level 1:colcon.colcon_core.package_identification:_identify(temp_packages/Universal_Robots_ROS2_Gazebo_Simulation) by extensions ['colcon_pkg']
[0.553s] Level 1:colcon.colcon_core.package_identification:_identify(temp_packages/Universal_Robots_ROS2_Gazebo_Simulation) by extension 'colcon_pkg'
[0.553s] Level 1:colcon.colcon_core.package_identification:_identify(temp_packages/Universal_Robots_ROS2_Gazebo_Simulation) by extensions ['colcon_meta']
[0.553s] Level 1:colcon.colcon_core.package_identification:_identify(temp_packages/Universal_Robots_ROS2_Gazebo_Simulation) by extension 'colcon_meta'
[0.554s] Level 1:colcon.colcon_core.package_identification:_identify(temp_packages/Universal_Robots_ROS2_Gazebo_Simulation) by extensions ['ros']
[0.554s] Level 1:colcon.colcon_core.package_identification:_identify(temp_packages/Universal_Robots_ROS2_Gazebo_Simulation) by extension 'ros'
[0.554s] Level 1:colcon.colcon_core.package_identification:_identify(temp_packages/Universal_Robots_ROS2_Gazebo_Simulation) by extensions ['cmake', 'python']
[0.554s] Level 1:colcon.colcon_core.package_identification:_identify(temp_packages/Universal_Robots_ROS2_Gazebo_Simulation) by extension 'cmake'
[0.554s] Level 1:colcon.colcon_core.package_identification:_identify(temp_packages/Universal_Robots_ROS2_Gazebo_Simulation) by extension 'python'
[0.554s] Level 1:colcon.colcon_core.package_identification:_identify(temp_packages/Universal_Robots_ROS2_Gazebo_Simulation) by extensions ['python_setup_py']
[0.554s] Level 1:colcon.colcon_core.package_identification:_identify(temp_packages/Universal_Robots_ROS2_Gazebo_Simulation) by extension 'python_setup_py'
[0.554s] Level 1:colcon.colcon_core.package_identification:_identify(temp_packages/Universal_Robots_ROS2_Gazebo_Simulation/ur_simulation_gazebo) by extensions ['ignore', 'ignore_ament_install']
[0.554s] Level 1:colcon.colcon_core.package_identification:_identify(temp_packages/Universal_Robots_ROS2_Gazebo_Simulation/ur_simulation_gazebo) by extension 'ignore'
[0.554s] Level 1:colcon.colcon_core.package_identification:_identify(temp_packages/Universal_Robots_ROS2_Gazebo_Simulation/ur_simulation_gazebo) by extension 'ignore_ament_install'
[0.554s] Level 1:colcon.colcon_core.package_identification:_identify(temp_packages/Universal_Robots_ROS2_Gazebo_Simulation/ur_simulation_gazebo) by extensions ['colcon_pkg']
[0.555s] Level 1:colcon.colcon_core.package_identification:_identify(temp_packages/Universal_Robots_ROS2_Gazebo_Simulation/ur_simulation_gazebo) by extension 'colcon_pkg'
[0.555s] Level 1:colcon.colcon_core.package_identification:_identify(temp_packages/Universal_Robots_ROS2_Gazebo_Simulation/ur_simulation_gazebo) by extensions ['colcon_meta']
[0.555s] Level 1:colcon.colcon_core.package_identification:_identify(temp_packages/Universal_Robots_ROS2_Gazebo_Simulation/ur_simulation_gazebo) by extension 'colcon_meta'
[0.555s] Level 1:colcon.colcon_core.package_identification:_identify(temp_packages/Universal_Robots_ROS2_Gazebo_Simulation/ur_simulation_gazebo) by extensions ['ros']
[0.555s] Level 1:colcon.colcon_core.package_identification:_identify(temp_packages/Universal_Robots_ROS2_Gazebo_Simulation/ur_simulation_gazebo) by extension 'ros'
[0.557s] DEBUG:colcon.colcon_core.package_identification:Package 'temp_packages/Universal_Robots_ROS2_Gazebo_Simulation/ur_simulation_gazebo' with type 'ros.ament_cmake' and name 'ur_simulation_gazebo'
[0.558s] Level 1:colcon.colcon_core.package_identification:_identify(temp_packages/graspnet-baseline) by extensions ['ignore', 'ignore_ament_install']
[0.558s] Level 1:colcon.colcon_core.package_identification:_identify(temp_packages/graspnet-baseline) by extension 'ignore'
[0.558s] Level 1:colcon.colcon_core.package_identification:_identify(temp_packages/graspnet-baseline) by extension 'ignore_ament_install'
[0.558s] Level 1:colcon.colcon_core.package_identification:_identify(temp_packages/graspnet-baseline) by extensions ['colcon_pkg']
[0.558s] Level 1:colcon.colcon_core.package_identification:_identify(temp_packages/graspnet-baseline) by extension 'colcon_pkg'
[0.558s] Level 1:colcon.colcon_core.package_identification:_identify(temp_packages/graspnet-baseline) by extensions ['colcon_meta']
[0.558s] Level 1:colcon.colcon_core.package_identification:_identify(temp_packages/graspnet-baseline) by extension 'colcon_meta'
[0.558s] Level 1:colcon.colcon_core.package_identification:_identify(temp_packages/graspnet-baseline) by extensions ['ros']
[0.558s] Level 1:colcon.colcon_core.package_identification:_identify(temp_packages/graspnet-baseline) by extension 'ros'
[0.559s] Level 1:colcon.colcon_core.package_identification:_identify(temp_packages/graspnet-baseline) by extensions ['cmake', 'python']
[0.559s] Level 1:colcon.colcon_core.package_identification:_identify(temp_packages/graspnet-baseline) by extension 'cmake'
[0.559s] Level 1:colcon.colcon_core.package_identification:_identify(temp_packages/graspnet-baseline) by extension 'python'
[0.559s] Level 1:colcon.colcon_core.package_identification:_identify(temp_packages/graspnet-baseline) by extensions ['python_setup_py']
[0.559s] Level 1:colcon.colcon_core.package_identification:_identify(temp_packages/graspnet-baseline) by extension 'python_setup_py'
[0.559s] Level 1:colcon.colcon_core.package_identification:_identify(temp_packages/graspnet-baseline/dataset) by extensions ['ignore', 'ignore_ament_install']
[0.559s] Level 1:colcon.colcon_core.package_identification:_identify(temp_packages/graspnet-baseline/dataset) by extension 'ignore'
[0.559s] Level 1:colcon.colcon_core.package_identification:_identify(temp_packages/graspnet-baseline/dataset) by extension 'ignore_ament_install'
[0.559s] Level 1:colcon.colcon_core.package_identification:_identify(temp_packages/graspnet-baseline/dataset) by extensions ['colcon_pkg']
[0.559s] Level 1:colcon.colcon_core.package_identification:_identify(temp_packages/graspnet-baseline/dataset) by extension 'colcon_pkg'
[0.560s] Level 1:colcon.colcon_core.package_identification:_identify(temp_packages/graspnet-baseline/dataset) by extensions ['colcon_meta']
[0.560s] Level 1:colcon.colcon_core.package_identification:_identify(temp_packages/graspnet-baseline/dataset) by extension 'colcon_meta'
[0.560s] Level 1:colcon.colcon_core.package_identification:_identify(temp_packages/graspnet-baseline/dataset) by extensions ['ros']
[0.560s] Level 1:colcon.colcon_core.package_identification:_identify(temp_packages/graspnet-baseline/dataset) by extension 'ros'
[0.560s] Level 1:colcon.colcon_core.package_identification:_identify(temp_packages/graspnet-baseline/dataset) by extensions ['cmake', 'python']
[0.560s] Level 1:colcon.colcon_core.package_identification:_identify(temp_packages/graspnet-baseline/dataset) by extension 'cmake'
[0.560s] Level 1:colcon.colcon_core.package_identification:_identify(temp_packages/graspnet-baseline/dataset) by extension 'python'
[0.560s] Level 1:colcon.colcon_core.package_identification:_identify(temp_packages/graspnet-baseline/dataset) by extensions ['python_setup_py']
[0.560s] Level 1:colcon.colcon_core.package_identification:_identify(temp_packages/graspnet-baseline/dataset) by extension 'python_setup_py'
[0.560s] Level 1:colcon.colcon_core.package_identification:_identify(temp_packages/graspnet-baseline/doc) by extensions ['ignore', 'ignore_ament_install']
[0.560s] Level 1:colcon.colcon_core.package_identification:_identify(temp_packages/graspnet-baseline/doc) by extension 'ignore'
[0.560s] Level 1:colcon.colcon_core.package_identification:_identify(temp_packages/graspnet-baseline/doc) by extension 'ignore_ament_install'
[0.561s] Level 1:colcon.colcon_core.package_identification:_identify(temp_packages/graspnet-baseline/doc) by extensions ['colcon_pkg']
[0.561s] Level 1:colcon.colcon_core.package_identification:_identify(temp_packages/graspnet-baseline/doc) by extension 'colcon_pkg'
[0.561s] Level 1:colcon.colcon_core.package_identification:_identify(temp_packages/graspnet-baseline/doc) by extensions ['colcon_meta']
[0.561s] Level 1:colcon.colcon_core.package_identification:_identify(temp_packages/graspnet-baseline/doc) by extension 'colcon_meta'
[0.561s] Level 1:colcon.colcon_core.package_identification:_identify(temp_packages/graspnet-baseline/doc) by extensions ['ros']
[0.561s] Level 1:colcon.colcon_core.package_identification:_identify(temp_packages/graspnet-baseline/doc) by extension 'ros'
[0.561s] Level 1:colcon.colcon_core.package_identification:_identify(temp_packages/graspnet-baseline/doc) by extensions ['cmake', 'python']
[0.561s] Level 1:colcon.colcon_core.package_identification:_identify(temp_packages/graspnet-baseline/doc) by extension 'cmake'
[0.561s] Level 1:colcon.colcon_core.package_identification:_identify(temp_packages/graspnet-baseline/doc) by extension 'python'
[0.561s] Level 1:colcon.colcon_core.package_identification:_identify(temp_packages/graspnet-baseline/doc) by extensions ['python_setup_py']
[0.561s] Level 1:colcon.colcon_core.package_identification:_identify(temp_packages/graspnet-baseline/doc) by extension 'python_setup_py'
[0.561s] Level 1:colcon.colcon_core.package_identification:_identify(temp_packages/graspnet-baseline/doc/example_data) by extensions ['ignore', 'ignore_ament_install']
[0.562s] Level 1:colcon.colcon_core.package_identification:_identify(temp_packages/graspnet-baseline/doc/example_data) by extension 'ignore'
[0.562s] Level 1:colcon.colcon_core.package_identification:_identify(temp_packages/graspnet-baseline/doc/example_data) by extension 'ignore_ament_install'
[0.562s] Level 1:colcon.colcon_core.package_identification:_identify(temp_packages/graspnet-baseline/doc/example_data) by extensions ['colcon_pkg']
[0.562s] Level 1:colcon.colcon_core.package_identification:_identify(temp_packages/graspnet-baseline/doc/example_data) by extension 'colcon_pkg'
[0.562s] Level 1:colcon.colcon_core.package_identification:_identify(temp_packages/graspnet-baseline/doc/example_data) by extensions ['colcon_meta']
[0.562s] Level 1:colcon.colcon_core.package_identification:_identify(temp_packages/graspnet-baseline/doc/example_data) by extension 'colcon_meta'
[0.562s] Level 1:colcon.colcon_core.package_identification:_identify(temp_packages/graspnet-baseline/doc/example_data) by extensions ['ros']
[0.562s] Level 1:colcon.colcon_core.package_identification:_identify(temp_packages/graspnet-baseline/doc/example_data) by extension 'ros'
[0.562s] Level 1:colcon.colcon_core.package_identification:_identify(temp_packages/graspnet-baseline/doc/example_data) by extensions ['cmake', 'python']
[0.562s] Level 1:colcon.colcon_core.package_identification:_identify(temp_packages/graspnet-baseline/doc/example_data) by extension 'cmake'
[0.562s] Level 1:colcon.colcon_core.package_identification:_identify(temp_packages/graspnet-baseline/doc/example_data) by extension 'python'
[0.562s] Level 1:colcon.colcon_core.package_identification:_identify(temp_packages/graspnet-baseline/doc/example_data) by extensions ['python_setup_py']
[0.562s] Level 1:colcon.colcon_core.package_identification:_identify(temp_packages/graspnet-baseline/doc/example_data) by extension 'python_setup_py'
[0.563s] Level 1:colcon.colcon_core.package_identification:_identify(temp_packages/graspnet-baseline/knn) by extensions ['ignore', 'ignore_ament_install']
[0.563s] Level 1:colcon.colcon_core.package_identification:_identify(temp_packages/graspnet-baseline/knn) by extension 'ignore'
[0.563s] Level 1:colcon.colcon_core.package_identification:_identify(temp_packages/graspnet-baseline/knn) by extension 'ignore_ament_install'
[0.563s] Level 1:colcon.colcon_core.package_identification:_identify(temp_packages/graspnet-baseline/knn) by extensions ['colcon_pkg']
[0.563s] Level 1:colcon.colcon_core.package_identification:_identify(temp_packages/graspnet-baseline/knn) by extension 'colcon_pkg'
[0.563s] Level 1:colcon.colcon_core.package_identification:_identify(temp_packages/graspnet-baseline/knn) by extensions ['colcon_meta']
[0.563s] Level 1:colcon.colcon_core.package_identification:_identify(temp_packages/graspnet-baseline/knn) by extension 'colcon_meta'
[0.563s] Level 1:colcon.colcon_core.package_identification:_identify(temp_packages/graspnet-baseline/knn) by extensions ['ros']
[0.563s] Level 1:colcon.colcon_core.package_identification:_identify(temp_packages/graspnet-baseline/knn) by extension 'ros'
[0.563s] Level 1:colcon.colcon_core.package_identification:_identify(temp_packages/graspnet-baseline/knn) by extensions ['cmake', 'python']
[0.563s] Level 1:colcon.colcon_core.package_identification:_identify(temp_packages/graspnet-baseline/knn) by extension 'cmake'
[0.563s] Level 1:colcon.colcon_core.package_identification:_identify(temp_packages/graspnet-baseline/knn) by extension 'python'
[0.564s] Level 1:colcon.colcon_core.package_identification:_identify(temp_packages/graspnet-baseline/knn) by extensions ['python_setup_py']
[0.564s] Level 1:colcon.colcon_core.package_identification:_identify(temp_packages/graspnet-baseline/knn) by extension 'python_setup_py'
[4.980s] DEBUG:colcon.colcon_core.package_identification:Package 'temp_packages/graspnet-baseline/knn' with type 'python' and name 'knn_pytorch'
[4.981s] Level 1:colcon.colcon_core.package_identification:_identify(temp_packages/graspnet-baseline/models) by extensions ['ignore', 'ignore_ament_install']
[4.981s] Level 1:colcon.colcon_core.package_identification:_identify(temp_packages/graspnet-baseline/models) by extension 'ignore'
[4.981s] Level 1:colcon.colcon_core.package_identification:_identify(temp_packages/graspnet-baseline/models) by extension 'ignore_ament_install'
[4.981s] Level 1:colcon.colcon_core.package_identification:_identify(temp_packages/graspnet-baseline/models) by extensions ['colcon_pkg']
[4.981s] Level 1:colcon.colcon_core.package_identification:_identify(temp_packages/graspnet-baseline/models) by extension 'colcon_pkg'
[4.981s] Level 1:colcon.colcon_core.package_identification:_identify(temp_packages/graspnet-baseline/models) by extensions ['colcon_meta']
[4.981s] Level 1:colcon.colcon_core.package_identification:_identify(temp_packages/graspnet-baseline/models) by extension 'colcon_meta'
[4.982s] Level 1:colcon.colcon_core.package_identification:_identify(temp_packages/graspnet-baseline/models) by extensions ['ros']
[4.982s] Level 1:colcon.colcon_core.package_identification:_identify(temp_packages/graspnet-baseline/models) by extension 'ros'
[4.982s] Level 1:colcon.colcon_core.package_identification:_identify(temp_packages/graspnet-baseline/models) by extensions ['cmake', 'python']
[4.982s] Level 1:colcon.colcon_core.package_identification:_identify(temp_packages/graspnet-baseline/models) by extension 'cmake'
[4.982s] Level 1:colcon.colcon_core.package_identification:_identify(temp_packages/graspnet-baseline/models) by extension 'python'
[4.982s] Level 1:colcon.colcon_core.package_identification:_identify(temp_packages/graspnet-baseline/models) by extensions ['python_setup_py']
[4.982s] Level 1:colcon.colcon_core.package_identification:_identify(temp_packages/graspnet-baseline/models) by extension 'python_setup_py'
[4.982s] Level 1:colcon.colcon_core.package_identification:_identify(temp_packages/graspnet-baseline/pointnet2) by extensions ['ignore', 'ignore_ament_install']
[4.982s] Level 1:colcon.colcon_core.package_identification:_identify(temp_packages/graspnet-baseline/pointnet2) by extension 'ignore'
[4.983s] Level 1:colcon.colcon_core.package_identification:_identify(temp_packages/graspnet-baseline/pointnet2) by extension 'ignore_ament_install'
[4.983s] Level 1:colcon.colcon_core.package_identification:_identify(temp_packages/graspnet-baseline/pointnet2) by extensions ['colcon_pkg']
[4.983s] Level 1:colcon.colcon_core.package_identification:_identify(temp_packages/graspnet-baseline/pointnet2) by extension 'colcon_pkg'
[4.983s] Level 1:colcon.colcon_core.package_identification:_identify(temp_packages/graspnet-baseline/pointnet2) by extensions ['colcon_meta']
[4.983s] Level 1:colcon.colcon_core.package_identification:_identify(temp_packages/graspnet-baseline/pointnet2) by extension 'colcon_meta'
[4.983s] Level 1:colcon.colcon_core.package_identification:_identify(temp_packages/graspnet-baseline/pointnet2) by extensions ['ros']
[4.983s] Level 1:colcon.colcon_core.package_identification:_identify(temp_packages/graspnet-baseline/pointnet2) by extension 'ros'
[4.983s] Level 1:colcon.colcon_core.package_identification:_identify(temp_packages/graspnet-baseline/pointnet2) by extensions ['cmake', 'python']
[4.983s] Level 1:colcon.colcon_core.package_identification:_identify(temp_packages/graspnet-baseline/pointnet2) by extension 'cmake'
[4.983s] Level 1:colcon.colcon_core.package_identification:_identify(temp_packages/graspnet-baseline/pointnet2) by extension 'python'
[4.983s] Level 1:colcon.colcon_core.package_identification:_identify(temp_packages/graspnet-baseline/pointnet2) by extensions ['python_setup_py']
[4.983s] Level 1:colcon.colcon_core.package_identification:_identify(temp_packages/graspnet-baseline/pointnet2) by extension 'python_setup_py'
[9.227s] ERROR:colcon.colcon_core.package_identification:Exception in package identification extension 'python_setup_py' in 'temp_packages/graspnet-baseline/pointnet2': Command '['/usr/bin/python3', '-c', 'import sys;from contextlib import suppress;exec("with suppress(ImportError):    from setuptools.extern.packaging.specifiers    import SpecifierSet");exec("with suppress(ImportError):    from packaging.specifiers import SpecifierSet");from distutils.core import run_setup;dist = run_setup(    \'setup.py\', script_args=(\'--dry-run\',), stop_after=\'config\');skip_keys = (\'cmdclass\', \'distclass\', \'ext_modules\', \'metadata\');data = {    key: value for key, value in dist.__dict__.items()     if (        not key.startswith(\'_\') and         not callable(value) and         key not in skip_keys and         key not in dist.display_option_names    )};data[\'metadata\'] = {    k: v for k, v in dist.metadata.__dict__.items()     if k not in (\'license_files\', \'provides_extras\')};sys.stdout.buffer.write(repr(data).encode(\'utf-8\'))']' returned non-zero exit status 1.
Traceback (most recent call last):
  File "/usr/lib/python3/dist-packages/colcon_core/package_identification/__init__.py", line 144, in _identify
    retval = extension.identify(_reused_descriptor_instance)
  File "/usr/lib/python3/dist-packages/colcon_python_setup_py/package_identification/python_setup_py.py", line 48, in identify
    config = get_setup_information(setup_py)
  File "/usr/lib/python3/dist-packages/colcon_python_setup_py/package_identification/python_setup_py.py", line 249, in get_setup_information
    _setup_information_cache[hashable_env] = _get_setup_information(
  File "/usr/lib/python3/dist-packages/colcon_python_setup_py/package_identification/python_setup_py.py", line 296, in _get_setup_information
    result = subprocess.run(
  File "/usr/lib/python3.10/subprocess.py", line 526, in run
    raise CalledProcessError(retcode, process.args,
subprocess.CalledProcessError: Command '['/usr/bin/python3', '-c', 'import sys;from contextlib import suppress;exec("with suppress(ImportError):    from setuptools.extern.packaging.specifiers    import SpecifierSet");exec("with suppress(ImportError):    from packaging.specifiers import SpecifierSet");from distutils.core import run_setup;dist = run_setup(    \'setup.py\', script_args=(\'--dry-run\',), stop_after=\'config\');skip_keys = (\'cmdclass\', \'distclass\', \'ext_modules\', \'metadata\');data = {    key: value for key, value in dist.__dict__.items()     if (        not key.startswith(\'_\') and         not callable(value) and         key not in skip_keys and         key not in dist.display_option_names    )};data[\'metadata\'] = {    k: v for k, v in dist.metadata.__dict__.items()     if k not in (\'license_files\', \'provides_extras\')};sys.stdout.buffer.write(repr(data).encode(\'utf-8\'))']' returned non-zero exit status 1.

[9.228s] Level 1:colcon.colcon_core.package_identification:_identify(temp_packages/graspnet-baseline/pointnet2/_ext_src) by extensions ['ignore', 'ignore_ament_install']
[9.228s] Level 1:colcon.colcon_core.package_identification:_identify(temp_packages/graspnet-baseline/pointnet2/_ext_src) by extension 'ignore'
[9.228s] Level 1:colcon.colcon_core.package_identification:_identify(temp_packages/graspnet-baseline/pointnet2/_ext_src) by extension 'ignore_ament_install'
[9.228s] Level 1:colcon.colcon_core.package_identification:_identify(temp_packages/graspnet-baseline/pointnet2/_ext_src) by extensions ['colcon_pkg']
[9.228s] Level 1:colcon.colcon_core.package_identification:_identify(temp_packages/graspnet-baseline/pointnet2/_ext_src) by extension 'colcon_pkg'
[9.229s] Level 1:colcon.colcon_core.package_identification:_identify(temp_packages/graspnet-baseline/pointnet2/_ext_src) by extensions ['colcon_meta']
[9.229s] Level 1:colcon.colcon_core.package_identification:_identify(temp_packages/graspnet-baseline/pointnet2/_ext_src) by extension 'colcon_meta'
[9.229s] Level 1:colcon.colcon_core.package_identification:_identify(temp_packages/graspnet-baseline/pointnet2/_ext_src) by extensions ['ros']
[9.229s] Level 1:colcon.colcon_core.package_identification:_identify(temp_packages/graspnet-baseline/pointnet2/_ext_src) by extension 'ros'
[9.229s] Level 1:colcon.colcon_core.package_identification:_identify(temp_packages/graspnet-baseline/pointnet2/_ext_src) by extensions ['cmake', 'python']
[9.229s] Level 1:colcon.colcon_core.package_identification:_identify(temp_packages/graspnet-baseline/pointnet2/_ext_src) by extension 'cmake'
[9.229s] Level 1:colcon.colcon_core.package_identification:_identify(temp_packages/graspnet-baseline/pointnet2/_ext_src) by extension 'python'
[9.229s] Level 1:colcon.colcon_core.package_identification:_identify(temp_packages/graspnet-baseline/pointnet2/_ext_src) by extensions ['python_setup_py']
[9.229s] Level 1:colcon.colcon_core.package_identification:_identify(temp_packages/graspnet-baseline/pointnet2/_ext_src) by extension 'python_setup_py'
[9.229s] Level 1:colcon.colcon_core.package_identification:_identify(temp_packages/graspnet-baseline/pointnet2/_ext_src/include) by extensions ['ignore', 'ignore_ament_install']
[9.230s] Level 1:colcon.colcon_core.package_identification:_identify(temp_packages/graspnet-baseline/pointnet2/_ext_src/include) by extension 'ignore'
[9.230s] Level 1:colcon.colcon_core.package_identification:_identify(temp_packages/graspnet-baseline/pointnet2/_ext_src/include) by extension 'ignore_ament_install'
[9.230s] Level 1:colcon.colcon_core.package_identification:_identify(temp_packages/graspnet-baseline/pointnet2/_ext_src/include) by extensions ['colcon_pkg']
[9.230s] Level 1:colcon.colcon_core.package_identification:_identify(temp_packages/graspnet-baseline/pointnet2/_ext_src/include) by extension 'colcon_pkg'
[9.230s] Level 1:colcon.colcon_core.package_identification:_identify(temp_packages/graspnet-baseline/pointnet2/_ext_src/include) by extensions ['colcon_meta']
[9.230s] Level 1:colcon.colcon_core.package_identification:_identify(temp_packages/graspnet-baseline/pointnet2/_ext_src/include) by extension 'colcon_meta'
[9.230s] Level 1:colcon.colcon_core.package_identification:_identify(temp_packages/graspnet-baseline/pointnet2/_ext_src/include) by extensions ['ros']
[9.230s] Level 1:colcon.colcon_core.package_identification:_identify(temp_packages/graspnet-baseline/pointnet2/_ext_src/include) by extension 'ros'
[9.230s] Level 1:colcon.colcon_core.package_identification:_identify(temp_packages/graspnet-baseline/pointnet2/_ext_src/include) by extensions ['cmake', 'python']
[9.230s] Level 1:colcon.colcon_core.package_identification:_identify(temp_packages/graspnet-baseline/pointnet2/_ext_src/include) by extension 'cmake'
[9.231s] Level 1:colcon.colcon_core.package_identification:_identify(temp_packages/graspnet-baseline/pointnet2/_ext_src/include) by extension 'python'
[9.231s] Level 1:colcon.colcon_core.package_identification:_identify(temp_packages/graspnet-baseline/pointnet2/_ext_src/include) by extensions ['python_setup_py']
[9.231s] Level 1:colcon.colcon_core.package_identification:_identify(temp_packages/graspnet-baseline/pointnet2/_ext_src/include) by extension 'python_setup_py'
[9.231s] Level 1:colcon.colcon_core.package_identification:_identify(temp_packages/graspnet-baseline/pointnet2/_ext_src/src) by extensions ['ignore', 'ignore_ament_install']
[9.231s] Level 1:colcon.colcon_core.package_identification:_identify(temp_packages/graspnet-baseline/pointnet2/_ext_src/src) by extension 'ignore'
[9.231s] Level 1:colcon.colcon_core.package_identification:_identify(temp_packages/graspnet-baseline/pointnet2/_ext_src/src) by extension 'ignore_ament_install'
[9.231s] Level 1:colcon.colcon_core.package_identification:_identify(temp_packages/graspnet-baseline/pointnet2/_ext_src/src) by extensions ['colcon_pkg']
[9.231s] Level 1:colcon.colcon_core.package_identification:_identify(temp_packages/graspnet-baseline/pointnet2/_ext_src/src) by extension 'colcon_pkg'
[9.231s] Level 1:colcon.colcon_core.package_identification:_identify(temp_packages/graspnet-baseline/pointnet2/_ext_src/src) by extensions ['colcon_meta']
[9.231s] Level 1:colcon.colcon_core.package_identification:_identify(temp_packages/graspnet-baseline/pointnet2/_ext_src/src) by extension 'colcon_meta'
[9.232s] Level 1:colcon.colcon_core.package_identification:_identify(temp_packages/graspnet-baseline/pointnet2/_ext_src/src) by extensions ['ros']
[9.232s] Level 1:colcon.colcon_core.package_identification:_identify(temp_packages/graspnet-baseline/pointnet2/_ext_src/src) by extension 'ros'
[9.232s] Level 1:colcon.colcon_core.package_identification:_identify(temp_packages/graspnet-baseline/pointnet2/_ext_src/src) by extensions ['cmake', 'python']
[9.232s] Level 1:colcon.colcon_core.package_identification:_identify(temp_packages/graspnet-baseline/pointnet2/_ext_src/src) by extension 'cmake'
[9.232s] Level 1:colcon.colcon_core.package_identification:_identify(temp_packages/graspnet-baseline/pointnet2/_ext_src/src) by extension 'python'
[9.232s] Level 1:colcon.colcon_core.package_identification:_identify(temp_packages/graspnet-baseline/pointnet2/_ext_src/src) by extensions ['python_setup_py']
[9.232s] Level 1:colcon.colcon_core.package_identification:_identify(temp_packages/graspnet-baseline/pointnet2/_ext_src/src) by extension 'python_setup_py'
[9.232s] Level 1:colcon.colcon_core.package_identification:_identify(temp_packages/graspnet-baseline/utils) by extensions ['ignore', 'ignore_ament_install']
[9.232s] Level 1:colcon.colcon_core.package_identification:_identify(temp_packages/graspnet-baseline/utils) by extension 'ignore'
[9.232s] Level 1:colcon.colcon_core.package_identification:_identify(temp_packages/graspnet-baseline/utils) by extension 'ignore_ament_install'
[9.233s] Level 1:colcon.colcon_core.package_identification:_identify(temp_packages/graspnet-baseline/utils) by extensions ['colcon_pkg']
[9.233s] Level 1:colcon.colcon_core.package_identification:_identify(temp_packages/graspnet-baseline/utils) by extension 'colcon_pkg'
[9.233s] Level 1:colcon.colcon_core.package_identification:_identify(temp_packages/graspnet-baseline/utils) by extensions ['colcon_meta']
[9.233s] Level 1:colcon.colcon_core.package_identification:_identify(temp_packages/graspnet-baseline/utils) by extension 'colcon_meta'
[9.233s] Level 1:colcon.colcon_core.package_identification:_identify(temp_packages/graspnet-baseline/utils) by extensions ['ros']
[9.233s] Level 1:colcon.colcon_core.package_identification:_identify(temp_packages/graspnet-baseline/utils) by extension 'ros'
[9.233s] Level 1:colcon.colcon_core.package_identification:_identify(temp_packages/graspnet-baseline/utils) by extensions ['cmake', 'python']
[9.233s] Level 1:colcon.colcon_core.package_identification:_identify(temp_packages/graspnet-baseline/utils) by extension 'cmake'
[9.233s] Level 1:colcon.colcon_core.package_identification:_identify(temp_packages/graspnet-baseline/utils) by extension 'python'
[9.233s] Level 1:colcon.colcon_core.package_identification:_identify(temp_packages/graspnet-baseline/utils) by extensions ['python_setup_py']
[9.233s] Level 1:colcon.colcon_core.package_identification:_identify(temp_packages/graspnet-baseline/utils) by extension 'python_setup_py'
[9.233s] Level 1:colcon.colcon_core.package_discovery:discover_packages(recursive) using defaults
[9.234s] Level 1:colcon.colcon_core.package_discovery:discover_packages(ignore) discover
[9.234s] Level 1:colcon.colcon_core.package_discovery:discover_packages(ignore) using defaults
[9.234s] Level 1:colcon.colcon_core.package_discovery:discover_packages(path) discover
[9.234s] Level 1:colcon.colcon_core.package_discovery:discover_packages(path) using defaults
[9.291s] Level 1:colcon.colcon_core.package_discovery:discover_packages(prefix_path) check parameters
[9.291s] Level 1:colcon.colcon_core.package_discovery:discover_packages(prefix_path) discover
[9.296s] DEBUG:colcon.colcon_installed_package_information.package_discovery:Found 326 installed packages in /opt/ros/humble
[9.299s] Level 1:colcon.colcon_core.package_discovery:discover_packages(prefix_path) using defaults
[9.375s] Level 5:colcon.colcon_core.verb:set package 'graspnet_bringup' build argument 'cmake_args' from command line to 'None'
[9.376s] Level 5:colcon.colcon_core.verb:set package 'graspnet_bringup' build argument 'cmake_target' from command line to 'None'
[9.376s] Level 5:colcon.colcon_core.verb:set package 'graspnet_bringup' build argument 'cmake_target_skip_unavailable' from command line to 'False'
[9.376s] Level 5:colcon.colcon_core.verb:set package 'graspnet_bringup' build argument 'cmake_clean_cache' from command line to 'False'
[9.376s] Level 5:colcon.colcon_core.verb:set package 'graspnet_bringup' build argument 'cmake_clean_first' from command line to 'False'
[9.376s] Level 5:colcon.colcon_core.verb:set package 'graspnet_bringup' build argument 'cmake_force_configure' from command line to 'False'
[9.376s] Level 5:colcon.colcon_core.verb:set package 'graspnet_bringup' build argument 'ament_cmake_args' from command line to 'None'
[9.376s] Level 5:colcon.colcon_core.verb:set package 'graspnet_bringup' build argument 'catkin_cmake_args' from command line to 'None'
[9.376s] Level 5:colcon.colcon_core.verb:set package 'graspnet_bringup' build argument 'catkin_skip_building_tests' from command line to 'False'
[9.376s] DEBUG:colcon.colcon_core.verb:Building package 'graspnet_bringup' with the following arguments: {'ament_cmake_args': None, 'build_base': '/home/omer/rcaai_ws/build/graspnet_bringup', 'catkin_cmake_args': None, 'catkin_skip_building_tests': False, 'cmake_args': None, 'cmake_clean_cache': False, 'cmake_clean_first': False, 'cmake_force_configure': False, 'cmake_target': None, 'cmake_target_skip_unavailable': False, 'install_base': '/home/omer/rcaai_ws/install/graspnet_bringup', 'merge_install': False, 'path': '/home/omer/rcaai_ws/src/graspnet_bringup', 'symlink_install': True, 'test_result_base': None}
[9.377s] Level 5:colcon.colcon_core.verb:set package 'graspnet_control' build argument 'cmake_args' from command line to 'None'
[9.377s] Level 5:colcon.colcon_core.verb:set package 'graspnet_control' build argument 'cmake_target' from command line to 'None'
[9.377s] Level 5:colcon.colcon_core.verb:set package 'graspnet_control' build argument 'cmake_target_skip_unavailable' from command line to 'False'
[9.377s] Level 5:colcon.colcon_core.verb:set package 'graspnet_control' build argument 'cmake_clean_cache' from command line to 'False'
[9.377s] Level 5:colcon.colcon_core.verb:set package 'graspnet_control' build argument 'cmake_clean_first' from command line to 'False'
[9.377s] Level 5:colcon.colcon_core.verb:set package 'graspnet_control' build argument 'cmake_force_configure' from command line to 'False'
[9.377s] Level 5:colcon.colcon_core.verb:set package 'graspnet_control' build argument 'ament_cmake_args' from command line to 'None'
[9.377s] Level 5:colcon.colcon_core.verb:set package 'graspnet_control' build argument 'catkin_cmake_args' from command line to 'None'
[9.377s] Level 5:colcon.colcon_core.verb:set package 'graspnet_control' build argument 'catkin_skip_building_tests' from command line to 'False'
[9.377s] DEBUG:colcon.colcon_core.verb:Building package 'graspnet_control' with the following arguments: {'ament_cmake_args': None, 'build_base': '/home/omer/rcaai_ws/build/graspnet_control', 'catkin_cmake_args': None, 'catkin_skip_building_tests': False, 'cmake_args': None, 'cmake_clean_cache': False, 'cmake_clean_first': False, 'cmake_force_configure': False, 'cmake_target': None, 'cmake_target_skip_unavailable': False, 'install_base': '/home/omer/rcaai_ws/install/graspnet_control', 'merge_install': False, 'path': '/home/omer/rcaai_ws/src/graspnet_control', 'symlink_install': True, 'test_result_base': None}
[9.378s] Level 5:colcon.colcon_core.verb:set package 'graspnet_description' build argument 'cmake_args' from command line to 'None'
[9.378s] Level 5:colcon.colcon_core.verb:set package 'graspnet_description' build argument 'cmake_target' from command line to 'None'
[9.378s] Level 5:colcon.colcon_core.verb:set package 'graspnet_description' build argument 'cmake_target_skip_unavailable' from command line to 'False'
[9.378s] Level 5:colcon.colcon_core.verb:set package 'graspnet_description' build argument 'cmake_clean_cache' from command line to 'False'
[9.378s] Level 5:colcon.colcon_core.verb:set package 'graspnet_description' build argument 'cmake_clean_first' from command line to 'False'
[9.378s] Level 5:colcon.colcon_core.verb:set package 'graspnet_description' build argument 'cmake_force_configure' from command line to 'False'
[9.378s] Level 5:colcon.colcon_core.verb:set package 'graspnet_description' build argument 'ament_cmake_args' from command line to 'None'
[9.378s] Level 5:colcon.colcon_core.verb:set package 'graspnet_description' build argument 'catkin_cmake_args' from command line to 'None'
[9.378s] Level 5:colcon.colcon_core.verb:set package 'graspnet_description' build argument 'catkin_skip_building_tests' from command line to 'False'
[9.378s] DEBUG:colcon.colcon_core.verb:Building package 'graspnet_description' with the following arguments: {'ament_cmake_args': None, 'build_base': '/home/omer/rcaai_ws/build/graspnet_description', 'catkin_cmake_args': None, 'catkin_skip_building_tests': False, 'cmake_args': None, 'cmake_clean_cache': False, 'cmake_clean_first': False, 'cmake_force_configure': False, 'cmake_target': None, 'cmake_target_skip_unavailable': False, 'install_base': '/home/omer/rcaai_ws/install/graspnet_description', 'merge_install': False, 'path': '/home/omer/rcaai_ws/src/graspnet_description', 'symlink_install': True, 'test_result_base': None}
[9.379s] Level 5:colcon.colcon_core.verb:set package 'graspnet_gazebo' build argument 'cmake_args' from command line to 'None'
[9.379s] Level 5:colcon.colcon_core.verb:set package 'graspnet_gazebo' build argument 'cmake_target' from command line to 'None'
[9.379s] Level 5:colcon.colcon_core.verb:set package 'graspnet_gazebo' build argument 'cmake_target_skip_unavailable' from command line to 'False'
[9.379s] Level 5:colcon.colcon_core.verb:set package 'graspnet_gazebo' build argument 'cmake_clean_cache' from command line to 'False'
[9.379s] Level 5:colcon.colcon_core.verb:set package 'graspnet_gazebo' build argument 'cmake_clean_first' from command line to 'False'
[9.379s] Level 5:colcon.colcon_core.verb:set package 'graspnet_gazebo' build argument 'cmake_force_configure' from command line to 'False'
[9.379s] Level 5:colcon.colcon_core.verb:set package 'graspnet_gazebo' build argument 'ament_cmake_args' from command line to 'None'
[9.379s] Level 5:colcon.colcon_core.verb:set package 'graspnet_gazebo' build argument 'catkin_cmake_args' from command line to 'None'
[9.379s] Level 5:colcon.colcon_core.verb:set package 'graspnet_gazebo' build argument 'catkin_skip_building_tests' from command line to 'False'
[9.379s] DEBUG:colcon.colcon_core.verb:Building package 'graspnet_gazebo' with the following arguments: {'ament_cmake_args': None, 'build_base': '/home/omer/rcaai_ws/build/graspnet_gazebo', 'catkin_cmake_args': None, 'catkin_skip_building_tests': False, 'cmake_args': None, 'cmake_clean_cache': False, 'cmake_clean_first': False, 'cmake_force_configure': False, 'cmake_target': None, 'cmake_target_skip_unavailable': False, 'install_base': '/home/omer/rcaai_ws/install/graspnet_gazebo', 'merge_install': False, 'path': '/home/omer/rcaai_ws/src/graspnet_gazebo', 'symlink_install': True, 'test_result_base': None}
[9.380s] Level 5:colcon.colcon_core.verb:set package 'graspnet_hardware' build argument 'cmake_args' from command line to 'None'
[9.380s] Level 5:colcon.colcon_core.verb:set package 'graspnet_hardware' build argument 'cmake_target' from command line to 'None'
[9.380s] Level 5:colcon.colcon_core.verb:set package 'graspnet_hardware' build argument 'cmake_target_skip_unavailable' from command line to 'False'
[9.380s] Level 5:colcon.colcon_core.verb:set package 'graspnet_hardware' build argument 'cmake_clean_cache' from command line to 'False'
[9.380s] Level 5:colcon.colcon_core.verb:set package 'graspnet_hardware' build argument 'cmake_clean_first' from command line to 'False'
[9.380s] Level 5:colcon.colcon_core.verb:set package 'graspnet_hardware' build argument 'cmake_force_configure' from command line to 'False'
[9.380s] Level 5:colcon.colcon_core.verb:set package 'graspnet_hardware' build argument 'ament_cmake_args' from command line to 'None'
[9.380s] Level 5:colcon.colcon_core.verb:set package 'graspnet_hardware' build argument 'catkin_cmake_args' from command line to 'None'
[9.380s] Level 5:colcon.colcon_core.verb:set package 'graspnet_hardware' build argument 'catkin_skip_building_tests' from command line to 'False'
[9.380s] DEBUG:colcon.colcon_core.verb:Building package 'graspnet_hardware' with the following arguments: {'ament_cmake_args': None, 'build_base': '/home/omer/rcaai_ws/build/graspnet_hardware', 'catkin_cmake_args': None, 'catkin_skip_building_tests': False, 'cmake_args': None, 'cmake_clean_cache': False, 'cmake_clean_first': False, 'cmake_force_configure': False, 'cmake_target': None, 'cmake_target_skip_unavailable': False, 'install_base': '/home/omer/rcaai_ws/install/graspnet_hardware', 'merge_install': False, 'path': '/home/omer/rcaai_ws/src/graspnet_hardware', 'symlink_install': True, 'test_result_base': None}
[9.381s] Level 5:colcon.colcon_core.verb:set package 'graspnet_moveit' build argument 'cmake_args' from command line to 'None'
[9.381s] Level 5:colcon.colcon_core.verb:set package 'graspnet_moveit' build argument 'cmake_target' from command line to 'None'
[9.381s] Level 5:colcon.colcon_core.verb:set package 'graspnet_moveit' build argument 'cmake_target_skip_unavailable' from command line to 'False'
[9.381s] Level 5:colcon.colcon_core.verb:set package 'graspnet_moveit' build argument 'cmake_clean_cache' from command line to 'False'
[9.381s] Level 5:colcon.colcon_core.verb:set package 'graspnet_moveit' build argument 'cmake_clean_first' from command line to 'False'
[9.381s] Level 5:colcon.colcon_core.verb:set package 'graspnet_moveit' build argument 'cmake_force_configure' from command line to 'False'
[9.381s] Level 5:colcon.colcon_core.verb:set package 'graspnet_moveit' build argument 'ament_cmake_args' from command line to 'None'
[9.381s] Level 5:colcon.colcon_core.verb:set package 'graspnet_moveit' build argument 'catkin_cmake_args' from command line to 'None'
[9.381s] Level 5:colcon.colcon_core.verb:set package 'graspnet_moveit' build argument 'catkin_skip_building_tests' from command line to 'False'
[9.381s] DEBUG:colcon.colcon_core.verb:Building package 'graspnet_moveit' with the following arguments: {'ament_cmake_args': None, 'build_base': '/home/omer/rcaai_ws/build/graspnet_moveit', 'catkin_cmake_args': None, 'catkin_skip_building_tests': False, 'cmake_args': None, 'cmake_clean_cache': False, 'cmake_clean_first': False, 'cmake_force_configure': False, 'cmake_target': None, 'cmake_target_skip_unavailable': False, 'install_base': '/home/omer/rcaai_ws/install/graspnet_moveit', 'merge_install': False, 'path': '/home/omer/rcaai_ws/src/graspnet_moveit', 'symlink_install': True, 'test_result_base': None}
[9.381s] Level 5:colcon.colcon_core.verb:set package 'graspnet_perception' build argument 'cmake_args' from command line to 'None'
[9.382s] Level 5:colcon.colcon_core.verb:set package 'graspnet_perception' build argument 'cmake_target' from command line to 'None'
[9.382s] Level 5:colcon.colcon_core.verb:set package 'graspnet_perception' build argument 'cmake_target_skip_unavailable' from command line to 'False'
[9.382s] Level 5:colcon.colcon_core.verb:set package 'graspnet_perception' build argument 'cmake_clean_cache' from command line to 'False'
[9.382s] Level 5:colcon.colcon_core.verb:set package 'graspnet_perception' build argument 'cmake_clean_first' from command line to 'False'
[9.382s] Level 5:colcon.colcon_core.verb:set package 'graspnet_perception' build argument 'cmake_force_configure' from command line to 'False'
[9.382s] Level 5:colcon.colcon_core.verb:set package 'graspnet_perception' build argument 'ament_cmake_args' from command line to 'None'
[9.382s] Level 5:colcon.colcon_core.verb:set package 'graspnet_perception' build argument 'catkin_cmake_args' from command line to 'None'
[9.382s] Level 5:colcon.colcon_core.verb:set package 'graspnet_perception' build argument 'catkin_skip_building_tests' from command line to 'False'
[9.382s] DEBUG:colcon.colcon_core.verb:Building package 'graspnet_perception' with the following arguments: {'ament_cmake_args': None, 'build_base': '/home/omer/rcaai_ws/build/graspnet_perception', 'catkin_cmake_args': None, 'catkin_skip_building_tests': False, 'cmake_args': None, 'cmake_clean_cache': False, 'cmake_clean_first': False, 'cmake_force_configure': False, 'cmake_target': None, 'cmake_target_skip_unavailable': False, 'install_base': '/home/omer/rcaai_ws/install/graspnet_perception', 'merge_install': False, 'path': '/home/omer/rcaai_ws/src/graspnet_perception', 'symlink_install': True, 'test_result_base': None}
[9.382s] Level 5:colcon.colcon_core.verb:set package 'knn_pytorch' build argument 'cmake_args' from command line to 'None'
[9.383s] Level 5:colcon.colcon_core.verb:set package 'knn_pytorch' build argument 'cmake_target' from command line to 'None'
[9.383s] Level 5:colcon.colcon_core.verb:set package 'knn_pytorch' build argument 'cmake_target_skip_unavailable' from command line to 'False'
[9.383s] Level 5:colcon.colcon_core.verb:set package 'knn_pytorch' build argument 'cmake_clean_cache' from command line to 'False'
[9.383s] Level 5:colcon.colcon_core.verb:set package 'knn_pytorch' build argument 'cmake_clean_first' from command line to 'False'
[9.383s] Level 5:colcon.colcon_core.verb:set package 'knn_pytorch' build argument 'cmake_force_configure' from command line to 'False'
[9.383s] Level 5:colcon.colcon_core.verb:set package 'knn_pytorch' build argument 'ament_cmake_args' from command line to 'None'
[9.383s] Level 5:colcon.colcon_core.verb:set package 'knn_pytorch' build argument 'catkin_cmake_args' from command line to 'None'
[9.383s] Level 5:colcon.colcon_core.verb:set package 'knn_pytorch' build argument 'catkin_skip_building_tests' from command line to 'False'
[9.383s] DEBUG:colcon.colcon_core.verb:Building package 'knn_pytorch' with the following arguments: {'ament_cmake_args': None, 'build_base': '/home/omer/rcaai_ws/build/knn_pytorch', 'catkin_cmake_args': None, 'catkin_skip_building_tests': False, 'cmake_args': None, 'cmake_clean_cache': False, 'cmake_clean_first': False, 'cmake_force_configure': False, 'cmake_target': None, 'cmake_target_skip_unavailable': False, 'install_base': '/home/omer/rcaai_ws/install/knn_pytorch', 'merge_install': False, 'path': '/home/omer/rcaai_ws/temp_packages/graspnet-baseline/knn', 'symlink_install': True, 'test_result_base': None}
[9.383s] Level 5:colcon.colcon_core.verb:set package 'sim_stack' build argument 'cmake_args' from command line to 'None'
[9.384s] Level 5:colcon.colcon_core.verb:set package 'sim_stack' build argument 'cmake_target' from command line to 'None'
[9.384s] Level 5:colcon.colcon_core.verb:set package 'sim_stack' build argument 'cmake_target_skip_unavailable' from command line to 'False'
[9.384s] Level 5:colcon.colcon_core.verb:set package 'sim_stack' build argument 'cmake_clean_cache' from command line to 'False'
[9.384s] Level 5:colcon.colcon_core.verb:set package 'sim_stack' build argument 'cmake_clean_first' from command line to 'False'
[9.384s] Level 5:colcon.colcon_core.verb:set package 'sim_stack' build argument 'cmake_force_configure' from command line to 'False'
[9.384s] Level 5:colcon.colcon_core.verb:set package 'sim_stack' build argument 'ament_cmake_args' from command line to 'None'
[9.384s] Level 5:colcon.colcon_core.verb:set package 'sim_stack' build argument 'catkin_cmake_args' from command line to 'None'
[9.384s] Level 5:colcon.colcon_core.verb:set package 'sim_stack' build argument 'catkin_skip_building_tests' from command line to 'False'
[9.384s] DEBUG:colcon.colcon_core.verb:Building package 'sim_stack' with the following arguments: {'ament_cmake_args': None, 'build_base': '/home/omer/rcaai_ws/build/sim_stack', 'catkin_cmake_args': None, 'catkin_skip_building_tests': False, 'cmake_args': None, 'cmake_clean_cache': False, 'cmake_clean_first': False, 'cmake_force_configure': False, 'cmake_target': None, 'cmake_target_skip_unavailable': False, 'install_base': '/home/omer/rcaai_ws/install/sim_stack', 'merge_install': False, 'path': '/home/omer/rcaai_ws/src/sim_stack', 'symlink_install': True, 'test_result_base': None}
[9.384s] Level 5:colcon.colcon_core.verb:set package 'ur_simulation_gazebo' build argument 'cmake_args' from command line to 'None'
[9.384s] Level 5:colcon.colcon_core.verb:set package 'ur_simulation_gazebo' build argument 'cmake_target' from command line to 'None'
[9.385s] Level 5:colcon.colcon_core.verb:set package 'ur_simulation_gazebo' build argument 'cmake_target_skip_unavailable' from command line to 'False'
[9.385s] Level 5:colcon.colcon_core.verb:set package 'ur_simulation_gazebo' build argument 'cmake_clean_cache' from command line to 'False'
[9.385s] Level 5:colcon.colcon_core.verb:set package 'ur_simulation_gazebo' build argument 'cmake_clean_first' from command line to 'False'
[9.385s] Level 5:colcon.colcon_core.verb:set package 'ur_simulation_gazebo' build argument 'cmake_force_configure' from command line to 'False'
[9.385s] Level 5:colcon.colcon_core.verb:set package 'ur_simulation_gazebo' build argument 'ament_cmake_args' from command line to 'None'
[9.385s] Level 5:colcon.colcon_core.verb:set package 'ur_simulation_gazebo' build argument 'catkin_cmake_args' from command line to 'None'
[9.385s] Level 5:colcon.colcon_core.verb:set package 'ur_simulation_gazebo' build argument 'catkin_skip_building_tests' from command line to 'False'
[9.385s] DEBUG:colcon.colcon_core.verb:Building package 'ur_simulation_gazebo' with the following arguments: {'ament_cmake_args': None, 'build_base': '/home/omer/rcaai_ws/build/ur_simulation_gazebo', 'catkin_cmake_args': None, 'catkin_skip_building_tests': False, 'cmake_args': None, 'cmake_clean_cache': False, 'cmake_clean_first': False, 'cmake_force_configure': False, 'cmake_target': None, 'cmake_target_skip_unavailable': False, 'install_base': '/home/omer/rcaai_ws/install/ur_simulation_gazebo', 'merge_install': False, 'path': '/home/omer/rcaai_ws/temp_packages/Universal_Robots_ROS2_Gazebo_Simulation/ur_simulation_gazebo', 'symlink_install': True, 'test_result_base': None}
[9.385s] INFO:colcon.colcon_core.executor:Executing jobs using 'parallel' executor
[9.387s] DEBUG:colcon.colcon_parallel_executor.executor.parallel:run_until_complete
[9.387s] INFO:colcon.colcon_ros.task.ament_cmake.build:Building ROS package in '/home/omer/rcaai_ws/src/graspnet_bringup' with build type 'ament_cmake'
[9.387s] INFO:colcon.colcon_cmake.task.cmake.build:Building CMake package in '/home/omer/rcaai_ws/src/graspnet_bringup'
[9.391s] INFO:colcon.colcon_core.plugin_system:Skipping extension 'colcon_core.shell.bat': Not used on non-Windows systems
[9.391s] INFO:colcon.colcon_core.shell:Skip shell extension 'powershell' for command environment: Not usable outside of PowerShell
[9.391s] DEBUG:colcon.colcon_core.shell:Skip shell extension 'dsv' for command environment
[9.396s] INFO:colcon.colcon_ros.task.ament_python.build:Building ROS package in '/home/omer/rcaai_ws/src/graspnet_control' with build type 'ament_python'
[9.396s] Level 1:colcon.colcon_core.shell:create_environment_hook('graspnet_control', 'ament_prefix_path')
[9.397s] INFO:colcon.colcon_core.shell:Creating environment hook '/home/omer/rcaai_ws/install/graspnet_control/share/graspnet_control/hook/ament_prefix_path.ps1'
[9.398s] INFO:colcon.colcon_core.shell:Creating environment descriptor '/home/omer/rcaai_ws/install/graspnet_control/share/graspnet_control/hook/ament_prefix_path.dsv'
[9.399s] INFO:colcon.colcon_core.shell:Creating environment hook '/home/omer/rcaai_ws/install/graspnet_control/share/graspnet_control/hook/ament_prefix_path.sh'
[9.400s] INFO:colcon.colcon_core.shell:Skip shell extension 'powershell' for command environment: Not usable outside of PowerShell
[9.400s] DEBUG:colcon.colcon_core.shell:Skip shell extension 'dsv' for command environment
[9.404s] INFO:colcon.colcon_ros.task.ament_cmake.build:Building ROS package in '/home/omer/rcaai_ws/src/graspnet_description' with build type 'ament_cmake'
[9.404s] INFO:colcon.colcon_cmake.task.cmake.build:Building CMake package in '/home/omer/rcaai_ws/src/graspnet_description'
[9.405s] INFO:colcon.colcon_core.shell:Skip shell extension 'powershell' for command environment: Not usable outside of PowerShell
[9.405s] DEBUG:colcon.colcon_core.shell:Skip shell extension 'dsv' for command environment
[9.409s] INFO:colcon.colcon_ros.task.ament_cmake.build:Building ROS package in '/home/omer/rcaai_ws/src/graspnet_gazebo' with build type 'ament_cmake'
[9.409s] INFO:colcon.colcon_cmake.task.cmake.build:Building CMake package in '/home/omer/rcaai_ws/src/graspnet_gazebo'
[9.410s] INFO:colcon.colcon_core.shell:Skip shell extension 'powershell' for command environment: Not usable outside of PowerShell
[9.410s] DEBUG:colcon.colcon_core.shell:Skip shell extension 'dsv' for command environment
[9.414s] INFO:colcon.colcon_ros.task.ament_cmake.build:Building ROS package in '/home/omer/rcaai_ws/src/graspnet_hardware' with build type 'ament_cmake'
[9.414s] INFO:colcon.colcon_cmake.task.cmake.build:Building CMake package in '/home/omer/rcaai_ws/src/graspnet_hardware'
[9.415s] INFO:colcon.colcon_core.shell:Skip shell extension 'powershell' for command environment: Not usable outside of PowerShell
[9.415s] DEBUG:colcon.colcon_core.shell:Skip shell extension 'dsv' for command environment
[9.422s] INFO:colcon.colcon_ros.task.ament_cmake.build:Building ROS package in '/home/omer/rcaai_ws/src/graspnet_moveit' with build type 'ament_cmake'
[9.422s] INFO:colcon.colcon_cmake.task.cmake.build:Building CMake package in '/home/omer/rcaai_ws/src/graspnet_moveit'
[9.423s] INFO:colcon.colcon_core.shell:Skip shell extension 'powershell' for command environment: Not usable outside of PowerShell
[9.423s] DEBUG:colcon.colcon_core.shell:Skip shell extension 'dsv' for command environment
[9.430s] INFO:colcon.colcon_ros.task.ament_python.build:Building ROS package in '/home/omer/rcaai_ws/src/graspnet_perception' with build type 'ament_python'
[9.431s] Level 1:colcon.colcon_core.shell:create_environment_hook('graspnet_perception', 'ament_prefix_path')
[9.431s] INFO:colcon.colcon_core.shell:Creating environment hook '/home/omer/rcaai_ws/install/graspnet_perception/share/graspnet_perception/hook/ament_prefix_path.ps1'
[9.432s] INFO:colcon.colcon_core.shell:Creating environment descriptor '/home/omer/rcaai_ws/install/graspnet_perception/share/graspnet_perception/hook/ament_prefix_path.dsv'
[9.433s] INFO:colcon.colcon_core.shell:Creating environment hook '/home/omer/rcaai_ws/install/graspnet_perception/share/graspnet_perception/hook/ament_prefix_path.sh'
[9.434s] INFO:colcon.colcon_core.shell:Skip shell extension 'powershell' for command environment: Not usable outside of PowerShell
[9.434s] DEBUG:colcon.colcon_core.shell:Skip shell extension 'dsv' for command environment
[9.438s] INFO:colcon.colcon_core.task.python.build:Building Python package in '/home/omer/rcaai_ws/temp_packages/graspnet-baseline/knn'
[9.439s] INFO:colcon.colcon_core.shell:Skip shell extension 'powershell' for command environment: Not usable outside of PowerShell
[9.439s] DEBUG:colcon.colcon_core.shell:Skip shell extension 'dsv' for command environment
[9.453s] DEBUG:colcon.colcon_core.event_handler.log_command:Invoking command in '/home/omer/rcaai_ws/build/graspnet_bringup': CMAKE_PREFIX_PATH=/opt/ros/humble /usr/bin/cmake /home/omer/rcaai_ws/src/graspnet_bringup -DAMENT_CMAKE_SYMLINK_INSTALL=1 -DCMAKE_INSTALL_PREFIX=/home/omer/rcaai_ws/install/graspnet_bringup
[9.972s] INFO:colcon.colcon_core.task.python.build:Building Python package in '/home/omer/rcaai_ws/src/graspnet_control'
[9.972s] INFO:colcon.colcon_core.shell:Skip shell extension 'powershell' for command environment: Not usable outside of PowerShell
[9.973s] DEBUG:colcon.colcon_core.shell:Skip shell extension 'dsv' for command environment
[9.983s] DEBUG:colcon.colcon_core.event_handler.log_command:Invoking command in '/home/omer/rcaai_ws/build/graspnet_description': CMAKE_PREFIX_PATH=/opt/ros/humble /usr/bin/cmake /home/omer/rcaai_ws/src/graspnet_description -DAMENT_CMAKE_SYMLINK_INSTALL=1 -DCMAKE_INSTALL_PREFIX=/home/omer/rcaai_ws/install/graspnet_description
[9.987s] DEBUG:colcon.colcon_core.event_handler.log_command:Invoking command in '/home/omer/rcaai_ws/build/graspnet_gazebo': CMAKE_PREFIX_PATH=/opt/ros/humble /usr/bin/cmake /home/omer/rcaai_ws/src/graspnet_gazebo -DAMENT_CMAKE_SYMLINK_INSTALL=1 -DCMAKE_INSTALL_PREFIX=/home/omer/rcaai_ws/install/graspnet_gazebo
[9.992s] DEBUG:colcon.colcon_core.event_handler.log_command:Invoking command in '/home/omer/rcaai_ws/build/graspnet_hardware': CMAKE_PREFIX_PATH=/opt/ros/humble /usr/bin/cmake /home/omer/rcaai_ws/src/graspnet_hardware -DAMENT_CMAKE_SYMLINK_INSTALL=1 -DCMAKE_INSTALL_PREFIX=/home/omer/rcaai_ws/install/graspnet_hardware
[9.998s] DEBUG:colcon.colcon_core.event_handler.log_command:Invoking command in '/home/omer/rcaai_ws/build/graspnet_moveit': CMAKE_PREFIX_PATH=/opt/ros/humble /usr/bin/cmake /home/omer/rcaai_ws/src/graspnet_moveit -DAMENT_CMAKE_SYMLINK_INSTALL=1 -DCMAKE_INSTALL_PREFIX=/home/omer/rcaai_ws/install/graspnet_moveit
[10.571s] INFO:colcon.colcon_core.task.python.build:Building Python package in '/home/omer/rcaai_ws/src/graspnet_perception'
[10.571s] INFO:colcon.colcon_core.shell:Skip shell extension 'powershell' for command environment: Not usable outside of PowerShell
[10.571s] DEBUG:colcon.colcon_core.shell:Skip shell extension 'dsv' for command environment
[15.314s] DEBUG:colcon.colcon_core.event_handler.log_command:Invoked command in '/home/omer/rcaai_ws/build/graspnet_hardware' returned '0': CMAKE_PREFIX_PATH=/opt/ros/humble /usr/bin/cmake /home/omer/rcaai_ws/src/graspnet_hardware -DAMENT_CMAKE_SYMLINK_INSTALL=1 -DCMAKE_INSTALL_PREFIX=/home/omer/rcaai_ws/install/graspnet_hardware
[15.317s] DEBUG:colcon.colcon_core.event_handler.log_command:Invoking command in '/home/omer/rcaai_ws/build/graspnet_hardware': CMAKE_PREFIX_PATH=/opt/ros/humble /usr/bin/cmake --build /home/omer/rcaai_ws/build/graspnet_hardware -- -j8 -l8
[15.320s] DEBUG:colcon.colcon_core.event_handler.log_command:Invoked command in '/home/omer/rcaai_ws/build/graspnet_bringup' returned '1': CMAKE_PREFIX_PATH=/opt/ros/humble /usr/bin/cmake /home/omer/rcaai_ws/src/graspnet_bringup -DAMENT_CMAKE_SYMLINK_INSTALL=1 -DCMAKE_INSTALL_PREFIX=/home/omer/rcaai_ws/install/graspnet_bringup
[15.321s] DEBUG:colcon.colcon_core.event_handler.log_command:Invoked command in '/home/omer/rcaai_ws/build/graspnet_description' returned '1': CMAKE_PREFIX_PATH=/opt/ros/humble /usr/bin/cmake /home/omer/rcaai_ws/src/graspnet_description -DAMENT_CMAKE_SYMLINK_INSTALL=1 -DCMAKE_INSTALL_PREFIX=/home/omer/rcaai_ws/install/graspnet_description
[15.326s] DEBUG:colcon.colcon_core.event_handler.log_command:Invoked command in '/home/omer/rcaai_ws/build/graspnet_moveit' returned '0': CMAKE_PREFIX_PATH=/opt/ros/humble /usr/bin/cmake /home/omer/rcaai_ws/src/graspnet_moveit -DAMENT_CMAKE_SYMLINK_INSTALL=1 -DCMAKE_INSTALL_PREFIX=/home/omer/rcaai_ws/install/graspnet_moveit
[15.329s] DEBUG:colcon.colcon_core.event_handler.log_command:Invoking command in '/home/omer/rcaai_ws/build/graspnet_moveit': CMAKE_PREFIX_PATH=/opt/ros/humble /usr/bin/cmake --build /home/omer/rcaai_ws/build/graspnet_moveit -- -j8 -l8
[15.339s] DEBUG:colcon.colcon_core.event_handler.log_command:Invoked command in '/home/omer/rcaai_ws/build/graspnet_gazebo' returned '0': CMAKE_PREFIX_PATH=/opt/ros/humble /usr/bin/cmake /home/omer/rcaai_ws/src/graspnet_gazebo -DAMENT_CMAKE_SYMLINK_INSTALL=1 -DCMAKE_INSTALL_PREFIX=/home/omer/rcaai_ws/install/graspnet_gazebo
[15.343s] DEBUG:colcon.colcon_core.event_handler.log_command:Invoking command in '/home/omer/rcaai_ws/build/graspnet_gazebo': CMAKE_PREFIX_PATH=/opt/ros/humble /usr/bin/cmake --build /home/omer/rcaai_ws/build/graspnet_gazebo -- -j8 -l8
[15.355s] Level 1:colcon.colcon_core.environment:create_environment_scripts_only(graspnet_bringup)
[15.361s] Level 1:colcon.colcon_core.environment:checking '/home/omer/rcaai_ws/install/graspnet_bringup' for CMake module files
[15.365s] Level 1:colcon.colcon_core.environment:checking '/home/omer/rcaai_ws/install/graspnet_bringup' for CMake config files
[15.367s] Level 1:colcon.colcon_core.environment:checking '/home/omer/rcaai_ws/install/graspnet_bringup/bin'
[15.367s] Level 1:colcon.colcon_core.environment:checking '/home/omer/rcaai_ws/install/graspnet_bringup/lib/pkgconfig/graspnet_bringup.pc'
[15.368s] Level 1:colcon.colcon_core.environment:checking '/home/omer/rcaai_ws/install/graspnet_bringup/lib/python3.10/site-packages'
[15.369s] Level 1:colcon.colcon_core.environment:checking '/home/omer/rcaai_ws/install/graspnet_bringup/bin'
[15.370s] INFO:colcon.colcon_core.shell:Creating package script '/home/omer/rcaai_ws/install/graspnet_bringup/share/graspnet_bringup/package.ps1'
[15.373s] INFO:colcon.colcon_core.shell:Creating package descriptor '/home/omer/rcaai_ws/install/graspnet_bringup/share/graspnet_bringup/package.dsv'
[15.375s] INFO:colcon.colcon_core.shell:Creating package script '/home/omer/rcaai_ws/install/graspnet_bringup/share/graspnet_bringup/package.sh'
[15.377s] INFO:colcon.colcon_core.shell:Creating package script '/home/omer/rcaai_ws/install/graspnet_bringup/share/graspnet_bringup/package.bash'
[15.380s] INFO:colcon.colcon_core.shell:Creating package script '/home/omer/rcaai_ws/install/graspnet_bringup/share/graspnet_bringup/package.zsh'
[15.382s] Level 1:colcon.colcon_core.environment:create_file_with_runtime_dependencies(/home/omer/rcaai_ws/install/graspnet_bringup/share/colcon-core/packages/graspnet_bringup)
[15.385s] Level 1:colcon.colcon_core.environment:create_environment_scripts_only(graspnet_description)
[15.386s] Level 1:colcon.colcon_core.environment:checking '/home/omer/rcaai_ws/install/graspnet_description' for CMake module files
[15.387s] Level 1:colcon.colcon_core.environment:checking '/home/omer/rcaai_ws/install/graspnet_description' for CMake config files
[15.388s] Level 1:colcon.colcon_core.environment:checking '/home/omer/rcaai_ws/install/graspnet_description/bin'
[15.389s] Level 1:colcon.colcon_core.environment:checking '/home/omer/rcaai_ws/install/graspnet_description/lib/pkgconfig/graspnet_description.pc'
[15.390s] Level 1:colcon.colcon_core.environment:checking '/home/omer/rcaai_ws/install/graspnet_description/lib/python3.10/site-packages'
[15.391s] Level 1:colcon.colcon_core.environment:checking '/home/omer/rcaai_ws/install/graspnet_description/bin'
[15.392s] INFO:colcon.colcon_core.shell:Creating package script '/home/omer/rcaai_ws/install/graspnet_description/share/graspnet_description/package.ps1'
[15.396s] INFO:colcon.colcon_core.shell:Creating package descriptor '/home/omer/rcaai_ws/install/graspnet_description/share/graspnet_description/package.dsv'
[15.398s] INFO:colcon.colcon_core.shell:Creating package script '/home/omer/rcaai_ws/install/graspnet_description/share/graspnet_description/package.sh'
[15.399s] INFO:colcon.colcon_core.shell:Creating package script '/home/omer/rcaai_ws/install/graspnet_description/share/graspnet_description/package.bash'
[15.400s] INFO:colcon.colcon_core.shell:Creating package script '/home/omer/rcaai_ws/install/graspnet_description/share/graspnet_description/package.zsh'
[15.401s] Level 1:colcon.colcon_core.environment:create_file_with_runtime_dependencies(/home/omer/rcaai_ws/install/graspnet_description/share/colcon-core/packages/graspnet_description)
[19.933s] DEBUG:colcon.colcon_parallel_executor.executor.parallel:closing loop
[19.933s] DEBUG:colcon.colcon_parallel_executor.executor.parallel:loop closed
[19.933s] DEBUG:colcon.colcon_parallel_executor.executor.parallel:run_until_complete finished with '1'
[19.933s] DEBUG:colcon.colcon_core.event_reactor:joining thread
[19.944s] INFO:colcon.colcon_core.plugin_system:Skipping extension 'colcon_notification.desktop_notification.terminal_notifier': Not used on non-Darwin systems
[19.945s] INFO:colcon.colcon_core.plugin_system:Skipping extension 'colcon_notification.desktop_notification.win32': Not used on non-Windows systems
[19.945s] INFO:colcon.colcon_notification.desktop_notification:Sending desktop notification using 'notify2'
[19.961s] DEBUG:colcon.colcon_core.event_reactor:joined thread
[19.962s] INFO:colcon.colcon_core.shell:Creating prefix script '/home/omer/rcaai_ws/install/local_setup.ps1'
[19.964s] INFO:colcon.colcon_core.shell:Creating prefix util module '/home/omer/rcaai_ws/install/_local_setup_util_ps1.py'
[19.967s] INFO:colcon.colcon_core.shell:Creating prefix chain script '/home/omer/rcaai_ws/install/setup.ps1'
[19.968s] INFO:colcon.colcon_core.shell:Creating prefix script '/home/omer/rcaai_ws/install/local_setup.sh'
[19.970s] INFO:colcon.colcon_core.shell:Creating prefix util module '/home/omer/rcaai_ws/install/_local_setup_util_sh.py'
[19.971s] INFO:colcon.colcon_core.shell:Creating prefix chain script '/home/omer/rcaai_ws/install/setup.sh'
[19.972s] INFO:colcon.colcon_core.shell:Creating prefix script '/home/omer/rcaai_ws/install/local_setup.bash'
[19.973s] INFO:colcon.colcon_core.shell:Creating prefix chain script '/home/omer/rcaai_ws/install/setup.bash'
[19.975s] INFO:colcon.colcon_core.shell:Creating prefix script '/home/omer/rcaai_ws/install/local_setup.zsh'
[19.976s] INFO:colcon.colcon_core.shell:Creating prefix chain script '/home/omer/rcaai_ws/install/setup.zsh'
