[0.579s] Invoking command in '/home/omer/rcaai_ws/build/graspnet_description': CMAKE_PREFIX_PATH=/opt/ros/humble /usr/bin/cmake /home/omer/rcaai_ws/src/graspnet_description -DAMENT_CMAKE_SYMLINK_INSTALL=1 -DCMAKE_INSTALL_PREFIX=/home/omer/rcaai_ws/install/graspnet_description
[1.182s] -- Found ament_cmake: 1.3.12 (/opt/ros/humble/share/ament_cmake/cmake)
[1.182s] -- Override CMake install command with custom implementation using symlinks instead of copying resources
[1.183s] -- Found urdf: 2.6.1 (/opt/ros/humble/share/urdf/cmake)
[1.183s] -- Found xacro: 2.0.13 (/opt/ros/humble/share/xacro/cmake)
[1.183s] -- Found robot_state_publisher: 3.0.3 (/opt/ros/humble/share/robot_state_publisher/cmake)
[1.183s] -- Found rosidl_generator_c: 3.1.7 (/opt/ros/humble/share/rosidl_generator_c/cmake)
[1.183s] -- Found rosidl_adapter: 3.1.7 (/opt/ros/humble/share/rosidl_adapter/cmake)
[1.184s] -- Found rosidl_generator_cpp: 3.1.7 (/opt/ros/humble/share/rosidl_generator_cpp/cmake)
[1.184s] -- Using all available rosidl_typesupport_c: rosidl_typesupport_fastrtps_c;rosidl_typesupport_introspection_c
[1.184s] -- Using all available rosidl_typesupport_cpp: rosidl_typesupport_fastrtps_cpp;rosidl_typesupport_introspection_cpp
[1.184s] -- Found eigen3_cmake_module: 0.1.1 (/opt/ros/humble/share/eigen3_cmake_module/cmake)
[1.184s] -- Ensuring Eigen3 include directory is part of orocos-kdl CMake target
[1.184s] -- Found rmw_implementation_cmake: 6.1.2 (/opt/ros/humble/share/rmw_implementation_cmake/cmake)
[1.185s] -- Found rmw_fastrtps_cpp: 6.2.8 (/opt/ros/humble/share/rmw_fastrtps_cpp/cmake)
[1.190s] -- Found TinyXML2 via Config file: TinyXML2_DIR-NOTFOUND
[1.206s] -- Found TinyXML2 via Config file: TinyXML2_DIR-NOTFOUND
[1.235s] -- Found TinyXML2 via Config file: TinyXML2_DIR-NOTFOUND
[1.250s] -- Found TinyXML2 via Config file: TinyXML2_DIR-NOTFOUND
[1.268s] -- Using RMW implementation 'rmw_fastrtps_cpp' as default
[1.552s] [31mCMake Error at CMakeLists.txt:13 (find_package):
[1.552s]   By not providing "Findjoint_state_publisher.cmake" in CMAKE_MODULE_PATH
[1.552s]   this project has asked CMake to find a package configuration file provided
[1.552s]   by "joint_state_publisher", but CMake did not find one.
[1.552s] 
[1.553s]   Could not find a package configuration file provided by
[1.553s]   "joint_state_publisher" with any of the following names:
[1.553s] 
[1.553s]     joint_state_publisherConfig.cmake
[1.553s]     joint_state_publisher-config.cmake
[1.554s] 
[1.554s]   Add the installation prefix of "joint_state_publisher" to CMAKE_PREFIX_PATH
[1.554s]   or set "joint_state_publisher_DIR" to a directory containing one of the
[1.554s]   above files.  If "joint_state_publisher" provides a separate development
[1.554s]   package or SDK, be sure it has been installed.
[1.554s] 
[1.555s] [0m
[1.555s] -- Configuring incomplete, errors occurred!
[1.555s] See also "/home/omer/rcaai_ws/build/graspnet_description/CMakeFiles/CMakeOutput.log".
[5.917s] Invoked command in '/home/omer/rcaai_ws/build/graspnet_description' returned '1': CMAKE_PREFIX_PATH=/opt/ros/humble /usr/bin/cmake /home/omer/rcaai_ws/src/graspnet_description -DAMENT_CMAKE_SYMLINK_INSTALL=1 -DCMAKE_INSTALL_PREFIX=/home/omer/rcaai_ws/install/graspnet_description
