[0.077s] Invoking command in '/home/omer/rcaai_ws/build/graspnet_bringup': CMAKE_PREFIX_PATH=/opt/ros/humble /usr/bin/cmake /home/omer/rcaai_ws/src/graspnet_bringup -DCMAKE_INSTALL_PREFIX=/home/omer/rcaai_ws/install/graspnet_bringup
[0.713s] -- Found ament_cmake: 1.3.12 (/opt/ros/humble/share/ament_cmake/cmake)
[0.716s] -- Configuring incomplete, errors occurred!
[0.717s] See also "/home/omer/rcaai_ws/build/graspnet_bringup/CMakeFiles/CMakeOutput.log".
[0.719s] [31mCMake Error at CMakeLists.txt:10 (find_package):
[0.719s]   By not providing "Findlaunch.cmake" in CMAKE_MODULE_PATH this project has
[0.721s]   asked CMake to find a package configuration file provided by "launch", but
[0.721s]   CMake did not find one.
[0.721s] 
[0.721s]   Could not find a package configuration file provided by "launch" with any
[0.721s]   of the following names:
[0.722s] 
[0.722s]     launchConfig.cmake
[0.722s]     launch-config.cmake
[0.722s] 
[0.722s]   Add the installation prefix of "launch" to CMAKE_PREFIX_PATH or set
[0.722s]   "launch_DIR" to a directory containing one of the above files.  If "launch"
[0.723s]   provides a separate development package or SDK, be sure it has been
[0.723s]   installed.
[0.723s] 
[0.723s] [0m
[1.317s] Invoked command in '/home/omer/rcaai_ws/build/graspnet_bringup' returned '1': CMAKE_PREFIX_PATH=/opt/ros/humble /usr/bin/cmake /home/omer/rcaai_ws/src/graspnet_bringup -DCMAKE_INSTALL_PREFIX=/home/omer/rcaai_ws/install/graspnet_bringup
