[0.019s] Invoking command in '/home/omer/rcaai_ws/build/graspnet_moveit': CMAKE_PREFIX_PATH=/opt/ros/humble /usr/bin/cmake /home/omer/rcaai_ws/src/graspnet_moveit -DCMAKE_INSTALL_PREFIX=/home/omer/rcaai_ws/install/graspnet_moveit
[0.066s] -- The C compiler identification is GNU 11.4.0
[0.111s] -- The CXX compiler identification is GNU 11.4.0
[0.120s] -- Detecting C compiler ABI info
[0.177s] -- Detecting C compiler ABI info - done
[0.185s] -- Check for working C compiler: /usr/bin/cc - skipped
[0.185s] -- Detecting C compile features
[0.185s] -- Detecting C compile features - done
[0.188s] -- Detecting CXX compiler ABI info
[0.250s] -- Detecting CXX compiler ABI info - done
[0.256s] -- Check for working CXX compiler: /usr/bin/c++ - skipped
[0.256s] -- Detecting CXX compile features
[0.256s] -- Detecting CXX compile features - done
[0.258s] -- Found ament_cmake: 1.3.12 (/opt/ros/humble/share/ament_cmake/cmake)
[0.375s] -- Found Python3: /usr/bin/python3 (found version "3.10.12") found components: Interpreter 
[0.478s] [31mCMake Error at CMakeLists.txt:10 (find_package):
[0.478s]   By not providing "Findmoveit_ros_planning_interface.cmake" in
[0.478s]   CMAKE_MODULE_PATH this project has asked CMake to find a package
[0.478s]   configuration file provided by "moveit_ros_planning_interface", but CMake
[0.478s]   did not find one.
[0.478s] 
[0.478s]   Could not find a package configuration file provided by
[0.478s]   "moveit_ros_planning_interface" with any of the following names:
[0.478s] 
[0.478s]     moveit_ros_planning_interfaceConfig.cmake
[0.478s]     moveit_ros_planning_interface-config.cmake
[0.478s] 
[0.479s]   Add the installation prefix of "moveit_ros_planning_interface" to
[0.479s]   CMAKE_PREFIX_PATH or set "moveit_ros_planning_interface_DIR" to a directory
[0.479s]   containing one of the above files.  If "moveit_ros_planning_interface"
[0.479s]   provides a separate development package or SDK, be sure it has been
[0.479s]   installed.
[0.479s] 
[0.479s] [0m
[0.490s] -- Configuring incomplete, errors occurred!
[0.490s] See also "/home/omer/rcaai_ws/build/graspnet_moveit/CMakeFiles/CMakeOutput.log".
