[0.019s] Invoking command in '/home/omer/rcaai_ws/build/graspnet_gazebo': CMAKE_PREFIX_PATH=/opt/ros/humble /usr/bin/cmake /home/omer/rcaai_ws/src/graspnet_gazebo -DCMAKE_INSTALL_PREFIX=/home/omer/rcaai_ws/install/graspnet_gazebo
[0.050s] -- The C compiler identification is GNU 11.4.0
[0.094s] -- The CXX compiler identification is GNU 11.4.0
[0.102s] -- Detecting C compiler ABI info
[0.151s] -- Detecting C compiler ABI info - done
[0.156s] -- Check for working C compiler: /usr/bin/cc - skipped
[0.157s] -- Detecting C compile features
[0.157s] -- Detecting C compile features - done
[0.160s] -- Detecting CXX compiler ABI info
[0.216s] -- Detecting CXX compiler ABI info - done
[0.221s] -- Check for working CXX compiler: /usr/bin/c++ - skipped
[0.222s] -- Detecting CXX compile features
[0.222s] -- Detecting CXX compile features - done
[0.224s] -- Found ament_cmake: 1.3.12 (/opt/ros/humble/share/ament_cmake/cmake)
[0.343s] -- Found Python3: /usr/bin/python3 (found version "3.10.12") found components: Interpreter 
[0.422s] [31mCMake Error at CMakeLists.txt:10 (find_package):
[0.422s]   By not providing "Findgazebo_ros.cmake" in CMAKE_MODULE_PATH this project
[0.422s]   has asked CMake to find a package configuration file provided by
[0.422s]   "gazebo_ros", but CMake did not find one.
[0.422s] 
[0.422s]   Could not find a package configuration file provided by "gazebo_ros" with
[0.422s]   any of the following names:
[0.422s] 
[0.422s]     gazebo_rosConfig.cmake
[0.422s]     gazebo_ros-config.cmake
[0.422s] 
[0.422s]   Add the installation prefix of "gazebo_ros" to CMAKE_PREFIX_PATH or set
[0.422s]   "gazebo_ros_DIR" to a directory containing one of the above files.  If
[0.422s]   "gazebo_ros" provides a separate development package or SDK, be sure it has
[0.423s]   been installed.
[0.423s] 
[0.423s] [0m
[0.423s] -- Configuring incomplete, errors occurred!
[0.423s] See also "/home/omer/rcaai_ws/build/graspnet_gazebo/CMakeFiles/CMakeOutput.log".
[0.427s] Invoked command in '/home/omer/rcaai_ws/build/graspnet_gazebo' returned '1': CMAKE_PREFIX_PATH=/opt/ros/humble /usr/bin/cmake /home/omer/rcaai_ws/src/graspnet_gazebo -DCMAKE_INSTALL_PREFIX=/home/omer/rcaai_ws/install/graspnet_gazebo
