[0.231s] DEBUG:colcon:Command line arguments: ['/usr/bin/colcon', 'build', '--packages-select', 'graspnet_hardware', 'graspnet_description', 'graspnet_gazebo', 'graspnet_moveit', 'graspnet_control', 'graspnet_perception', 'graspnet_bringup']
[0.231s] DEBUG:colcon:Parsed command line arguments: Namespace(log_base=None, log_level=None, verb_name='build', build_base='build', install_base='install', merge_install=False, symlink_install=False, test_result_base=None, continue_on_error=False, executor='parallel', parallel_workers=8, event_handlers=None, ignore_user_meta=False, metas=['./colcon.meta'], base_paths=['.'], packages_ignore=None, packages_ignore_regex=None, paths=None, packages_up_to=None, packages_up_to_regex=None, packages_above=None, packages_above_and_dependencies=None, packages_above_depth=None, packages_select_by_dep=None, packages_skip_by_dep=None, packages_skip_up_to=None, packages_select_build_failed=False, packages_skip_build_finished=False, packages_select_test_failures=False, packages_skip_test_passed=False, packages_select=['graspnet_hardware', 'graspnet_description', 'graspnet_gazebo', 'graspnet_moveit', 'graspnet_control', 'graspnet_perception', 'graspnet_bringup'], packages_skip=None, packages_select_regex=None, packages_skip_regex=None, packages_start=None, packages_end=None, allow_overriding=[], cmake_args=None, cmake_target=None, cmake_target_skip_unavailable=False, cmake_clean_cache=False, cmake_clean_first=False, cmake_force_configure=False, ament_cmake_args=None, catkin_cmake_args=None, catkin_skip_building_tests=False, verb_parser=<colcon_defaults.argument_parser.defaults.DefaultArgumentsDecorator object at 0x7f198c661360>, verb_extension=<colcon_core.verb.build.BuildVerb object at 0x7f198c660df0>, main=<bound method BuildVerb.main of <colcon_core.verb.build.BuildVerb object at 0x7f198c660df0>>)
[0.606s] Level 1:colcon.colcon_core.package_discovery:discover_packages(colcon_meta) check parameters
[0.607s] Level 1:colcon.colcon_core.package_discovery:discover_packages(recursive) check parameters
[0.607s] Level 1:colcon.colcon_core.package_discovery:discover_packages(ignore) check parameters
[0.607s] Level 1:colcon.colcon_core.package_discovery:discover_packages(path) check parameters
[0.607s] Level 1:colcon.colcon_core.package_discovery:discover_packages(colcon_meta) discover
[0.607s] Level 1:colcon.colcon_core.package_discovery:discover_packages(recursive) discover
[0.607s] INFO:colcon.colcon_core.package_discovery:Crawling recursively for packages in '/home/omer/rcaai_ws'
[0.607s] Level 1:colcon.colcon_core.package_identification:_identify(.) by extensions ['ignore', 'ignore_ament_install']
[0.607s] Level 1:colcon.colcon_core.package_identification:_identify(.) by extension 'ignore'
[0.607s] Level 1:colcon.colcon_core.package_identification:_identify(.) by extension 'ignore_ament_install'
[0.608s] Level 1:colcon.colcon_core.package_identification:_identify(.) by extensions ['colcon_pkg']
[0.608s] Level 1:colcon.colcon_core.package_identification:_identify(.) by extension 'colcon_pkg'
[0.608s] Level 1:colcon.colcon_core.package_identification:_identify(.) by extensions ['colcon_meta']
[0.608s] Level 1:colcon.colcon_core.package_identification:_identify(.) by extension 'colcon_meta'
[0.608s] Level 1:colcon.colcon_core.package_identification:_identify(.) by extensions ['ros']
[0.608s] Level 1:colcon.colcon_core.package_identification:_identify(.) by extension 'ros'
[0.630s] Level 1:colcon.colcon_core.package_identification:_identify(.) by extensions ['cmake', 'python']
[0.630s] Level 1:colcon.colcon_core.package_identification:_identify(.) by extension 'cmake'
[0.631s] Level 1:colcon.colcon_core.package_identification:_identify(.) by extension 'python'
[0.631s] Level 1:colcon.colcon_core.package_identification:_identify(.) by extensions ['python_setup_py']
[0.631s] Level 1:colcon.colcon_core.package_identification:_identify(.) by extension 'python_setup_py'
[0.631s] Level 1:colcon.colcon_core.package_identification:_identify(build) by extensions ['ignore', 'ignore_ament_install']
[0.631s] Level 1:colcon.colcon_core.package_identification:_identify(build) by extension 'ignore'
[0.631s] Level 1:colcon.colcon_core.package_identification:_identify(build) ignored
[0.631s] Level 1:colcon.colcon_core.package_identification:_identify(install) by extensions ['ignore', 'ignore_ament_install']
[0.632s] Level 1:colcon.colcon_core.package_identification:_identify(install) by extension 'ignore'
[0.632s] Level 1:colcon.colcon_core.package_identification:_identify(install) ignored
[0.632s] Level 1:colcon.colcon_core.package_identification:_identify(log) by extensions ['ignore', 'ignore_ament_install']
[0.632s] Level 1:colcon.colcon_core.package_identification:_identify(log) by extension 'ignore'
[0.632s] Level 1:colcon.colcon_core.package_identification:_identify(log) ignored
[0.632s] Level 1:colcon.colcon_core.package_identification:_identify(src) by extensions ['ignore', 'ignore_ament_install']
[0.632s] Level 1:colcon.colcon_core.package_identification:_identify(src) by extension 'ignore'
[0.632s] Level 1:colcon.colcon_core.package_identification:_identify(src) by extension 'ignore_ament_install'
[0.633s] Level 1:colcon.colcon_core.package_identification:_identify(src) by extensions ['colcon_pkg']
[0.633s] Level 1:colcon.colcon_core.package_identification:_identify(src) by extension 'colcon_pkg'
[0.633s] Level 1:colcon.colcon_core.package_identification:_identify(src) by extensions ['colcon_meta']
[0.633s] Level 1:colcon.colcon_core.package_identification:_identify(src) by extension 'colcon_meta'
[0.633s] Level 1:colcon.colcon_core.package_identification:_identify(src) by extensions ['ros']
[0.633s] Level 1:colcon.colcon_core.package_identification:_identify(src) by extension 'ros'
[0.633s] Level 1:colcon.colcon_core.package_identification:_identify(src) by extensions ['cmake', 'python']
[0.633s] Level 1:colcon.colcon_core.package_identification:_identify(src) by extension 'cmake'
[0.633s] Level 1:colcon.colcon_core.package_identification:_identify(src) by extension 'python'
[0.633s] Level 1:colcon.colcon_core.package_identification:_identify(src) by extensions ['python_setup_py']
[0.633s] Level 1:colcon.colcon_core.package_identification:_identify(src) by extension 'python_setup_py'
[0.634s] Level 1:colcon.colcon_core.package_identification:_identify(src/build) by extensions ['ignore', 'ignore_ament_install']
[0.634s] Level 1:colcon.colcon_core.package_identification:_identify(src/build) by extension 'ignore'
[0.634s] Level 1:colcon.colcon_core.package_identification:_identify(src/build) ignored
[0.634s] Level 1:colcon.colcon_core.package_identification:_identify(src/graspnet_bringup) by extensions ['ignore', 'ignore_ament_install']
[0.634s] Level 1:colcon.colcon_core.package_identification:_identify(src/graspnet_bringup) by extension 'ignore'
[0.635s] Level 1:colcon.colcon_core.package_identification:_identify(src/graspnet_bringup) by extension 'ignore_ament_install'
[0.635s] Level 1:colcon.colcon_core.package_identification:_identify(src/graspnet_bringup) by extensions ['colcon_pkg']
[0.635s] Level 1:colcon.colcon_core.package_identification:_identify(src/graspnet_bringup) by extension 'colcon_pkg'
[0.635s] Level 1:colcon.colcon_core.package_identification:_identify(src/graspnet_bringup) by extensions ['colcon_meta']
[0.635s] Level 1:colcon.colcon_core.package_identification:_identify(src/graspnet_bringup) by extension 'colcon_meta'
[0.635s] Level 1:colcon.colcon_core.package_identification:_identify(src/graspnet_bringup) by extensions ['ros']
[0.635s] Level 1:colcon.colcon_core.package_identification:_identify(src/graspnet_bringup) by extension 'ros'
[0.640s] DEBUG:colcon.colcon_core.package_identification:Package 'src/graspnet_bringup' with type 'ros.ament_cmake' and name 'graspnet_bringup'
[0.640s] Level 1:colcon.colcon_core.package_identification:_identify(src/graspnet_control) by extensions ['ignore', 'ignore_ament_install']
[0.641s] Level 1:colcon.colcon_core.package_identification:_identify(src/graspnet_control) by extension 'ignore'
[0.641s] Level 1:colcon.colcon_core.package_identification:_identify(src/graspnet_control) by extension 'ignore_ament_install'
[0.641s] Level 1:colcon.colcon_core.package_identification:_identify(src/graspnet_control) by extensions ['colcon_pkg']
[0.641s] Level 1:colcon.colcon_core.package_identification:_identify(src/graspnet_control) by extension 'colcon_pkg'
[0.641s] Level 1:colcon.colcon_core.package_identification:_identify(src/graspnet_control) by extensions ['colcon_meta']
[0.641s] Level 1:colcon.colcon_core.package_identification:_identify(src/graspnet_control) by extension 'colcon_meta'
[0.641s] Level 1:colcon.colcon_core.package_identification:_identify(src/graspnet_control) by extensions ['ros']
[0.641s] Level 1:colcon.colcon_core.package_identification:_identify(src/graspnet_control) by extension 'ros'
[0.643s] DEBUG:colcon.colcon_core.package_identification:Package 'src/graspnet_control' with type 'ros.ament_python' and name 'graspnet_control'
[0.643s] Level 1:colcon.colcon_core.package_identification:_identify(src/graspnet_description) by extensions ['ignore', 'ignore_ament_install']
[0.643s] Level 1:colcon.colcon_core.package_identification:_identify(src/graspnet_description) by extension 'ignore'
[0.643s] Level 1:colcon.colcon_core.package_identification:_identify(src/graspnet_description) by extension 'ignore_ament_install'
[0.643s] Level 1:colcon.colcon_core.package_identification:_identify(src/graspnet_description) by extensions ['colcon_pkg']
[0.644s] Level 1:colcon.colcon_core.package_identification:_identify(src/graspnet_description) by extension 'colcon_pkg'
[0.644s] Level 1:colcon.colcon_core.package_identification:_identify(src/graspnet_description) by extensions ['colcon_meta']
[0.644s] Level 1:colcon.colcon_core.package_identification:_identify(src/graspnet_description) by extension 'colcon_meta'
[0.644s] Level 1:colcon.colcon_core.package_identification:_identify(src/graspnet_description) by extensions ['ros']
[0.644s] Level 1:colcon.colcon_core.package_identification:_identify(src/graspnet_description) by extension 'ros'
[0.645s] DEBUG:colcon.colcon_core.package_identification:Package 'src/graspnet_description' with type 'ros.ament_cmake' and name 'graspnet_description'
[0.646s] Level 1:colcon.colcon_core.package_identification:_identify(src/graspnet_gazebo) by extensions ['ignore', 'ignore_ament_install']
[0.646s] Level 1:colcon.colcon_core.package_identification:_identify(src/graspnet_gazebo) by extension 'ignore'
[0.646s] Level 1:colcon.colcon_core.package_identification:_identify(src/graspnet_gazebo) by extension 'ignore_ament_install'
[0.646s] Level 1:colcon.colcon_core.package_identification:_identify(src/graspnet_gazebo) by extensions ['colcon_pkg']
[0.646s] Level 1:colcon.colcon_core.package_identification:_identify(src/graspnet_gazebo) by extension 'colcon_pkg'
[0.646s] Level 1:colcon.colcon_core.package_identification:_identify(src/graspnet_gazebo) by extensions ['colcon_meta']
[0.646s] Level 1:colcon.colcon_core.package_identification:_identify(src/graspnet_gazebo) by extension 'colcon_meta'
[0.646s] Level 1:colcon.colcon_core.package_identification:_identify(src/graspnet_gazebo) by extensions ['ros']
[0.646s] Level 1:colcon.colcon_core.package_identification:_identify(src/graspnet_gazebo) by extension 'ros'
[0.648s] DEBUG:colcon.colcon_core.package_identification:Package 'src/graspnet_gazebo' with type 'ros.ament_cmake' and name 'graspnet_gazebo'
[0.648s] Level 1:colcon.colcon_core.package_identification:_identify(src/graspnet_hardware) by extensions ['ignore', 'ignore_ament_install']
[0.648s] Level 1:colcon.colcon_core.package_identification:_identify(src/graspnet_hardware) by extension 'ignore'
[0.649s] Level 1:colcon.colcon_core.package_identification:_identify(src/graspnet_hardware) by extension 'ignore_ament_install'
[0.649s] Level 1:colcon.colcon_core.package_identification:_identify(src/graspnet_hardware) by extensions ['colcon_pkg']
[0.649s] Level 1:colcon.colcon_core.package_identification:_identify(src/graspnet_hardware) by extension 'colcon_pkg'
[0.649s] Level 1:colcon.colcon_core.package_identification:_identify(src/graspnet_hardware) by extensions ['colcon_meta']
[0.649s] Level 1:colcon.colcon_core.package_identification:_identify(src/graspnet_hardware) by extension 'colcon_meta'
[0.649s] Level 1:colcon.colcon_core.package_identification:_identify(src/graspnet_hardware) by extensions ['ros']
[0.649s] Level 1:colcon.colcon_core.package_identification:_identify(src/graspnet_hardware) by extension 'ros'
[0.650s] DEBUG:colcon.colcon_core.package_identification:Package 'src/graspnet_hardware' with type 'ros.ament_cmake' and name 'graspnet_hardware'
[0.651s] Level 1:colcon.colcon_core.package_identification:_identify(src/graspnet_moveit) by extensions ['ignore', 'ignore_ament_install']
[0.651s] Level 1:colcon.colcon_core.package_identification:_identify(src/graspnet_moveit) by extension 'ignore'
[0.651s] Level 1:colcon.colcon_core.package_identification:_identify(src/graspnet_moveit) by extension 'ignore_ament_install'
[0.651s] Level 1:colcon.colcon_core.package_identification:_identify(src/graspnet_moveit) by extensions ['colcon_pkg']
[0.651s] Level 1:colcon.colcon_core.package_identification:_identify(src/graspnet_moveit) by extension 'colcon_pkg'
[0.651s] Level 1:colcon.colcon_core.package_identification:_identify(src/graspnet_moveit) by extensions ['colcon_meta']
[0.651s] Level 1:colcon.colcon_core.package_identification:_identify(src/graspnet_moveit) by extension 'colcon_meta'
[0.652s] Level 1:colcon.colcon_core.package_identification:_identify(src/graspnet_moveit) by extensions ['ros']
[0.652s] Level 1:colcon.colcon_core.package_identification:_identify(src/graspnet_moveit) by extension 'ros'
[0.653s] DEBUG:colcon.colcon_core.package_identification:Package 'src/graspnet_moveit' with type 'ros.ament_cmake' and name 'graspnet_moveit'
[0.653s] Level 1:colcon.colcon_core.package_identification:_identify(src/graspnet_perception) by extensions ['ignore', 'ignore_ament_install']
[0.654s] Level 1:colcon.colcon_core.package_identification:_identify(src/graspnet_perception) by extension 'ignore'
[0.654s] Level 1:colcon.colcon_core.package_identification:_identify(src/graspnet_perception) by extension 'ignore_ament_install'
[0.654s] Level 1:colcon.colcon_core.package_identification:_identify(src/graspnet_perception) by extensions ['colcon_pkg']
[0.654s] Level 1:colcon.colcon_core.package_identification:_identify(src/graspnet_perception) by extension 'colcon_pkg'
[0.654s] Level 1:colcon.colcon_core.package_identification:_identify(src/graspnet_perception) by extensions ['colcon_meta']
[0.654s] Level 1:colcon.colcon_core.package_identification:_identify(src/graspnet_perception) by extension 'colcon_meta'
[0.654s] Level 1:colcon.colcon_core.package_identification:_identify(src/graspnet_perception) by extensions ['ros']
[0.654s] Level 1:colcon.colcon_core.package_identification:_identify(src/graspnet_perception) by extension 'ros'
[0.656s] DEBUG:colcon.colcon_core.package_identification:Package 'src/graspnet_perception' with type 'ros.ament_python' and name 'graspnet_perception'
[0.656s] Level 1:colcon.colcon_core.package_identification:_identify(src/install) by extensions ['ignore', 'ignore_ament_install']
[0.657s] Level 1:colcon.colcon_core.package_identification:_identify(src/install) by extension 'ignore'
[0.657s] Level 1:colcon.colcon_core.package_identification:_identify(src/install) ignored
[0.657s] Level 1:colcon.colcon_core.package_identification:_identify(src/log) by extensions ['ignore', 'ignore_ament_install']
[0.657s] Level 1:colcon.colcon_core.package_identification:_identify(src/log) by extension 'ignore'
[0.657s] Level 1:colcon.colcon_core.package_identification:_identify(src/log) ignored
[0.657s] Level 1:colcon.colcon_core.package_identification:_identify(src/sim_stack) by extensions ['ignore', 'ignore_ament_install']
[0.658s] Level 1:colcon.colcon_core.package_identification:_identify(src/sim_stack) by extension 'ignore'
[0.658s] Level 1:colcon.colcon_core.package_identification:_identify(src/sim_stack) by extension 'ignore_ament_install'
[0.658s] Level 1:colcon.colcon_core.package_identification:_identify(src/sim_stack) by extensions ['colcon_pkg']
[0.658s] Level 1:colcon.colcon_core.package_identification:_identify(src/sim_stack) by extension 'colcon_pkg'
[0.658s] Level 1:colcon.colcon_core.package_identification:_identify(src/sim_stack) by extensions ['colcon_meta']
[0.658s] Level 1:colcon.colcon_core.package_identification:_identify(src/sim_stack) by extension 'colcon_meta'
[0.658s] Level 1:colcon.colcon_core.package_identification:_identify(src/sim_stack) by extensions ['ros']
[0.658s] Level 1:colcon.colcon_core.package_identification:_identify(src/sim_stack) by extension 'ros'
[0.659s] DEBUG:colcon.colcon_core.package_identification:Package 'src/sim_stack' with type 'ros.ament_cmake' and name 'sim_stack'
[0.660s] Level 1:colcon.colcon_core.package_identification:_identify(temp_packages) by extensions ['ignore', 'ignore_ament_install']
[0.660s] Level 1:colcon.colcon_core.package_identification:_identify(temp_packages) by extension 'ignore'
[0.660s] Level 1:colcon.colcon_core.package_identification:_identify(temp_packages) by extension 'ignore_ament_install'
[0.660s] Level 1:colcon.colcon_core.package_identification:_identify(temp_packages) by extensions ['colcon_pkg']
[0.660s] Level 1:colcon.colcon_core.package_identification:_identify(temp_packages) by extension 'colcon_pkg'
[0.660s] Level 1:colcon.colcon_core.package_identification:_identify(temp_packages) by extensions ['colcon_meta']
[0.660s] Level 1:colcon.colcon_core.package_identification:_identify(temp_packages) by extension 'colcon_meta'
[0.660s] Level 1:colcon.colcon_core.package_identification:_identify(temp_packages) by extensions ['ros']
[0.660s] Level 1:colcon.colcon_core.package_identification:_identify(temp_packages) by extension 'ros'
[0.661s] Level 1:colcon.colcon_core.package_identification:_identify(temp_packages) by extensions ['cmake', 'python']
[0.661s] Level 1:colcon.colcon_core.package_identification:_identify(temp_packages) by extension 'cmake'
[0.661s] Level 1:colcon.colcon_core.package_identification:_identify(temp_packages) by extension 'python'
[0.661s] Level 1:colcon.colcon_core.package_identification:_identify(temp_packages) by extensions ['python_setup_py']
[0.661s] Level 1:colcon.colcon_core.package_identification:_identify(temp_packages) by extension 'python_setup_py'
[0.661s] Level 1:colcon.colcon_core.package_identification:_identify(temp_packages/Universal_Robots_ROS2_Gazebo_Simulation) by extensions ['ignore', 'ignore_ament_install']
[0.661s] Level 1:colcon.colcon_core.package_identification:_identify(temp_packages/Universal_Robots_ROS2_Gazebo_Simulation) by extension 'ignore'
[0.661s] Level 1:colcon.colcon_core.package_identification:_identify(temp_packages/Universal_Robots_ROS2_Gazebo_Simulation) by extension 'ignore_ament_install'
[0.661s] Level 1:colcon.colcon_core.package_identification:_identify(temp_packages/Universal_Robots_ROS2_Gazebo_Simulation) by extensions ['colcon_pkg']
[0.661s] Level 1:colcon.colcon_core.package_identification:_identify(temp_packages/Universal_Robots_ROS2_Gazebo_Simulation) by extension 'colcon_pkg'
[0.661s] Level 1:colcon.colcon_core.package_identification:_identify(temp_packages/Universal_Robots_ROS2_Gazebo_Simulation) by extensions ['colcon_meta']
[0.662s] Level 1:colcon.colcon_core.package_identification:_identify(temp_packages/Universal_Robots_ROS2_Gazebo_Simulation) by extension 'colcon_meta'
[0.662s] Level 1:colcon.colcon_core.package_identification:_identify(temp_packages/Universal_Robots_ROS2_Gazebo_Simulation) by extensions ['ros']
[0.662s] Level 1:colcon.colcon_core.package_identification:_identify(temp_packages/Universal_Robots_ROS2_Gazebo_Simulation) by extension 'ros'
[0.662s] Level 1:colcon.colcon_core.package_identification:_identify(temp_packages/Universal_Robots_ROS2_Gazebo_Simulation) by extensions ['cmake', 'python']
[0.662s] Level 1:colcon.colcon_core.package_identification:_identify(temp_packages/Universal_Robots_ROS2_Gazebo_Simulation) by extension 'cmake'
[0.662s] Level 1:colcon.colcon_core.package_identification:_identify(temp_packages/Universal_Robots_ROS2_Gazebo_Simulation) by extension 'python'
[0.662s] Level 1:colcon.colcon_core.package_identification:_identify(temp_packages/Universal_Robots_ROS2_Gazebo_Simulation) by extensions ['python_setup_py']
[0.662s] Level 1:colcon.colcon_core.package_identification:_identify(temp_packages/Universal_Robots_ROS2_Gazebo_Simulation) by extension 'python_setup_py'
[0.662s] Level 1:colcon.colcon_core.package_identification:_identify(temp_packages/Universal_Robots_ROS2_Gazebo_Simulation/ur_simulation_gazebo) by extensions ['ignore', 'ignore_ament_install']
[0.662s] Level 1:colcon.colcon_core.package_identification:_identify(temp_packages/Universal_Robots_ROS2_Gazebo_Simulation/ur_simulation_gazebo) by extension 'ignore'
[0.663s] Level 1:colcon.colcon_core.package_identification:_identify(temp_packages/Universal_Robots_ROS2_Gazebo_Simulation/ur_simulation_gazebo) by extension 'ignore_ament_install'
[0.663s] Level 1:colcon.colcon_core.package_identification:_identify(temp_packages/Universal_Robots_ROS2_Gazebo_Simulation/ur_simulation_gazebo) by extensions ['colcon_pkg']
[0.663s] Level 1:colcon.colcon_core.package_identification:_identify(temp_packages/Universal_Robots_ROS2_Gazebo_Simulation/ur_simulation_gazebo) by extension 'colcon_pkg'
[0.663s] Level 1:colcon.colcon_core.package_identification:_identify(temp_packages/Universal_Robots_ROS2_Gazebo_Simulation/ur_simulation_gazebo) by extensions ['colcon_meta']
[0.663s] Level 1:colcon.colcon_core.package_identification:_identify(temp_packages/Universal_Robots_ROS2_Gazebo_Simulation/ur_simulation_gazebo) by extension 'colcon_meta'
[0.663s] Level 1:colcon.colcon_core.package_identification:_identify(temp_packages/Universal_Robots_ROS2_Gazebo_Simulation/ur_simulation_gazebo) by extensions ['ros']
[0.663s] Level 1:colcon.colcon_core.package_identification:_identify(temp_packages/Universal_Robots_ROS2_Gazebo_Simulation/ur_simulation_gazebo) by extension 'ros'
[0.666s] DEBUG:colcon.colcon_core.package_identification:Package 'temp_packages/Universal_Robots_ROS2_Gazebo_Simulation/ur_simulation_gazebo' with type 'ros.ament_cmake' and name 'ur_simulation_gazebo'
[0.667s] Level 1:colcon.colcon_core.package_identification:_identify(temp_packages/graspnet-baseline) by extensions ['ignore', 'ignore_ament_install']
[0.667s] Level 1:colcon.colcon_core.package_identification:_identify(temp_packages/graspnet-baseline) by extension 'ignore'
[0.667s] Level 1:colcon.colcon_core.package_identification:_identify(temp_packages/graspnet-baseline) by extension 'ignore_ament_install'
[0.667s] Level 1:colcon.colcon_core.package_identification:_identify(temp_packages/graspnet-baseline) by extensions ['colcon_pkg']
[0.667s] Level 1:colcon.colcon_core.package_identification:_identify(temp_packages/graspnet-baseline) by extension 'colcon_pkg'
[0.667s] Level 1:colcon.colcon_core.package_identification:_identify(temp_packages/graspnet-baseline) by extensions ['colcon_meta']
[0.667s] Level 1:colcon.colcon_core.package_identification:_identify(temp_packages/graspnet-baseline) by extension 'colcon_meta'
[0.667s] Level 1:colcon.colcon_core.package_identification:_identify(temp_packages/graspnet-baseline) by extensions ['ros']
[0.667s] Level 1:colcon.colcon_core.package_identification:_identify(temp_packages/graspnet-baseline) by extension 'ros'
[0.668s] Level 1:colcon.colcon_core.package_identification:_identify(temp_packages/graspnet-baseline) by extensions ['cmake', 'python']
[0.668s] Level 1:colcon.colcon_core.package_identification:_identify(temp_packages/graspnet-baseline) by extension 'cmake'
[0.668s] Level 1:colcon.colcon_core.package_identification:_identify(temp_packages/graspnet-baseline) by extension 'python'
[0.668s] Level 1:colcon.colcon_core.package_identification:_identify(temp_packages/graspnet-baseline) by extensions ['python_setup_py']
[0.668s] Level 1:colcon.colcon_core.package_identification:_identify(temp_packages/graspnet-baseline) by extension 'python_setup_py'
[0.668s] Level 1:colcon.colcon_core.package_identification:_identify(temp_packages/graspnet-baseline/dataset) by extensions ['ignore', 'ignore_ament_install']
[0.668s] Level 1:colcon.colcon_core.package_identification:_identify(temp_packages/graspnet-baseline/dataset) by extension 'ignore'
[0.668s] Level 1:colcon.colcon_core.package_identification:_identify(temp_packages/graspnet-baseline/dataset) by extension 'ignore_ament_install'
[0.668s] Level 1:colcon.colcon_core.package_identification:_identify(temp_packages/graspnet-baseline/dataset) by extensions ['colcon_pkg']
[0.668s] Level 1:colcon.colcon_core.package_identification:_identify(temp_packages/graspnet-baseline/dataset) by extension 'colcon_pkg'
[0.668s] Level 1:colcon.colcon_core.package_identification:_identify(temp_packages/graspnet-baseline/dataset) by extensions ['colcon_meta']
[0.669s] Level 1:colcon.colcon_core.package_identification:_identify(temp_packages/graspnet-baseline/dataset) by extension 'colcon_meta'
[0.669s] Level 1:colcon.colcon_core.package_identification:_identify(temp_packages/graspnet-baseline/dataset) by extensions ['ros']
[0.669s] Level 1:colcon.colcon_core.package_identification:_identify(temp_packages/graspnet-baseline/dataset) by extension 'ros'
[0.669s] Level 1:colcon.colcon_core.package_identification:_identify(temp_packages/graspnet-baseline/dataset) by extensions ['cmake', 'python']
[0.669s] Level 1:colcon.colcon_core.package_identification:_identify(temp_packages/graspnet-baseline/dataset) by extension 'cmake'
[0.669s] Level 1:colcon.colcon_core.package_identification:_identify(temp_packages/graspnet-baseline/dataset) by extension 'python'
[0.669s] Level 1:colcon.colcon_core.package_identification:_identify(temp_packages/graspnet-baseline/dataset) by extensions ['python_setup_py']
[0.669s] Level 1:colcon.colcon_core.package_identification:_identify(temp_packages/graspnet-baseline/dataset) by extension 'python_setup_py'
[0.669s] Level 1:colcon.colcon_core.package_identification:_identify(temp_packages/graspnet-baseline/doc) by extensions ['ignore', 'ignore_ament_install']
[0.669s] Level 1:colcon.colcon_core.package_identification:_identify(temp_packages/graspnet-baseline/doc) by extension 'ignore'
[0.670s] Level 1:colcon.colcon_core.package_identification:_identify(temp_packages/graspnet-baseline/doc) by extension 'ignore_ament_install'
[0.670s] Level 1:colcon.colcon_core.package_identification:_identify(temp_packages/graspnet-baseline/doc) by extensions ['colcon_pkg']
[0.670s] Level 1:colcon.colcon_core.package_identification:_identify(temp_packages/graspnet-baseline/doc) by extension 'colcon_pkg'
[0.670s] Level 1:colcon.colcon_core.package_identification:_identify(temp_packages/graspnet-baseline/doc) by extensions ['colcon_meta']
[0.670s] Level 1:colcon.colcon_core.package_identification:_identify(temp_packages/graspnet-baseline/doc) by extension 'colcon_meta'
[0.670s] Level 1:colcon.colcon_core.package_identification:_identify(temp_packages/graspnet-baseline/doc) by extensions ['ros']
[0.670s] Level 1:colcon.colcon_core.package_identification:_identify(temp_packages/graspnet-baseline/doc) by extension 'ros'
[0.670s] Level 1:colcon.colcon_core.package_identification:_identify(temp_packages/graspnet-baseline/doc) by extensions ['cmake', 'python']
[0.670s] Level 1:colcon.colcon_core.package_identification:_identify(temp_packages/graspnet-baseline/doc) by extension 'cmake'
[0.670s] Level 1:colcon.colcon_core.package_identification:_identify(temp_packages/graspnet-baseline/doc) by extension 'python'
[0.670s] Level 1:colcon.colcon_core.package_identification:_identify(temp_packages/graspnet-baseline/doc) by extensions ['python_setup_py']
[0.670s] Level 1:colcon.colcon_core.package_identification:_identify(temp_packages/graspnet-baseline/doc) by extension 'python_setup_py'
[0.671s] Level 1:colcon.colcon_core.package_identification:_identify(temp_packages/graspnet-baseline/doc/example_data) by extensions ['ignore', 'ignore_ament_install']
[0.671s] Level 1:colcon.colcon_core.package_identification:_identify(temp_packages/graspnet-baseline/doc/example_data) by extension 'ignore'
[0.671s] Level 1:colcon.colcon_core.package_identification:_identify(temp_packages/graspnet-baseline/doc/example_data) by extension 'ignore_ament_install'
[0.671s] Level 1:colcon.colcon_core.package_identification:_identify(temp_packages/graspnet-baseline/doc/example_data) by extensions ['colcon_pkg']
[0.671s] Level 1:colcon.colcon_core.package_identification:_identify(temp_packages/graspnet-baseline/doc/example_data) by extension 'colcon_pkg'
[0.671s] Level 1:colcon.colcon_core.package_identification:_identify(temp_packages/graspnet-baseline/doc/example_data) by extensions ['colcon_meta']
[0.671s] Level 1:colcon.colcon_core.package_identification:_identify(temp_packages/graspnet-baseline/doc/example_data) by extension 'colcon_meta'
[0.671s] Level 1:colcon.colcon_core.package_identification:_identify(temp_packages/graspnet-baseline/doc/example_data) by extensions ['ros']
[0.671s] Level 1:colcon.colcon_core.package_identification:_identify(temp_packages/graspnet-baseline/doc/example_data) by extension 'ros'
[0.671s] Level 1:colcon.colcon_core.package_identification:_identify(temp_packages/graspnet-baseline/doc/example_data) by extensions ['cmake', 'python']
[0.671s] Level 1:colcon.colcon_core.package_identification:_identify(temp_packages/graspnet-baseline/doc/example_data) by extension 'cmake'
[0.672s] Level 1:colcon.colcon_core.package_identification:_identify(temp_packages/graspnet-baseline/doc/example_data) by extension 'python'
[0.672s] Level 1:colcon.colcon_core.package_identification:_identify(temp_packages/graspnet-baseline/doc/example_data) by extensions ['python_setup_py']
[0.672s] Level 1:colcon.colcon_core.package_identification:_identify(temp_packages/graspnet-baseline/doc/example_data) by extension 'python_setup_py'
[0.672s] Level 1:colcon.colcon_core.package_identification:_identify(temp_packages/graspnet-baseline/knn) by extensions ['ignore', 'ignore_ament_install']
[0.672s] Level 1:colcon.colcon_core.package_identification:_identify(temp_packages/graspnet-baseline/knn) by extension 'ignore'
[0.672s] Level 1:colcon.colcon_core.package_identification:_identify(temp_packages/graspnet-baseline/knn) by extension 'ignore_ament_install'
[0.672s] Level 1:colcon.colcon_core.package_identification:_identify(temp_packages/graspnet-baseline/knn) by extensions ['colcon_pkg']
[0.672s] Level 1:colcon.colcon_core.package_identification:_identify(temp_packages/graspnet-baseline/knn) by extension 'colcon_pkg'
[0.672s] Level 1:colcon.colcon_core.package_identification:_identify(temp_packages/graspnet-baseline/knn) by extensions ['colcon_meta']
[0.672s] Level 1:colcon.colcon_core.package_identification:_identify(temp_packages/graspnet-baseline/knn) by extension 'colcon_meta'
[0.672s] Level 1:colcon.colcon_core.package_identification:_identify(temp_packages/graspnet-baseline/knn) by extensions ['ros']
[0.673s] Level 1:colcon.colcon_core.package_identification:_identify(temp_packages/graspnet-baseline/knn) by extension 'ros'
[0.673s] Level 1:colcon.colcon_core.package_identification:_identify(temp_packages/graspnet-baseline/knn) by extensions ['cmake', 'python']
[0.673s] Level 1:colcon.colcon_core.package_identification:_identify(temp_packages/graspnet-baseline/knn) by extension 'cmake'
[0.673s] Level 1:colcon.colcon_core.package_identification:_identify(temp_packages/graspnet-baseline/knn) by extension 'python'
[0.673s] Level 1:colcon.colcon_core.package_identification:_identify(temp_packages/graspnet-baseline/knn) by extensions ['python_setup_py']
[0.673s] Level 1:colcon.colcon_core.package_identification:_identify(temp_packages/graspnet-baseline/knn) by extension 'python_setup_py'
[5.125s] DEBUG:colcon.colcon_core.package_identification:Package 'temp_packages/graspnet-baseline/knn' with type 'python' and name 'knn_pytorch'
[5.125s] Level 1:colcon.colcon_core.package_identification:_identify(temp_packages/graspnet-baseline/models) by extensions ['ignore', 'ignore_ament_install']
[5.125s] Level 1:colcon.colcon_core.package_identification:_identify(temp_packages/graspnet-baseline/models) by extension 'ignore'
[5.126s] Level 1:colcon.colcon_core.package_identification:_identify(temp_packages/graspnet-baseline/models) by extension 'ignore_ament_install'
[5.126s] Level 1:colcon.colcon_core.package_identification:_identify(temp_packages/graspnet-baseline/models) by extensions ['colcon_pkg']
[5.126s] Level 1:colcon.colcon_core.package_identification:_identify(temp_packages/graspnet-baseline/models) by extension 'colcon_pkg'
[5.126s] Level 1:colcon.colcon_core.package_identification:_identify(temp_packages/graspnet-baseline/models) by extensions ['colcon_meta']
[5.126s] Level 1:colcon.colcon_core.package_identification:_identify(temp_packages/graspnet-baseline/models) by extension 'colcon_meta'
[5.126s] Level 1:colcon.colcon_core.package_identification:_identify(temp_packages/graspnet-baseline/models) by extensions ['ros']
[5.126s] Level 1:colcon.colcon_core.package_identification:_identify(temp_packages/graspnet-baseline/models) by extension 'ros'
[5.126s] Level 1:colcon.colcon_core.package_identification:_identify(temp_packages/graspnet-baseline/models) by extensions ['cmake', 'python']
[5.126s] Level 1:colcon.colcon_core.package_identification:_identify(temp_packages/graspnet-baseline/models) by extension 'cmake'
[5.126s] Level 1:colcon.colcon_core.package_identification:_identify(temp_packages/graspnet-baseline/models) by extension 'python'
[5.126s] Level 1:colcon.colcon_core.package_identification:_identify(temp_packages/graspnet-baseline/models) by extensions ['python_setup_py']
[5.127s] Level 1:colcon.colcon_core.package_identification:_identify(temp_packages/graspnet-baseline/models) by extension 'python_setup_py'
[5.127s] Level 1:colcon.colcon_core.package_identification:_identify(temp_packages/graspnet-baseline/pointnet2) by extensions ['ignore', 'ignore_ament_install']
[5.127s] Level 1:colcon.colcon_core.package_identification:_identify(temp_packages/graspnet-baseline/pointnet2) by extension 'ignore'
[5.127s] Level 1:colcon.colcon_core.package_identification:_identify(temp_packages/graspnet-baseline/pointnet2) by extension 'ignore_ament_install'
[5.127s] Level 1:colcon.colcon_core.package_identification:_identify(temp_packages/graspnet-baseline/pointnet2) by extensions ['colcon_pkg']
[5.127s] Level 1:colcon.colcon_core.package_identification:_identify(temp_packages/graspnet-baseline/pointnet2) by extension 'colcon_pkg'
[5.127s] Level 1:colcon.colcon_core.package_identification:_identify(temp_packages/graspnet-baseline/pointnet2) by extensions ['colcon_meta']
[5.127s] Level 1:colcon.colcon_core.package_identification:_identify(temp_packages/graspnet-baseline/pointnet2) by extension 'colcon_meta'
[5.128s] Level 1:colcon.colcon_core.package_identification:_identify(temp_packages/graspnet-baseline/pointnet2) by extensions ['ros']
[5.128s] Level 1:colcon.colcon_core.package_identification:_identify(temp_packages/graspnet-baseline/pointnet2) by extension 'ros'
[5.128s] Level 1:colcon.colcon_core.package_identification:_identify(temp_packages/graspnet-baseline/pointnet2) by extensions ['cmake', 'python']
[5.128s] Level 1:colcon.colcon_core.package_identification:_identify(temp_packages/graspnet-baseline/pointnet2) by extension 'cmake'
[5.128s] Level 1:colcon.colcon_core.package_identification:_identify(temp_packages/graspnet-baseline/pointnet2) by extension 'python'
[5.128s] Level 1:colcon.colcon_core.package_identification:_identify(temp_packages/graspnet-baseline/pointnet2) by extensions ['python_setup_py']
[5.128s] Level 1:colcon.colcon_core.package_identification:_identify(temp_packages/graspnet-baseline/pointnet2) by extension 'python_setup_py'
[9.711s] ERROR:colcon.colcon_core.package_identification:Exception in package identification extension 'python_setup_py' in 'temp_packages/graspnet-baseline/pointnet2': Command '['/usr/bin/python3', '-c', 'import sys;from contextlib import suppress;exec("with suppress(ImportError):    from setuptools.extern.packaging.specifiers    import SpecifierSet");exec("with suppress(ImportError):    from packaging.specifiers import SpecifierSet");from distutils.core import run_setup;dist = run_setup(    \'setup.py\', script_args=(\'--dry-run\',), stop_after=\'config\');skip_keys = (\'cmdclass\', \'distclass\', \'ext_modules\', \'metadata\');data = {    key: value for key, value in dist.__dict__.items()     if (        not key.startswith(\'_\') and         not callable(value) and         key not in skip_keys and         key not in dist.display_option_names    )};data[\'metadata\'] = {    k: v for k, v in dist.metadata.__dict__.items()     if k not in (\'license_files\', \'provides_extras\')};sys.stdout.buffer.write(repr(data).encode(\'utf-8\'))']' returned non-zero exit status 1.
Traceback (most recent call last):
  File "/usr/lib/python3/dist-packages/colcon_core/package_identification/__init__.py", line 144, in _identify
    retval = extension.identify(_reused_descriptor_instance)
  File "/usr/lib/python3/dist-packages/colcon_python_setup_py/package_identification/python_setup_py.py", line 48, in identify
    config = get_setup_information(setup_py)
  File "/usr/lib/python3/dist-packages/colcon_python_setup_py/package_identification/python_setup_py.py", line 249, in get_setup_information
    _setup_information_cache[hashable_env] = _get_setup_information(
  File "/usr/lib/python3/dist-packages/colcon_python_setup_py/package_identification/python_setup_py.py", line 296, in _get_setup_information
    result = subprocess.run(
  File "/usr/lib/python3.10/subprocess.py", line 526, in run
    raise CalledProcessError(retcode, process.args,
subprocess.CalledProcessError: Command '['/usr/bin/python3', '-c', 'import sys;from contextlib import suppress;exec("with suppress(ImportError):    from setuptools.extern.packaging.specifiers    import SpecifierSet");exec("with suppress(ImportError):    from packaging.specifiers import SpecifierSet");from distutils.core import run_setup;dist = run_setup(    \'setup.py\', script_args=(\'--dry-run\',), stop_after=\'config\');skip_keys = (\'cmdclass\', \'distclass\', \'ext_modules\', \'metadata\');data = {    key: value for key, value in dist.__dict__.items()     if (        not key.startswith(\'_\') and         not callable(value) and         key not in skip_keys and         key not in dist.display_option_names    )};data[\'metadata\'] = {    k: v for k, v in dist.metadata.__dict__.items()     if k not in (\'license_files\', \'provides_extras\')};sys.stdout.buffer.write(repr(data).encode(\'utf-8\'))']' returned non-zero exit status 1.

[9.711s] Level 1:colcon.colcon_core.package_identification:_identify(temp_packages/graspnet-baseline/pointnet2/_ext_src) by extensions ['ignore', 'ignore_ament_install']
[9.712s] Level 1:colcon.colcon_core.package_identification:_identify(temp_packages/graspnet-baseline/pointnet2/_ext_src) by extension 'ignore'
[9.712s] Level 1:colcon.colcon_core.package_identification:_identify(temp_packages/graspnet-baseline/pointnet2/_ext_src) by extension 'ignore_ament_install'
[9.712s] Level 1:colcon.colcon_core.package_identification:_identify(temp_packages/graspnet-baseline/pointnet2/_ext_src) by extensions ['colcon_pkg']
[9.712s] Level 1:colcon.colcon_core.package_identification:_identify(temp_packages/graspnet-baseline/pointnet2/_ext_src) by extension 'colcon_pkg'
[9.712s] Level 1:colcon.colcon_core.package_identification:_identify(temp_packages/graspnet-baseline/pointnet2/_ext_src) by extensions ['colcon_meta']
[9.712s] Level 1:colcon.colcon_core.package_identification:_identify(temp_packages/graspnet-baseline/pointnet2/_ext_src) by extension 'colcon_meta'
[9.712s] Level 1:colcon.colcon_core.package_identification:_identify(temp_packages/graspnet-baseline/pointnet2/_ext_src) by extensions ['ros']
[9.712s] Level 1:colcon.colcon_core.package_identification:_identify(temp_packages/graspnet-baseline/pointnet2/_ext_src) by extension 'ros'
[9.712s] Level 1:colcon.colcon_core.package_identification:_identify(temp_packages/graspnet-baseline/pointnet2/_ext_src) by extensions ['cmake', 'python']
[9.713s] Level 1:colcon.colcon_core.package_identification:_identify(temp_packages/graspnet-baseline/pointnet2/_ext_src) by extension 'cmake'
[9.713s] Level 1:colcon.colcon_core.package_identification:_identify(temp_packages/graspnet-baseline/pointnet2/_ext_src) by extension 'python'
[9.713s] Level 1:colcon.colcon_core.package_identification:_identify(temp_packages/graspnet-baseline/pointnet2/_ext_src) by extensions ['python_setup_py']
[9.713s] Level 1:colcon.colcon_core.package_identification:_identify(temp_packages/graspnet-baseline/pointnet2/_ext_src) by extension 'python_setup_py'
[9.713s] Level 1:colcon.colcon_core.package_identification:_identify(temp_packages/graspnet-baseline/pointnet2/_ext_src/include) by extensions ['ignore', 'ignore_ament_install']
[9.713s] Level 1:colcon.colcon_core.package_identification:_identify(temp_packages/graspnet-baseline/pointnet2/_ext_src/include) by extension 'ignore'
[9.713s] Level 1:colcon.colcon_core.package_identification:_identify(temp_packages/graspnet-baseline/pointnet2/_ext_src/include) by extension 'ignore_ament_install'
[9.713s] Level 1:colcon.colcon_core.package_identification:_identify(temp_packages/graspnet-baseline/pointnet2/_ext_src/include) by extensions ['colcon_pkg']
[9.713s] Level 1:colcon.colcon_core.package_identification:_identify(temp_packages/graspnet-baseline/pointnet2/_ext_src/include) by extension 'colcon_pkg'
[9.714s] Level 1:colcon.colcon_core.package_identification:_identify(temp_packages/graspnet-baseline/pointnet2/_ext_src/include) by extensions ['colcon_meta']
[9.714s] Level 1:colcon.colcon_core.package_identification:_identify(temp_packages/graspnet-baseline/pointnet2/_ext_src/include) by extension 'colcon_meta'
[9.714s] Level 1:colcon.colcon_core.package_identification:_identify(temp_packages/graspnet-baseline/pointnet2/_ext_src/include) by extensions ['ros']
[9.714s] Level 1:colcon.colcon_core.package_identification:_identify(temp_packages/graspnet-baseline/pointnet2/_ext_src/include) by extension 'ros'
[9.714s] Level 1:colcon.colcon_core.package_identification:_identify(temp_packages/graspnet-baseline/pointnet2/_ext_src/include) by extensions ['cmake', 'python']
[9.714s] Level 1:colcon.colcon_core.package_identification:_identify(temp_packages/graspnet-baseline/pointnet2/_ext_src/include) by extension 'cmake'
[9.714s] Level 1:colcon.colcon_core.package_identification:_identify(temp_packages/graspnet-baseline/pointnet2/_ext_src/include) by extension 'python'
[9.714s] Level 1:colcon.colcon_core.package_identification:_identify(temp_packages/graspnet-baseline/pointnet2/_ext_src/include) by extensions ['python_setup_py']
[9.714s] Level 1:colcon.colcon_core.package_identification:_identify(temp_packages/graspnet-baseline/pointnet2/_ext_src/include) by extension 'python_setup_py'
[9.714s] Level 1:colcon.colcon_core.package_identification:_identify(temp_packages/graspnet-baseline/pointnet2/_ext_src/src) by extensions ['ignore', 'ignore_ament_install']
[9.715s] Level 1:colcon.colcon_core.package_identification:_identify(temp_packages/graspnet-baseline/pointnet2/_ext_src/src) by extension 'ignore'
[9.715s] Level 1:colcon.colcon_core.package_identification:_identify(temp_packages/graspnet-baseline/pointnet2/_ext_src/src) by extension 'ignore_ament_install'
[9.715s] Level 1:colcon.colcon_core.package_identification:_identify(temp_packages/graspnet-baseline/pointnet2/_ext_src/src) by extensions ['colcon_pkg']
[9.715s] Level 1:colcon.colcon_core.package_identification:_identify(temp_packages/graspnet-baseline/pointnet2/_ext_src/src) by extension 'colcon_pkg'
[9.715s] Level 1:colcon.colcon_core.package_identification:_identify(temp_packages/graspnet-baseline/pointnet2/_ext_src/src) by extensions ['colcon_meta']
[9.715s] Level 1:colcon.colcon_core.package_identification:_identify(temp_packages/graspnet-baseline/pointnet2/_ext_src/src) by extension 'colcon_meta'
[9.715s] Level 1:colcon.colcon_core.package_identification:_identify(temp_packages/graspnet-baseline/pointnet2/_ext_src/src) by extensions ['ros']
[9.715s] Level 1:colcon.colcon_core.package_identification:_identify(temp_packages/graspnet-baseline/pointnet2/_ext_src/src) by extension 'ros'
[9.715s] Level 1:colcon.colcon_core.package_identification:_identify(temp_packages/graspnet-baseline/pointnet2/_ext_src/src) by extensions ['cmake', 'python']
[9.715s] Level 1:colcon.colcon_core.package_identification:_identify(temp_packages/graspnet-baseline/pointnet2/_ext_src/src) by extension 'cmake'
[9.715s] Level 1:colcon.colcon_core.package_identification:_identify(temp_packages/graspnet-baseline/pointnet2/_ext_src/src) by extension 'python'
[9.716s] Level 1:colcon.colcon_core.package_identification:_identify(temp_packages/graspnet-baseline/pointnet2/_ext_src/src) by extensions ['python_setup_py']
[9.716s] Level 1:colcon.colcon_core.package_identification:_identify(temp_packages/graspnet-baseline/pointnet2/_ext_src/src) by extension 'python_setup_py'
[9.716s] Level 1:colcon.colcon_core.package_identification:_identify(temp_packages/graspnet-baseline/utils) by extensions ['ignore', 'ignore_ament_install']
[9.716s] Level 1:colcon.colcon_core.package_identification:_identify(temp_packages/graspnet-baseline/utils) by extension 'ignore'
[9.716s] Level 1:colcon.colcon_core.package_identification:_identify(temp_packages/graspnet-baseline/utils) by extension 'ignore_ament_install'
[9.716s] Level 1:colcon.colcon_core.package_identification:_identify(temp_packages/graspnet-baseline/utils) by extensions ['colcon_pkg']
[9.716s] Level 1:colcon.colcon_core.package_identification:_identify(temp_packages/graspnet-baseline/utils) by extension 'colcon_pkg'
[9.716s] Level 1:colcon.colcon_core.package_identification:_identify(temp_packages/graspnet-baseline/utils) by extensions ['colcon_meta']
[9.716s] Level 1:colcon.colcon_core.package_identification:_identify(temp_packages/graspnet-baseline/utils) by extension 'colcon_meta'
[9.716s] Level 1:colcon.colcon_core.package_identification:_identify(temp_packages/graspnet-baseline/utils) by extensions ['ros']
[9.716s] Level 1:colcon.colcon_core.package_identification:_identify(temp_packages/graspnet-baseline/utils) by extension 'ros'
[9.717s] Level 1:colcon.colcon_core.package_identification:_identify(temp_packages/graspnet-baseline/utils) by extensions ['cmake', 'python']
[9.717s] Level 1:colcon.colcon_core.package_identification:_identify(temp_packages/graspnet-baseline/utils) by extension 'cmake'
[9.717s] Level 1:colcon.colcon_core.package_identification:_identify(temp_packages/graspnet-baseline/utils) by extension 'python'
[9.717s] Level 1:colcon.colcon_core.package_identification:_identify(temp_packages/graspnet-baseline/utils) by extensions ['python_setup_py']
[9.717s] Level 1:colcon.colcon_core.package_identification:_identify(temp_packages/graspnet-baseline/utils) by extension 'python_setup_py'
[9.717s] Level 1:colcon.colcon_core.package_discovery:discover_packages(recursive) using defaults
[9.717s] Level 1:colcon.colcon_core.package_discovery:discover_packages(ignore) discover
[9.717s] Level 1:colcon.colcon_core.package_discovery:discover_packages(ignore) using defaults
[9.717s] Level 1:colcon.colcon_core.package_discovery:discover_packages(path) discover
[9.717s] Level 1:colcon.colcon_core.package_discovery:discover_packages(path) using defaults
[9.786s] INFO:colcon.colcon_core.package_selection:Skipping not selected package 'knn_pytorch' in 'temp_packages/graspnet-baseline/knn'
[9.786s] INFO:colcon.colcon_core.package_selection:Skipping not selected package 'sim_stack' in 'src/sim_stack'
[9.786s] INFO:colcon.colcon_core.package_selection:Skipping not selected package 'ur_simulation_gazebo' in 'temp_packages/Universal_Robots_ROS2_Gazebo_Simulation/ur_simulation_gazebo'
[9.787s] Level 1:colcon.colcon_core.package_discovery:discover_packages(prefix_path) check parameters
[9.787s] Level 1:colcon.colcon_core.package_discovery:discover_packages(prefix_path) discover
[9.792s] DEBUG:colcon.colcon_installed_package_information.package_discovery:Found 326 installed packages in /opt/ros/humble
[9.797s] Level 1:colcon.colcon_core.package_discovery:discover_packages(prefix_path) using defaults
[9.877s] Level 5:colcon.colcon_core.verb:set package 'graspnet_bringup' build argument 'cmake_args' from command line to 'None'
[9.877s] Level 5:colcon.colcon_core.verb:set package 'graspnet_bringup' build argument 'cmake_target' from command line to 'None'
[9.878s] Level 5:colcon.colcon_core.verb:set package 'graspnet_bringup' build argument 'cmake_target_skip_unavailable' from command line to 'False'
[9.878s] Level 5:colcon.colcon_core.verb:set package 'graspnet_bringup' build argument 'cmake_clean_cache' from command line to 'False'
[9.878s] Level 5:colcon.colcon_core.verb:set package 'graspnet_bringup' build argument 'cmake_clean_first' from command line to 'False'
[9.878s] Level 5:colcon.colcon_core.verb:set package 'graspnet_bringup' build argument 'cmake_force_configure' from command line to 'False'
[9.878s] Level 5:colcon.colcon_core.verb:set package 'graspnet_bringup' build argument 'ament_cmake_args' from command line to 'None'
[9.878s] Level 5:colcon.colcon_core.verb:set package 'graspnet_bringup' build argument 'catkin_cmake_args' from command line to 'None'
[9.878s] Level 5:colcon.colcon_core.verb:set package 'graspnet_bringup' build argument 'catkin_skip_building_tests' from command line to 'False'
[9.878s] DEBUG:colcon.colcon_core.verb:Building package 'graspnet_bringup' with the following arguments: {'ament_cmake_args': None, 'build_base': '/home/omer/rcaai_ws/build/graspnet_bringup', 'catkin_cmake_args': None, 'catkin_skip_building_tests': False, 'cmake_args': None, 'cmake_clean_cache': False, 'cmake_clean_first': False, 'cmake_force_configure': False, 'cmake_target': None, 'cmake_target_skip_unavailable': False, 'install_base': '/home/omer/rcaai_ws/install/graspnet_bringup', 'merge_install': False, 'path': '/home/omer/rcaai_ws/src/graspnet_bringup', 'symlink_install': False, 'test_result_base': None}
[9.879s] Level 5:colcon.colcon_core.verb:set package 'graspnet_control' build argument 'cmake_args' from command line to 'None'
[9.879s] Level 5:colcon.colcon_core.verb:set package 'graspnet_control' build argument 'cmake_target' from command line to 'None'
[9.879s] Level 5:colcon.colcon_core.verb:set package 'graspnet_control' build argument 'cmake_target_skip_unavailable' from command line to 'False'
[9.879s] Level 5:colcon.colcon_core.verb:set package 'graspnet_control' build argument 'cmake_clean_cache' from command line to 'False'
[9.879s] Level 5:colcon.colcon_core.verb:set package 'graspnet_control' build argument 'cmake_clean_first' from command line to 'False'
[9.879s] Level 5:colcon.colcon_core.verb:set package 'graspnet_control' build argument 'cmake_force_configure' from command line to 'False'
[9.879s] Level 5:colcon.colcon_core.verb:set package 'graspnet_control' build argument 'ament_cmake_args' from command line to 'None'
[9.879s] Level 5:colcon.colcon_core.verb:set package 'graspnet_control' build argument 'catkin_cmake_args' from command line to 'None'
[9.879s] Level 5:colcon.colcon_core.verb:set package 'graspnet_control' build argument 'catkin_skip_building_tests' from command line to 'False'
[9.879s] DEBUG:colcon.colcon_core.verb:Building package 'graspnet_control' with the following arguments: {'ament_cmake_args': None, 'build_base': '/home/omer/rcaai_ws/build/graspnet_control', 'catkin_cmake_args': None, 'catkin_skip_building_tests': False, 'cmake_args': None, 'cmake_clean_cache': False, 'cmake_clean_first': False, 'cmake_force_configure': False, 'cmake_target': None, 'cmake_target_skip_unavailable': False, 'install_base': '/home/omer/rcaai_ws/install/graspnet_control', 'merge_install': False, 'path': '/home/omer/rcaai_ws/src/graspnet_control', 'symlink_install': False, 'test_result_base': None}
[9.880s] Level 5:colcon.colcon_core.verb:set package 'graspnet_description' build argument 'cmake_args' from command line to 'None'
[9.880s] Level 5:colcon.colcon_core.verb:set package 'graspnet_description' build argument 'cmake_target' from command line to 'None'
[9.880s] Level 5:colcon.colcon_core.verb:set package 'graspnet_description' build argument 'cmake_target_skip_unavailable' from command line to 'False'
[9.880s] Level 5:colcon.colcon_core.verb:set package 'graspnet_description' build argument 'cmake_clean_cache' from command line to 'False'
[9.880s] Level 5:colcon.colcon_core.verb:set package 'graspnet_description' build argument 'cmake_clean_first' from command line to 'False'
[9.880s] Level 5:colcon.colcon_core.verb:set package 'graspnet_description' build argument 'cmake_force_configure' from command line to 'False'
[9.880s] Level 5:colcon.colcon_core.verb:set package 'graspnet_description' build argument 'ament_cmake_args' from command line to 'None'
[9.880s] Level 5:colcon.colcon_core.verb:set package 'graspnet_description' build argument 'catkin_cmake_args' from command line to 'None'
[9.880s] Level 5:colcon.colcon_core.verb:set package 'graspnet_description' build argument 'catkin_skip_building_tests' from command line to 'False'
[9.880s] DEBUG:colcon.colcon_core.verb:Building package 'graspnet_description' with the following arguments: {'ament_cmake_args': None, 'build_base': '/home/omer/rcaai_ws/build/graspnet_description', 'catkin_cmake_args': None, 'catkin_skip_building_tests': False, 'cmake_args': None, 'cmake_clean_cache': False, 'cmake_clean_first': False, 'cmake_force_configure': False, 'cmake_target': None, 'cmake_target_skip_unavailable': False, 'install_base': '/home/omer/rcaai_ws/install/graspnet_description', 'merge_install': False, 'path': '/home/omer/rcaai_ws/src/graspnet_description', 'symlink_install': False, 'test_result_base': None}
[9.881s] Level 5:colcon.colcon_core.verb:set package 'graspnet_gazebo' build argument 'cmake_args' from command line to 'None'
[9.881s] Level 5:colcon.colcon_core.verb:set package 'graspnet_gazebo' build argument 'cmake_target' from command line to 'None'
[9.881s] Level 5:colcon.colcon_core.verb:set package 'graspnet_gazebo' build argument 'cmake_target_skip_unavailable' from command line to 'False'
[9.881s] Level 5:colcon.colcon_core.verb:set package 'graspnet_gazebo' build argument 'cmake_clean_cache' from command line to 'False'
[9.881s] Level 5:colcon.colcon_core.verb:set package 'graspnet_gazebo' build argument 'cmake_clean_first' from command line to 'False'
[9.881s] Level 5:colcon.colcon_core.verb:set package 'graspnet_gazebo' build argument 'cmake_force_configure' from command line to 'False'
[9.881s] Level 5:colcon.colcon_core.verb:set package 'graspnet_gazebo' build argument 'ament_cmake_args' from command line to 'None'
[9.881s] Level 5:colcon.colcon_core.verb:set package 'graspnet_gazebo' build argument 'catkin_cmake_args' from command line to 'None'
[9.881s] Level 5:colcon.colcon_core.verb:set package 'graspnet_gazebo' build argument 'catkin_skip_building_tests' from command line to 'False'
[9.881s] DEBUG:colcon.colcon_core.verb:Building package 'graspnet_gazebo' with the following arguments: {'ament_cmake_args': None, 'build_base': '/home/omer/rcaai_ws/build/graspnet_gazebo', 'catkin_cmake_args': None, 'catkin_skip_building_tests': False, 'cmake_args': None, 'cmake_clean_cache': False, 'cmake_clean_first': False, 'cmake_force_configure': False, 'cmake_target': None, 'cmake_target_skip_unavailable': False, 'install_base': '/home/omer/rcaai_ws/install/graspnet_gazebo', 'merge_install': False, 'path': '/home/omer/rcaai_ws/src/graspnet_gazebo', 'symlink_install': False, 'test_result_base': None}
[9.882s] Level 5:colcon.colcon_core.verb:set package 'graspnet_hardware' build argument 'cmake_args' from command line to 'None'
[9.882s] Level 5:colcon.colcon_core.verb:set package 'graspnet_hardware' build argument 'cmake_target' from command line to 'None'
[9.882s] Level 5:colcon.colcon_core.verb:set package 'graspnet_hardware' build argument 'cmake_target_skip_unavailable' from command line to 'False'
[9.882s] Level 5:colcon.colcon_core.verb:set package 'graspnet_hardware' build argument 'cmake_clean_cache' from command line to 'False'
[9.882s] Level 5:colcon.colcon_core.verb:set package 'graspnet_hardware' build argument 'cmake_clean_first' from command line to 'False'
[9.882s] Level 5:colcon.colcon_core.verb:set package 'graspnet_hardware' build argument 'cmake_force_configure' from command line to 'False'
[9.882s] Level 5:colcon.colcon_core.verb:set package 'graspnet_hardware' build argument 'ament_cmake_args' from command line to 'None'
[9.882s] Level 5:colcon.colcon_core.verb:set package 'graspnet_hardware' build argument 'catkin_cmake_args' from command line to 'None'
[9.882s] Level 5:colcon.colcon_core.verb:set package 'graspnet_hardware' build argument 'catkin_skip_building_tests' from command line to 'False'
[9.882s] DEBUG:colcon.colcon_core.verb:Building package 'graspnet_hardware' with the following arguments: {'ament_cmake_args': None, 'build_base': '/home/omer/rcaai_ws/build/graspnet_hardware', 'catkin_cmake_args': None, 'catkin_skip_building_tests': False, 'cmake_args': None, 'cmake_clean_cache': False, 'cmake_clean_first': False, 'cmake_force_configure': False, 'cmake_target': None, 'cmake_target_skip_unavailable': False, 'install_base': '/home/omer/rcaai_ws/install/graspnet_hardware', 'merge_install': False, 'path': '/home/omer/rcaai_ws/src/graspnet_hardware', 'symlink_install': False, 'test_result_base': None}
[9.883s] Level 5:colcon.colcon_core.verb:set package 'graspnet_moveit' build argument 'cmake_args' from command line to 'None'
[9.883s] Level 5:colcon.colcon_core.verb:set package 'graspnet_moveit' build argument 'cmake_target' from command line to 'None'
[9.883s] Level 5:colcon.colcon_core.verb:set package 'graspnet_moveit' build argument 'cmake_target_skip_unavailable' from command line to 'False'
[9.883s] Level 5:colcon.colcon_core.verb:set package 'graspnet_moveit' build argument 'cmake_clean_cache' from command line to 'False'
[9.883s] Level 5:colcon.colcon_core.verb:set package 'graspnet_moveit' build argument 'cmake_clean_first' from command line to 'False'
[9.883s] Level 5:colcon.colcon_core.verb:set package 'graspnet_moveit' build argument 'cmake_force_configure' from command line to 'False'
[9.883s] Level 5:colcon.colcon_core.verb:set package 'graspnet_moveit' build argument 'ament_cmake_args' from command line to 'None'
[9.883s] Level 5:colcon.colcon_core.verb:set package 'graspnet_moveit' build argument 'catkin_cmake_args' from command line to 'None'
[9.883s] Level 5:colcon.colcon_core.verb:set package 'graspnet_moveit' build argument 'catkin_skip_building_tests' from command line to 'False'
[9.883s] DEBUG:colcon.colcon_core.verb:Building package 'graspnet_moveit' with the following arguments: {'ament_cmake_args': None, 'build_base': '/home/omer/rcaai_ws/build/graspnet_moveit', 'catkin_cmake_args': None, 'catkin_skip_building_tests': False, 'cmake_args': None, 'cmake_clean_cache': False, 'cmake_clean_first': False, 'cmake_force_configure': False, 'cmake_target': None, 'cmake_target_skip_unavailable': False, 'install_base': '/home/omer/rcaai_ws/install/graspnet_moveit', 'merge_install': False, 'path': '/home/omer/rcaai_ws/src/graspnet_moveit', 'symlink_install': False, 'test_result_base': None}
[9.883s] Level 5:colcon.colcon_core.verb:set package 'graspnet_perception' build argument 'cmake_args' from command line to 'None'
[9.884s] Level 5:colcon.colcon_core.verb:set package 'graspnet_perception' build argument 'cmake_target' from command line to 'None'
[9.884s] Level 5:colcon.colcon_core.verb:set package 'graspnet_perception' build argument 'cmake_target_skip_unavailable' from command line to 'False'
[9.884s] Level 5:colcon.colcon_core.verb:set package 'graspnet_perception' build argument 'cmake_clean_cache' from command line to 'False'
[9.884s] Level 5:colcon.colcon_core.verb:set package 'graspnet_perception' build argument 'cmake_clean_first' from command line to 'False'
[9.884s] Level 5:colcon.colcon_core.verb:set package 'graspnet_perception' build argument 'cmake_force_configure' from command line to 'False'
[9.884s] Level 5:colcon.colcon_core.verb:set package 'graspnet_perception' build argument 'ament_cmake_args' from command line to 'None'
[9.884s] Level 5:colcon.colcon_core.verb:set package 'graspnet_perception' build argument 'catkin_cmake_args' from command line to 'None'
[9.884s] Level 5:colcon.colcon_core.verb:set package 'graspnet_perception' build argument 'catkin_skip_building_tests' from command line to 'False'
[9.884s] DEBUG:colcon.colcon_core.verb:Building package 'graspnet_perception' with the following arguments: {'ament_cmake_args': None, 'build_base': '/home/omer/rcaai_ws/build/graspnet_perception', 'catkin_cmake_args': None, 'catkin_skip_building_tests': False, 'cmake_args': None, 'cmake_clean_cache': False, 'cmake_clean_first': False, 'cmake_force_configure': False, 'cmake_target': None, 'cmake_target_skip_unavailable': False, 'install_base': '/home/omer/rcaai_ws/install/graspnet_perception', 'merge_install': False, 'path': '/home/omer/rcaai_ws/src/graspnet_perception', 'symlink_install': False, 'test_result_base': None}
[9.884s] INFO:colcon.colcon_core.executor:Executing jobs using 'parallel' executor
[9.886s] DEBUG:colcon.colcon_parallel_executor.executor.parallel:run_until_complete
[9.886s] INFO:colcon.colcon_ros.task.ament_cmake.build:Building ROS package in '/home/omer/rcaai_ws/src/graspnet_bringup' with build type 'ament_cmake'
[9.886s] INFO:colcon.colcon_cmake.task.cmake.build:Building CMake package in '/home/omer/rcaai_ws/src/graspnet_bringup'
[9.890s] INFO:colcon.colcon_core.plugin_system:Skipping extension 'colcon_core.shell.bat': Not used on non-Windows systems
[9.891s] INFO:colcon.colcon_core.shell:Skip shell extension 'powershell' for command environment: Not usable outside of PowerShell
[9.891s] DEBUG:colcon.colcon_core.shell:Skip shell extension 'dsv' for command environment
[9.896s] INFO:colcon.colcon_ros.task.ament_python.build:Building ROS package in '/home/omer/rcaai_ws/src/graspnet_control' with build type 'ament_python'
[9.897s] Level 1:colcon.colcon_core.shell:create_environment_hook('graspnet_control', 'ament_prefix_path')
[9.897s] INFO:colcon.colcon_core.shell:Creating environment hook '/home/omer/rcaai_ws/install/graspnet_control/share/graspnet_control/hook/ament_prefix_path.ps1'
[9.898s] INFO:colcon.colcon_core.shell:Creating environment descriptor '/home/omer/rcaai_ws/install/graspnet_control/share/graspnet_control/hook/ament_prefix_path.dsv'
[9.899s] INFO:colcon.colcon_core.shell:Creating environment hook '/home/omer/rcaai_ws/install/graspnet_control/share/graspnet_control/hook/ament_prefix_path.sh'
[9.901s] INFO:colcon.colcon_core.shell:Skip shell extension 'powershell' for command environment: Not usable outside of PowerShell
[9.901s] DEBUG:colcon.colcon_core.shell:Skip shell extension 'dsv' for command environment
[9.906s] INFO:colcon.colcon_ros.task.ament_cmake.build:Building ROS package in '/home/omer/rcaai_ws/src/graspnet_description' with build type 'ament_cmake'
[9.906s] INFO:colcon.colcon_cmake.task.cmake.build:Building CMake package in '/home/omer/rcaai_ws/src/graspnet_description'
[9.906s] INFO:colcon.colcon_core.shell:Skip shell extension 'powershell' for command environment: Not usable outside of PowerShell
[9.907s] DEBUG:colcon.colcon_core.shell:Skip shell extension 'dsv' for command environment
[9.920s] INFO:colcon.colcon_ros.task.ament_cmake.build:Building ROS package in '/home/omer/rcaai_ws/src/graspnet_gazebo' with build type 'ament_cmake'
[9.921s] INFO:colcon.colcon_cmake.task.cmake.build:Building CMake package in '/home/omer/rcaai_ws/src/graspnet_gazebo'
[9.922s] INFO:colcon.colcon_core.shell:Skip shell extension 'powershell' for command environment: Not usable outside of PowerShell
[9.922s] DEBUG:colcon.colcon_core.shell:Skip shell extension 'dsv' for command environment
[9.929s] INFO:colcon.colcon_ros.task.ament_cmake.build:Building ROS package in '/home/omer/rcaai_ws/src/graspnet_hardware' with build type 'ament_cmake'
[9.930s] INFO:colcon.colcon_cmake.task.cmake.build:Building CMake package in '/home/omer/rcaai_ws/src/graspnet_hardware'
[9.930s] INFO:colcon.colcon_core.shell:Skip shell extension 'powershell' for command environment: Not usable outside of PowerShell
[9.930s] DEBUG:colcon.colcon_core.shell:Skip shell extension 'dsv' for command environment
[9.938s] INFO:colcon.colcon_ros.task.ament_cmake.build:Building ROS package in '/home/omer/rcaai_ws/src/graspnet_moveit' with build type 'ament_cmake'
[9.939s] INFO:colcon.colcon_cmake.task.cmake.build:Building CMake package in '/home/omer/rcaai_ws/src/graspnet_moveit'
[9.939s] INFO:colcon.colcon_core.shell:Skip shell extension 'powershell' for command environment: Not usable outside of PowerShell
[9.940s] DEBUG:colcon.colcon_core.shell:Skip shell extension 'dsv' for command environment
[9.945s] INFO:colcon.colcon_ros.task.ament_python.build:Building ROS package in '/home/omer/rcaai_ws/src/graspnet_perception' with build type 'ament_python'
[9.945s] Level 1:colcon.colcon_core.shell:create_environment_hook('graspnet_perception', 'ament_prefix_path')
[9.946s] INFO:colcon.colcon_core.shell:Creating environment hook '/home/omer/rcaai_ws/install/graspnet_perception/share/graspnet_perception/hook/ament_prefix_path.ps1'
[9.947s] INFO:colcon.colcon_core.shell:Creating environment descriptor '/home/omer/rcaai_ws/install/graspnet_perception/share/graspnet_perception/hook/ament_prefix_path.dsv'
[9.948s] INFO:colcon.colcon_core.shell:Creating environment hook '/home/omer/rcaai_ws/install/graspnet_perception/share/graspnet_perception/hook/ament_prefix_path.sh'
[9.949s] INFO:colcon.colcon_core.shell:Skip shell extension 'powershell' for command environment: Not usable outside of PowerShell
[9.950s] DEBUG:colcon.colcon_core.shell:Skip shell extension 'dsv' for command environment
[9.968s] DEBUG:colcon.colcon_core.event_handler.log_command:Invoking command in '/home/omer/rcaai_ws/build/graspnet_bringup': CMAKE_PREFIX_PATH=/opt/ros/humble /usr/bin/cmake /home/omer/rcaai_ws/src/graspnet_bringup -DCMAKE_INSTALL_PREFIX=/home/omer/rcaai_ws/install/graspnet_bringup
[10.538s] INFO:colcon.colcon_core.task.python.build:Building Python package in '/home/omer/rcaai_ws/src/graspnet_control'
[10.538s] INFO:colcon.colcon_core.shell:Skip shell extension 'powershell' for command environment: Not usable outside of PowerShell
[10.538s] DEBUG:colcon.colcon_core.shell:Skip shell extension 'dsv' for command environment
[10.551s] DEBUG:colcon.colcon_core.event_handler.log_command:Invoking command in '/home/omer/rcaai_ws/build/graspnet_description': CMAKE_PREFIX_PATH=/opt/ros/humble /usr/bin/cmake /home/omer/rcaai_ws/src/graspnet_description -DCMAKE_INSTALL_PREFIX=/home/omer/rcaai_ws/install/graspnet_description
[10.558s] DEBUG:colcon.colcon_core.event_handler.log_command:Invoking command in '/home/omer/rcaai_ws/build/graspnet_gazebo': CMAKE_PREFIX_PATH=/opt/ros/humble /usr/bin/cmake --build /home/omer/rcaai_ws/build/graspnet_gazebo -- -j8 -l8
[10.562s] DEBUG:colcon.colcon_core.event_handler.log_command:Invoking command in '/home/omer/rcaai_ws/build/graspnet_hardware': CMAKE_PREFIX_PATH=/opt/ros/humble /usr/bin/cmake --build /home/omer/rcaai_ws/build/graspnet_hardware -- -j8 -l8
[10.573s] DEBUG:colcon.colcon_core.event_handler.log_command:Invoking command in '/home/omer/rcaai_ws/build/graspnet_moveit': CMAKE_PREFIX_PATH=/opt/ros/humble /usr/bin/cmake --build /home/omer/rcaai_ws/build/graspnet_moveit -- -j8 -l8
[10.581s] DEBUG:colcon.colcon_core.event_handler.log_command:Invoked command in '/home/omer/rcaai_ws/build/graspnet_bringup' returned '1': CMAKE_PREFIX_PATH=/opt/ros/humble /usr/bin/cmake /home/omer/rcaai_ws/src/graspnet_bringup -DCMAKE_INSTALL_PREFIX=/home/omer/rcaai_ws/install/graspnet_bringup
[11.166s] INFO:colcon.colcon_core.task.python.build:Building Python package in '/home/omer/rcaai_ws/src/graspnet_perception'
[11.167s] INFO:colcon.colcon_core.shell:Skip shell extension 'powershell' for command environment: Not usable outside of PowerShell
[11.167s] DEBUG:colcon.colcon_core.shell:Skip shell extension 'dsv' for command environment
[11.179s] DEBUG:colcon.colcon_core.event_handler.log_command:Invoked command in '/home/omer/rcaai_ws/build/graspnet_hardware' returned '0': CMAKE_PREFIX_PATH=/opt/ros/humble /usr/bin/cmake --build /home/omer/rcaai_ws/build/graspnet_hardware -- -j8 -l8
[11.199s] DEBUG:colcon.colcon_core.event_handler.log_command:Invoking command in '/home/omer/rcaai_ws/build/graspnet_hardware': CMAKE_PREFIX_PATH=/opt/ros/humble /usr/bin/cmake --install /home/omer/rcaai_ws/build/graspnet_hardware
[11.200s] DEBUG:colcon.colcon_core.event_handler.log_command:Invoked command in '/home/omer/rcaai_ws/build/graspnet_moveit' returned '0': CMAKE_PREFIX_PATH=/opt/ros/humble /usr/bin/cmake --build /home/omer/rcaai_ws/build/graspnet_moveit -- -j8 -l8
[11.203s] DEBUG:colcon.colcon_core.event_handler.log_command:Invoking command in '/home/omer/rcaai_ws/build/graspnet_moveit': CMAKE_PREFIX_PATH=/opt/ros/humble /usr/bin/cmake --install /home/omer/rcaai_ws/build/graspnet_moveit
[11.205s] DEBUG:colcon.colcon_core.event_handler.log_command:Invoked command in '/home/omer/rcaai_ws/build/graspnet_gazebo' returned '0': CMAKE_PREFIX_PATH=/opt/ros/humble /usr/bin/cmake --build /home/omer/rcaai_ws/build/graspnet_gazebo -- -j8 -l8
[11.211s] DEBUG:colcon.colcon_core.event_handler.log_command:Invoking command in '/home/omer/rcaai_ws/build/graspnet_gazebo': CMAKE_PREFIX_PATH=/opt/ros/humble /usr/bin/cmake --install /home/omer/rcaai_ws/build/graspnet_gazebo
[11.224s] Level 1:colcon.colcon_core.environment:create_environment_scripts_only(graspnet_bringup)
[11.231s] Level 1:colcon.colcon_core.environment:checking '/home/omer/rcaai_ws/install/graspnet_bringup' for CMake module files
[11.232s] Level 1:colcon.colcon_core.environment:checking '/home/omer/rcaai_ws/install/graspnet_bringup' for CMake config files
[11.235s] Level 1:colcon.colcon_core.environment:checking '/home/omer/rcaai_ws/install/graspnet_bringup/bin'
[11.235s] Level 1:colcon.colcon_core.environment:checking '/home/omer/rcaai_ws/install/graspnet_bringup/lib/pkgconfig/graspnet_bringup.pc'
[11.236s] Level 1:colcon.colcon_core.environment:checking '/home/omer/rcaai_ws/install/graspnet_bringup/lib/python3.10/site-packages'
[11.236s] Level 1:colcon.colcon_core.environment:checking '/home/omer/rcaai_ws/install/graspnet_bringup/bin'
[11.237s] INFO:colcon.colcon_core.shell:Creating package script '/home/omer/rcaai_ws/install/graspnet_bringup/share/graspnet_bringup/package.ps1'
[11.239s] INFO:colcon.colcon_core.shell:Creating package descriptor '/home/omer/rcaai_ws/install/graspnet_bringup/share/graspnet_bringup/package.dsv'
[11.241s] INFO:colcon.colcon_core.shell:Creating package script '/home/omer/rcaai_ws/install/graspnet_bringup/share/graspnet_bringup/package.sh'
[11.243s] INFO:colcon.colcon_core.shell:Creating package script '/home/omer/rcaai_ws/install/graspnet_bringup/share/graspnet_bringup/package.bash'
[11.252s] INFO:colcon.colcon_core.shell:Creating package script '/home/omer/rcaai_ws/install/graspnet_bringup/share/graspnet_bringup/package.zsh'
[11.254s] Level 1:colcon.colcon_core.environment:create_file_with_runtime_dependencies(/home/omer/rcaai_ws/install/graspnet_bringup/share/colcon-core/packages/graspnet_bringup)
[11.976s] DEBUG:colcon.colcon_parallel_executor.executor.parallel:closing loop
[11.976s] DEBUG:colcon.colcon_parallel_executor.executor.parallel:loop closed
[11.976s] DEBUG:colcon.colcon_parallel_executor.executor.parallel:run_until_complete finished with '1'
[11.976s] DEBUG:colcon.colcon_core.event_reactor:joining thread
[11.988s] INFO:colcon.colcon_core.plugin_system:Skipping extension 'colcon_notification.desktop_notification.terminal_notifier': Not used on non-Darwin systems
[11.988s] INFO:colcon.colcon_core.plugin_system:Skipping extension 'colcon_notification.desktop_notification.win32': Not used on non-Windows systems
[11.989s] INFO:colcon.colcon_notification.desktop_notification:Sending desktop notification using 'notify2'
[12.009s] DEBUG:colcon.colcon_core.event_reactor:joined thread
[12.010s] INFO:colcon.colcon_core.shell:Creating prefix script '/home/omer/rcaai_ws/install/local_setup.ps1'
[12.012s] INFO:colcon.colcon_core.shell:Creating prefix util module '/home/omer/rcaai_ws/install/_local_setup_util_ps1.py'
[12.015s] INFO:colcon.colcon_core.shell:Creating prefix chain script '/home/omer/rcaai_ws/install/setup.ps1'
[12.017s] INFO:colcon.colcon_core.shell:Creating prefix script '/home/omer/rcaai_ws/install/local_setup.sh'
[12.019s] INFO:colcon.colcon_core.shell:Creating prefix util module '/home/omer/rcaai_ws/install/_local_setup_util_sh.py'
[12.020s] INFO:colcon.colcon_core.shell:Creating prefix chain script '/home/omer/rcaai_ws/install/setup.sh'
[12.023s] INFO:colcon.colcon_core.shell:Creating prefix script '/home/omer/rcaai_ws/install/local_setup.bash'
[12.024s] INFO:colcon.colcon_core.shell:Creating prefix chain script '/home/omer/rcaai_ws/install/setup.bash'
[12.026s] INFO:colcon.colcon_core.shell:Creating prefix script '/home/omer/rcaai_ws/install/local_setup.zsh'
[12.028s] INFO:colcon.colcon_core.shell:Creating prefix chain script '/home/omer/rcaai_ws/install/setup.zsh'
