[0.069s] DEBUG:colcon:Command line arguments: ['/usr/bin/colcon', 'build', '--packages-select', 'graspnet_hardware', 'graspnet_control', 'graspnet_perception']
[0.069s] DEBUG:colcon:Parsed command line arguments: Namespace(log_base=None, log_level=None, verb_name='build', build_base='build', install_base='install', merge_install=False, symlink_install=False, test_result_base=None, continue_on_error=False, executor='parallel', parallel_workers=8, event_handlers=None, ignore_user_meta=False, metas=['./colcon.meta'], base_paths=['.'], packages_ignore=None, packages_ignore_regex=None, paths=None, packages_up_to=None, packages_up_to_regex=None, packages_above=None, packages_above_and_dependencies=None, packages_above_depth=None, packages_select_by_dep=None, packages_skip_by_dep=None, packages_skip_up_to=None, packages_select_build_failed=False, packages_skip_build_finished=False, packages_select_test_failures=False, packages_skip_test_passed=False, packages_select=['graspnet_hardware', 'graspnet_control', 'graspnet_perception'], packages_skip=None, packages_select_regex=None, packages_skip_regex=None, packages_start=None, packages_end=None, allow_overriding=[], cmake_args=None, cmake_target=None, cmake_target_skip_unavailable=False, cmake_clean_cache=False, cmake_clean_first=False, cmake_force_configure=False, ament_cmake_args=None, catkin_cmake_args=None, catkin_skip_building_tests=False, verb_parser=<colcon_defaults.argument_parser.defaults.DefaultArgumentsDecorator object at 0x7fa60927c1f0>, verb_extension=<colcon_core.verb.build.BuildVerb object at 0x7fa609237c40>, main=<bound method BuildVerb.main of <colcon_core.verb.build.BuildVerb object at 0x7fa609237c40>>)
[0.174s] Level 1:colcon.colcon_core.package_discovery:discover_packages(colcon_meta) check parameters
[0.174s] Level 1:colcon.colcon_core.package_discovery:discover_packages(recursive) check parameters
[0.174s] Level 1:colcon.colcon_core.package_discovery:discover_packages(ignore) check parameters
[0.174s] Level 1:colcon.colcon_core.package_discovery:discover_packages(path) check parameters
[0.174s] Level 1:colcon.colcon_core.package_discovery:discover_packages(colcon_meta) discover
[0.174s] Level 1:colcon.colcon_core.package_discovery:discover_packages(recursive) discover
[0.174s] INFO:colcon.colcon_core.package_discovery:Crawling recursively for packages in '/home/omer/rcaai_ws'
[0.174s] Level 1:colcon.colcon_core.package_identification:_identify(.) by extensions ['ignore', 'ignore_ament_install']
[0.174s] Level 1:colcon.colcon_core.package_identification:_identify(.) by extension 'ignore'
[0.174s] Level 1:colcon.colcon_core.package_identification:_identify(.) by extension 'ignore_ament_install'
[0.174s] Level 1:colcon.colcon_core.package_identification:_identify(.) by extensions ['colcon_pkg']
[0.174s] Level 1:colcon.colcon_core.package_identification:_identify(.) by extension 'colcon_pkg'
[0.174s] Level 1:colcon.colcon_core.package_identification:_identify(.) by extensions ['colcon_meta']
[0.174s] Level 1:colcon.colcon_core.package_identification:_identify(.) by extension 'colcon_meta'
[0.175s] Level 1:colcon.colcon_core.package_identification:_identify(.) by extensions ['ros']
[0.175s] Level 1:colcon.colcon_core.package_identification:_identify(.) by extension 'ros'
[0.181s] Level 1:colcon.colcon_core.package_identification:_identify(.) by extensions ['cmake', 'python']
[0.181s] Level 1:colcon.colcon_core.package_identification:_identify(.) by extension 'cmake'
[0.181s] Level 1:colcon.colcon_core.package_identification:_identify(.) by extension 'python'
[0.181s] Level 1:colcon.colcon_core.package_identification:_identify(.) by extensions ['python_setup_py']
[0.181s] Level 1:colcon.colcon_core.package_identification:_identify(.) by extension 'python_setup_py'
[0.181s] Level 1:colcon.colcon_core.package_identification:_identify(build) by extensions ['ignore', 'ignore_ament_install']
[0.181s] Level 1:colcon.colcon_core.package_identification:_identify(build) by extension 'ignore'
[0.182s] Level 1:colcon.colcon_core.package_identification:_identify(build) ignored
[0.182s] Level 1:colcon.colcon_core.package_identification:_identify(install) by extensions ['ignore', 'ignore_ament_install']
[0.182s] Level 1:colcon.colcon_core.package_identification:_identify(install) by extension 'ignore'
[0.182s] Level 1:colcon.colcon_core.package_identification:_identify(install) ignored
[0.182s] Level 1:colcon.colcon_core.package_identification:_identify(log) by extensions ['ignore', 'ignore_ament_install']
[0.182s] Level 1:colcon.colcon_core.package_identification:_identify(log) by extension 'ignore'
[0.182s] Level 1:colcon.colcon_core.package_identification:_identify(log) ignored
[0.182s] Level 1:colcon.colcon_core.package_identification:_identify(src) by extensions ['ignore', 'ignore_ament_install']
[0.182s] Level 1:colcon.colcon_core.package_identification:_identify(src) by extension 'ignore'
[0.182s] Level 1:colcon.colcon_core.package_identification:_identify(src) by extension 'ignore_ament_install'
[0.182s] Level 1:colcon.colcon_core.package_identification:_identify(src) by extensions ['colcon_pkg']
[0.182s] Level 1:colcon.colcon_core.package_identification:_identify(src) by extension 'colcon_pkg'
[0.182s] Level 1:colcon.colcon_core.package_identification:_identify(src) by extensions ['colcon_meta']
[0.182s] Level 1:colcon.colcon_core.package_identification:_identify(src) by extension 'colcon_meta'
[0.182s] Level 1:colcon.colcon_core.package_identification:_identify(src) by extensions ['ros']
[0.182s] Level 1:colcon.colcon_core.package_identification:_identify(src) by extension 'ros'
[0.182s] Level 1:colcon.colcon_core.package_identification:_identify(src) by extensions ['cmake', 'python']
[0.182s] Level 1:colcon.colcon_core.package_identification:_identify(src) by extension 'cmake'
[0.182s] Level 1:colcon.colcon_core.package_identification:_identify(src) by extension 'python'
[0.182s] Level 1:colcon.colcon_core.package_identification:_identify(src) by extensions ['python_setup_py']
[0.182s] Level 1:colcon.colcon_core.package_identification:_identify(src) by extension 'python_setup_py'
[0.182s] Level 1:colcon.colcon_core.package_identification:_identify(src/graspnet_bringup) by extensions ['ignore', 'ignore_ament_install']
[0.182s] Level 1:colcon.colcon_core.package_identification:_identify(src/graspnet_bringup) by extension 'ignore'
[0.182s] Level 1:colcon.colcon_core.package_identification:_identify(src/graspnet_bringup) by extension 'ignore_ament_install'
[0.182s] Level 1:colcon.colcon_core.package_identification:_identify(src/graspnet_bringup) by extensions ['colcon_pkg']
[0.182s] Level 1:colcon.colcon_core.package_identification:_identify(src/graspnet_bringup) by extension 'colcon_pkg'
[0.182s] Level 1:colcon.colcon_core.package_identification:_identify(src/graspnet_bringup) by extensions ['colcon_meta']
[0.182s] Level 1:colcon.colcon_core.package_identification:_identify(src/graspnet_bringup) by extension 'colcon_meta'
[0.182s] Level 1:colcon.colcon_core.package_identification:_identify(src/graspnet_bringup) by extensions ['ros']
[0.182s] Level 1:colcon.colcon_core.package_identification:_identify(src/graspnet_bringup) by extension 'ros'
[0.184s] DEBUG:colcon.colcon_core.package_identification:Package 'src/graspnet_bringup' with type 'ros.ament_cmake' and name 'graspnet_bringup'
[0.184s] Level 1:colcon.colcon_core.package_identification:_identify(src/graspnet_control) by extensions ['ignore', 'ignore_ament_install']
[0.184s] Level 1:colcon.colcon_core.package_identification:_identify(src/graspnet_control) by extension 'ignore'
[0.184s] Level 1:colcon.colcon_core.package_identification:_identify(src/graspnet_control) by extension 'ignore_ament_install'
[0.184s] Level 1:colcon.colcon_core.package_identification:_identify(src/graspnet_control) by extensions ['colcon_pkg']
[0.184s] Level 1:colcon.colcon_core.package_identification:_identify(src/graspnet_control) by extension 'colcon_pkg'
[0.184s] Level 1:colcon.colcon_core.package_identification:_identify(src/graspnet_control) by extensions ['colcon_meta']
[0.184s] Level 1:colcon.colcon_core.package_identification:_identify(src/graspnet_control) by extension 'colcon_meta'
[0.184s] Level 1:colcon.colcon_core.package_identification:_identify(src/graspnet_control) by extensions ['ros']
[0.184s] Level 1:colcon.colcon_core.package_identification:_identify(src/graspnet_control) by extension 'ros'
[0.185s] DEBUG:colcon.colcon_core.package_identification:Package 'src/graspnet_control' with type 'ros.ament_python' and name 'graspnet_control'
[0.185s] Level 1:colcon.colcon_core.package_identification:_identify(src/graspnet_description) by extensions ['ignore', 'ignore_ament_install']
[0.185s] Level 1:colcon.colcon_core.package_identification:_identify(src/graspnet_description) by extension 'ignore'
[0.185s] Level 1:colcon.colcon_core.package_identification:_identify(src/graspnet_description) by extension 'ignore_ament_install'
[0.185s] Level 1:colcon.colcon_core.package_identification:_identify(src/graspnet_description) by extensions ['colcon_pkg']
[0.185s] Level 1:colcon.colcon_core.package_identification:_identify(src/graspnet_description) by extension 'colcon_pkg'
[0.185s] Level 1:colcon.colcon_core.package_identification:_identify(src/graspnet_description) by extensions ['colcon_meta']
[0.185s] Level 1:colcon.colcon_core.package_identification:_identify(src/graspnet_description) by extension 'colcon_meta'
[0.185s] Level 1:colcon.colcon_core.package_identification:_identify(src/graspnet_description) by extensions ['ros']
[0.185s] Level 1:colcon.colcon_core.package_identification:_identify(src/graspnet_description) by extension 'ros'
[0.186s] DEBUG:colcon.colcon_core.package_identification:Package 'src/graspnet_description' with type 'ros.ament_cmake' and name 'graspnet_description'
[0.186s] Level 1:colcon.colcon_core.package_identification:_identify(src/graspnet_gazebo) by extensions ['ignore', 'ignore_ament_install']
[0.186s] Level 1:colcon.colcon_core.package_identification:_identify(src/graspnet_gazebo) by extension 'ignore'
[0.186s] Level 1:colcon.colcon_core.package_identification:_identify(src/graspnet_gazebo) by extension 'ignore_ament_install'
[0.186s] Level 1:colcon.colcon_core.package_identification:_identify(src/graspnet_gazebo) by extensions ['colcon_pkg']
[0.186s] Level 1:colcon.colcon_core.package_identification:_identify(src/graspnet_gazebo) by extension 'colcon_pkg'
[0.186s] Level 1:colcon.colcon_core.package_identification:_identify(src/graspnet_gazebo) by extensions ['colcon_meta']
[0.186s] Level 1:colcon.colcon_core.package_identification:_identify(src/graspnet_gazebo) by extension 'colcon_meta'
[0.186s] Level 1:colcon.colcon_core.package_identification:_identify(src/graspnet_gazebo) by extensions ['ros']
[0.186s] Level 1:colcon.colcon_core.package_identification:_identify(src/graspnet_gazebo) by extension 'ros'
[0.186s] DEBUG:colcon.colcon_core.package_identification:Package 'src/graspnet_gazebo' with type 'ros.ament_cmake' and name 'graspnet_gazebo'
[0.186s] Level 1:colcon.colcon_core.package_identification:_identify(src/graspnet_hardware) by extensions ['ignore', 'ignore_ament_install']
[0.186s] Level 1:colcon.colcon_core.package_identification:_identify(src/graspnet_hardware) by extension 'ignore'
[0.187s] Level 1:colcon.colcon_core.package_identification:_identify(src/graspnet_hardware) by extension 'ignore_ament_install'
[0.187s] Level 1:colcon.colcon_core.package_identification:_identify(src/graspnet_hardware) by extensions ['colcon_pkg']
[0.187s] Level 1:colcon.colcon_core.package_identification:_identify(src/graspnet_hardware) by extension 'colcon_pkg'
[0.187s] Level 1:colcon.colcon_core.package_identification:_identify(src/graspnet_hardware) by extensions ['colcon_meta']
[0.187s] Level 1:colcon.colcon_core.package_identification:_identify(src/graspnet_hardware) by extension 'colcon_meta'
[0.187s] Level 1:colcon.colcon_core.package_identification:_identify(src/graspnet_hardware) by extensions ['ros']
[0.187s] Level 1:colcon.colcon_core.package_identification:_identify(src/graspnet_hardware) by extension 'ros'
[0.187s] DEBUG:colcon.colcon_core.package_identification:Package 'src/graspnet_hardware' with type 'ros.ament_cmake' and name 'graspnet_hardware'
[0.187s] Level 1:colcon.colcon_core.package_identification:_identify(src/graspnet_moveit) by extensions ['ignore', 'ignore_ament_install']
[0.187s] Level 1:colcon.colcon_core.package_identification:_identify(src/graspnet_moveit) by extension 'ignore'
[0.187s] Level 1:colcon.colcon_core.package_identification:_identify(src/graspnet_moveit) by extension 'ignore_ament_install'
[0.187s] Level 1:colcon.colcon_core.package_identification:_identify(src/graspnet_moveit) by extensions ['colcon_pkg']
[0.187s] Level 1:colcon.colcon_core.package_identification:_identify(src/graspnet_moveit) by extension 'colcon_pkg'
[0.187s] Level 1:colcon.colcon_core.package_identification:_identify(src/graspnet_moveit) by extensions ['colcon_meta']
[0.187s] Level 1:colcon.colcon_core.package_identification:_identify(src/graspnet_moveit) by extension 'colcon_meta'
[0.187s] Level 1:colcon.colcon_core.package_identification:_identify(src/graspnet_moveit) by extensions ['ros']
[0.187s] Level 1:colcon.colcon_core.package_identification:_identify(src/graspnet_moveit) by extension 'ros'
[0.188s] DEBUG:colcon.colcon_core.package_identification:Package 'src/graspnet_moveit' with type 'ros.ament_cmake' and name 'graspnet_moveit'
[0.188s] Level 1:colcon.colcon_core.package_identification:_identify(src/graspnet_perception) by extensions ['ignore', 'ignore_ament_install']
[0.188s] Level 1:colcon.colcon_core.package_identification:_identify(src/graspnet_perception) by extension 'ignore'
[0.188s] Level 1:colcon.colcon_core.package_identification:_identify(src/graspnet_perception) by extension 'ignore_ament_install'
[0.188s] Level 1:colcon.colcon_core.package_identification:_identify(src/graspnet_perception) by extensions ['colcon_pkg']
[0.188s] Level 1:colcon.colcon_core.package_identification:_identify(src/graspnet_perception) by extension 'colcon_pkg'
[0.188s] Level 1:colcon.colcon_core.package_identification:_identify(src/graspnet_perception) by extensions ['colcon_meta']
[0.188s] Level 1:colcon.colcon_core.package_identification:_identify(src/graspnet_perception) by extension 'colcon_meta'
[0.188s] Level 1:colcon.colcon_core.package_identification:_identify(src/graspnet_perception) by extensions ['ros']
[0.188s] Level 1:colcon.colcon_core.package_identification:_identify(src/graspnet_perception) by extension 'ros'
[0.189s] DEBUG:colcon.colcon_core.package_identification:Package 'src/graspnet_perception' with type 'ros.ament_python' and name 'graspnet_perception'
[0.189s] Level 1:colcon.colcon_core.package_identification:_identify(src/sim_stack) by extensions ['ignore', 'ignore_ament_install']
[0.189s] Level 1:colcon.colcon_core.package_identification:_identify(src/sim_stack) by extension 'ignore'
[0.189s] Level 1:colcon.colcon_core.package_identification:_identify(src/sim_stack) by extension 'ignore_ament_install'
[0.189s] Level 1:colcon.colcon_core.package_identification:_identify(src/sim_stack) by extensions ['colcon_pkg']
[0.189s] Level 1:colcon.colcon_core.package_identification:_identify(src/sim_stack) by extension 'colcon_pkg'
[0.189s] Level 1:colcon.colcon_core.package_identification:_identify(src/sim_stack) by extensions ['colcon_meta']
[0.189s] Level 1:colcon.colcon_core.package_identification:_identify(src/sim_stack) by extension 'colcon_meta'
[0.189s] Level 1:colcon.colcon_core.package_identification:_identify(src/sim_stack) by extensions ['ros']
[0.189s] Level 1:colcon.colcon_core.package_identification:_identify(src/sim_stack) by extension 'ros'
[0.189s] DEBUG:colcon.colcon_core.package_identification:Package 'src/sim_stack' with type 'ros.ament_cmake' and name 'sim_stack'
[0.189s] Level 1:colcon.colcon_core.package_discovery:discover_packages(recursive) using defaults
[0.189s] Level 1:colcon.colcon_core.package_discovery:discover_packages(ignore) discover
[0.189s] Level 1:colcon.colcon_core.package_discovery:discover_packages(ignore) using defaults
[0.189s] Level 1:colcon.colcon_core.package_discovery:discover_packages(path) discover
[0.189s] Level 1:colcon.colcon_core.package_discovery:discover_packages(path) using defaults
[0.211s] INFO:colcon.colcon_core.package_selection:Skipping not selected package 'graspnet_bringup' in 'src/graspnet_bringup'
[0.211s] INFO:colcon.colcon_core.package_selection:Skipping not selected package 'graspnet_description' in 'src/graspnet_description'
[0.211s] INFO:colcon.colcon_core.package_selection:Skipping not selected package 'graspnet_gazebo' in 'src/graspnet_gazebo'
[0.211s] INFO:colcon.colcon_core.package_selection:Skipping not selected package 'graspnet_moveit' in 'src/graspnet_moveit'
[0.211s] INFO:colcon.colcon_core.package_selection:Skipping not selected package 'sim_stack' in 'src/sim_stack'
[0.211s] Level 1:colcon.colcon_core.package_discovery:discover_packages(prefix_path) check parameters
[0.211s] Level 1:colcon.colcon_core.package_discovery:discover_packages(prefix_path) discover
[0.213s] DEBUG:colcon.colcon_installed_package_information.package_discovery:Found 271 installed packages in /opt/ros/humble
[0.214s] Level 1:colcon.colcon_core.package_discovery:discover_packages(prefix_path) using defaults
[0.235s] Level 5:colcon.colcon_core.verb:set package 'graspnet_control' build argument 'cmake_args' from command line to 'None'
[0.235s] Level 5:colcon.colcon_core.verb:set package 'graspnet_control' build argument 'cmake_target' from command line to 'None'
[0.235s] Level 5:colcon.colcon_core.verb:set package 'graspnet_control' build argument 'cmake_target_skip_unavailable' from command line to 'False'
[0.235s] Level 5:colcon.colcon_core.verb:set package 'graspnet_control' build argument 'cmake_clean_cache' from command line to 'False'
[0.235s] Level 5:colcon.colcon_core.verb:set package 'graspnet_control' build argument 'cmake_clean_first' from command line to 'False'
[0.235s] Level 5:colcon.colcon_core.verb:set package 'graspnet_control' build argument 'cmake_force_configure' from command line to 'False'
[0.235s] Level 5:colcon.colcon_core.verb:set package 'graspnet_control' build argument 'ament_cmake_args' from command line to 'None'
[0.235s] Level 5:colcon.colcon_core.verb:set package 'graspnet_control' build argument 'catkin_cmake_args' from command line to 'None'
[0.236s] Level 5:colcon.colcon_core.verb:set package 'graspnet_control' build argument 'catkin_skip_building_tests' from command line to 'False'
[0.236s] DEBUG:colcon.colcon_core.verb:Building package 'graspnet_control' with the following arguments: {'ament_cmake_args': None, 'build_base': '/home/omer/rcaai_ws/build/graspnet_control', 'catkin_cmake_args': None, 'catkin_skip_building_tests': False, 'cmake_args': None, 'cmake_clean_cache': False, 'cmake_clean_first': False, 'cmake_force_configure': False, 'cmake_target': None, 'cmake_target_skip_unavailable': False, 'install_base': '/home/omer/rcaai_ws/install/graspnet_control', 'merge_install': False, 'path': '/home/omer/rcaai_ws/src/graspnet_control', 'symlink_install': False, 'test_result_base': None}
[0.236s] Level 5:colcon.colcon_core.verb:set package 'graspnet_hardware' build argument 'cmake_args' from command line to 'None'
[0.236s] Level 5:colcon.colcon_core.verb:set package 'graspnet_hardware' build argument 'cmake_target' from command line to 'None'
[0.236s] Level 5:colcon.colcon_core.verb:set package 'graspnet_hardware' build argument 'cmake_target_skip_unavailable' from command line to 'False'
[0.236s] Level 5:colcon.colcon_core.verb:set package 'graspnet_hardware' build argument 'cmake_clean_cache' from command line to 'False'
[0.236s] Level 5:colcon.colcon_core.verb:set package 'graspnet_hardware' build argument 'cmake_clean_first' from command line to 'False'
[0.236s] Level 5:colcon.colcon_core.verb:set package 'graspnet_hardware' build argument 'cmake_force_configure' from command line to 'False'
[0.236s] Level 5:colcon.colcon_core.verb:set package 'graspnet_hardware' build argument 'ament_cmake_args' from command line to 'None'
[0.236s] Level 5:colcon.colcon_core.verb:set package 'graspnet_hardware' build argument 'catkin_cmake_args' from command line to 'None'
[0.236s] Level 5:colcon.colcon_core.verb:set package 'graspnet_hardware' build argument 'catkin_skip_building_tests' from command line to 'False'
[0.236s] DEBUG:colcon.colcon_core.verb:Building package 'graspnet_hardware' with the following arguments: {'ament_cmake_args': None, 'build_base': '/home/omer/rcaai_ws/build/graspnet_hardware', 'catkin_cmake_args': None, 'catkin_skip_building_tests': False, 'cmake_args': None, 'cmake_clean_cache': False, 'cmake_clean_first': False, 'cmake_force_configure': False, 'cmake_target': None, 'cmake_target_skip_unavailable': False, 'install_base': '/home/omer/rcaai_ws/install/graspnet_hardware', 'merge_install': False, 'path': '/home/omer/rcaai_ws/src/graspnet_hardware', 'symlink_install': False, 'test_result_base': None}
[0.236s] Level 5:colcon.colcon_core.verb:set package 'graspnet_perception' build argument 'cmake_args' from command line to 'None'
[0.236s] Level 5:colcon.colcon_core.verb:set package 'graspnet_perception' build argument 'cmake_target' from command line to 'None'
[0.236s] Level 5:colcon.colcon_core.verb:set package 'graspnet_perception' build argument 'cmake_target_skip_unavailable' from command line to 'False'
[0.236s] Level 5:colcon.colcon_core.verb:set package 'graspnet_perception' build argument 'cmake_clean_cache' from command line to 'False'
[0.236s] Level 5:colcon.colcon_core.verb:set package 'graspnet_perception' build argument 'cmake_clean_first' from command line to 'False'
[0.236s] Level 5:colcon.colcon_core.verb:set package 'graspnet_perception' build argument 'cmake_force_configure' from command line to 'False'
[0.236s] Level 5:colcon.colcon_core.verb:set package 'graspnet_perception' build argument 'ament_cmake_args' from command line to 'None'
[0.236s] Level 5:colcon.colcon_core.verb:set package 'graspnet_perception' build argument 'catkin_cmake_args' from command line to 'None'
[0.236s] Level 5:colcon.colcon_core.verb:set package 'graspnet_perception' build argument 'catkin_skip_building_tests' from command line to 'False'
[0.236s] DEBUG:colcon.colcon_core.verb:Building package 'graspnet_perception' with the following arguments: {'ament_cmake_args': None, 'build_base': '/home/omer/rcaai_ws/build/graspnet_perception', 'catkin_cmake_args': None, 'catkin_skip_building_tests': False, 'cmake_args': None, 'cmake_clean_cache': False, 'cmake_clean_first': False, 'cmake_force_configure': False, 'cmake_target': None, 'cmake_target_skip_unavailable': False, 'install_base': '/home/omer/rcaai_ws/install/graspnet_perception', 'merge_install': False, 'path': '/home/omer/rcaai_ws/src/graspnet_perception', 'symlink_install': False, 'test_result_base': None}
[0.236s] INFO:colcon.colcon_core.executor:Executing jobs using 'parallel' executor
[0.237s] DEBUG:colcon.colcon_parallel_executor.executor.parallel:run_until_complete
[0.237s] INFO:colcon.colcon_ros.task.ament_python.build:Building ROS package in '/home/omer/rcaai_ws/src/graspnet_control' with build type 'ament_python'
[0.237s] Level 1:colcon.colcon_core.shell:create_environment_hook('graspnet_control', 'ament_prefix_path')
[0.239s] INFO:colcon.colcon_core.plugin_system:Skipping extension 'colcon_core.shell.bat': Not used on non-Windows systems
[0.239s] INFO:colcon.colcon_core.shell:Creating environment hook '/home/omer/rcaai_ws/install/graspnet_control/share/graspnet_control/hook/ament_prefix_path.ps1'
[0.240s] INFO:colcon.colcon_core.shell:Creating environment descriptor '/home/omer/rcaai_ws/install/graspnet_control/share/graspnet_control/hook/ament_prefix_path.dsv'
[0.240s] INFO:colcon.colcon_core.shell:Creating environment hook '/home/omer/rcaai_ws/install/graspnet_control/share/graspnet_control/hook/ament_prefix_path.sh'
[0.241s] INFO:colcon.colcon_core.shell:Skip shell extension 'powershell' for command environment: Not usable outside of PowerShell
[0.241s] DEBUG:colcon.colcon_core.shell:Skip shell extension 'dsv' for command environment
[0.243s] INFO:colcon.colcon_ros.task.ament_cmake.build:Building ROS package in '/home/omer/rcaai_ws/src/graspnet_hardware' with build type 'ament_cmake'
[0.243s] INFO:colcon.colcon_cmake.task.cmake.build:Building CMake package in '/home/omer/rcaai_ws/src/graspnet_hardware'
[0.243s] INFO:colcon.colcon_core.shell:Skip shell extension 'powershell' for command environment: Not usable outside of PowerShell
[0.243s] DEBUG:colcon.colcon_core.shell:Skip shell extension 'dsv' for command environment
[0.245s] INFO:colcon.colcon_ros.task.ament_python.build:Building ROS package in '/home/omer/rcaai_ws/src/graspnet_perception' with build type 'ament_python'
[0.245s] Level 1:colcon.colcon_core.shell:create_environment_hook('graspnet_perception', 'ament_prefix_path')
[0.245s] INFO:colcon.colcon_core.shell:Creating environment hook '/home/omer/rcaai_ws/install/graspnet_perception/share/graspnet_perception/hook/ament_prefix_path.ps1'
[0.245s] INFO:colcon.colcon_core.shell:Creating environment descriptor '/home/omer/rcaai_ws/install/graspnet_perception/share/graspnet_perception/hook/ament_prefix_path.dsv'
[0.246s] INFO:colcon.colcon_core.shell:Creating environment hook '/home/omer/rcaai_ws/install/graspnet_perception/share/graspnet_perception/hook/ament_prefix_path.sh'
[0.246s] INFO:colcon.colcon_core.shell:Skip shell extension 'powershell' for command environment: Not usable outside of PowerShell
[0.246s] DEBUG:colcon.colcon_core.shell:Skip shell extension 'dsv' for command environment
[0.431s] INFO:colcon.colcon_core.task.python.build:Building Python package in '/home/omer/rcaai_ws/src/graspnet_control'
[0.431s] INFO:colcon.colcon_core.shell:Skip shell extension 'powershell' for command environment: Not usable outside of PowerShell
[0.431s] DEBUG:colcon.colcon_core.shell:Skip shell extension 'dsv' for command environment
[0.436s] DEBUG:colcon.colcon_core.event_handler.log_command:Invoking command in '/home/omer/rcaai_ws/build/graspnet_hardware': CMAKE_PREFIX_PATH=/opt/ros/humble /usr/bin/cmake --build /home/omer/rcaai_ws/build/graspnet_hardware -- -j8 -l8
[0.607s] INFO:colcon.colcon_core.task.python.build:Building Python package in '/home/omer/rcaai_ws/src/graspnet_perception'
[0.607s] INFO:colcon.colcon_core.shell:Skip shell extension 'powershell' for command environment: Not usable outside of PowerShell
[0.607s] DEBUG:colcon.colcon_core.shell:Skip shell extension 'dsv' for command environment
[0.618s] DEBUG:colcon.colcon_core.event_handler.log_command:Invoked command in '/home/omer/rcaai_ws/build/graspnet_hardware' returned '0': CMAKE_PREFIX_PATH=/opt/ros/humble /usr/bin/cmake --build /home/omer/rcaai_ws/build/graspnet_hardware -- -j8 -l8
[0.625s] DEBUG:colcon.colcon_core.event_handler.log_command:Invoking command in '/home/omer/rcaai_ws/build/graspnet_hardware': CMAKE_PREFIX_PATH=/opt/ros/humble /usr/bin/cmake --install /home/omer/rcaai_ws/build/graspnet_hardware
[0.632s] Level 1:colcon.colcon_core.environment:create_environment_scripts_only(graspnet_hardware)
[0.632s] DEBUG:colcon.colcon_core.event_handler.log_command:Invoked command in '/home/omer/rcaai_ws/build/graspnet_hardware' returned '0': CMAKE_PREFIX_PATH=/opt/ros/humble /usr/bin/cmake --install /home/omer/rcaai_ws/build/graspnet_hardware
[0.635s] Level 1:colcon.colcon_core.environment:checking '/home/omer/rcaai_ws/install/graspnet_hardware' for CMake module files
[0.635s] Level 1:colcon.colcon_core.environment:checking '/home/omer/rcaai_ws/install/graspnet_hardware' for CMake config files
[0.635s] Level 1:colcon.colcon_core.shell:create_environment_hook('graspnet_hardware', 'cmake_prefix_path')
[0.636s] INFO:colcon.colcon_core.shell:Creating environment hook '/home/omer/rcaai_ws/install/graspnet_hardware/share/graspnet_hardware/hook/cmake_prefix_path.ps1'
[0.636s] INFO:colcon.colcon_core.shell:Creating environment descriptor '/home/omer/rcaai_ws/install/graspnet_hardware/share/graspnet_hardware/hook/cmake_prefix_path.dsv'
[0.636s] INFO:colcon.colcon_core.shell:Creating environment hook '/home/omer/rcaai_ws/install/graspnet_hardware/share/graspnet_hardware/hook/cmake_prefix_path.sh'
[0.637s] Level 1:colcon.colcon_core.environment:checking '/home/omer/rcaai_ws/install/graspnet_hardware/bin'
[0.637s] Level 1:colcon.colcon_core.environment:checking '/home/omer/rcaai_ws/install/graspnet_hardware/lib/pkgconfig/graspnet_hardware.pc'
[0.637s] Level 1:colcon.colcon_core.environment:checking '/home/omer/rcaai_ws/install/graspnet_hardware/lib/python3.10/site-packages'
[0.638s] Level 1:colcon.colcon_core.environment:checking '/home/omer/rcaai_ws/install/graspnet_hardware/bin'
[0.638s] INFO:colcon.colcon_core.shell:Creating package script '/home/omer/rcaai_ws/install/graspnet_hardware/share/graspnet_hardware/package.ps1'
[0.639s] INFO:colcon.colcon_core.shell:Creating package descriptor '/home/omer/rcaai_ws/install/graspnet_hardware/share/graspnet_hardware/package.dsv'
[0.640s] INFO:colcon.colcon_core.shell:Creating package script '/home/omer/rcaai_ws/install/graspnet_hardware/share/graspnet_hardware/package.sh'
[0.640s] INFO:colcon.colcon_core.shell:Creating package script '/home/omer/rcaai_ws/install/graspnet_hardware/share/graspnet_hardware/package.bash'
[0.641s] INFO:colcon.colcon_core.shell:Creating package script '/home/omer/rcaai_ws/install/graspnet_hardware/share/graspnet_hardware/package.zsh'
[0.642s] Level 1:colcon.colcon_core.environment:create_file_with_runtime_dependencies(/home/omer/rcaai_ws/install/graspnet_hardware/share/colcon-core/packages/graspnet_hardware)
[0.642s] Level 1:colcon.colcon_core.environment:create_environment_scripts_only(graspnet_hardware)
[0.643s] Level 1:colcon.colcon_core.environment:checking '/home/omer/rcaai_ws/install/graspnet_hardware' for CMake module files
[0.643s] Level 1:colcon.colcon_core.environment:checking '/home/omer/rcaai_ws/install/graspnet_hardware' for CMake config files
[0.643s] Level 1:colcon.colcon_core.shell:create_environment_hook('graspnet_hardware', 'cmake_prefix_path')
[0.644s] INFO:colcon.colcon_core.shell:Creating environment hook '/home/omer/rcaai_ws/install/graspnet_hardware/share/graspnet_hardware/hook/cmake_prefix_path.ps1'
[0.644s] INFO:colcon.colcon_core.shell:Creating environment descriptor '/home/omer/rcaai_ws/install/graspnet_hardware/share/graspnet_hardware/hook/cmake_prefix_path.dsv'
[0.644s] INFO:colcon.colcon_core.shell:Creating environment hook '/home/omer/rcaai_ws/install/graspnet_hardware/share/graspnet_hardware/hook/cmake_prefix_path.sh'
[0.645s] Level 1:colcon.colcon_core.environment:checking '/home/omer/rcaai_ws/install/graspnet_hardware/bin'
[0.645s] Level 1:colcon.colcon_core.environment:checking '/home/omer/rcaai_ws/install/graspnet_hardware/lib/pkgconfig/graspnet_hardware.pc'
[0.645s] Level 1:colcon.colcon_core.environment:checking '/home/omer/rcaai_ws/install/graspnet_hardware/lib/python3.10/site-packages'
[0.645s] Level 1:colcon.colcon_core.environment:checking '/home/omer/rcaai_ws/install/graspnet_hardware/bin'
[0.646s] INFO:colcon.colcon_core.shell:Creating package script '/home/omer/rcaai_ws/install/graspnet_hardware/share/graspnet_hardware/package.ps1'
[0.646s] INFO:colcon.colcon_core.shell:Creating package descriptor '/home/omer/rcaai_ws/install/graspnet_hardware/share/graspnet_hardware/package.dsv'
[0.647s] INFO:colcon.colcon_core.shell:Creating package script '/home/omer/rcaai_ws/install/graspnet_hardware/share/graspnet_hardware/package.sh'
[0.647s] INFO:colcon.colcon_core.shell:Creating package script '/home/omer/rcaai_ws/install/graspnet_hardware/share/graspnet_hardware/package.bash'
[0.648s] INFO:colcon.colcon_core.shell:Creating package script '/home/omer/rcaai_ws/install/graspnet_hardware/share/graspnet_hardware/package.zsh'
[0.648s] Level 1:colcon.colcon_core.environment:create_file_with_runtime_dependencies(/home/omer/rcaai_ws/install/graspnet_hardware/share/colcon-core/packages/graspnet_hardware)
[0.928s] DEBUG:colcon.colcon_core.event_handler.log_command:Invoking command in '/home/omer/rcaai_ws/src/graspnet_control': PYTHONPATH=/home/omer/rcaai_ws/build/graspnet_control/prefix_override:/usr/lib/python3/dist-packages/colcon_core/task/python/colcon_distutils_commands:/home/omer/rcaai_ws/install/graspnet_control/lib/python3.10/site-packages:${PYTHONPATH} /usr/bin/python3 -W ignore:setup.py install is deprecated -W ignore:easy_install command is deprecated setup.py egg_info --egg-base ../../build/graspnet_control build --build-base /home/omer/rcaai_ws/build/graspnet_control/build install --record /home/omer/rcaai_ws/build/graspnet_control/install.log --single-version-externally-managed install_data
[0.929s] DEBUG:colcon.colcon_core.event_handler.log_command:Invoking command in '/home/omer/rcaai_ws/src/graspnet_perception': PYTHONPATH=/home/omer/rcaai_ws/build/graspnet_perception/prefix_override:/usr/lib/python3/dist-packages/colcon_core/task/python/colcon_distutils_commands:/home/omer/rcaai_ws/install/graspnet_perception/lib/python3.10/site-packages:${PYTHONPATH} /usr/bin/python3 -W ignore:setup.py install is deprecated -W ignore:easy_install command is deprecated setup.py egg_info --egg-base ../../build/graspnet_perception build --build-base /home/omer/rcaai_ws/build/graspnet_perception/build install --record /home/omer/rcaai_ws/build/graspnet_perception/install.log --single-version-externally-managed install_data
[1.150s] Level 1:colcon.colcon_core.environment:checking '/home/omer/rcaai_ws/install/graspnet_perception' for CMake module files
[1.151s] DEBUG:colcon.colcon_core.event_handler.log_command:Invoked command in '/home/omer/rcaai_ws/src/graspnet_perception' returned '0': PYTHONPATH=/home/omer/rcaai_ws/build/graspnet_perception/prefix_override:/usr/lib/python3/dist-packages/colcon_core/task/python/colcon_distutils_commands:/home/omer/rcaai_ws/install/graspnet_perception/lib/python3.10/site-packages:${PYTHONPATH} /usr/bin/python3 -W ignore:setup.py install is deprecated -W ignore:easy_install command is deprecated setup.py egg_info --egg-base ../../build/graspnet_perception build --build-base /home/omer/rcaai_ws/build/graspnet_perception/build install --record /home/omer/rcaai_ws/build/graspnet_perception/install.log --single-version-externally-managed install_data
[1.151s] Level 1:colcon.colcon_core.environment:checking '/home/omer/rcaai_ws/install/graspnet_perception' for CMake config files
[1.151s] Level 1:colcon.colcon_core.environment:checking '/home/omer/rcaai_ws/install/graspnet_perception/lib'
[1.151s] Level 1:colcon.colcon_core.environment:checking '/home/omer/rcaai_ws/install/graspnet_perception/bin'
[1.151s] Level 1:colcon.colcon_core.environment:checking '/home/omer/rcaai_ws/install/graspnet_perception/lib/pkgconfig/graspnet_perception.pc'
[1.152s] Level 1:colcon.colcon_core.environment:checking '/home/omer/rcaai_ws/install/graspnet_perception/lib/python3.10/site-packages'
[1.152s] Level 1:colcon.colcon_core.shell:create_environment_hook('graspnet_perception', 'pythonpath')
[1.152s] INFO:colcon.colcon_core.shell:Creating environment hook '/home/omer/rcaai_ws/install/graspnet_perception/share/graspnet_perception/hook/pythonpath.ps1'
[1.152s] INFO:colcon.colcon_core.shell:Creating environment descriptor '/home/omer/rcaai_ws/install/graspnet_perception/share/graspnet_perception/hook/pythonpath.dsv'
[1.152s] INFO:colcon.colcon_core.shell:Creating environment hook '/home/omer/rcaai_ws/install/graspnet_perception/share/graspnet_perception/hook/pythonpath.sh'
[1.153s] Level 1:colcon.colcon_core.environment:checking '/home/omer/rcaai_ws/install/graspnet_perception/bin'
[1.153s] Level 1:colcon.colcon_core.environment:create_environment_scripts_only(graspnet_perception)
[1.153s] INFO:colcon.colcon_core.shell:Creating package script '/home/omer/rcaai_ws/install/graspnet_perception/share/graspnet_perception/package.ps1'
[1.153s] INFO:colcon.colcon_core.shell:Creating package descriptor '/home/omer/rcaai_ws/install/graspnet_perception/share/graspnet_perception/package.dsv'
[1.153s] INFO:colcon.colcon_core.shell:Creating package script '/home/omer/rcaai_ws/install/graspnet_perception/share/graspnet_perception/package.sh'
[1.154s] INFO:colcon.colcon_core.shell:Creating package script '/home/omer/rcaai_ws/install/graspnet_perception/share/graspnet_perception/package.bash'
[1.154s] INFO:colcon.colcon_core.shell:Creating package script '/home/omer/rcaai_ws/install/graspnet_perception/share/graspnet_perception/package.zsh'
[1.154s] Level 1:colcon.colcon_core.environment:create_file_with_runtime_dependencies(/home/omer/rcaai_ws/install/graspnet_perception/share/colcon-core/packages/graspnet_perception)
[1.155s] Level 1:colcon.colcon_core.environment:checking '/home/omer/rcaai_ws/install/graspnet_control' for CMake module files
[1.156s] DEBUG:colcon.colcon_core.event_handler.log_command:Invoked command in '/home/omer/rcaai_ws/src/graspnet_control' returned '0': PYTHONPATH=/home/omer/rcaai_ws/build/graspnet_control/prefix_override:/usr/lib/python3/dist-packages/colcon_core/task/python/colcon_distutils_commands:/home/omer/rcaai_ws/install/graspnet_control/lib/python3.10/site-packages:${PYTHONPATH} /usr/bin/python3 -W ignore:setup.py install is deprecated -W ignore:easy_install command is deprecated setup.py egg_info --egg-base ../../build/graspnet_control build --build-base /home/omer/rcaai_ws/build/graspnet_control/build install --record /home/omer/rcaai_ws/build/graspnet_control/install.log --single-version-externally-managed install_data
[1.156s] Level 1:colcon.colcon_core.environment:checking '/home/omer/rcaai_ws/install/graspnet_control' for CMake config files
[1.156s] Level 1:colcon.colcon_core.environment:checking '/home/omer/rcaai_ws/install/graspnet_control/lib'
[1.156s] Level 1:colcon.colcon_core.environment:checking '/home/omer/rcaai_ws/install/graspnet_control/bin'
[1.156s] Level 1:colcon.colcon_core.environment:checking '/home/omer/rcaai_ws/install/graspnet_control/lib/pkgconfig/graspnet_control.pc'
[1.156s] Level 1:colcon.colcon_core.environment:checking '/home/omer/rcaai_ws/install/graspnet_control/lib/python3.10/site-packages'
[1.156s] Level 1:colcon.colcon_core.shell:create_environment_hook('graspnet_control', 'pythonpath')
[1.156s] INFO:colcon.colcon_core.shell:Creating environment hook '/home/omer/rcaai_ws/install/graspnet_control/share/graspnet_control/hook/pythonpath.ps1'
[1.157s] INFO:colcon.colcon_core.shell:Creating environment descriptor '/home/omer/rcaai_ws/install/graspnet_control/share/graspnet_control/hook/pythonpath.dsv'
[1.157s] INFO:colcon.colcon_core.shell:Creating environment hook '/home/omer/rcaai_ws/install/graspnet_control/share/graspnet_control/hook/pythonpath.sh'
[1.157s] Level 1:colcon.colcon_core.environment:checking '/home/omer/rcaai_ws/install/graspnet_control/bin'
[1.157s] Level 1:colcon.colcon_core.environment:create_environment_scripts_only(graspnet_control)
[1.157s] INFO:colcon.colcon_core.shell:Creating package script '/home/omer/rcaai_ws/install/graspnet_control/share/graspnet_control/package.ps1'
[1.158s] INFO:colcon.colcon_core.shell:Creating package descriptor '/home/omer/rcaai_ws/install/graspnet_control/share/graspnet_control/package.dsv'
[1.158s] INFO:colcon.colcon_core.shell:Creating package script '/home/omer/rcaai_ws/install/graspnet_control/share/graspnet_control/package.sh'
[1.158s] INFO:colcon.colcon_core.shell:Creating package script '/home/omer/rcaai_ws/install/graspnet_control/share/graspnet_control/package.bash'
[1.158s] INFO:colcon.colcon_core.shell:Creating package script '/home/omer/rcaai_ws/install/graspnet_control/share/graspnet_control/package.zsh'
[1.159s] Level 1:colcon.colcon_core.environment:create_file_with_runtime_dependencies(/home/omer/rcaai_ws/install/graspnet_control/share/colcon-core/packages/graspnet_control)
[1.159s] DEBUG:colcon.colcon_parallel_executor.executor.parallel:closing loop
[1.159s] DEBUG:colcon.colcon_parallel_executor.executor.parallel:loop closed
[1.159s] DEBUG:colcon.colcon_parallel_executor.executor.parallel:run_until_complete finished with '0'
[1.159s] DEBUG:colcon.colcon_core.event_reactor:joining thread
[1.163s] INFO:colcon.colcon_core.plugin_system:Skipping extension 'colcon_notification.desktop_notification.terminal_notifier': Not used on non-Darwin systems
[1.163s] INFO:colcon.colcon_core.plugin_system:Skipping extension 'colcon_notification.desktop_notification.win32': Not used on non-Windows systems
[1.163s] INFO:colcon.colcon_notification.desktop_notification:Sending desktop notification using 'notify2'
[1.173s] DEBUG:colcon.colcon_core.event_reactor:joined thread
[1.173s] INFO:colcon.colcon_core.shell:Creating prefix script '/home/omer/rcaai_ws/install/local_setup.ps1'
[1.174s] INFO:colcon.colcon_core.shell:Creating prefix util module '/home/omer/rcaai_ws/install/_local_setup_util_ps1.py'
[1.175s] INFO:colcon.colcon_core.shell:Creating prefix chain script '/home/omer/rcaai_ws/install/setup.ps1'
[1.176s] INFO:colcon.colcon_core.shell:Creating prefix script '/home/omer/rcaai_ws/install/local_setup.sh'
[1.176s] INFO:colcon.colcon_core.shell:Creating prefix util module '/home/omer/rcaai_ws/install/_local_setup_util_sh.py'
[1.177s] INFO:colcon.colcon_core.shell:Creating prefix chain script '/home/omer/rcaai_ws/install/setup.sh'
[1.177s] INFO:colcon.colcon_core.shell:Creating prefix script '/home/omer/rcaai_ws/install/local_setup.bash'
[1.178s] INFO:colcon.colcon_core.shell:Creating prefix chain script '/home/omer/rcaai_ws/install/setup.bash'
[1.178s] INFO:colcon.colcon_core.shell:Creating prefix script '/home/omer/rcaai_ws/install/local_setup.zsh'
[1.179s] INFO:colcon.colcon_core.shell:Creating prefix chain script '/home/omer/rcaai_ws/install/setup.zsh'
