[0.209s] DEBUG:colcon:Command line arguments: ['/usr/bin/colcon', 'build', '--packages-select', 'graspnet_hardware', 'graspnet_description', 'graspnet_gazebo', 'graspnet_moveit', 'graspnet_control', 'graspnet_perception', 'graspnet_bringup']
[0.210s] DEBUG:colcon:Parsed command line arguments: Namespace(log_base=None, log_level=None, verb_name='build', build_base='build', install_base='install', merge_install=False, symlink_install=False, test_result_base=None, continue_on_error=False, executor='parallel', parallel_workers=8, event_handlers=None, ignore_user_meta=False, metas=['./colcon.meta'], base_paths=['.'], packages_ignore=None, packages_ignore_regex=None, paths=None, packages_up_to=None, packages_up_to_regex=None, packages_above=None, packages_above_and_dependencies=None, packages_above_depth=None, packages_select_by_dep=None, packages_skip_by_dep=None, packages_skip_up_to=None, packages_select_build_failed=False, packages_skip_build_finished=False, packages_select_test_failures=False, packages_skip_test_passed=False, packages_select=['graspnet_hardware', 'graspnet_description', 'graspnet_gazebo', 'graspnet_moveit', 'graspnet_control', 'graspnet_perception', 'graspnet_bringup'], packages_skip=None, packages_select_regex=None, packages_skip_regex=None, packages_start=None, packages_end=None, allow_overriding=[], cmake_args=None, cmake_target=None, cmake_target_skip_unavailable=False, cmake_clean_cache=False, cmake_clean_first=False, cmake_force_configure=False, ament_cmake_args=None, catkin_cmake_args=None, catkin_skip_building_tests=False, verb_parser=<colcon_defaults.argument_parser.defaults.DefaultArgumentsDecorator object at 0x7f99fba75390>, verb_extension=<colcon_core.verb.build.BuildVerb object at 0x7f99fba74e20>, main=<bound method BuildVerb.main of <colcon_core.verb.build.BuildVerb object at 0x7f99fba74e20>>)
[0.559s] Level 1:colcon.colcon_core.package_discovery:discover_packages(colcon_meta) check parameters
[0.559s] Level 1:colcon.colcon_core.package_discovery:discover_packages(recursive) check parameters
[0.560s] Level 1:colcon.colcon_core.package_discovery:discover_packages(ignore) check parameters
[0.560s] Level 1:colcon.colcon_core.package_discovery:discover_packages(path) check parameters
[0.560s] Level 1:colcon.colcon_core.package_discovery:discover_packages(colcon_meta) discover
[0.560s] Level 1:colcon.colcon_core.package_discovery:discover_packages(recursive) discover
[0.560s] INFO:colcon.colcon_core.package_discovery:Crawling recursively for packages in '/home/omer/rcaai_ws'
[0.560s] Level 1:colcon.colcon_core.package_identification:_identify(.) by extensions ['ignore', 'ignore_ament_install']
[0.561s] Level 1:colcon.colcon_core.package_identification:_identify(.) by extension 'ignore'
[0.561s] Level 1:colcon.colcon_core.package_identification:_identify(.) by extension 'ignore_ament_install'
[0.561s] Level 1:colcon.colcon_core.package_identification:_identify(.) by extensions ['colcon_pkg']
[0.561s] Level 1:colcon.colcon_core.package_identification:_identify(.) by extension 'colcon_pkg'
[0.561s] Level 1:colcon.colcon_core.package_identification:_identify(.) by extensions ['colcon_meta']
[0.561s] Level 1:colcon.colcon_core.package_identification:_identify(.) by extension 'colcon_meta'
[0.561s] Level 1:colcon.colcon_core.package_identification:_identify(.) by extensions ['ros']
[0.561s] Level 1:colcon.colcon_core.package_identification:_identify(.) by extension 'ros'
[0.583s] Level 1:colcon.colcon_core.package_identification:_identify(.) by extensions ['cmake', 'python']
[0.583s] Level 1:colcon.colcon_core.package_identification:_identify(.) by extension 'cmake'
[0.583s] Level 1:colcon.colcon_core.package_identification:_identify(.) by extension 'python'
[0.583s] Level 1:colcon.colcon_core.package_identification:_identify(.) by extensions ['python_setup_py']
[0.583s] Level 1:colcon.colcon_core.package_identification:_identify(.) by extension 'python_setup_py'
[0.583s] Level 1:colcon.colcon_core.package_identification:_identify(build) by extensions ['ignore', 'ignore_ament_install']
[0.584s] Level 1:colcon.colcon_core.package_identification:_identify(build) by extension 'ignore'
[0.584s] Level 1:colcon.colcon_core.package_identification:_identify(build) ignored
[0.584s] Level 1:colcon.colcon_core.package_identification:_identify(install) by extensions ['ignore', 'ignore_ament_install']
[0.584s] Level 1:colcon.colcon_core.package_identification:_identify(install) by extension 'ignore'
[0.584s] Level 1:colcon.colcon_core.package_identification:_identify(install) ignored
[0.584s] Level 1:colcon.colcon_core.package_identification:_identify(log) by extensions ['ignore', 'ignore_ament_install']
[0.584s] Level 1:colcon.colcon_core.package_identification:_identify(log) by extension 'ignore'
[0.585s] Level 1:colcon.colcon_core.package_identification:_identify(log) ignored
[0.585s] Level 1:colcon.colcon_core.package_identification:_identify(src) by extensions ['ignore', 'ignore_ament_install']
[0.585s] Level 1:colcon.colcon_core.package_identification:_identify(src) by extension 'ignore'
[0.585s] Level 1:colcon.colcon_core.package_identification:_identify(src) by extension 'ignore_ament_install'
[0.585s] Level 1:colcon.colcon_core.package_identification:_identify(src) by extensions ['colcon_pkg']
[0.585s] Level 1:colcon.colcon_core.package_identification:_identify(src) by extension 'colcon_pkg'
[0.585s] Level 1:colcon.colcon_core.package_identification:_identify(src) by extensions ['colcon_meta']
[0.585s] Level 1:colcon.colcon_core.package_identification:_identify(src) by extension 'colcon_meta'
[0.585s] Level 1:colcon.colcon_core.package_identification:_identify(src) by extensions ['ros']
[0.585s] Level 1:colcon.colcon_core.package_identification:_identify(src) by extension 'ros'
[0.585s] Level 1:colcon.colcon_core.package_identification:_identify(src) by extensions ['cmake', 'python']
[0.586s] Level 1:colcon.colcon_core.package_identification:_identify(src) by extension 'cmake'
[0.586s] Level 1:colcon.colcon_core.package_identification:_identify(src) by extension 'python'
[0.586s] Level 1:colcon.colcon_core.package_identification:_identify(src) by extensions ['python_setup_py']
[0.586s] Level 1:colcon.colcon_core.package_identification:_identify(src) by extension 'python_setup_py'
[0.586s] Level 1:colcon.colcon_core.package_identification:_identify(src/Universal_Robots_ROS2_Gazebo_Simulation) by extensions ['ignore', 'ignore_ament_install']
[0.586s] Level 1:colcon.colcon_core.package_identification:_identify(src/Universal_Robots_ROS2_Gazebo_Simulation) by extension 'ignore'
[0.586s] Level 1:colcon.colcon_core.package_identification:_identify(src/Universal_Robots_ROS2_Gazebo_Simulation) by extension 'ignore_ament_install'
[0.586s] Level 1:colcon.colcon_core.package_identification:_identify(src/Universal_Robots_ROS2_Gazebo_Simulation) by extensions ['colcon_pkg']
[0.586s] Level 1:colcon.colcon_core.package_identification:_identify(src/Universal_Robots_ROS2_Gazebo_Simulation) by extension 'colcon_pkg'
[0.586s] Level 1:colcon.colcon_core.package_identification:_identify(src/Universal_Robots_ROS2_Gazebo_Simulation) by extensions ['colcon_meta']
[0.586s] Level 1:colcon.colcon_core.package_identification:_identify(src/Universal_Robots_ROS2_Gazebo_Simulation) by extension 'colcon_meta'
[0.587s] Level 1:colcon.colcon_core.package_identification:_identify(src/Universal_Robots_ROS2_Gazebo_Simulation) by extensions ['ros']
[0.587s] Level 1:colcon.colcon_core.package_identification:_identify(src/Universal_Robots_ROS2_Gazebo_Simulation) by extension 'ros'
[0.587s] Level 1:colcon.colcon_core.package_identification:_identify(src/Universal_Robots_ROS2_Gazebo_Simulation) by extensions ['cmake', 'python']
[0.587s] Level 1:colcon.colcon_core.package_identification:_identify(src/Universal_Robots_ROS2_Gazebo_Simulation) by extension 'cmake'
[0.587s] Level 1:colcon.colcon_core.package_identification:_identify(src/Universal_Robots_ROS2_Gazebo_Simulation) by extension 'python'
[0.587s] Level 1:colcon.colcon_core.package_identification:_identify(src/Universal_Robots_ROS2_Gazebo_Simulation) by extensions ['python_setup_py']
[0.587s] Level 1:colcon.colcon_core.package_identification:_identify(src/Universal_Robots_ROS2_Gazebo_Simulation) by extension 'python_setup_py'
[0.587s] Level 1:colcon.colcon_core.package_identification:_identify(src/Universal_Robots_ROS2_Gazebo_Simulation/ur_simulation_gazebo) by extensions ['ignore', 'ignore_ament_install']
[0.587s] Level 1:colcon.colcon_core.package_identification:_identify(src/Universal_Robots_ROS2_Gazebo_Simulation/ur_simulation_gazebo) by extension 'ignore'
[0.587s] Level 1:colcon.colcon_core.package_identification:_identify(src/Universal_Robots_ROS2_Gazebo_Simulation/ur_simulation_gazebo) by extension 'ignore_ament_install'
[0.588s] Level 1:colcon.colcon_core.package_identification:_identify(src/Universal_Robots_ROS2_Gazebo_Simulation/ur_simulation_gazebo) by extensions ['colcon_pkg']
[0.588s] Level 1:colcon.colcon_core.package_identification:_identify(src/Universal_Robots_ROS2_Gazebo_Simulation/ur_simulation_gazebo) by extension 'colcon_pkg'
[0.588s] Level 1:colcon.colcon_core.package_identification:_identify(src/Universal_Robots_ROS2_Gazebo_Simulation/ur_simulation_gazebo) by extensions ['colcon_meta']
[0.588s] Level 1:colcon.colcon_core.package_identification:_identify(src/Universal_Robots_ROS2_Gazebo_Simulation/ur_simulation_gazebo) by extension 'colcon_meta'
[0.588s] Level 1:colcon.colcon_core.package_identification:_identify(src/Universal_Robots_ROS2_Gazebo_Simulation/ur_simulation_gazebo) by extensions ['ros']
[0.588s] Level 1:colcon.colcon_core.package_identification:_identify(src/Universal_Robots_ROS2_Gazebo_Simulation/ur_simulation_gazebo) by extension 'ros'
[0.593s] DEBUG:colcon.colcon_core.package_identification:Package 'src/Universal_Robots_ROS2_Gazebo_Simulation/ur_simulation_gazebo' with type 'ros.ament_cmake' and name 'ur_simulation_gazebo'
[0.593s] Level 1:colcon.colcon_core.package_identification:_identify(src/build) by extensions ['ignore', 'ignore_ament_install']
[0.594s] Level 1:colcon.colcon_core.package_identification:_identify(src/build) by extension 'ignore'
[0.594s] Level 1:colcon.colcon_core.package_identification:_identify(src/build) ignored
[0.594s] Level 1:colcon.colcon_core.package_identification:_identify(src/graspnet-baseline) by extensions ['ignore', 'ignore_ament_install']
[0.594s] Level 1:colcon.colcon_core.package_identification:_identify(src/graspnet-baseline) by extension 'ignore'
[0.594s] Level 1:colcon.colcon_core.package_identification:_identify(src/graspnet-baseline) by extension 'ignore_ament_install'
[0.594s] Level 1:colcon.colcon_core.package_identification:_identify(src/graspnet-baseline) by extensions ['colcon_pkg']
[0.594s] Level 1:colcon.colcon_core.package_identification:_identify(src/graspnet-baseline) by extension 'colcon_pkg'
[0.595s] Level 1:colcon.colcon_core.package_identification:_identify(src/graspnet-baseline) by extensions ['colcon_meta']
[0.595s] Level 1:colcon.colcon_core.package_identification:_identify(src/graspnet-baseline) by extension 'colcon_meta'
[0.595s] Level 1:colcon.colcon_core.package_identification:_identify(src/graspnet-baseline) by extensions ['ros']
[0.595s] Level 1:colcon.colcon_core.package_identification:_identify(src/graspnet-baseline) by extension 'ros'
[0.595s] Level 1:colcon.colcon_core.package_identification:_identify(src/graspnet-baseline) by extensions ['cmake', 'python']
[0.595s] Level 1:colcon.colcon_core.package_identification:_identify(src/graspnet-baseline) by extension 'cmake'
[0.595s] Level 1:colcon.colcon_core.package_identification:_identify(src/graspnet-baseline) by extension 'python'
[0.595s] Level 1:colcon.colcon_core.package_identification:_identify(src/graspnet-baseline) by extensions ['python_setup_py']
[0.595s] Level 1:colcon.colcon_core.package_identification:_identify(src/graspnet-baseline) by extension 'python_setup_py'
[0.595s] Level 1:colcon.colcon_core.package_identification:_identify(src/graspnet-baseline/dataset) by extensions ['ignore', 'ignore_ament_install']
[0.595s] Level 1:colcon.colcon_core.package_identification:_identify(src/graspnet-baseline/dataset) by extension 'ignore'
[0.596s] Level 1:colcon.colcon_core.package_identification:_identify(src/graspnet-baseline/dataset) by extension 'ignore_ament_install'
[0.596s] Level 1:colcon.colcon_core.package_identification:_identify(src/graspnet-baseline/dataset) by extensions ['colcon_pkg']
[0.596s] Level 1:colcon.colcon_core.package_identification:_identify(src/graspnet-baseline/dataset) by extension 'colcon_pkg'
[0.596s] Level 1:colcon.colcon_core.package_identification:_identify(src/graspnet-baseline/dataset) by extensions ['colcon_meta']
[0.596s] Level 1:colcon.colcon_core.package_identification:_identify(src/graspnet-baseline/dataset) by extension 'colcon_meta'
[0.596s] Level 1:colcon.colcon_core.package_identification:_identify(src/graspnet-baseline/dataset) by extensions ['ros']
[0.596s] Level 1:colcon.colcon_core.package_identification:_identify(src/graspnet-baseline/dataset) by extension 'ros'
[0.596s] Level 1:colcon.colcon_core.package_identification:_identify(src/graspnet-baseline/dataset) by extensions ['cmake', 'python']
[0.596s] Level 1:colcon.colcon_core.package_identification:_identify(src/graspnet-baseline/dataset) by extension 'cmake'
[0.596s] Level 1:colcon.colcon_core.package_identification:_identify(src/graspnet-baseline/dataset) by extension 'python'
[0.596s] Level 1:colcon.colcon_core.package_identification:_identify(src/graspnet-baseline/dataset) by extensions ['python_setup_py']
[0.596s] Level 1:colcon.colcon_core.package_identification:_identify(src/graspnet-baseline/dataset) by extension 'python_setup_py'
[0.597s] Level 1:colcon.colcon_core.package_identification:_identify(src/graspnet-baseline/doc) by extensions ['ignore', 'ignore_ament_install']
[0.597s] Level 1:colcon.colcon_core.package_identification:_identify(src/graspnet-baseline/doc) by extension 'ignore'
[0.597s] Level 1:colcon.colcon_core.package_identification:_identify(src/graspnet-baseline/doc) by extension 'ignore_ament_install'
[0.597s] Level 1:colcon.colcon_core.package_identification:_identify(src/graspnet-baseline/doc) by extensions ['colcon_pkg']
[0.597s] Level 1:colcon.colcon_core.package_identification:_identify(src/graspnet-baseline/doc) by extension 'colcon_pkg'
[0.597s] Level 1:colcon.colcon_core.package_identification:_identify(src/graspnet-baseline/doc) by extensions ['colcon_meta']
[0.597s] Level 1:colcon.colcon_core.package_identification:_identify(src/graspnet-baseline/doc) by extension 'colcon_meta'
[0.597s] Level 1:colcon.colcon_core.package_identification:_identify(src/graspnet-baseline/doc) by extensions ['ros']
[0.597s] Level 1:colcon.colcon_core.package_identification:_identify(src/graspnet-baseline/doc) by extension 'ros'
[0.597s] Level 1:colcon.colcon_core.package_identification:_identify(src/graspnet-baseline/doc) by extensions ['cmake', 'python']
[0.597s] Level 1:colcon.colcon_core.package_identification:_identify(src/graspnet-baseline/doc) by extension 'cmake'
[0.598s] Level 1:colcon.colcon_core.package_identification:_identify(src/graspnet-baseline/doc) by extension 'python'
[0.598s] Level 1:colcon.colcon_core.package_identification:_identify(src/graspnet-baseline/doc) by extensions ['python_setup_py']
[0.598s] Level 1:colcon.colcon_core.package_identification:_identify(src/graspnet-baseline/doc) by extension 'python_setup_py'
[0.598s] Level 1:colcon.colcon_core.package_identification:_identify(src/graspnet-baseline/doc/example_data) by extensions ['ignore', 'ignore_ament_install']
[0.598s] Level 1:colcon.colcon_core.package_identification:_identify(src/graspnet-baseline/doc/example_data) by extension 'ignore'
[0.598s] Level 1:colcon.colcon_core.package_identification:_identify(src/graspnet-baseline/doc/example_data) by extension 'ignore_ament_install'
[0.598s] Level 1:colcon.colcon_core.package_identification:_identify(src/graspnet-baseline/doc/example_data) by extensions ['colcon_pkg']
[0.598s] Level 1:colcon.colcon_core.package_identification:_identify(src/graspnet-baseline/doc/example_data) by extension 'colcon_pkg'
[0.598s] Level 1:colcon.colcon_core.package_identification:_identify(src/graspnet-baseline/doc/example_data) by extensions ['colcon_meta']
[0.598s] Level 1:colcon.colcon_core.package_identification:_identify(src/graspnet-baseline/doc/example_data) by extension 'colcon_meta'
[0.599s] Level 1:colcon.colcon_core.package_identification:_identify(src/graspnet-baseline/doc/example_data) by extensions ['ros']
[0.599s] Level 1:colcon.colcon_core.package_identification:_identify(src/graspnet-baseline/doc/example_data) by extension 'ros'
[0.599s] Level 1:colcon.colcon_core.package_identification:_identify(src/graspnet-baseline/doc/example_data) by extensions ['cmake', 'python']
[0.599s] Level 1:colcon.colcon_core.package_identification:_identify(src/graspnet-baseline/doc/example_data) by extension 'cmake'
[0.599s] Level 1:colcon.colcon_core.package_identification:_identify(src/graspnet-baseline/doc/example_data) by extension 'python'
[0.599s] Level 1:colcon.colcon_core.package_identification:_identify(src/graspnet-baseline/doc/example_data) by extensions ['python_setup_py']
[0.599s] Level 1:colcon.colcon_core.package_identification:_identify(src/graspnet-baseline/doc/example_data) by extension 'python_setup_py'
[0.599s] Level 1:colcon.colcon_core.package_identification:_identify(src/graspnet-baseline/knn) by extensions ['ignore', 'ignore_ament_install']
[0.599s] Level 1:colcon.colcon_core.package_identification:_identify(src/graspnet-baseline/knn) by extension 'ignore'
[0.599s] Level 1:colcon.colcon_core.package_identification:_identify(src/graspnet-baseline/knn) by extension 'ignore_ament_install'
[0.599s] Level 1:colcon.colcon_core.package_identification:_identify(src/graspnet-baseline/knn) by extensions ['colcon_pkg']
[0.600s] Level 1:colcon.colcon_core.package_identification:_identify(src/graspnet-baseline/knn) by extension 'colcon_pkg'
[0.600s] Level 1:colcon.colcon_core.package_identification:_identify(src/graspnet-baseline/knn) by extensions ['colcon_meta']
[0.600s] Level 1:colcon.colcon_core.package_identification:_identify(src/graspnet-baseline/knn) by extension 'colcon_meta'
[0.600s] Level 1:colcon.colcon_core.package_identification:_identify(src/graspnet-baseline/knn) by extensions ['ros']
[0.600s] Level 1:colcon.colcon_core.package_identification:_identify(src/graspnet-baseline/knn) by extension 'ros'
[0.600s] Level 1:colcon.colcon_core.package_identification:_identify(src/graspnet-baseline/knn) by extensions ['cmake', 'python']
[0.600s] Level 1:colcon.colcon_core.package_identification:_identify(src/graspnet-baseline/knn) by extension 'cmake'
[0.600s] Level 1:colcon.colcon_core.package_identification:_identify(src/graspnet-baseline/knn) by extension 'python'
[0.600s] Level 1:colcon.colcon_core.package_identification:_identify(src/graspnet-baseline/knn) by extensions ['python_setup_py']
[0.600s] Level 1:colcon.colcon_core.package_identification:_identify(src/graspnet-baseline/knn) by extension 'python_setup_py'
[5.107s] DEBUG:colcon.colcon_core.package_identification:Package 'src/graspnet-baseline/knn' with type 'python' and name 'knn_pytorch'
[5.107s] Level 1:colcon.colcon_core.package_identification:_identify(src/graspnet-baseline/models) by extensions ['ignore', 'ignore_ament_install']
[5.108s] Level 1:colcon.colcon_core.package_identification:_identify(src/graspnet-baseline/models) by extension 'ignore'
[5.108s] Level 1:colcon.colcon_core.package_identification:_identify(src/graspnet-baseline/models) by extension 'ignore_ament_install'
[5.108s] Level 1:colcon.colcon_core.package_identification:_identify(src/graspnet-baseline/models) by extensions ['colcon_pkg']
[5.108s] Level 1:colcon.colcon_core.package_identification:_identify(src/graspnet-baseline/models) by extension 'colcon_pkg'
[5.108s] Level 1:colcon.colcon_core.package_identification:_identify(src/graspnet-baseline/models) by extensions ['colcon_meta']
[5.108s] Level 1:colcon.colcon_core.package_identification:_identify(src/graspnet-baseline/models) by extension 'colcon_meta'
[5.108s] Level 1:colcon.colcon_core.package_identification:_identify(src/graspnet-baseline/models) by extensions ['ros']
[5.108s] Level 1:colcon.colcon_core.package_identification:_identify(src/graspnet-baseline/models) by extension 'ros'
[5.108s] Level 1:colcon.colcon_core.package_identification:_identify(src/graspnet-baseline/models) by extensions ['cmake', 'python']
[5.109s] Level 1:colcon.colcon_core.package_identification:_identify(src/graspnet-baseline/models) by extension 'cmake'
[5.109s] Level 1:colcon.colcon_core.package_identification:_identify(src/graspnet-baseline/models) by extension 'python'
[5.109s] Level 1:colcon.colcon_core.package_identification:_identify(src/graspnet-baseline/models) by extensions ['python_setup_py']
[5.109s] Level 1:colcon.colcon_core.package_identification:_identify(src/graspnet-baseline/models) by extension 'python_setup_py'
[5.109s] Level 1:colcon.colcon_core.package_identification:_identify(src/graspnet-baseline/pointnet2) by extensions ['ignore', 'ignore_ament_install']
[5.109s] Level 1:colcon.colcon_core.package_identification:_identify(src/graspnet-baseline/pointnet2) by extension 'ignore'
[5.109s] Level 1:colcon.colcon_core.package_identification:_identify(src/graspnet-baseline/pointnet2) by extension 'ignore_ament_install'
[5.109s] Level 1:colcon.colcon_core.package_identification:_identify(src/graspnet-baseline/pointnet2) by extensions ['colcon_pkg']
[5.109s] Level 1:colcon.colcon_core.package_identification:_identify(src/graspnet-baseline/pointnet2) by extension 'colcon_pkg'
[5.109s] Level 1:colcon.colcon_core.package_identification:_identify(src/graspnet-baseline/pointnet2) by extensions ['colcon_meta']
[5.110s] Level 1:colcon.colcon_core.package_identification:_identify(src/graspnet-baseline/pointnet2) by extension 'colcon_meta'
[5.110s] Level 1:colcon.colcon_core.package_identification:_identify(src/graspnet-baseline/pointnet2) by extensions ['ros']
[5.110s] Level 1:colcon.colcon_core.package_identification:_identify(src/graspnet-baseline/pointnet2) by extension 'ros'
[5.110s] Level 1:colcon.colcon_core.package_identification:_identify(src/graspnet-baseline/pointnet2) by extensions ['cmake', 'python']
[5.110s] Level 1:colcon.colcon_core.package_identification:_identify(src/graspnet-baseline/pointnet2) by extension 'cmake'
[5.110s] Level 1:colcon.colcon_core.package_identification:_identify(src/graspnet-baseline/pointnet2) by extension 'python'
[5.110s] Level 1:colcon.colcon_core.package_identification:_identify(src/graspnet-baseline/pointnet2) by extensions ['python_setup_py']
[5.110s] Level 1:colcon.colcon_core.package_identification:_identify(src/graspnet-baseline/pointnet2) by extension 'python_setup_py'
[9.632s] ERROR:colcon.colcon_core.package_identification:Exception in package identification extension 'python_setup_py' in 'src/graspnet-baseline/pointnet2': Command '['/usr/bin/python3', '-c', 'import sys;from contextlib import suppress;exec("with suppress(ImportError):    from setuptools.extern.packaging.specifiers    import SpecifierSet");exec("with suppress(ImportError):    from packaging.specifiers import SpecifierSet");from distutils.core import run_setup;dist = run_setup(    \'setup.py\', script_args=(\'--dry-run\',), stop_after=\'config\');skip_keys = (\'cmdclass\', \'distclass\', \'ext_modules\', \'metadata\');data = {    key: value for key, value in dist.__dict__.items()     if (        not key.startswith(\'_\') and         not callable(value) and         key not in skip_keys and         key not in dist.display_option_names    )};data[\'metadata\'] = {    k: v for k, v in dist.metadata.__dict__.items()     if k not in (\'license_files\', \'provides_extras\')};sys.stdout.buffer.write(repr(data).encode(\'utf-8\'))']' returned non-zero exit status 1.
Traceback (most recent call last):
  File "/usr/lib/python3/dist-packages/colcon_core/package_identification/__init__.py", line 144, in _identify
    retval = extension.identify(_reused_descriptor_instance)
  File "/usr/lib/python3/dist-packages/colcon_python_setup_py/package_identification/python_setup_py.py", line 48, in identify
    config = get_setup_information(setup_py)
  File "/usr/lib/python3/dist-packages/colcon_python_setup_py/package_identification/python_setup_py.py", line 249, in get_setup_information
    _setup_information_cache[hashable_env] = _get_setup_information(
  File "/usr/lib/python3/dist-packages/colcon_python_setup_py/package_identification/python_setup_py.py", line 296, in _get_setup_information
    result = subprocess.run(
  File "/usr/lib/python3.10/subprocess.py", line 526, in run
    raise CalledProcessError(retcode, process.args,
subprocess.CalledProcessError: Command '['/usr/bin/python3', '-c', 'import sys;from contextlib import suppress;exec("with suppress(ImportError):    from setuptools.extern.packaging.specifiers    import SpecifierSet");exec("with suppress(ImportError):    from packaging.specifiers import SpecifierSet");from distutils.core import run_setup;dist = run_setup(    \'setup.py\', script_args=(\'--dry-run\',), stop_after=\'config\');skip_keys = (\'cmdclass\', \'distclass\', \'ext_modules\', \'metadata\');data = {    key: value for key, value in dist.__dict__.items()     if (        not key.startswith(\'_\') and         not callable(value) and         key not in skip_keys and         key not in dist.display_option_names    )};data[\'metadata\'] = {    k: v for k, v in dist.metadata.__dict__.items()     if k not in (\'license_files\', \'provides_extras\')};sys.stdout.buffer.write(repr(data).encode(\'utf-8\'))']' returned non-zero exit status 1.

[9.633s] Level 1:colcon.colcon_core.package_identification:_identify(src/graspnet-baseline/pointnet2/_ext_src) by extensions ['ignore', 'ignore_ament_install']
[9.633s] Level 1:colcon.colcon_core.package_identification:_identify(src/graspnet-baseline/pointnet2/_ext_src) by extension 'ignore'
[9.633s] Level 1:colcon.colcon_core.package_identification:_identify(src/graspnet-baseline/pointnet2/_ext_src) by extension 'ignore_ament_install'
[9.633s] Level 1:colcon.colcon_core.package_identification:_identify(src/graspnet-baseline/pointnet2/_ext_src) by extensions ['colcon_pkg']
[9.633s] Level 1:colcon.colcon_core.package_identification:_identify(src/graspnet-baseline/pointnet2/_ext_src) by extension 'colcon_pkg'
[9.633s] Level 1:colcon.colcon_core.package_identification:_identify(src/graspnet-baseline/pointnet2/_ext_src) by extensions ['colcon_meta']
[9.633s] Level 1:colcon.colcon_core.package_identification:_identify(src/graspnet-baseline/pointnet2/_ext_src) by extension 'colcon_meta'
[9.633s] Level 1:colcon.colcon_core.package_identification:_identify(src/graspnet-baseline/pointnet2/_ext_src) by extensions ['ros']
[9.633s] Level 1:colcon.colcon_core.package_identification:_identify(src/graspnet-baseline/pointnet2/_ext_src) by extension 'ros'
[9.634s] Level 1:colcon.colcon_core.package_identification:_identify(src/graspnet-baseline/pointnet2/_ext_src) by extensions ['cmake', 'python']
[9.634s] Level 1:colcon.colcon_core.package_identification:_identify(src/graspnet-baseline/pointnet2/_ext_src) by extension 'cmake'
[9.634s] Level 1:colcon.colcon_core.package_identification:_identify(src/graspnet-baseline/pointnet2/_ext_src) by extension 'python'
[9.634s] Level 1:colcon.colcon_core.package_identification:_identify(src/graspnet-baseline/pointnet2/_ext_src) by extensions ['python_setup_py']
[9.634s] Level 1:colcon.colcon_core.package_identification:_identify(src/graspnet-baseline/pointnet2/_ext_src) by extension 'python_setup_py'
[9.634s] Level 1:colcon.colcon_core.package_identification:_identify(src/graspnet-baseline/pointnet2/_ext_src/include) by extensions ['ignore', 'ignore_ament_install']
[9.634s] Level 1:colcon.colcon_core.package_identification:_identify(src/graspnet-baseline/pointnet2/_ext_src/include) by extension 'ignore'
[9.634s] Level 1:colcon.colcon_core.package_identification:_identify(src/graspnet-baseline/pointnet2/_ext_src/include) by extension 'ignore_ament_install'
[9.635s] Level 1:colcon.colcon_core.package_identification:_identify(src/graspnet-baseline/pointnet2/_ext_src/include) by extensions ['colcon_pkg']
[9.635s] Level 1:colcon.colcon_core.package_identification:_identify(src/graspnet-baseline/pointnet2/_ext_src/include) by extension 'colcon_pkg'
[9.635s] Level 1:colcon.colcon_core.package_identification:_identify(src/graspnet-baseline/pointnet2/_ext_src/include) by extensions ['colcon_meta']
[9.635s] Level 1:colcon.colcon_core.package_identification:_identify(src/graspnet-baseline/pointnet2/_ext_src/include) by extension 'colcon_meta'
[9.635s] Level 1:colcon.colcon_core.package_identification:_identify(src/graspnet-baseline/pointnet2/_ext_src/include) by extensions ['ros']
[9.635s] Level 1:colcon.colcon_core.package_identification:_identify(src/graspnet-baseline/pointnet2/_ext_src/include) by extension 'ros'
[9.635s] Level 1:colcon.colcon_core.package_identification:_identify(src/graspnet-baseline/pointnet2/_ext_src/include) by extensions ['cmake', 'python']
[9.635s] Level 1:colcon.colcon_core.package_identification:_identify(src/graspnet-baseline/pointnet2/_ext_src/include) by extension 'cmake'
[9.635s] Level 1:colcon.colcon_core.package_identification:_identify(src/graspnet-baseline/pointnet2/_ext_src/include) by extension 'python'
[9.635s] Level 1:colcon.colcon_core.package_identification:_identify(src/graspnet-baseline/pointnet2/_ext_src/include) by extensions ['python_setup_py']
[9.635s] Level 1:colcon.colcon_core.package_identification:_identify(src/graspnet-baseline/pointnet2/_ext_src/include) by extension 'python_setup_py'
[9.636s] Level 1:colcon.colcon_core.package_identification:_identify(src/graspnet-baseline/pointnet2/_ext_src/src) by extensions ['ignore', 'ignore_ament_install']
[9.636s] Level 1:colcon.colcon_core.package_identification:_identify(src/graspnet-baseline/pointnet2/_ext_src/src) by extension 'ignore'
[9.636s] Level 1:colcon.colcon_core.package_identification:_identify(src/graspnet-baseline/pointnet2/_ext_src/src) by extension 'ignore_ament_install'
[9.636s] Level 1:colcon.colcon_core.package_identification:_identify(src/graspnet-baseline/pointnet2/_ext_src/src) by extensions ['colcon_pkg']
[9.636s] Level 1:colcon.colcon_core.package_identification:_identify(src/graspnet-baseline/pointnet2/_ext_src/src) by extension 'colcon_pkg'
[9.636s] Level 1:colcon.colcon_core.package_identification:_identify(src/graspnet-baseline/pointnet2/_ext_src/src) by extensions ['colcon_meta']
[9.636s] Level 1:colcon.colcon_core.package_identification:_identify(src/graspnet-baseline/pointnet2/_ext_src/src) by extension 'colcon_meta'
[9.636s] Level 1:colcon.colcon_core.package_identification:_identify(src/graspnet-baseline/pointnet2/_ext_src/src) by extensions ['ros']
[9.636s] Level 1:colcon.colcon_core.package_identification:_identify(src/graspnet-baseline/pointnet2/_ext_src/src) by extension 'ros'
[9.637s] Level 1:colcon.colcon_core.package_identification:_identify(src/graspnet-baseline/pointnet2/_ext_src/src) by extensions ['cmake', 'python']
[9.637s] Level 1:colcon.colcon_core.package_identification:_identify(src/graspnet-baseline/pointnet2/_ext_src/src) by extension 'cmake'
[9.637s] Level 1:colcon.colcon_core.package_identification:_identify(src/graspnet-baseline/pointnet2/_ext_src/src) by extension 'python'
[9.637s] Level 1:colcon.colcon_core.package_identification:_identify(src/graspnet-baseline/pointnet2/_ext_src/src) by extensions ['python_setup_py']
[9.637s] Level 1:colcon.colcon_core.package_identification:_identify(src/graspnet-baseline/pointnet2/_ext_src/src) by extension 'python_setup_py'
[9.637s] Level 1:colcon.colcon_core.package_identification:_identify(src/graspnet-baseline/utils) by extensions ['ignore', 'ignore_ament_install']
[9.637s] Level 1:colcon.colcon_core.package_identification:_identify(src/graspnet-baseline/utils) by extension 'ignore'
[9.637s] Level 1:colcon.colcon_core.package_identification:_identify(src/graspnet-baseline/utils) by extension 'ignore_ament_install'
[9.637s] Level 1:colcon.colcon_core.package_identification:_identify(src/graspnet-baseline/utils) by extensions ['colcon_pkg']
[9.637s] Level 1:colcon.colcon_core.package_identification:_identify(src/graspnet-baseline/utils) by extension 'colcon_pkg'
[9.637s] Level 1:colcon.colcon_core.package_identification:_identify(src/graspnet-baseline/utils) by extensions ['colcon_meta']
[9.638s] Level 1:colcon.colcon_core.package_identification:_identify(src/graspnet-baseline/utils) by extension 'colcon_meta'
[9.638s] Level 1:colcon.colcon_core.package_identification:_identify(src/graspnet-baseline/utils) by extensions ['ros']
[9.638s] Level 1:colcon.colcon_core.package_identification:_identify(src/graspnet-baseline/utils) by extension 'ros'
[9.638s] Level 1:colcon.colcon_core.package_identification:_identify(src/graspnet-baseline/utils) by extensions ['cmake', 'python']
[9.638s] Level 1:colcon.colcon_core.package_identification:_identify(src/graspnet-baseline/utils) by extension 'cmake'
[9.638s] Level 1:colcon.colcon_core.package_identification:_identify(src/graspnet-baseline/utils) by extension 'python'
[9.638s] Level 1:colcon.colcon_core.package_identification:_identify(src/graspnet-baseline/utils) by extensions ['python_setup_py']
[9.638s] Level 1:colcon.colcon_core.package_identification:_identify(src/graspnet-baseline/utils) by extension 'python_setup_py'
[9.638s] Level 1:colcon.colcon_core.package_identification:_identify(src/graspnet_bringup) by extensions ['ignore', 'ignore_ament_install']
[9.638s] Level 1:colcon.colcon_core.package_identification:_identify(src/graspnet_bringup) by extension 'ignore'
[9.639s] Level 1:colcon.colcon_core.package_identification:_identify(src/graspnet_bringup) by extension 'ignore_ament_install'
[9.639s] Level 1:colcon.colcon_core.package_identification:_identify(src/graspnet_bringup) by extensions ['colcon_pkg']
[9.639s] Level 1:colcon.colcon_core.package_identification:_identify(src/graspnet_bringup) by extension 'colcon_pkg'
[9.639s] Level 1:colcon.colcon_core.package_identification:_identify(src/graspnet_bringup) by extensions ['colcon_meta']
[9.639s] Level 1:colcon.colcon_core.package_identification:_identify(src/graspnet_bringup) by extension 'colcon_meta'
[9.639s] Level 1:colcon.colcon_core.package_identification:_identify(src/graspnet_bringup) by extensions ['ros']
[9.639s] Level 1:colcon.colcon_core.package_identification:_identify(src/graspnet_bringup) by extension 'ros'
[9.641s] DEBUG:colcon.colcon_core.package_identification:Package 'src/graspnet_bringup' with type 'ros.ament_cmake' and name 'graspnet_bringup'
[9.641s] Level 1:colcon.colcon_core.package_identification:_identify(src/graspnet_control) by extensions ['ignore', 'ignore_ament_install']
[9.641s] Level 1:colcon.colcon_core.package_identification:_identify(src/graspnet_control) by extension 'ignore'
[9.641s] Level 1:colcon.colcon_core.package_identification:_identify(src/graspnet_control) by extension 'ignore_ament_install'
[9.641s] Level 1:colcon.colcon_core.package_identification:_identify(src/graspnet_control) by extensions ['colcon_pkg']
[9.641s] Level 1:colcon.colcon_core.package_identification:_identify(src/graspnet_control) by extension 'colcon_pkg'
[9.641s] Level 1:colcon.colcon_core.package_identification:_identify(src/graspnet_control) by extensions ['colcon_meta']
[9.641s] Level 1:colcon.colcon_core.package_identification:_identify(src/graspnet_control) by extension 'colcon_meta'
[9.641s] Level 1:colcon.colcon_core.package_identification:_identify(src/graspnet_control) by extensions ['ros']
[9.641s] Level 1:colcon.colcon_core.package_identification:_identify(src/graspnet_control) by extension 'ros'
[9.643s] DEBUG:colcon.colcon_core.package_identification:Package 'src/graspnet_control' with type 'ros.ament_python' and name 'graspnet_control'
[9.643s] Level 1:colcon.colcon_core.package_identification:_identify(src/graspnet_description) by extensions ['ignore', 'ignore_ament_install']
[9.644s] Level 1:colcon.colcon_core.package_identification:_identify(src/graspnet_description) by extension 'ignore'
[9.644s] Level 1:colcon.colcon_core.package_identification:_identify(src/graspnet_description) by extension 'ignore_ament_install'
[9.644s] Level 1:colcon.colcon_core.package_identification:_identify(src/graspnet_description) by extensions ['colcon_pkg']
[9.644s] Level 1:colcon.colcon_core.package_identification:_identify(src/graspnet_description) by extension 'colcon_pkg'
[9.644s] Level 1:colcon.colcon_core.package_identification:_identify(src/graspnet_description) by extensions ['colcon_meta']
[9.644s] Level 1:colcon.colcon_core.package_identification:_identify(src/graspnet_description) by extension 'colcon_meta'
[9.644s] Level 1:colcon.colcon_core.package_identification:_identify(src/graspnet_description) by extensions ['ros']
[9.644s] Level 1:colcon.colcon_core.package_identification:_identify(src/graspnet_description) by extension 'ros'
[9.646s] DEBUG:colcon.colcon_core.package_identification:Package 'src/graspnet_description' with type 'ros.ament_cmake' and name 'graspnet_description'
[9.646s] Level 1:colcon.colcon_core.package_identification:_identify(src/graspnet_gazebo) by extensions ['ignore', 'ignore_ament_install']
[9.647s] Level 1:colcon.colcon_core.package_identification:_identify(src/graspnet_gazebo) by extension 'ignore'
[9.647s] Level 1:colcon.colcon_core.package_identification:_identify(src/graspnet_gazebo) by extension 'ignore_ament_install'
[9.647s] Level 1:colcon.colcon_core.package_identification:_identify(src/graspnet_gazebo) by extensions ['colcon_pkg']
[9.647s] Level 1:colcon.colcon_core.package_identification:_identify(src/graspnet_gazebo) by extension 'colcon_pkg'
[9.647s] Level 1:colcon.colcon_core.package_identification:_identify(src/graspnet_gazebo) by extensions ['colcon_meta']
[9.647s] Level 1:colcon.colcon_core.package_identification:_identify(src/graspnet_gazebo) by extension 'colcon_meta'
[9.647s] Level 1:colcon.colcon_core.package_identification:_identify(src/graspnet_gazebo) by extensions ['ros']
[9.647s] Level 1:colcon.colcon_core.package_identification:_identify(src/graspnet_gazebo) by extension 'ros'
[9.649s] DEBUG:colcon.colcon_core.package_identification:Package 'src/graspnet_gazebo' with type 'ros.ament_cmake' and name 'graspnet_gazebo'
[9.649s] Level 1:colcon.colcon_core.package_identification:_identify(src/graspnet_hardware) by extensions ['ignore', 'ignore_ament_install']
[9.649s] Level 1:colcon.colcon_core.package_identification:_identify(src/graspnet_hardware) by extension 'ignore'
[9.649s] Level 1:colcon.colcon_core.package_identification:_identify(src/graspnet_hardware) by extension 'ignore_ament_install'
[9.649s] Level 1:colcon.colcon_core.package_identification:_identify(src/graspnet_hardware) by extensions ['colcon_pkg']
[9.649s] Level 1:colcon.colcon_core.package_identification:_identify(src/graspnet_hardware) by extension 'colcon_pkg'
[9.649s] Level 1:colcon.colcon_core.package_identification:_identify(src/graspnet_hardware) by extensions ['colcon_meta']
[9.649s] Level 1:colcon.colcon_core.package_identification:_identify(src/graspnet_hardware) by extension 'colcon_meta'
[9.650s] Level 1:colcon.colcon_core.package_identification:_identify(src/graspnet_hardware) by extensions ['ros']
[9.650s] Level 1:colcon.colcon_core.package_identification:_identify(src/graspnet_hardware) by extension 'ros'
[9.651s] DEBUG:colcon.colcon_core.package_identification:Package 'src/graspnet_hardware' with type 'ros.ament_cmake' and name 'graspnet_hardware'
[9.651s] Level 1:colcon.colcon_core.package_identification:_identify(src/graspnet_moveit) by extensions ['ignore', 'ignore_ament_install']
[9.651s] Level 1:colcon.colcon_core.package_identification:_identify(src/graspnet_moveit) by extension 'ignore'
[9.651s] Level 1:colcon.colcon_core.package_identification:_identify(src/graspnet_moveit) by extension 'ignore_ament_install'
[9.652s] Level 1:colcon.colcon_core.package_identification:_identify(src/graspnet_moveit) by extensions ['colcon_pkg']
[9.652s] Level 1:colcon.colcon_core.package_identification:_identify(src/graspnet_moveit) by extension 'colcon_pkg'
[9.652s] Level 1:colcon.colcon_core.package_identification:_identify(src/graspnet_moveit) by extensions ['colcon_meta']
[9.652s] Level 1:colcon.colcon_core.package_identification:_identify(src/graspnet_moveit) by extension 'colcon_meta'
[9.652s] Level 1:colcon.colcon_core.package_identification:_identify(src/graspnet_moveit) by extensions ['ros']
[9.652s] Level 1:colcon.colcon_core.package_identification:_identify(src/graspnet_moveit) by extension 'ros'
[9.657s] DEBUG:colcon.colcon_core.package_identification:Package 'src/graspnet_moveit' with type 'ros.ament_cmake' and name 'graspnet_moveit'
[9.657s] Level 1:colcon.colcon_core.package_identification:_identify(src/graspnet_perception) by extensions ['ignore', 'ignore_ament_install']
[9.657s] Level 1:colcon.colcon_core.package_identification:_identify(src/graspnet_perception) by extension 'ignore'
[9.657s] Level 1:colcon.colcon_core.package_identification:_identify(src/graspnet_perception) by extension 'ignore_ament_install'
[9.658s] Level 1:colcon.colcon_core.package_identification:_identify(src/graspnet_perception) by extensions ['colcon_pkg']
[9.658s] Level 1:colcon.colcon_core.package_identification:_identify(src/graspnet_perception) by extension 'colcon_pkg'
[9.658s] Level 1:colcon.colcon_core.package_identification:_identify(src/graspnet_perception) by extensions ['colcon_meta']
[9.658s] Level 1:colcon.colcon_core.package_identification:_identify(src/graspnet_perception) by extension 'colcon_meta'
[9.658s] Level 1:colcon.colcon_core.package_identification:_identify(src/graspnet_perception) by extensions ['ros']
[9.658s] Level 1:colcon.colcon_core.package_identification:_identify(src/graspnet_perception) by extension 'ros'
[9.661s] DEBUG:colcon.colcon_core.package_identification:Package 'src/graspnet_perception' with type 'ros.ament_python' and name 'graspnet_perception'
[9.661s] Level 1:colcon.colcon_core.package_identification:_identify(src/install) by extensions ['ignore', 'ignore_ament_install']
[9.661s] Level 1:colcon.colcon_core.package_identification:_identify(src/install) by extension 'ignore'
[9.661s] Level 1:colcon.colcon_core.package_identification:_identify(src/install) ignored
[9.662s] Level 1:colcon.colcon_core.package_identification:_identify(src/log) by extensions ['ignore', 'ignore_ament_install']
[9.662s] Level 1:colcon.colcon_core.package_identification:_identify(src/log) by extension 'ignore'
[9.662s] Level 1:colcon.colcon_core.package_identification:_identify(src/log) ignored
[9.662s] Level 1:colcon.colcon_core.package_identification:_identify(src/sim_stack) by extensions ['ignore', 'ignore_ament_install']
[9.662s] Level 1:colcon.colcon_core.package_identification:_identify(src/sim_stack) by extension 'ignore'
[9.662s] Level 1:colcon.colcon_core.package_identification:_identify(src/sim_stack) by extension 'ignore_ament_install'
[9.663s] Level 1:colcon.colcon_core.package_identification:_identify(src/sim_stack) by extensions ['colcon_pkg']
[9.663s] Level 1:colcon.colcon_core.package_identification:_identify(src/sim_stack) by extension 'colcon_pkg'
[9.663s] Level 1:colcon.colcon_core.package_identification:_identify(src/sim_stack) by extensions ['colcon_meta']
[9.663s] Level 1:colcon.colcon_core.package_identification:_identify(src/sim_stack) by extension 'colcon_meta'
[9.663s] Level 1:colcon.colcon_core.package_identification:_identify(src/sim_stack) by extensions ['ros']
[9.663s] Level 1:colcon.colcon_core.package_identification:_identify(src/sim_stack) by extension 'ros'
[9.664s] DEBUG:colcon.colcon_core.package_identification:Package 'src/sim_stack' with type 'ros.ament_cmake' and name 'sim_stack'
[9.665s] Level 1:colcon.colcon_core.package_discovery:discover_packages(recursive) using defaults
[9.665s] Level 1:colcon.colcon_core.package_discovery:discover_packages(ignore) discover
[9.665s] Level 1:colcon.colcon_core.package_discovery:discover_packages(ignore) using defaults
[9.665s] Level 1:colcon.colcon_core.package_discovery:discover_packages(path) discover
[9.665s] Level 1:colcon.colcon_core.package_discovery:discover_packages(path) using defaults
[9.725s] INFO:colcon.colcon_core.package_selection:Skipping not selected package 'knn_pytorch' in 'src/graspnet-baseline/knn'
[9.725s] INFO:colcon.colcon_core.package_selection:Skipping not selected package 'sim_stack' in 'src/sim_stack'
[9.725s] INFO:colcon.colcon_core.package_selection:Skipping not selected package 'ur_simulation_gazebo' in 'src/Universal_Robots_ROS2_Gazebo_Simulation/ur_simulation_gazebo'
[9.726s] Level 1:colcon.colcon_core.package_discovery:discover_packages(prefix_path) check parameters
[9.726s] Level 1:colcon.colcon_core.package_discovery:discover_packages(prefix_path) discover
[9.731s] DEBUG:colcon.colcon_installed_package_information.package_discovery:Found 326 installed packages in /opt/ros/humble
[9.734s] Level 1:colcon.colcon_core.package_discovery:discover_packages(prefix_path) using defaults
[9.813s] Level 5:colcon.colcon_core.verb:set package 'graspnet_bringup' build argument 'cmake_args' from command line to 'None'
[9.813s] Level 5:colcon.colcon_core.verb:set package 'graspnet_bringup' build argument 'cmake_target' from command line to 'None'
[9.813s] Level 5:colcon.colcon_core.verb:set package 'graspnet_bringup' build argument 'cmake_target_skip_unavailable' from command line to 'False'
[9.813s] Level 5:colcon.colcon_core.verb:set package 'graspnet_bringup' build argument 'cmake_clean_cache' from command line to 'False'
[9.814s] Level 5:colcon.colcon_core.verb:set package 'graspnet_bringup' build argument 'cmake_clean_first' from command line to 'False'
[9.814s] Level 5:colcon.colcon_core.verb:set package 'graspnet_bringup' build argument 'cmake_force_configure' from command line to 'False'
[9.814s] Level 5:colcon.colcon_core.verb:set package 'graspnet_bringup' build argument 'ament_cmake_args' from command line to 'None'
[9.814s] Level 5:colcon.colcon_core.verb:set package 'graspnet_bringup' build argument 'catkin_cmake_args' from command line to 'None'
[9.814s] Level 5:colcon.colcon_core.verb:set package 'graspnet_bringup' build argument 'catkin_skip_building_tests' from command line to 'False'
[9.814s] DEBUG:colcon.colcon_core.verb:Building package 'graspnet_bringup' with the following arguments: {'ament_cmake_args': None, 'build_base': '/home/omer/rcaai_ws/build/graspnet_bringup', 'catkin_cmake_args': None, 'catkin_skip_building_tests': False, 'cmake_args': None, 'cmake_clean_cache': False, 'cmake_clean_first': False, 'cmake_force_configure': False, 'cmake_target': None, 'cmake_target_skip_unavailable': False, 'install_base': '/home/omer/rcaai_ws/install/graspnet_bringup', 'merge_install': False, 'path': '/home/omer/rcaai_ws/src/graspnet_bringup', 'symlink_install': False, 'test_result_base': None}
[9.815s] Level 5:colcon.colcon_core.verb:set package 'graspnet_control' build argument 'cmake_args' from command line to 'None'
[9.815s] Level 5:colcon.colcon_core.verb:set package 'graspnet_control' build argument 'cmake_target' from command line to 'None'
[9.815s] Level 5:colcon.colcon_core.verb:set package 'graspnet_control' build argument 'cmake_target_skip_unavailable' from command line to 'False'
[9.815s] Level 5:colcon.colcon_core.verb:set package 'graspnet_control' build argument 'cmake_clean_cache' from command line to 'False'
[9.815s] Level 5:colcon.colcon_core.verb:set package 'graspnet_control' build argument 'cmake_clean_first' from command line to 'False'
[9.815s] Level 5:colcon.colcon_core.verb:set package 'graspnet_control' build argument 'cmake_force_configure' from command line to 'False'
[9.815s] Level 5:colcon.colcon_core.verb:set package 'graspnet_control' build argument 'ament_cmake_args' from command line to 'None'
[9.815s] Level 5:colcon.colcon_core.verb:set package 'graspnet_control' build argument 'catkin_cmake_args' from command line to 'None'
[9.815s] Level 5:colcon.colcon_core.verb:set package 'graspnet_control' build argument 'catkin_skip_building_tests' from command line to 'False'
[9.815s] DEBUG:colcon.colcon_core.verb:Building package 'graspnet_control' with the following arguments: {'ament_cmake_args': None, 'build_base': '/home/omer/rcaai_ws/build/graspnet_control', 'catkin_cmake_args': None, 'catkin_skip_building_tests': False, 'cmake_args': None, 'cmake_clean_cache': False, 'cmake_clean_first': False, 'cmake_force_configure': False, 'cmake_target': None, 'cmake_target_skip_unavailable': False, 'install_base': '/home/omer/rcaai_ws/install/graspnet_control', 'merge_install': False, 'path': '/home/omer/rcaai_ws/src/graspnet_control', 'symlink_install': False, 'test_result_base': None}
[9.816s] Level 5:colcon.colcon_core.verb:set package 'graspnet_description' build argument 'cmake_args' from command line to 'None'
[9.816s] Level 5:colcon.colcon_core.verb:set package 'graspnet_description' build argument 'cmake_target' from command line to 'None'
[9.816s] Level 5:colcon.colcon_core.verb:set package 'graspnet_description' build argument 'cmake_target_skip_unavailable' from command line to 'False'
[9.816s] Level 5:colcon.colcon_core.verb:set package 'graspnet_description' build argument 'cmake_clean_cache' from command line to 'False'
[9.816s] Level 5:colcon.colcon_core.verb:set package 'graspnet_description' build argument 'cmake_clean_first' from command line to 'False'
[9.816s] Level 5:colcon.colcon_core.verb:set package 'graspnet_description' build argument 'cmake_force_configure' from command line to 'False'
[9.816s] Level 5:colcon.colcon_core.verb:set package 'graspnet_description' build argument 'ament_cmake_args' from command line to 'None'
[9.816s] Level 5:colcon.colcon_core.verb:set package 'graspnet_description' build argument 'catkin_cmake_args' from command line to 'None'
[9.816s] Level 5:colcon.colcon_core.verb:set package 'graspnet_description' build argument 'catkin_skip_building_tests' from command line to 'False'
[9.816s] DEBUG:colcon.colcon_core.verb:Building package 'graspnet_description' with the following arguments: {'ament_cmake_args': None, 'build_base': '/home/omer/rcaai_ws/build/graspnet_description', 'catkin_cmake_args': None, 'catkin_skip_building_tests': False, 'cmake_args': None, 'cmake_clean_cache': False, 'cmake_clean_first': False, 'cmake_force_configure': False, 'cmake_target': None, 'cmake_target_skip_unavailable': False, 'install_base': '/home/omer/rcaai_ws/install/graspnet_description', 'merge_install': False, 'path': '/home/omer/rcaai_ws/src/graspnet_description', 'symlink_install': False, 'test_result_base': None}
[9.817s] Level 5:colcon.colcon_core.verb:set package 'graspnet_gazebo' build argument 'cmake_args' from command line to 'None'
[9.817s] Level 5:colcon.colcon_core.verb:set package 'graspnet_gazebo' build argument 'cmake_target' from command line to 'None'
[9.817s] Level 5:colcon.colcon_core.verb:set package 'graspnet_gazebo' build argument 'cmake_target_skip_unavailable' from command line to 'False'
[9.817s] Level 5:colcon.colcon_core.verb:set package 'graspnet_gazebo' build argument 'cmake_clean_cache' from command line to 'False'
[9.817s] Level 5:colcon.colcon_core.verb:set package 'graspnet_gazebo' build argument 'cmake_clean_first' from command line to 'False'
[9.817s] Level 5:colcon.colcon_core.verb:set package 'graspnet_gazebo' build argument 'cmake_force_configure' from command line to 'False'
[9.817s] Level 5:colcon.colcon_core.verb:set package 'graspnet_gazebo' build argument 'ament_cmake_args' from command line to 'None'
[9.817s] Level 5:colcon.colcon_core.verb:set package 'graspnet_gazebo' build argument 'catkin_cmake_args' from command line to 'None'
[9.817s] Level 5:colcon.colcon_core.verb:set package 'graspnet_gazebo' build argument 'catkin_skip_building_tests' from command line to 'False'
[9.817s] DEBUG:colcon.colcon_core.verb:Building package 'graspnet_gazebo' with the following arguments: {'ament_cmake_args': None, 'build_base': '/home/omer/rcaai_ws/build/graspnet_gazebo', 'catkin_cmake_args': None, 'catkin_skip_building_tests': False, 'cmake_args': None, 'cmake_clean_cache': False, 'cmake_clean_first': False, 'cmake_force_configure': False, 'cmake_target': None, 'cmake_target_skip_unavailable': False, 'install_base': '/home/omer/rcaai_ws/install/graspnet_gazebo', 'merge_install': False, 'path': '/home/omer/rcaai_ws/src/graspnet_gazebo', 'symlink_install': False, 'test_result_base': None}
[9.818s] Level 5:colcon.colcon_core.verb:set package 'graspnet_hardware' build argument 'cmake_args' from command line to 'None'
[9.818s] Level 5:colcon.colcon_core.verb:set package 'graspnet_hardware' build argument 'cmake_target' from command line to 'None'
[9.818s] Level 5:colcon.colcon_core.verb:set package 'graspnet_hardware' build argument 'cmake_target_skip_unavailable' from command line to 'False'
[9.818s] Level 5:colcon.colcon_core.verb:set package 'graspnet_hardware' build argument 'cmake_clean_cache' from command line to 'False'
[9.818s] Level 5:colcon.colcon_core.verb:set package 'graspnet_hardware' build argument 'cmake_clean_first' from command line to 'False'
[9.818s] Level 5:colcon.colcon_core.verb:set package 'graspnet_hardware' build argument 'cmake_force_configure' from command line to 'False'
[9.818s] Level 5:colcon.colcon_core.verb:set package 'graspnet_hardware' build argument 'ament_cmake_args' from command line to 'None'
[9.818s] Level 5:colcon.colcon_core.verb:set package 'graspnet_hardware' build argument 'catkin_cmake_args' from command line to 'None'
[9.818s] Level 5:colcon.colcon_core.verb:set package 'graspnet_hardware' build argument 'catkin_skip_building_tests' from command line to 'False'
[9.818s] DEBUG:colcon.colcon_core.verb:Building package 'graspnet_hardware' with the following arguments: {'ament_cmake_args': None, 'build_base': '/home/omer/rcaai_ws/build/graspnet_hardware', 'catkin_cmake_args': None, 'catkin_skip_building_tests': False, 'cmake_args': None, 'cmake_clean_cache': False, 'cmake_clean_first': False, 'cmake_force_configure': False, 'cmake_target': None, 'cmake_target_skip_unavailable': False, 'install_base': '/home/omer/rcaai_ws/install/graspnet_hardware', 'merge_install': False, 'path': '/home/omer/rcaai_ws/src/graspnet_hardware', 'symlink_install': False, 'test_result_base': None}
[9.819s] Level 5:colcon.colcon_core.verb:set package 'graspnet_moveit' build argument 'cmake_args' from command line to 'None'
[9.819s] Level 5:colcon.colcon_core.verb:set package 'graspnet_moveit' build argument 'cmake_target' from command line to 'None'
[9.819s] Level 5:colcon.colcon_core.verb:set package 'graspnet_moveit' build argument 'cmake_target_skip_unavailable' from command line to 'False'
[9.819s] Level 5:colcon.colcon_core.verb:set package 'graspnet_moveit' build argument 'cmake_clean_cache' from command line to 'False'
[9.819s] Level 5:colcon.colcon_core.verb:set package 'graspnet_moveit' build argument 'cmake_clean_first' from command line to 'False'
[9.819s] Level 5:colcon.colcon_core.verb:set package 'graspnet_moveit' build argument 'cmake_force_configure' from command line to 'False'
[9.819s] Level 5:colcon.colcon_core.verb:set package 'graspnet_moveit' build argument 'ament_cmake_args' from command line to 'None'
[9.819s] Level 5:colcon.colcon_core.verb:set package 'graspnet_moveit' build argument 'catkin_cmake_args' from command line to 'None'
[9.819s] Level 5:colcon.colcon_core.verb:set package 'graspnet_moveit' build argument 'catkin_skip_building_tests' from command line to 'False'
[9.819s] DEBUG:colcon.colcon_core.verb:Building package 'graspnet_moveit' with the following arguments: {'ament_cmake_args': None, 'build_base': '/home/omer/rcaai_ws/build/graspnet_moveit', 'catkin_cmake_args': None, 'catkin_skip_building_tests': False, 'cmake_args': None, 'cmake_clean_cache': False, 'cmake_clean_first': False, 'cmake_force_configure': False, 'cmake_target': None, 'cmake_target_skip_unavailable': False, 'install_base': '/home/omer/rcaai_ws/install/graspnet_moveit', 'merge_install': False, 'path': '/home/omer/rcaai_ws/src/graspnet_moveit', 'symlink_install': False, 'test_result_base': None}
[9.820s] Level 5:colcon.colcon_core.verb:set package 'graspnet_perception' build argument 'cmake_args' from command line to 'None'
[9.820s] Level 5:colcon.colcon_core.verb:set package 'graspnet_perception' build argument 'cmake_target' from command line to 'None'
[9.820s] Level 5:colcon.colcon_core.verb:set package 'graspnet_perception' build argument 'cmake_target_skip_unavailable' from command line to 'False'
[9.820s] Level 5:colcon.colcon_core.verb:set package 'graspnet_perception' build argument 'cmake_clean_cache' from command line to 'False'
[9.820s] Level 5:colcon.colcon_core.verb:set package 'graspnet_perception' build argument 'cmake_clean_first' from command line to 'False'
[9.820s] Level 5:colcon.colcon_core.verb:set package 'graspnet_perception' build argument 'cmake_force_configure' from command line to 'False'
[9.820s] Level 5:colcon.colcon_core.verb:set package 'graspnet_perception' build argument 'ament_cmake_args' from command line to 'None'
[9.820s] Level 5:colcon.colcon_core.verb:set package 'graspnet_perception' build argument 'catkin_cmake_args' from command line to 'None'
[9.820s] Level 5:colcon.colcon_core.verb:set package 'graspnet_perception' build argument 'catkin_skip_building_tests' from command line to 'False'
[9.820s] DEBUG:colcon.colcon_core.verb:Building package 'graspnet_perception' with the following arguments: {'ament_cmake_args': None, 'build_base': '/home/omer/rcaai_ws/build/graspnet_perception', 'catkin_cmake_args': None, 'catkin_skip_building_tests': False, 'cmake_args': None, 'cmake_clean_cache': False, 'cmake_clean_first': False, 'cmake_force_configure': False, 'cmake_target': None, 'cmake_target_skip_unavailable': False, 'install_base': '/home/omer/rcaai_ws/install/graspnet_perception', 'merge_install': False, 'path': '/home/omer/rcaai_ws/src/graspnet_perception', 'symlink_install': False, 'test_result_base': None}
[9.820s] INFO:colcon.colcon_core.executor:Executing jobs using 'parallel' executor
[9.822s] DEBUG:colcon.colcon_parallel_executor.executor.parallel:run_until_complete
[9.822s] INFO:colcon.colcon_ros.task.ament_cmake.build:Building ROS package in '/home/omer/rcaai_ws/src/graspnet_bringup' with build type 'ament_cmake'
[9.823s] INFO:colcon.colcon_cmake.task.cmake.build:Building CMake package in '/home/omer/rcaai_ws/src/graspnet_bringup'
[9.826s] INFO:colcon.colcon_core.plugin_system:Skipping extension 'colcon_core.shell.bat': Not used on non-Windows systems
[9.827s] INFO:colcon.colcon_core.shell:Skip shell extension 'powershell' for command environment: Not usable outside of PowerShell
[9.827s] DEBUG:colcon.colcon_core.shell:Skip shell extension 'dsv' for command environment
[9.833s] INFO:colcon.colcon_ros.task.ament_python.build:Building ROS package in '/home/omer/rcaai_ws/src/graspnet_control' with build type 'ament_python'
[9.833s] Level 1:colcon.colcon_core.shell:create_environment_hook('graspnet_control', 'ament_prefix_path')
[9.834s] INFO:colcon.colcon_core.shell:Creating environment hook '/home/omer/rcaai_ws/install/graspnet_control/share/graspnet_control/hook/ament_prefix_path.ps1'
[9.837s] INFO:colcon.colcon_core.shell:Creating environment descriptor '/home/omer/rcaai_ws/install/graspnet_control/share/graspnet_control/hook/ament_prefix_path.dsv'
[9.838s] INFO:colcon.colcon_core.shell:Creating environment hook '/home/omer/rcaai_ws/install/graspnet_control/share/graspnet_control/hook/ament_prefix_path.sh'
[9.840s] INFO:colcon.colcon_core.shell:Skip shell extension 'powershell' for command environment: Not usable outside of PowerShell
[9.840s] DEBUG:colcon.colcon_core.shell:Skip shell extension 'dsv' for command environment
[9.848s] INFO:colcon.colcon_ros.task.ament_cmake.build:Building ROS package in '/home/omer/rcaai_ws/src/graspnet_description' with build type 'ament_cmake'
[9.848s] INFO:colcon.colcon_cmake.task.cmake.build:Building CMake package in '/home/omer/rcaai_ws/src/graspnet_description'
[9.849s] INFO:colcon.colcon_core.shell:Skip shell extension 'powershell' for command environment: Not usable outside of PowerShell
[9.849s] DEBUG:colcon.colcon_core.shell:Skip shell extension 'dsv' for command environment
[9.858s] INFO:colcon.colcon_ros.task.ament_cmake.build:Building ROS package in '/home/omer/rcaai_ws/src/graspnet_gazebo' with build type 'ament_cmake'
[9.858s] INFO:colcon.colcon_cmake.task.cmake.build:Building CMake package in '/home/omer/rcaai_ws/src/graspnet_gazebo'
[9.859s] INFO:colcon.colcon_core.shell:Skip shell extension 'powershell' for command environment: Not usable outside of PowerShell
[9.859s] DEBUG:colcon.colcon_core.shell:Skip shell extension 'dsv' for command environment
[9.866s] INFO:colcon.colcon_ros.task.ament_cmake.build:Building ROS package in '/home/omer/rcaai_ws/src/graspnet_hardware' with build type 'ament_cmake'
[9.866s] INFO:colcon.colcon_cmake.task.cmake.build:Building CMake package in '/home/omer/rcaai_ws/src/graspnet_hardware'
[9.867s] INFO:colcon.colcon_core.shell:Skip shell extension 'powershell' for command environment: Not usable outside of PowerShell
[9.867s] DEBUG:colcon.colcon_core.shell:Skip shell extension 'dsv' for command environment
[9.872s] INFO:colcon.colcon_ros.task.ament_cmake.build:Building ROS package in '/home/omer/rcaai_ws/src/graspnet_moveit' with build type 'ament_cmake'
[9.872s] INFO:colcon.colcon_cmake.task.cmake.build:Building CMake package in '/home/omer/rcaai_ws/src/graspnet_moveit'
[9.873s] INFO:colcon.colcon_core.shell:Skip shell extension 'powershell' for command environment: Not usable outside of PowerShell
[9.873s] DEBUG:colcon.colcon_core.shell:Skip shell extension 'dsv' for command environment
[9.878s] INFO:colcon.colcon_ros.task.ament_python.build:Building ROS package in '/home/omer/rcaai_ws/src/graspnet_perception' with build type 'ament_python'
[9.878s] Level 1:colcon.colcon_core.shell:create_environment_hook('graspnet_perception', 'ament_prefix_path')
[9.879s] INFO:colcon.colcon_core.shell:Creating environment hook '/home/omer/rcaai_ws/install/graspnet_perception/share/graspnet_perception/hook/ament_prefix_path.ps1'
[9.880s] INFO:colcon.colcon_core.shell:Creating environment descriptor '/home/omer/rcaai_ws/install/graspnet_perception/share/graspnet_perception/hook/ament_prefix_path.dsv'
[9.881s] INFO:colcon.colcon_core.shell:Creating environment hook '/home/omer/rcaai_ws/install/graspnet_perception/share/graspnet_perception/hook/ament_prefix_path.sh'
[9.882s] INFO:colcon.colcon_core.shell:Skip shell extension 'powershell' for command environment: Not usable outside of PowerShell
[9.882s] DEBUG:colcon.colcon_core.shell:Skip shell extension 'dsv' for command environment
[9.901s] DEBUG:colcon.colcon_core.event_handler.log_command:Invoking command in '/home/omer/rcaai_ws/build/graspnet_bringup': CMAKE_PREFIX_PATH=/opt/ros/humble /usr/bin/cmake /home/omer/rcaai_ws/src/graspnet_bringup -DCMAKE_INSTALL_PREFIX=/home/omer/rcaai_ws/install/graspnet_bringup
[10.502s] INFO:colcon.colcon_core.task.python.build:Building Python package in '/home/omer/rcaai_ws/src/graspnet_control'
[10.503s] INFO:colcon.colcon_core.shell:Skip shell extension 'powershell' for command environment: Not usable outside of PowerShell
[10.503s] DEBUG:colcon.colcon_core.shell:Skip shell extension 'dsv' for command environment
[10.515s] DEBUG:colcon.colcon_core.event_handler.log_command:Invoking command in '/home/omer/rcaai_ws/build/graspnet_description': CMAKE_PREFIX_PATH=/opt/ros/humble /usr/bin/cmake /home/omer/rcaai_ws/src/graspnet_description -DCMAKE_INSTALL_PREFIX=/home/omer/rcaai_ws/install/graspnet_description
[10.521s] DEBUG:colcon.colcon_core.event_handler.log_command:Invoking command in '/home/omer/rcaai_ws/build/graspnet_gazebo': CMAKE_PREFIX_PATH=/opt/ros/humble /usr/bin/cmake --build /home/omer/rcaai_ws/build/graspnet_gazebo -- -j8 -l8
[10.527s] DEBUG:colcon.colcon_core.event_handler.log_command:Invoking command in '/home/omer/rcaai_ws/build/graspnet_hardware': CMAKE_PREFIX_PATH=/opt/ros/humble /usr/bin/cmake --build /home/omer/rcaai_ws/build/graspnet_hardware -- -j8 -l8
[10.533s] DEBUG:colcon.colcon_core.event_handler.log_command:Invoking command in '/home/omer/rcaai_ws/build/graspnet_moveit': CMAKE_PREFIX_PATH=/opt/ros/humble /usr/bin/cmake --build /home/omer/rcaai_ws/build/graspnet_moveit -- -j8 -l8
[11.132s] INFO:colcon.colcon_core.task.python.build:Building Python package in '/home/omer/rcaai_ws/src/graspnet_perception'
[11.133s] INFO:colcon.colcon_core.shell:Skip shell extension 'powershell' for command environment: Not usable outside of PowerShell
[11.133s] DEBUG:colcon.colcon_core.shell:Skip shell extension 'dsv' for command environment
[11.141s] DEBUG:colcon.colcon_core.event_handler.log_command:Invoked command in '/home/omer/rcaai_ws/build/graspnet_bringup' returned '1': CMAKE_PREFIX_PATH=/opt/ros/humble /usr/bin/cmake /home/omer/rcaai_ws/src/graspnet_bringup -DCMAKE_INSTALL_PREFIX=/home/omer/rcaai_ws/install/graspnet_bringup
[11.151s] DEBUG:colcon.colcon_core.event_handler.log_command:Invoked command in '/home/omer/rcaai_ws/build/graspnet_hardware' returned '0': CMAKE_PREFIX_PATH=/opt/ros/humble /usr/bin/cmake --build /home/omer/rcaai_ws/build/graspnet_hardware -- -j8 -l8
[11.181s] DEBUG:colcon.colcon_core.event_handler.log_command:Invoking command in '/home/omer/rcaai_ws/build/graspnet_hardware': CMAKE_PREFIX_PATH=/opt/ros/humble /usr/bin/cmake --install /home/omer/rcaai_ws/build/graspnet_hardware
[11.185s] DEBUG:colcon.colcon_core.event_handler.log_command:Invoked command in '/home/omer/rcaai_ws/build/graspnet_gazebo' returned '0': CMAKE_PREFIX_PATH=/opt/ros/humble /usr/bin/cmake --build /home/omer/rcaai_ws/build/graspnet_gazebo -- -j8 -l8
[11.191s] DEBUG:colcon.colcon_core.event_handler.log_command:Invoking command in '/home/omer/rcaai_ws/build/graspnet_gazebo': CMAKE_PREFIX_PATH=/opt/ros/humble /usr/bin/cmake --install /home/omer/rcaai_ws/build/graspnet_gazebo
[11.194s] DEBUG:colcon.colcon_core.event_handler.log_command:Invoked command in '/home/omer/rcaai_ws/build/graspnet_moveit' returned '0': CMAKE_PREFIX_PATH=/opt/ros/humble /usr/bin/cmake --build /home/omer/rcaai_ws/build/graspnet_moveit -- -j8 -l8
[11.196s] DEBUG:colcon.colcon_core.event_handler.log_command:Invoking command in '/home/omer/rcaai_ws/build/graspnet_moveit': CMAKE_PREFIX_PATH=/opt/ros/humble /usr/bin/cmake --install /home/omer/rcaai_ws/build/graspnet_moveit
[11.214s] Level 1:colcon.colcon_core.environment:create_environment_scripts_only(graspnet_bringup)
[11.223s] Level 1:colcon.colcon_core.environment:checking '/home/omer/rcaai_ws/install/graspnet_bringup' for CMake module files
[11.224s] Level 1:colcon.colcon_core.environment:checking '/home/omer/rcaai_ws/install/graspnet_bringup' for CMake config files
[11.225s] Level 1:colcon.colcon_core.environment:checking '/home/omer/rcaai_ws/install/graspnet_bringup/bin'
[11.225s] Level 1:colcon.colcon_core.environment:checking '/home/omer/rcaai_ws/install/graspnet_bringup/lib/pkgconfig/graspnet_bringup.pc'
[11.226s] Level 1:colcon.colcon_core.environment:checking '/home/omer/rcaai_ws/install/graspnet_bringup/lib/python3.10/site-packages'
[11.226s] Level 1:colcon.colcon_core.environment:checking '/home/omer/rcaai_ws/install/graspnet_bringup/bin'
[11.226s] INFO:colcon.colcon_core.shell:Creating package script '/home/omer/rcaai_ws/install/graspnet_bringup/share/graspnet_bringup/package.ps1'
[11.228s] INFO:colcon.colcon_core.shell:Creating package descriptor '/home/omer/rcaai_ws/install/graspnet_bringup/share/graspnet_bringup/package.dsv'
[11.229s] INFO:colcon.colcon_core.shell:Creating package script '/home/omer/rcaai_ws/install/graspnet_bringup/share/graspnet_bringup/package.sh'
[11.230s] INFO:colcon.colcon_core.shell:Creating package script '/home/omer/rcaai_ws/install/graspnet_bringup/share/graspnet_bringup/package.bash'
[11.232s] INFO:colcon.colcon_core.shell:Creating package script '/home/omer/rcaai_ws/install/graspnet_bringup/share/graspnet_bringup/package.zsh'
[11.233s] Level 1:colcon.colcon_core.environment:create_file_with_runtime_dependencies(/home/omer/rcaai_ws/install/graspnet_bringup/share/colcon-core/packages/graspnet_bringup)
[12.020s] DEBUG:colcon.colcon_parallel_executor.executor.parallel:closing loop
[12.020s] DEBUG:colcon.colcon_parallel_executor.executor.parallel:loop closed
[12.020s] DEBUG:colcon.colcon_parallel_executor.executor.parallel:run_until_complete finished with '1'
[12.020s] DEBUG:colcon.colcon_core.event_reactor:joining thread
[12.032s] INFO:colcon.colcon_core.plugin_system:Skipping extension 'colcon_notification.desktop_notification.terminal_notifier': Not used on non-Darwin systems
[12.032s] INFO:colcon.colcon_core.plugin_system:Skipping extension 'colcon_notification.desktop_notification.win32': Not used on non-Windows systems
[12.032s] INFO:colcon.colcon_notification.desktop_notification:Sending desktop notification using 'notify2'
[12.053s] DEBUG:colcon.colcon_core.event_reactor:joined thread
[12.054s] INFO:colcon.colcon_core.shell:Creating prefix script '/home/omer/rcaai_ws/install/local_setup.ps1'
[12.056s] INFO:colcon.colcon_core.shell:Creating prefix util module '/home/omer/rcaai_ws/install/_local_setup_util_ps1.py'
[12.060s] INFO:colcon.colcon_core.shell:Creating prefix chain script '/home/omer/rcaai_ws/install/setup.ps1'
[12.061s] INFO:colcon.colcon_core.shell:Creating prefix script '/home/omer/rcaai_ws/install/local_setup.sh'
[12.063s] INFO:colcon.colcon_core.shell:Creating prefix util module '/home/omer/rcaai_ws/install/_local_setup_util_sh.py'
[12.064s] INFO:colcon.colcon_core.shell:Creating prefix chain script '/home/omer/rcaai_ws/install/setup.sh'
[12.066s] INFO:colcon.colcon_core.shell:Creating prefix script '/home/omer/rcaai_ws/install/local_setup.bash'
[12.066s] INFO:colcon.colcon_core.shell:Creating prefix chain script '/home/omer/rcaai_ws/install/setup.bash'
[12.068s] INFO:colcon.colcon_core.shell:Creating prefix script '/home/omer/rcaai_ws/install/local_setup.zsh'
[12.069s] INFO:colcon.colcon_core.shell:Creating prefix chain script '/home/omer/rcaai_ws/install/setup.zsh'
